2020-12-28 16:56:53,991	Batch Processor	INFO	Config file loaded and logger created.
2020-12-28 16:56:53,993	Batch Processor	INFO	18 scenarios skipped.
2020-12-28 16:56:53,993	Batch Processor	INFO	ScenarioLoader Mode <DEFAULT>
2020-12-28 16:56:53,994	Batch Processor	INFO	Run on all scenarios, except the skipped scenarios
2020-12-28 16:56:53,994	Batch Processor	INFO	Number of scenarios: 500
2020-12-28 16:56:54,000	Batch Processor	INFO	Automaton loaded for vehicle type: BMW_320i
2020-12-28 16:56:54,000	Batch Processor	INFO	Motion planner: student
2020-12-28 16:56:54,010	Batch Processor	INFO	Number of parallel processes: 6
2020-12-28 17:23:53,064	Batch Processor	INFO	==============================        Search Results        ==============================
2020-12-28 17:23:53,067	Batch Processor	INFO	[ARG_Carcarana-11_1_T-1        ]	<SUCCESS>	 Time [ms]:	  1611	
2020-12-28 17:23:53,068	Batch Processor	INFO	[ARG_Carcarana-13_1_T-1        ]	<SUCCESS>	 Time [ms]:	   743	
2020-12-28 17:23:53,069	Batch Processor	INFO	[ARG_Carcarana-2_3_T-1         ]	<SUCCESS>	 Time [ms]:	  1442	
2020-12-28 17:23:53,070	Batch Processor	INFO	[ARG_Carcarana-3_3_T-1         ]	<SUCCESS>	 Time [ms]:	  1581	
2020-12-28 17:23:53,072	Batch Processor	INFO	[ARG_Carcarana-5_2_T-1         ]	<SUCCESS>	 Time [ms]:	   811	
2020-12-28 17:23:53,073	Batch Processor	INFO	[ARG_Carcarana-7_1_T-1         ]	<SUCCESS>	 Time [ms]:	  1545	
2020-12-28 17:23:53,073	Batch Processor	INFO	[ARG_Carcarana-8_4_T-1         ]	<FAILURE>	 Time [ms]:	   853
2020-12-28 17:23:53,074	Batch Processor	INFO	[ARG_Carcarana-9_2_T-1         ]	<SUCCESS>	 Time [ms]:	  1796	
2020-12-28 17:23:53,075	Batch Processor	INFO	[BEL_Aarschot-11_1_T-1         ]	<SUCCESS>	 Time [ms]:	   528	
2020-12-28 17:23:53,076	Batch Processor	INFO	[BEL_Aarschot-1_2_T-1          ]	<SUCCESS>	 Time [ms]:	   979	
2020-12-28 17:23:53,077	Batch Processor	INFO	[BEL_Aarschot-3_1_T-1          ]	<SUCCESS>	 Time [ms]:	   439	
2020-12-28 17:23:53,078	Batch Processor	INFO	[BEL_Aarschot-5_1_T-1          ]	<SUCCESS>	 Time [ms]:	   750	
2020-12-28 17:23:53,078	Batch Processor	INFO	[BEL_Aarschot-6_1_T-1          ]	<FAILURE>	 Time [ms]:	   698
2020-12-28 17:23:53,079	Batch Processor	INFO	[BEL_Beringen-1_1_T-1          ]	<SUCCESS>	 Time [ms]:	   995	
2020-12-28 17:23:53,080	Batch Processor	INFO	[BEL_Beringen-8_1_T-1          ]	<SUCCESS>	 Time [ms]:	   517	
2020-12-28 17:23:53,082	Batch Processor	INFO	[BEL_Nivelles-10_1_T-1         ]	<SUCCESS>	 Time [ms]:	   422	
2020-12-28 17:23:53,083	Batch Processor	INFO	[BEL_Nivelles-16_2_T-1         ]	<SUCCESS>	 Time [ms]:	   278	
2020-12-28 17:23:53,084	Batch Processor	INFO	[BEL_Nivelles-18_2_T-1         ]	<SUCCESS>	 Time [ms]:	  1468	
2020-12-28 17:23:53,084	Batch Processor	INFO	[BEL_Nivelles-19_1_T-1         ]	<SUCCESS>	 Time [ms]:	   968	
2020-12-28 17:23:53,085	Batch Processor	INFO	[BEL_Nivelles-1_1_T-1          ]	<SUCCESS>	 Time [ms]:	   664	
2020-12-28 17:23:53,086	Batch Processor	INFO	[BEL_Nivelles-20_1_T-1         ]	<SUCCESS>	 Time [ms]:	   646	
2020-12-28 17:23:53,087	Batch Processor	INFO	[BEL_Nivelles-3_1_T-1          ]	<SUCCESS>	 Time [ms]:	  1590	
2020-12-28 17:23:53,088	Batch Processor	INFO	[BEL_Nivelles-4_2_T-1          ]	<SUCCESS>	 Time [ms]:	   811	
2020-12-28 17:23:53,089	Batch Processor	INFO	[BEL_Nivelles-9_2_T-1          ]	<SUCCESS>	 Time [ms]:	  1618	
2020-12-28 17:23:53,091	Batch Processor	INFO	[BEL_Putte-10_2_T-1            ]	<SUCCESS>	 Time [ms]:	   411	
2020-12-28 17:23:53,092	Batch Processor	INFO	[BEL_Putte-11_2_T-1            ]	<SUCCESS>	 Time [ms]:	   281	
2020-12-28 17:23:53,092	Batch Processor	INFO	[BEL_Putte-14_3_T-1            ]	<FAILURE>	 Time [ms]:	   257
2020-12-28 17:23:53,093	Batch Processor	INFO	[BEL_Putte-17_1_T-1            ]	<FAILURE>	 Time [ms]:	   330
2020-12-28 17:23:53,094	Batch Processor	INFO	[BEL_Putte-2_1_T-1             ]	<SUCCESS>	 Time [ms]:	   609	
2020-12-28 17:23:53,094	Batch Processor	INFO	[BEL_Putte-3_1_T-1             ]	<SUCCESS>	 Time [ms]:	   339	
2020-12-28 17:23:53,095	Batch Processor	INFO	[BEL_Putte-4_2_T-1             ]	<SUCCESS>	 Time [ms]:	  1128	
2020-12-28 17:23:53,096	Batch Processor	INFO	[BEL_Putte-6_1_T-1             ]	<SUCCESS>	 Time [ms]:	   453	
2020-12-28 17:23:53,097	Batch Processor	INFO	[BEL_Wervik-1_4_T-1            ]	<SUCCESS>	 Time [ms]:	   698	
2020-12-28 17:23:53,098	Batch Processor	INFO	[BEL_Wervik-2_2_T-1            ]	<SUCCESS>	 Time [ms]:	   758	
2020-12-28 17:23:53,099	Batch Processor	INFO	[BEL_Wervik-4_1_T-1            ]	<SUCCESS>	 Time [ms]:	   952	
2020-12-28 17:23:53,099	Batch Processor	INFO	[BEL_Zaventem-1_2_T-1          ]	<SUCCESS>	 Time [ms]:	   888	
2020-12-28 17:23:53,100	Batch Processor	INFO	[BEL_Zaventem-3_1_T-1          ]	<SUCCESS>	 Time [ms]:	   840	
2020-12-28 17:23:53,101	Batch Processor	INFO	[BEL_Zaventem-4_1_T-1          ]	<SUCCESS>	 Time [ms]:	   248	
2020-12-28 17:23:53,102	Batch Processor	INFO	[BEL_Zaventem-5_3_T-1          ]	<SUCCESS>	 Time [ms]:	   659	
2020-12-28 17:23:53,103	Batch Processor	INFO	[BEL_Zwevegem-2_3_T-1          ]	<SUCCESS>	 Time [ms]:	   802	
2020-12-28 17:23:53,103	Batch Processor	INFO	[BEL_Zwevegem-3_1_T-1          ]	<SUCCESS>	 Time [ms]:	   594	
2020-12-28 17:23:53,104	Batch Processor	INFO	[BEL_Zwevegem-5_2_T-1          ]	<SUCCESS>	 Time [ms]:	   951	
2020-12-28 17:23:53,105	Batch Processor	INFO	[BEL_Zwevegem-7_2_T-1          ]	<SUCCESS>	 Time [ms]:	   592	
2020-12-28 17:23:53,106	Batch Processor	INFO	[BEL_Zwevegem-8_1_T-1          ]	<SUCCESS>	 Time [ms]:	   557	
2020-12-28 17:23:53,107	Batch Processor	INFO	[BEL_Zwevegem-8_4_T-1          ]	<SUCCESS>	 Time [ms]:	   692	
2020-12-28 17:23:53,108	Batch Processor	INFO	[DEU_Backnang-1_2_T-1          ]	<SUCCESS>	 Time [ms]:	  2012	
2020-12-28 17:23:53,108	Batch Processor	INFO	[DEU_Backnang-4_1_T-1          ]	<SUCCESS>	 Time [ms]:	   636	
2020-12-28 17:23:53,109	Batch Processor	INFO	[DEU_Backnang-5_1_T-1          ]	<SUCCESS>	 Time [ms]:	   747	
2020-12-28 17:23:53,110	Batch Processor	INFO	[DEU_Backnang-6_1_T-1          ]	<SUCCESS>	 Time [ms]:	   830	
2020-12-28 17:23:53,111	Batch Processor	INFO	[DEU_Backnang-9_1_T-1          ]	<SUCCESS>	 Time [ms]:	   431	
2020-12-28 17:23:53,112	Batch Processor	INFO	[DEU_BadEssen-3_1_T-1          ]	<SUCCESS>	 Time [ms]:	  1461	
2020-12-28 17:23:53,112	Batch Processor	INFO	[DEU_BadEssen-4_1_T-1          ]	<SUCCESS>	 Time [ms]:	   336	
2020-12-28 17:23:53,113	Batch Processor	INFO	[DEU_BadWaldsee-1_1_T-1        ]	<SUCCESS>	 Time [ms]:	   990	
2020-12-28 17:23:53,114	Batch Processor	INFO	[DEU_BadWaldsee-4_2_T-1        ]	<SUCCESS>	 Time [ms]:	   561	
2020-12-28 17:23:53,115	Batch Processor	INFO	[DEU_BadWaldsee-4_5_T-1        ]	<SUCCESS>	 Time [ms]:	   607	
2020-12-28 17:23:53,116	Batch Processor	INFO	[DEU_Bilderstoeckchen-2_3_T-1  ]	<SUCCESS>	 Time [ms]:	   563	
2020-12-28 17:23:53,117	Batch Processor	INFO	[DEU_Bilderstoeckchen-4_1_T-1  ]	<SUCCESS>	 Time [ms]:	   647	
2020-12-28 17:23:53,117	Batch Processor	INFO	[DEU_Flensburg-10_1_T-1        ]	<TIMEOUT>	 Time [ms]:	 60000
2020-12-28 17:23:53,117	Batch Processor	INFO	[DEU_Flensburg-11_1_T-1        ]	<TIMEOUT>	 Time [ms]:	 60000
2020-12-28 17:23:53,117	Batch Processor	INFO	[DEU_Flensburg-12_1_T-1        ]	<TIMEOUT>	 Time [ms]:	 60000
2020-12-28 17:23:53,118	Batch Processor	INFO	[DEU_Flensburg-15_1_T-1        ]	<TIMEOUT>	 Time [ms]:	 60000
2020-12-28 17:23:53,118	Batch Processor	INFO	[DEU_Flensburg-16_1_T-1        ]	<TIMEOUT>	 Time [ms]:	 60000
2020-12-28 17:23:53,118	Batch Processor	INFO	[DEU_Flensburg-17_1_T-1        ]	<TIMEOUT>	 Time [ms]:	 60000
2020-12-28 17:23:53,118	Batch Processor	INFO	[DEU_Flensburg-19_1_T-1        ]	<TIMEOUT>	 Time [ms]:	 60000
2020-12-28 17:23:53,119	Batch Processor	INFO	[DEU_Flensburg-20_1_T-1        ]	<TIMEOUT>	 Time [ms]:	 60000
2020-12-28 17:23:53,119	Batch Processor	INFO	[DEU_Flensburg-21_1_T-1        ]	<TIMEOUT>	 Time [ms]:	 60000
2020-12-28 17:23:53,121	Batch Processor	INFO	[DEU_Flensburg-22_1_T-1        ]	<SUCCESS>	 Time [ms]:	 12365	
2020-12-28 17:23:53,121	Batch Processor	INFO	[DEU_Flensburg-23_1_T-1        ]	<TIMEOUT>	 Time [ms]:	 60000
2020-12-28 17:23:53,122	Batch Processor	INFO	[DEU_Flensburg-24_1_T-1        ]	<TIMEOUT>	 Time [ms]:	 60000
2020-12-28 17:23:53,122	Batch Processor	INFO	[DEU_Flensburg-25_1_T-1        ]	<TIMEOUT>	 Time [ms]:	 60000
2020-12-28 17:23:53,122	Batch Processor	INFO	[DEU_Flensburg-26_1_T-1        ]	<TIMEOUT>	 Time [ms]:	 60000
2020-12-28 17:23:53,122	Batch Processor	INFO	[DEU_Flensburg-27_1_T-1        ]	<TIMEOUT>	 Time [ms]:	 60000
2020-12-28 17:23:53,122	Batch Processor	INFO	[DEU_Flensburg-28_1_T-1        ]	<TIMEOUT>	 Time [ms]:	 60000
2020-12-28 17:23:53,123	Batch Processor	INFO	[DEU_Flensburg-2_1_T-1         ]	<TIMEOUT>	 Time [ms]:	 60000
2020-12-28 17:23:53,123	Batch Processor	INFO	[DEU_Flensburg-30_1_T-1        ]	<TIMEOUT>	 Time [ms]:	 60000
2020-12-28 17:23:53,123	Batch Processor	INFO	[DEU_Flensburg-31_1_T-1        ]	<TIMEOUT>	 Time [ms]:	 60000
2020-12-28 17:23:53,123	Batch Processor	INFO	[DEU_Flensburg-32_1_T-1        ]	<TIMEOUT>	 Time [ms]:	 60000
2020-12-28 17:23:53,125	Batch Processor	INFO	[DEU_Flensburg-33_1_T-1        ]	<SUCCESS>	 Time [ms]:	   644	
2020-12-28 17:23:53,125	Batch Processor	INFO	[DEU_Flensburg-34_1_T-1        ]	<TIMEOUT>	 Time [ms]:	 60000
2020-12-28 17:23:53,126	Batch Processor	INFO	[DEU_Flensburg-35_1_T-1        ]	<TIMEOUT>	 Time [ms]:	 60000
2020-12-28 17:23:53,126	Batch Processor	INFO	[DEU_Flensburg-36_1_T-1        ]	<TIMEOUT>	 Time [ms]:	 60000
2020-12-28 17:23:53,126	Batch Processor	INFO	[DEU_Flensburg-37_1_T-1        ]	<TIMEOUT>	 Time [ms]:	 60000
2020-12-28 17:23:53,126	Batch Processor	INFO	[DEU_Flensburg-38_1_T-1        ]	<TIMEOUT>	 Time [ms]:	 60000
2020-12-28 17:23:53,127	Batch Processor	INFO	[DEU_Flensburg-39_1_T-1        ]	<TIMEOUT>	 Time [ms]:	 60000
2020-12-28 17:23:53,127	Batch Processor	INFO	[DEU_Flensburg-40_1_T-1        ]	<TIMEOUT>	 Time [ms]:	 60000
2020-12-28 17:23:53,127	Batch Processor	INFO	[DEU_Flensburg-42_1_T-1        ]	<TIMEOUT>	 Time [ms]:	 60000
2020-12-28 17:23:53,127	Batch Processor	INFO	[DEU_Flensburg-43_1_T-1        ]	<TIMEOUT>	 Time [ms]:	 60000
2020-12-28 17:23:53,129	Batch Processor	INFO	[DEU_Flensburg-44_1_T-1        ]	<SUCCESS>	 Time [ms]:	  5888	
2020-12-28 17:23:53,129	Batch Processor	INFO	[DEU_Flensburg-45_1_T-1        ]	<TIMEOUT>	 Time [ms]:	 60000
2020-12-28 17:23:53,130	Batch Processor	INFO	[DEU_Flensburg-46_1_T-1        ]	<TIMEOUT>	 Time [ms]:	 60000
2020-12-28 17:23:53,130	Batch Processor	INFO	[DEU_Flensburg-47_1_T-1        ]	<TIMEOUT>	 Time [ms]:	 60000
2020-12-28 17:23:53,132	Batch Processor	INFO	[DEU_Flensburg-48_1_T-1        ]	<SUCCESS>	 Time [ms]:	   942	
2020-12-28 17:23:53,134	Batch Processor	INFO	[DEU_Flensburg-49_1_T-1        ]	<SUCCESS>	 Time [ms]:	  1228	
2020-12-28 17:23:53,134	Batch Processor	INFO	[DEU_Flensburg-50_1_T-1        ]	<TIMEOUT>	 Time [ms]:	 60000
2020-12-28 17:23:53,136	Batch Processor	INFO	[DEU_Flensburg-51_1_T-1        ]	<SUCCESS>	 Time [ms]:	  1075	
2020-12-28 17:23:53,138	Batch Processor	INFO	[DEU_Flensburg-52_1_T-1        ]	<SUCCESS>	 Time [ms]:	 10367	
2020-12-28 17:23:53,138	Batch Processor	INFO	[DEU_Flensburg-53_1_T-1        ]	<TIMEOUT>	 Time [ms]:	 60000
2020-12-28 17:23:53,138	Batch Processor	INFO	[DEU_Flensburg-54_1_T-1        ]	<TIMEOUT>	 Time [ms]:	 60000
2020-12-28 17:23:53,138	Batch Processor	INFO	[DEU_Flensburg-55_1_T-1        ]	<TIMEOUT>	 Time [ms]:	 60000
2020-12-28 17:23:53,139	Batch Processor	INFO	[DEU_Flensburg-56_1_T-1        ]	<TIMEOUT>	 Time [ms]:	 60000
2020-12-28 17:23:53,139	Batch Processor	INFO	[DEU_Flensburg-57_1_T-1        ]	<TIMEOUT>	 Time [ms]:	 60000
2020-12-28 17:23:53,139	Batch Processor	INFO	[DEU_Flensburg-59_1_T-1        ]	<TIMEOUT>	 Time [ms]:	 60000
2020-12-28 17:23:53,139	Batch Processor	INFO	[DEU_Flensburg-60_1_T-1        ]	<TIMEOUT>	 Time [ms]:	 60000
2020-12-28 17:23:53,140	Batch Processor	INFO	[DEU_Flensburg-61_1_T-1        ]	<TIMEOUT>	 Time [ms]:	 60000
2020-12-28 17:23:53,141	Batch Processor	INFO	[DEU_Flensburg-62_1_T-1        ]	<SUCCESS>	 Time [ms]:	  4502	
2020-12-28 17:23:53,142	Batch Processor	INFO	[DEU_Flensburg-63_1_T-1        ]	<TIMEOUT>	 Time [ms]:	 60000
2020-12-28 17:23:53,142	Batch Processor	INFO	[DEU_Flensburg-64_1_T-1        ]	<FAILURE>	 Time [ms]:	   627
2020-12-28 17:23:53,142	Batch Processor	INFO	[DEU_Flensburg-65_1_T-1        ]	<TIMEOUT>	 Time [ms]:	 60000
2020-12-28 17:23:53,142	Batch Processor	INFO	[DEU_Flensburg-66_1_T-1        ]	<TIMEOUT>	 Time [ms]:	 60000
2020-12-28 17:23:53,143	Batch Processor	INFO	[DEU_Flensburg-67_1_T-1        ]	<TIMEOUT>	 Time [ms]:	 60000
2020-12-28 17:23:53,143	Batch Processor	INFO	[DEU_Flensburg-68_1_T-1        ]	<TIMEOUT>	 Time [ms]:	 60000
2020-12-28 17:23:53,143	Batch Processor	INFO	[DEU_Flensburg-69_1_T-1        ]	<TIMEOUT>	 Time [ms]:	 60000
2020-12-28 17:23:53,143	Batch Processor	INFO	[DEU_Flensburg-70_1_T-1        ]	<TIMEOUT>	 Time [ms]:	 60000
2020-12-28 17:23:53,143	Batch Processor	INFO	[DEU_Flensburg-71_1_T-1        ]	<TIMEOUT>	 Time [ms]:	 60000
2020-12-28 17:23:53,144	Batch Processor	INFO	[DEU_Flensburg-72_1_T-1        ]	<TIMEOUT>	 Time [ms]:	 60000
2020-12-28 17:23:53,144	Batch Processor	INFO	[DEU_Flensburg-73_1_T-1        ]	<TIMEOUT>	 Time [ms]:	 60000
2020-12-28 17:23:53,144	Batch Processor	INFO	[DEU_Flensburg-74_1_T-1        ]	<TIMEOUT>	 Time [ms]:	 60000
2020-12-28 17:23:53,144	Batch Processor	INFO	[DEU_Flensburg-75_1_T-1        ]	<TIMEOUT>	 Time [ms]:	 60000
2020-12-28 17:23:53,144	Batch Processor	INFO	[DEU_Flensburg-76_1_T-1        ]	<TIMEOUT>	 Time [ms]:	 60000
2020-12-28 17:23:53,145	Batch Processor	INFO	[DEU_Flensburg-77_1_T-1        ]	<TIMEOUT>	 Time [ms]:	 60000
2020-12-28 17:23:53,145	Batch Processor	INFO	[DEU_Flensburg-78_1_T-1        ]	<TIMEOUT>	 Time [ms]:	 60000
2020-12-28 17:23:53,145	Batch Processor	INFO	[DEU_Flensburg-79_1_T-1        ]	<TIMEOUT>	 Time [ms]:	 60000
2020-12-28 17:23:53,147	Batch Processor	INFO	[DEU_Flensburg-81_1_T-1        ]	<SUCCESS>	 Time [ms]:	  1033	
2020-12-28 17:23:53,147	Batch Processor	INFO	[DEU_Flensburg-82_1_T-1        ]	<TIMEOUT>	 Time [ms]:	 60000
2020-12-28 17:23:53,148	Batch Processor	INFO	[DEU_Flensburg-83_1_T-1        ]	<TIMEOUT>	 Time [ms]:	 60000
2020-12-28 17:23:53,148	Batch Processor	INFO	[DEU_Flensburg-84_1_T-1        ]	<TIMEOUT>	 Time [ms]:	 60000
2020-12-28 17:23:53,148	Batch Processor	INFO	[DEU_Flensburg-85_1_T-1        ]	<TIMEOUT>	 Time [ms]:	 60000
2020-12-28 17:23:53,148	Batch Processor	INFO	[DEU_Flensburg-86_1_T-1        ]	<TIMEOUT>	 Time [ms]:	 60000
2020-12-28 17:23:53,149	Batch Processor	INFO	[DEU_Flensburg-87_1_T-1        ]	<TIMEOUT>	 Time [ms]:	 60000
2020-12-28 17:23:53,149	Batch Processor	INFO	[DEU_Flensburg-88_1_T-1        ]	<TIMEOUT>	 Time [ms]:	 60000
2020-12-28 17:23:53,151	Batch Processor	INFO	[DEU_Flensburg-89_1_T-1        ]	<SUCCESS>	 Time [ms]:	  8995	
2020-12-28 17:23:53,151	Batch Processor	INFO	[DEU_Flensburg-90_1_T-1        ]	<TIMEOUT>	 Time [ms]:	 60000
2020-12-28 17:23:53,151	Batch Processor	INFO	[DEU_Flensburg-91_1_T-1        ]	<TIMEOUT>	 Time [ms]:	 60000
2020-12-28 17:23:53,151	Batch Processor	INFO	[DEU_Flensburg-92_1_T-1        ]	<TIMEOUT>	 Time [ms]:	 60000
2020-12-28 17:23:53,151	Batch Processor	INFO	[DEU_Flensburg-93_1_T-1        ]	<TIMEOUT>	 Time [ms]:	 60000
2020-12-28 17:23:53,152	Batch Processor	INFO	[DEU_Flensburg-94_1_T-1        ]	<TIMEOUT>	 Time [ms]:	 60000
2020-12-28 17:23:53,152	Batch Processor	INFO	[DEU_Flensburg-95_1_T-1        ]	<TIMEOUT>	 Time [ms]:	 60000
2020-12-28 17:23:53,152	Batch Processor	INFO	[DEU_Flensburg-96_1_T-1        ]	<TIMEOUT>	 Time [ms]:	 60000
2020-12-28 17:23:53,152	Batch Processor	INFO	[DEU_Flensburg-97_1_T-1        ]	<TIMEOUT>	 Time [ms]:	 60000
2020-12-28 17:23:53,154	Batch Processor	INFO	[DEU_Flensburg-98_1_T-1        ]	<SUCCESS>	 Time [ms]:	  1079	
2020-12-28 17:23:53,155	Batch Processor	INFO	[DEU_Flensburg-99_1_T-1        ]	<TIMEOUT>	 Time [ms]:	 60000
2020-12-28 17:23:53,155	Batch Processor	INFO	[DEU_Guetersloh-10_4_T-1       ]	<FAILURE>	 Time [ms]:	  1081
2020-12-28 17:23:53,156	Batch Processor	INFO	[DEU_Guetersloh-10_5_T-1       ]	<SUCCESS>	 Time [ms]:	  1340	
2020-12-28 17:23:53,156	Batch Processor	INFO	[DEU_Guetersloh-11_3_T-1       ]	<SUCCESS>	 Time [ms]:	   894	
2020-12-28 17:23:53,157	Batch Processor	INFO	[DEU_Guetersloh-12_1_T-1       ]	<SUCCESS>	 Time [ms]:	   695	
2020-12-28 17:23:53,158	Batch Processor	INFO	[DEU_Guetersloh-14_2_T-1       ]	<SUCCESS>	 Time [ms]:	   550	
2020-12-28 17:23:53,159	Batch Processor	INFO	[DEU_Guetersloh-15_2_T-1       ]	<SUCCESS>	 Time [ms]:	  1380	
2020-12-28 17:23:53,160	Batch Processor	INFO	[DEU_Guetersloh-16_2_T-1       ]	<SUCCESS>	 Time [ms]:	  1008	
2020-12-28 17:23:53,161	Batch Processor	INFO	[DEU_Guetersloh-16_5_T-1       ]	<SUCCESS>	 Time [ms]:	  1005	
2020-12-28 17:23:53,162	Batch Processor	INFO	[DEU_Guetersloh-17_2_T-1       ]	<SUCCESS>	 Time [ms]:	   698	
2020-12-28 17:23:53,164	Batch Processor	INFO	[DEU_Guetersloh-18_2_T-1       ]	<SUCCESS>	 Time [ms]:	   522	
2020-12-28 17:23:53,165	Batch Processor	INFO	[DEU_Guetersloh-19_1_T-1       ]	<SUCCESS>	 Time [ms]:	  1424	
2020-12-28 17:23:53,166	Batch Processor	INFO	[DEU_Guetersloh-20_1_T-1       ]	<SUCCESS>	 Time [ms]:	   854	
2020-12-28 17:23:53,167	Batch Processor	INFO	[DEU_Guetersloh-20_3_T-1       ]	<SUCCESS>	 Time [ms]:	   651	
2020-12-28 17:23:53,168	Batch Processor	INFO	[DEU_Guetersloh-21_1_T-1       ]	<SUCCESS>	 Time [ms]:	  2209	
2020-12-28 17:23:53,168	Batch Processor	INFO	[DEU_Guetersloh-24_1_T-1       ]	<SUCCESS>	 Time [ms]:	   817	
2020-12-28 17:23:53,169	Batch Processor	INFO	[DEU_Guetersloh-24_2_T-1       ]	<SUCCESS>	 Time [ms]:	   793	
2020-12-28 17:23:53,170	Batch Processor	INFO	[DEU_Guetersloh-24_3_T-1       ]	<SUCCESS>	 Time [ms]:	   756	
2020-12-28 17:23:53,171	Batch Processor	INFO	[DEU_Guetersloh-25_2_T-1       ]	<SUCCESS>	 Time [ms]:	   899	
2020-12-28 17:23:53,172	Batch Processor	INFO	[DEU_Guetersloh-25_4_T-1       ]	<SUCCESS>	 Time [ms]:	  1163	
2020-12-28 17:23:53,173	Batch Processor	INFO	[DEU_Guetersloh-27_1_T-1       ]	<SUCCESS>	 Time [ms]:	   681	
2020-12-28 17:23:53,174	Batch Processor	INFO	[DEU_Guetersloh-30_1_T-1       ]	<SUCCESS>	 Time [ms]:	   685	
2020-12-28 17:23:53,174	Batch Processor	INFO	[DEU_Guetersloh-31_4_T-1       ]	<SUCCESS>	 Time [ms]:	   508	
2020-12-28 17:23:53,175	Batch Processor	INFO	[DEU_Guetersloh-32_3_T-1       ]	<SUCCESS>	 Time [ms]:	   900	
2020-12-28 17:23:53,176	Batch Processor	INFO	[DEU_Guetersloh-33_1_T-1       ]	<SUCCESS>	 Time [ms]:	  1008	
2020-12-28 17:23:53,177	Batch Processor	INFO	[DEU_Guetersloh-34_2_T-1       ]	<SUCCESS>	 Time [ms]:	   413	
2020-12-28 17:23:53,178	Batch Processor	INFO	[DEU_Guetersloh-36_1_T-1       ]	<SUCCESS>	 Time [ms]:	   708	
2020-12-28 17:23:53,179	Batch Processor	INFO	[DEU_Guetersloh-39_3_T-1       ]	<SUCCESS>	 Time [ms]:	   428	
2020-12-28 17:23:53,179	Batch Processor	INFO	[DEU_Guetersloh-39_5_T-1       ]	<SUCCESS>	 Time [ms]:	   768	
2020-12-28 17:23:53,180	Batch Processor	INFO	[DEU_Guetersloh-40_4_T-1       ]	<SUCCESS>	 Time [ms]:	   717	
2020-12-28 17:23:53,181	Batch Processor	INFO	[DEU_Guetersloh-40_5_T-1       ]	<SUCCESS>	 Time [ms]:	   621	
2020-12-28 17:23:53,182	Batch Processor	INFO	[DEU_Guetersloh-41_1_T-1       ]	<SUCCESS>	 Time [ms]:	  1010	
2020-12-28 17:23:53,183	Batch Processor	INFO	[DEU_Guetersloh-42_1_T-1       ]	<SUCCESS>	 Time [ms]:	   568	
2020-12-28 17:23:53,184	Batch Processor	INFO	[DEU_Guetersloh-4_5_T-1        ]	<SUCCESS>	 Time [ms]:	  1172	
2020-12-28 17:23:53,184	Batch Processor	INFO	[DEU_Guetersloh-50_1_T-1       ]	<SUCCESS>	 Time [ms]:	   330	
2020-12-28 17:23:53,185	Batch Processor	INFO	[DEU_Guetersloh-54_1_T-1       ]	<SUCCESS>	 Time [ms]:	   781	
2020-12-28 17:23:53,186	Batch Processor	INFO	[DEU_Guetersloh-55_1_T-1       ]	<SUCCESS>	 Time [ms]:	   576	
2020-12-28 17:23:53,187	Batch Processor	INFO	[DEU_Guetersloh-55_3_T-1       ]	<SUCCESS>	 Time [ms]:	   458	
2020-12-28 17:23:53,187	Batch Processor	INFO	[DEU_Guetersloh-65_2_T-1       ]	<SUCCESS>	 Time [ms]:	   480	
2020-12-28 17:23:53,189	Batch Processor	INFO	[DEU_Guetersloh-6_3_T-1        ]	<SUCCESS>	 Time [ms]:	   434	
2020-12-28 17:23:53,190	Batch Processor	INFO	[DEU_Guetersloh-7_2_T-1        ]	<SUCCESS>	 Time [ms]:	   874	
2020-12-28 17:23:53,191	Batch Processor	INFO	[DEU_Guetersloh-8_1_T-1        ]	<SUCCESS>	 Time [ms]:	   440	
2020-12-28 17:23:53,192	Batch Processor	INFO	[DEU_Hennigsdorf-11_1_T-1      ]	<SUCCESS>	 Time [ms]:	   628	
2020-12-28 17:23:53,193	Batch Processor	INFO	[DEU_Hennigsdorf-12_1_T-1      ]	<SUCCESS>	 Time [ms]:	   510	
2020-12-28 17:23:53,194	Batch Processor	INFO	[DEU_Hennigsdorf-13_2_T-1      ]	<SUCCESS>	 Time [ms]:	   716	
2020-12-28 17:23:53,195	Batch Processor	INFO	[DEU_Hennigsdorf-14_3_T-1      ]	<SUCCESS>	 Time [ms]:	   602	
2020-12-28 17:23:53,195	Batch Processor	INFO	[DEU_Hennigsdorf-15_3_T-1      ]	<SUCCESS>	 Time [ms]:	  1861	
2020-12-28 17:23:53,196	Batch Processor	INFO	[DEU_Hennigsdorf-18_2_T-1      ]	<SUCCESS>	 Time [ms]:	   826	
2020-12-28 17:23:53,197	Batch Processor	INFO	[DEU_Hennigsdorf-3_2_T-1       ]	<SUCCESS>	 Time [ms]:	  1511	
2020-12-28 17:23:53,198	Batch Processor	INFO	[DEU_Hennigsdorf-3_5_T-1       ]	<SUCCESS>	 Time [ms]:	   646	
2020-12-28 17:23:53,199	Batch Processor	INFO	[DEU_Hennigsdorf-5_1_T-1       ]	<SUCCESS>	 Time [ms]:	   738	
2020-12-28 17:23:53,199	Batch Processor	INFO	[DEU_Hennigsdorf-5_4_T-1       ]	<SUCCESS>	 Time [ms]:	  1192	
2020-12-28 17:23:53,200	Batch Processor	INFO	[DEU_Hennigsdorf-7_3_T-1       ]	<SUCCESS>	 Time [ms]:	   891	
2020-12-28 17:23:53,201	Batch Processor	INFO	[DEU_Hennigsdorf-9_2_T-1       ]	<SUCCESS>	 Time [ms]:	  2337	
2020-12-28 17:23:53,202	Batch Processor	INFO	[DEU_Ibbenbueren-10_2_T-1      ]	<SUCCESS>	 Time [ms]:	   701	
2020-12-28 17:23:53,203	Batch Processor	INFO	[DEU_Ibbenbueren-11_2_T-1      ]	<SUCCESS>	 Time [ms]:	   378	
2020-12-28 17:23:53,203	Batch Processor	INFO	[DEU_Ibbenbueren-12_1_T-1      ]	<SUCCESS>	 Time [ms]:	   728	
2020-12-28 17:23:53,204	Batch Processor	INFO	[DEU_Ibbenbueren-13_3_T-1      ]	<SUCCESS>	 Time [ms]:	   704	
2020-12-28 17:23:53,205	Batch Processor	INFO	[DEU_Ibbenbueren-14_1_T-1      ]	<SUCCESS>	 Time [ms]:	   522	
2020-12-28 17:23:53,206	Batch Processor	INFO	[DEU_Ibbenbueren-15_4_T-1      ]	<SUCCESS>	 Time [ms]:	   916	
2020-12-28 17:23:53,206	Batch Processor	INFO	[DEU_Ibbenbueren-16_3_T-1      ]	<SUCCESS>	 Time [ms]:	   807	
2020-12-28 17:23:53,207	Batch Processor	INFO	[DEU_Ibbenbueren-16_5_T-1      ]	<SUCCESS>	 Time [ms]:	   702	
2020-12-28 17:23:53,208	Batch Processor	INFO	[DEU_Ibbenbueren-2_2_T-1       ]	<SUCCESS>	 Time [ms]:	   640	
2020-12-28 17:23:53,209	Batch Processor	INFO	[DEU_Ibbenbueren-3_3_T-1       ]	<SUCCESS>	 Time [ms]:	   685	
2020-12-28 17:23:53,210	Batch Processor	INFO	[DEU_Ibbenbueren-4_2_T-1       ]	<SUCCESS>	 Time [ms]:	  1209	
2020-12-28 17:23:53,211	Batch Processor	INFO	[DEU_Ibbenbueren-6_3_T-1       ]	<SUCCESS>	 Time [ms]:	   797	
2020-12-28 17:23:53,211	Batch Processor	INFO	[DEU_Ibbenbueren-6_4_T-1       ]	<SUCCESS>	 Time [ms]:	   820	
2020-12-28 17:23:53,212	Batch Processor	INFO	[DEU_Ibbenbueren-7_1_T-1       ]	<SUCCESS>	 Time [ms]:	  1001	
2020-12-28 17:23:53,214	Batch Processor	INFO	[DEU_Ibbenbueren-9_1_T-1       ]	<SUCCESS>	 Time [ms]:	   877	
2020-12-28 17:23:53,214	Batch Processor	INFO	[DEU_Lohmar-10_1_T-1           ]	<TIMEOUT>	 Time [ms]:	 60000
2020-12-28 17:23:53,216	Batch Processor	INFO	[DEU_Lohmar-11_1_T-1           ]	<SUCCESS>	 Time [ms]:	   947	
2020-12-28 17:23:53,216	Batch Processor	INFO	[DEU_Lohmar-12_1_T-1           ]	<FAILURE>	 Time [ms]:	   687
2020-12-28 17:23:53,216	Batch Processor	INFO	[DEU_Lohmar-15_1_T-1           ]	<TIMEOUT>	 Time [ms]:	 60000
2020-12-28 17:23:53,217	Batch Processor	INFO	[DEU_Lohmar-16_1_T-1           ]	<TIMEOUT>	 Time [ms]:	 60000
2020-12-28 17:23:53,217	Batch Processor	INFO	[DEU_Lohmar-17_1_T-1           ]	<TIMEOUT>	 Time [ms]:	 60000
2020-12-28 17:23:53,217	Batch Processor	INFO	[DEU_Lohmar-19_1_T-1           ]	<FAILURE>	 Time [ms]:	   962
2020-12-28 17:23:53,217	Batch Processor	INFO	[DEU_Lohmar-20_1_T-1           ]	<TIMEOUT>	 Time [ms]:	 60000
2020-12-28 17:23:53,218	Batch Processor	INFO	[DEU_Lohmar-21_1_T-1           ]	<TIMEOUT>	 Time [ms]:	 60000
2020-12-28 17:23:53,218	Batch Processor	INFO	[DEU_Lohmar-22_1_T-1           ]	<TIMEOUT>	 Time [ms]:	 60000
2020-12-28 17:23:53,218	Batch Processor	INFO	[DEU_Lohmar-24_1_T-1           ]	<TIMEOUT>	 Time [ms]:	 60000
2020-12-28 17:23:53,218	Batch Processor	INFO	[DEU_Lohmar-25_1_T-1           ]	<TIMEOUT>	 Time [ms]:	 60000
2020-12-28 17:23:53,219	Batch Processor	INFO	[DEU_Lohmar-26_1_T-1           ]	<TIMEOUT>	 Time [ms]:	 60000
2020-12-28 17:23:53,221	Batch Processor	INFO	[DEU_Lohmar-27_1_T-1           ]	<SUCCESS>	 Time [ms]:	  9511	
2020-12-28 17:23:53,221	Batch Processor	INFO	[DEU_Lohmar-28_1_T-1           ]	<TIMEOUT>	 Time [ms]:	 60000
2020-12-28 17:23:53,221	Batch Processor	INFO	[DEU_Lohmar-29_1_T-1           ]	<TIMEOUT>	 Time [ms]:	 60000
2020-12-28 17:23:53,223	Batch Processor	INFO	[DEU_Lohmar-30_1_T-1           ]	<SUCCESS>	 Time [ms]:	  1674	
2020-12-28 17:23:53,223	Batch Processor	INFO	[DEU_Lohmar-31_1_T-1           ]	<TIMEOUT>	 Time [ms]:	 60000
2020-12-28 17:23:53,224	Batch Processor	INFO	[DEU_Lohmar-32_1_T-1           ]	<TIMEOUT>	 Time [ms]:	 60000
2020-12-28 17:23:53,224	Batch Processor	INFO	[DEU_Lohmar-33_1_T-1           ]	<TIMEOUT>	 Time [ms]:	 60000
2020-12-28 17:23:53,224	Batch Processor	INFO	[DEU_Lohmar-34_1_T-1           ]	<TIMEOUT>	 Time [ms]:	 60000
2020-12-28 17:23:53,226	Batch Processor	INFO	[DEU_Lohmar-35_1_T-1           ]	<SUCCESS>	 Time [ms]:	   959	
2020-12-28 17:23:53,226	Batch Processor	INFO	[DEU_Lohmar-36_1_T-1           ]	<TIMEOUT>	 Time [ms]:	 60000
2020-12-28 17:23:53,228	Batch Processor	INFO	[DEU_Lohmar-37_1_T-1           ]	<SUCCESS>	 Time [ms]:	  1410	
2020-12-28 17:23:53,229	Batch Processor	INFO	[DEU_Lohmar-39_1_T-1           ]	<TIMEOUT>	 Time [ms]:	 60000
2020-12-28 17:23:53,229	Batch Processor	INFO	[DEU_Lohmar-40_1_T-1           ]	<TIMEOUT>	 Time [ms]:	 60000
2020-12-28 17:23:53,229	Batch Processor	INFO	[DEU_Lohmar-41_1_T-1           ]	<TIMEOUT>	 Time [ms]:	 60000
2020-12-28 17:23:53,230	Batch Processor	INFO	[DEU_Lohmar-43_1_T-1           ]	<TIMEOUT>	 Time [ms]:	 60000
2020-12-28 17:23:53,231	Batch Processor	INFO	[DEU_Lohmar-44_1_T-1           ]	<SUCCESS>	 Time [ms]:	   942	
2020-12-28 17:23:53,233	Batch Processor	INFO	[DEU_Lohmar-45_1_T-1           ]	<SUCCESS>	 Time [ms]:	   693	
2020-12-28 17:23:53,234	Batch Processor	INFO	[DEU_Lohmar-46_1_T-1           ]	<TIMEOUT>	 Time [ms]:	 60000
2020-12-28 17:23:53,234	Batch Processor	INFO	[DEU_Lohmar-47_1_T-1           ]	<TIMEOUT>	 Time [ms]:	 60000
2020-12-28 17:23:53,234	Batch Processor	INFO	[DEU_Lohmar-48_1_T-1           ]	<TIMEOUT>	 Time [ms]:	 60000
2020-12-28 17:23:53,234	Batch Processor	INFO	[DEU_Lohmar-49_1_T-1           ]	<TIMEOUT>	 Time [ms]:	 60000
2020-12-28 17:23:53,235	Batch Processor	INFO	[DEU_Lohmar-51_1_T-1           ]	<TIMEOUT>	 Time [ms]:	 60000
2020-12-28 17:23:53,235	Batch Processor	INFO	[DEU_Lohmar-52_1_T-1           ]	<TIMEOUT>	 Time [ms]:	 60000
2020-12-28 17:23:53,237	Batch Processor	INFO	[DEU_Lohmar-53_1_T-1           ]	<SUCCESS>	 Time [ms]:	  1095	
2020-12-28 17:23:53,237	Batch Processor	INFO	[DEU_Lohmar-54_1_T-1           ]	<TIMEOUT>	 Time [ms]:	 60000
2020-12-28 17:23:53,237	Batch Processor	INFO	[DEU_Lohmar-55_1_T-1           ]	<TIMEOUT>	 Time [ms]:	 60000
2020-12-28 17:23:53,239	Batch Processor	INFO	[DEU_Lohmar-56_1_T-1           ]	<SUCCESS>	 Time [ms]:	  2191	
2020-12-28 17:23:53,239	Batch Processor	INFO	[DEU_Lohmar-57_1_T-1           ]	<TIMEOUT>	 Time [ms]:	 60000
2020-12-28 17:23:53,239	Batch Processor	INFO	[DEU_Lohmar-58_1_T-1           ]	<TIMEOUT>	 Time [ms]:	 60000
2020-12-28 17:23:53,240	Batch Processor	INFO	[DEU_Lohmar-59_1_T-1           ]	<TIMEOUT>	 Time [ms]:	 60000
2020-12-28 17:23:53,240	Batch Processor	INFO	[DEU_Lohmar-60_1_T-1           ]	<TIMEOUT>	 Time [ms]:	 60000
2020-12-28 17:23:53,240	Batch Processor	INFO	[DEU_Lohmar-61_1_T-1           ]	<TIMEOUT>	 Time [ms]:	 60000
2020-12-28 17:23:53,240	Batch Processor	INFO	[DEU_Lohmar-62_1_T-1           ]	<TIMEOUT>	 Time [ms]:	 60000
2020-12-28 17:23:53,242	Batch Processor	INFO	[DEU_Lohmar-64_1_T-1           ]	<SUCCESS>	 Time [ms]:	  1201	
2020-12-28 17:23:53,242	Batch Processor	INFO	[DEU_Lohmar-65_1_T-1           ]	<TIMEOUT>	 Time [ms]:	 60000
2020-12-28 17:23:53,243	Batch Processor	INFO	[DEU_Lohmar-66_1_T-1           ]	<TIMEOUT>	 Time [ms]:	 60000
2020-12-28 17:23:53,243	Batch Processor	INFO	[DEU_Lohmar-67_1_T-1           ]	<TIMEOUT>	 Time [ms]:	 60000
2020-12-28 17:23:53,243	Batch Processor	INFO	[DEU_Lohmar-68_1_T-1           ]	<TIMEOUT>	 Time [ms]:	 60000
2020-12-28 17:23:53,244	Batch Processor	INFO	[DEU_Lohmar-69_1_T-1           ]	<TIMEOUT>	 Time [ms]:	 60000
2020-12-28 17:23:53,244	Batch Processor	INFO	[DEU_Lohmar-70_1_T-1           ]	<TIMEOUT>	 Time [ms]:	 60000
2020-12-28 17:23:53,246	Batch Processor	INFO	[DEU_Lohmar-8_1_T-1            ]	<SUCCESS>	 Time [ms]:	  1441	
2020-12-28 17:23:53,246	Batch Processor	INFO	[DEU_Lohmar-9_1_T-1            ]	<TIMEOUT>	 Time [ms]:	 60000
2020-12-28 17:23:53,246	Batch Processor	INFO	[DEU_Luckenwalde-1_1_T-1       ]	<TIMEOUT>	 Time [ms]:	 60000
2020-12-28 17:23:53,247	Batch Processor	INFO	[DEU_Meckenheim-1_4_T-1        ]	<SUCCESS>	 Time [ms]:	   379	
2020-12-28 17:23:53,248	Batch Processor	INFO	[DEU_Meckenheim-3_1_T-1        ]	<SUCCESS>	 Time [ms]:	   686	
2020-12-28 17:23:53,249	Batch Processor	INFO	[DEU_Meckenheim-5_1_T-1        ]	<SUCCESS>	 Time [ms]:	   543	
2020-12-28 17:23:53,250	Batch Processor	INFO	[DEU_Meckenheim-8_3_T-1        ]	<SUCCESS>	 Time [ms]:	  1197	
2020-12-28 17:23:53,251	Batch Processor	INFO	[DEU_Meckenheim-8_5_T-1        ]	<SUCCESS>	 Time [ms]:	   740	
2020-12-28 17:23:53,252	Batch Processor	INFO	[DEU_Moabit-1_2_T-1            ]	<SUCCESS>	 Time [ms]:	   865	
2020-12-28 17:23:53,252	Batch Processor	INFO	[DEU_Moabit-4_1_T-1            ]	<SUCCESS>	 Time [ms]:	   474	
2020-12-28 17:23:53,253	Batch Processor	INFO	[DEU_Moabit-5_2_T-1            ]	<SUCCESS>	 Time [ms]:	   704	
2020-12-28 17:23:53,254	Batch Processor	INFO	[DEU_Moabit-6_2_T-1            ]	<SUCCESS>	 Time [ms]:	   864	
2020-12-28 17:23:53,255	Batch Processor	INFO	[DEU_Moelln-10_3_T-1           ]	<SUCCESS>	 Time [ms]:	   333	
2020-12-28 17:23:53,256	Batch Processor	INFO	[DEU_Moelln-11_1_T-1           ]	<SUCCESS>	 Time [ms]:	   653	
2020-12-28 17:23:53,256	Batch Processor	INFO	[DEU_Moelln-12_1_T-1           ]	<SUCCESS>	 Time [ms]:	   639	
2020-12-28 17:23:53,257	Batch Processor	INFO	[DEU_Moelln-2_1_T-1            ]	<SUCCESS>	 Time [ms]:	  2288	
2020-12-28 17:23:53,258	Batch Processor	INFO	[DEU_Moelln-4_3_T-1            ]	<SUCCESS>	 Time [ms]:	  1112	
2020-12-28 17:23:53,259	Batch Processor	INFO	[DEU_Moelln-6_1_T-1            ]	<SUCCESS>	 Time [ms]:	  1095	
2020-12-28 17:23:53,260	Batch Processor	INFO	[DEU_Moelln-7_1_T-1            ]	<SUCCESS>	 Time [ms]:	   374	
2020-12-28 17:23:53,261	Batch Processor	INFO	[DEU_Moelln-9_1_T-1            ]	<SUCCESS>	 Time [ms]:	  2668	
2020-12-28 17:23:53,262	Batch Processor	INFO	[DEU_Muehlhausen-11_1_T-1      ]	<SUCCESS>	 Time [ms]:	   844	
2020-12-28 17:23:53,263	Batch Processor	INFO	[DEU_Muehlhausen-14_3_T-1      ]	<SUCCESS>	 Time [ms]:	   956	
2020-12-28 17:23:53,264	Batch Processor	INFO	[DEU_Muehlhausen-1_2_T-1       ]	<SUCCESS>	 Time [ms]:	  1705	
2020-12-28 17:23:53,265	Batch Processor	INFO	[DEU_Muehlhausen-1_3_T-1       ]	<SUCCESS>	 Time [ms]:	   768	
2020-12-28 17:23:53,267	Batch Processor	INFO	[DEU_Muehlhausen-2_1_T-1       ]	<SUCCESS>	 Time [ms]:	  3478	
2020-12-28 17:23:53,269	Batch Processor	INFO	[DEU_Muehlhausen-4_1_T-1       ]	<SUCCESS>	 Time [ms]:	   821	
2020-12-28 17:23:53,269	Batch Processor	INFO	[DEU_Muehlhausen-5_1_T-1       ]	<SUCCESS>	 Time [ms]:	  1096	
2020-12-28 17:23:53,270	Batch Processor	INFO	[DEU_Muehlhausen-6_1_T-1       ]	<SUCCESS>	 Time [ms]:	   502	
2020-12-28 17:23:53,272	Batch Processor	INFO	[DEU_Muehlhausen-7_2_T-1       ]	<SUCCESS>	 Time [ms]:	  1009	
2020-12-28 17:23:53,272	Batch Processor	INFO	[DEU_Reutlingen-1_1_T-1        ]	<TIMEOUT>	 Time [ms]:	 60000
2020-12-28 17:23:53,272	Batch Processor	INFO	[DEU_Reutlingen-2_1_T-1        ]	<TIMEOUT>	 Time [ms]:	 60000
2020-12-28 17:23:53,272	Batch Processor	INFO	[DEU_Reutlingen-4_1_T-1        ]	<TIMEOUT>	 Time [ms]:	 60000
2020-12-28 17:23:53,273	Batch Processor	INFO	[DEU_Reutlingen-5_1_T-1        ]	<TIMEOUT>	 Time [ms]:	 60000
2020-12-28 17:23:53,273	Batch Processor	INFO	[DEU_Reutlingen-6_1_T-1        ]	<TIMEOUT>	 Time [ms]:	 60000
2020-12-28 17:23:53,274	Batch Processor	INFO	[DEU_Rheinbach-1_4_T-1         ]	<SUCCESS>	 Time [ms]:	   955	
2020-12-28 17:23:53,275	Batch Processor	INFO	[DEU_Rheinbach-5_3_T-1         ]	<SUCCESS>	 Time [ms]:	  1510	
2020-12-28 17:23:53,275	Batch Processor	INFO	[DEU_Speyer-2_1_T-1            ]	<FAILURE>	 Time [ms]:	   601
2020-12-28 17:23:53,276	Batch Processor	INFO	[DEU_Speyer-2_4_T-1            ]	<SUCCESS>	 Time [ms]:	   443	
2020-12-28 17:23:53,277	Batch Processor	INFO	[DEU_Speyer-5_2_T-1            ]	<SUCCESS>	 Time [ms]:	   835	
2020-12-28 17:23:53,278	Batch Processor	INFO	[ESP_Almansa-1_1_T-1           ]	<SUCCESS>	 Time [ms]:	   821	
2020-12-28 17:23:53,278	Batch Processor	INFO	[ESP_Almansa-2_1_T-1           ]	<SUCCESS>	 Time [ms]:	  3060	
2020-12-28 17:23:53,279	Batch Processor	INFO	[ESP_Almansa-6_1_T-1           ]	<SUCCESS>	 Time [ms]:	  1743	
2020-12-28 17:23:53,280	Batch Processor	INFO	[ESP_Berga-10_1_T-1            ]	<SUCCESS>	 Time [ms]:	  1200	
2020-12-28 17:23:53,281	Batch Processor	INFO	[ESP_Berga-4_4_T-1             ]	<SUCCESS>	 Time [ms]:	   816	
2020-12-28 17:23:53,282	Batch Processor	INFO	[ESP_Berga-6_1_T-1             ]	<SUCCESS>	 Time [ms]:	  3305	
2020-12-28 17:23:53,282	Batch Processor	INFO	[ESP_Berga-9_1_T-1             ]	<SUCCESS>	 Time [ms]:	  1015	
2020-12-28 17:23:53,283	Batch Processor	INFO	[ESP_Cambre-1_1_T-1            ]	<SUCCESS>	 Time [ms]:	   870	
2020-12-28 17:23:53,284	Batch Processor	INFO	[ESP_Cambre-2_1_T-1            ]	<SUCCESS>	 Time [ms]:	  1027	
2020-12-28 17:23:53,285	Batch Processor	INFO	[ESP_Cambre-3_1_T-1            ]	<SUCCESS>	 Time [ms]:	   706	
2020-12-28 17:23:53,287	Batch Processor	INFO	[ESP_Ceuta-10_1_T-1            ]	<SUCCESS>	 Time [ms]:	  1179	
2020-12-28 17:23:53,287	Batch Processor	INFO	[ESP_Ceuta-11_1_T-1            ]	<FAILURE>	 Time [ms]:	  1094
2020-12-28 17:23:53,288	Batch Processor	INFO	[ESP_Ceuta-15_2_T-1            ]	<SUCCESS>	 Time [ms]:	   865	
2020-12-28 17:23:53,289	Batch Processor	INFO	[ESP_Ceuta-1_2_T-1             ]	<SUCCESS>	 Time [ms]:	   796	
2020-12-28 17:23:53,291	Batch Processor	INFO	[ESP_Ceuta-2_1_T-1             ]	<SUCCESS>	 Time [ms]:	  2224	
2020-12-28 17:23:53,292	Batch Processor	INFO	[ESP_Ceuta-3_2_T-1             ]	<SUCCESS>	 Time [ms]:	   748	
2020-12-28 17:23:53,293	Batch Processor	INFO	[ESP_Ceuta-4_1_T-1             ]	<SUCCESS>	 Time [ms]:	  1460	
2020-12-28 17:23:53,294	Batch Processor	INFO	[ESP_Ceuta-5_1_T-1             ]	<FAILURE>	 Time [ms]:	   809
2020-12-28 17:23:53,295	Batch Processor	INFO	[ESP_Ceuta-7_1_T-1             ]	<SUCCESS>	 Time [ms]:	   286	
2020-12-28 17:23:53,296	Batch Processor	INFO	[ESP_Ceuta-8_1_T-1             ]	<SUCCESS>	 Time [ms]:	  1209	
2020-12-28 17:23:53,296	Batch Processor	INFO	[ESP_Inca-3_2_T-1              ]	<FAILURE>	 Time [ms]:	   575
2020-12-28 17:23:53,297	Batch Processor	INFO	[ESP_Inca-7_1_T-1              ]	<SUCCESS>	 Time [ms]:	  1800	
2020-12-28 17:23:53,298	Batch Processor	INFO	[ESP_Monzon-2_1_T-1            ]	<SUCCESS>	 Time [ms]:	   850	
2020-12-28 17:23:53,299	Batch Processor	INFO	[ESP_Monzon-3_1_T-1            ]	<SUCCESS>	 Time [ms]:	  1927	
2020-12-28 17:23:53,300	Batch Processor	INFO	[ESP_Monzon-5_1_T-1            ]	<SUCCESS>	 Time [ms]:	   923	
2020-12-28 17:23:53,301	Batch Processor	INFO	[ESP_Monzon-6_1_T-1            ]	<SUCCESS>	 Time [ms]:	  1341	
2020-12-28 17:23:53,302	Batch Processor	INFO	[ESP_Monzon-7_2_T-1            ]	<SUCCESS>	 Time [ms]:	  1102	
2020-12-28 17:23:53,303	Batch Processor	INFO	[ESP_Monzon-7_3_T-1            ]	<SUCCESS>	 Time [ms]:	  1056	
2020-12-28 17:23:53,304	Batch Processor	INFO	[ESP_Monzon-9_1_T-1            ]	<SUCCESS>	 Time [ms]:	  1731	
2020-12-28 17:23:53,305	Batch Processor	INFO	[ESP_PriegodeCordoba-2_3_T-1   ]	<SUCCESS>	 Time [ms]:	  1175	
2020-12-28 17:23:53,306	Batch Processor	INFO	[ESP_PriegodeCordoba-3_1_T-1   ]	<SUCCESS>	 Time [ms]:	   936	
2020-12-28 17:23:53,307	Batch Processor	INFO	[ESP_PriegodeCordoba-6_1_T-1   ]	<SUCCESS>	 Time [ms]:	  1482	
2020-12-28 17:23:53,308	Batch Processor	INFO	[ESP_Requena-6_2_T-1           ]	<SUCCESS>	 Time [ms]:	  1321	
2020-12-28 17:23:53,309	Batch Processor	INFO	[ESP_SantBoideLlobregat-14_1_T-1]	<SUCCESS>	 Time [ms]:	   726	
2020-12-28 17:23:53,310	Batch Processor	INFO	[ESP_SantBoideLlobregat-14_4_T-1]	<SUCCESS>	 Time [ms]:	   759	
2020-12-28 17:23:53,311	Batch Processor	INFO	[ESP_SantBoideLlobregat-18_2_T-1]	<SUCCESS>	 Time [ms]:	   298	
2020-12-28 17:23:53,311	Batch Processor	INFO	[ESP_SantBoideLlobregat-19_1_T-1]	<SUCCESS>	 Time [ms]:	  2651	
2020-12-28 17:23:53,312	Batch Processor	INFO	[ESP_SantBoideLlobregat-22_3_T-1]	<FAILURE>	 Time [ms]:	   190
2020-12-28 17:23:53,313	Batch Processor	INFO	[ESP_SantBoideLlobregat-23_2_T-1]	<SUCCESS>	 Time [ms]:	   917	
2020-12-28 17:23:53,314	Batch Processor	INFO	[ESP_SantBoideLlobregat-24_1_T-1]	<SUCCESS>	 Time [ms]:	   443	
2020-12-28 17:23:53,315	Batch Processor	INFO	[ESP_SantBoideLlobregat-3_1_T-1]	<SUCCESS>	 Time [ms]:	   421	
2020-12-28 17:23:53,315	Batch Processor	INFO	[ESP_SantBoideLlobregat-4_1_T-1]	<FAILURE>	 Time [ms]:	   499
2020-12-28 17:23:53,316	Batch Processor	INFO	[ESP_SantBoideLlobregat-6_2_T-1]	<SUCCESS>	 Time [ms]:	  1542	
2020-12-28 17:23:53,317	Batch Processor	INFO	[ESP_SantBoideLlobregat-8_1_T-1]	<SUCCESS>	 Time [ms]:	   840	
2020-12-28 17:23:53,318	Batch Processor	INFO	[ESP_SantBoideLlobregat-8_5_T-1]	<SUCCESS>	 Time [ms]:	  1223	
2020-12-28 17:23:53,319	Batch Processor	INFO	[ESP_Toledo-10_1_T-1           ]	<SUCCESS>	 Time [ms]:	   949	
2020-12-28 17:23:53,320	Batch Processor	INFO	[ESP_Toledo-10_2_T-1           ]	<SUCCESS>	 Time [ms]:	  1083	
2020-12-28 17:23:53,321	Batch Processor	INFO	[ESP_Toledo-11_1_T-1           ]	<SUCCESS>	 Time [ms]:	   335	
2020-12-28 17:23:53,321	Batch Processor	INFO	[ESP_Toledo-11_5_T-1           ]	<SUCCESS>	 Time [ms]:	   548	
2020-12-28 17:23:53,322	Batch Processor	INFO	[ESP_Toledo-22_1_T-1           ]	<SUCCESS>	 Time [ms]:	   569	
2020-12-28 17:23:53,323	Batch Processor	INFO	[ESP_Toledo-23_1_T-1           ]	<SUCCESS>	 Time [ms]:	   191	
2020-12-28 17:23:53,324	Batch Processor	INFO	[ESP_Toledo-5_1_T-1            ]	<SUCCESS>	 Time [ms]:	   623	
2020-12-28 17:23:53,325	Batch Processor	INFO	[ESP_Toledo-6_2_T-1            ]	<SUCCESS>	 Time [ms]:	   834	
2020-12-28 17:23:53,326	Batch Processor	INFO	[ESP_Toledo-8_1_T-1            ]	<FAILURE>	 Time [ms]:	  1188
2020-12-28 17:23:53,326	Batch Processor	INFO	[ESP_Toledo-9_1_T-1            ]	<SUCCESS>	 Time [ms]:	   599	
2020-12-28 17:23:53,327	Batch Processor	INFO	[FRA_Anglet-1_2_T-1            ]	<SUCCESS>	 Time [ms]:	   757	
2020-12-28 17:23:53,328	Batch Processor	INFO	[FRA_Anglet-2_1_T-1            ]	<FAILURE>	 Time [ms]:	   848
2020-12-28 17:23:53,329	Batch Processor	INFO	[FRA_Anglet-3_2_T-1            ]	<SUCCESS>	 Time [ms]:	   943	
2020-12-28 17:23:53,330	Batch Processor	INFO	[FRA_Miramas-1_1_T-1           ]	<SUCCESS>	 Time [ms]:	  1293	
2020-12-28 17:23:53,330	Batch Processor	INFO	[FRA_Miramas-2_1_T-1           ]	<SUCCESS>	 Time [ms]:	  1004	
2020-12-28 17:23:53,331	Batch Processor	INFO	[FRA_Miramas-3_1_T-1           ]	<SUCCESS>	 Time [ms]:	  1037	
2020-12-28 17:23:53,332	Batch Processor	INFO	[FRA_Miramas-5_1_T-1           ]	<SUCCESS>	 Time [ms]:	  1931	
2020-12-28 17:23:53,333	Batch Processor	INFO	[FRA_Miramas-9_1_T-1           ]	<SUCCESS>	 Time [ms]:	   833	
2020-12-28 17:23:53,334	Batch Processor	INFO	[FRA_MoissyCramayel-1_1_T-1    ]	<SUCCESS>	 Time [ms]:	  1900	
2020-12-28 17:23:53,335	Batch Processor	INFO	[FRA_MoissyCramayel-2_1_T-1    ]	<SUCCESS>	 Time [ms]:	   844	
2020-12-28 17:23:53,336	Batch Processor	INFO	[FRA_MoissyCramayel-4_1_T-1    ]	<SUCCESS>	 Time [ms]:	  1130	
2020-12-28 17:23:53,337	Batch Processor	INFO	[FRA_Sete-1_1_T-1              ]	<SUCCESS>	 Time [ms]:	  1417	
2020-12-28 17:23:53,337	Batch Processor	INFO	[GRC_Perama-1_1_T-1            ]	<FAILURE>	 Time [ms]:	  1123
2020-12-28 17:23:53,338	Batch Processor	INFO	[GRC_Perama-2_1_T-1            ]	<SUCCESS>	 Time [ms]:	   494	
2020-12-28 17:23:53,339	Batch Processor	INFO	[GRC_Perama-3_2_T-1            ]	<SUCCESS>	 Time [ms]:	   469	
2020-12-28 17:23:53,340	Batch Processor	INFO	[GRC_Perama-4_3_T-1            ]	<SUCCESS>	 Time [ms]:	  1081	
2020-12-28 17:23:53,341	Batch Processor	INFO	[GRC_Perama-7_1_T-1            ]	<SUCCESS>	 Time [ms]:	   908	
2020-12-28 17:23:53,342	Batch Processor	INFO	[HRV_Pula-10_1_T-1             ]	<SUCCESS>	 Time [ms]:	  1196	
2020-12-28 17:23:53,343	Batch Processor	INFO	[HRV_Pula-12_3_T-1             ]	<SUCCESS>	 Time [ms]:	   574	
2020-12-28 17:23:53,344	Batch Processor	INFO	[HRV_Pula-13_2_T-1             ]	<SUCCESS>	 Time [ms]:	   733	
2020-12-28 17:23:53,345	Batch Processor	INFO	[HRV_Pula-15_1_T-1             ]	<SUCCESS>	 Time [ms]:	   813	
2020-12-28 17:23:53,346	Batch Processor	INFO	[HRV_Pula-18_1_T-1             ]	<SUCCESS>	 Time [ms]:	   966	
2020-12-28 17:23:53,347	Batch Processor	INFO	[HRV_Pula-19_2_T-1             ]	<SUCCESS>	 Time [ms]:	   689	
2020-12-28 17:23:53,348	Batch Processor	INFO	[HRV_Pula-21_1_T-1             ]	<SUCCESS>	 Time [ms]:	  1170	
2020-12-28 17:23:53,349	Batch Processor	INFO	[HRV_Pula-22_1_T-1             ]	<SUCCESS>	 Time [ms]:	  1335	
2020-12-28 17:23:53,350	Batch Processor	INFO	[HRV_Pula-23_1_T-1             ]	<SUCCESS>	 Time [ms]:	   517	
2020-12-28 17:23:53,350	Batch Processor	INFO	[HRV_Pula-24_1_T-1             ]	<SUCCESS>	 Time [ms]:	  1042	
2020-12-28 17:23:53,351	Batch Processor	INFO	[HRV_Pula-25_1_T-1             ]	<SUCCESS>	 Time [ms]:	   497	
2020-12-28 17:23:53,352	Batch Processor	INFO	[HRV_Pula-27_2_T-1             ]	<SUCCESS>	 Time [ms]:	   681	
2020-12-28 17:23:53,353	Batch Processor	INFO	[HRV_Pula-29_3_T-1             ]	<SUCCESS>	 Time [ms]:	  1060	
2020-12-28 17:23:53,354	Batch Processor	INFO	[HRV_Pula-31_1_T-1             ]	<SUCCESS>	 Time [ms]:	  1060	
2020-12-28 17:23:53,355	Batch Processor	INFO	[HRV_Pula-32_2_T-1             ]	<SUCCESS>	 Time [ms]:	  1133	
2020-12-28 17:23:53,356	Batch Processor	INFO	[HRV_Pula-33_2_T-1             ]	<SUCCESS>	 Time [ms]:	  1103	
2020-12-28 17:23:53,357	Batch Processor	INFO	[HRV_Pula-5_2_T-1              ]	<SUCCESS>	 Time [ms]:	  3452	
2020-12-28 17:23:53,358	Batch Processor	INFO	[HRV_Pula-5_3_T-1              ]	<SUCCESS>	 Time [ms]:	  2035	
2020-12-28 17:23:53,359	Batch Processor	INFO	[HRV_Pula-6_2_T-1              ]	<SUCCESS>	 Time [ms]:	   754	
2020-12-28 17:23:53,360	Batch Processor	INFO	[HRV_Pula-7_2_T-1              ]	<SUCCESS>	 Time [ms]:	  1936	
2020-12-28 17:23:53,361	Batch Processor	INFO	[HRV_Pula-8_3_T-1              ]	<SUCCESS>	 Time [ms]:	   828	
2020-12-28 17:23:53,362	Batch Processor	INFO	[HRV_Pula-9_2_T-1              ]	<SUCCESS>	 Time [ms]:	   531	
2020-12-28 17:23:53,363	Batch Processor	INFO	[HRV_Pula-9_4_T-1              ]	<SUCCESS>	 Time [ms]:	   538	
2020-12-28 17:23:53,364	Batch Processor	INFO	[ITA_CarpiCentro-1_3_T-1       ]	<SUCCESS>	 Time [ms]:	   925	
2020-12-28 17:23:53,365	Batch Processor	INFO	[ITA_CarpiCentro-2_4_T-1       ]	<SUCCESS>	 Time [ms]:	  2289	
2020-12-28 17:23:53,366	Batch Processor	INFO	[ITA_CarpiCentro-3_1_T-1       ]	<SUCCESS>	 Time [ms]:	  1014	
2020-12-28 17:23:53,367	Batch Processor	INFO	[ITA_CarpiCentro-5_1_T-1       ]	<SUCCESS>	 Time [ms]:	  1101	
2020-12-28 17:23:53,368	Batch Processor	INFO	[ITA_CarpiCentro-6_2_T-1       ]	<SUCCESS>	 Time [ms]:	  1339	
2020-12-28 17:23:53,369	Batch Processor	INFO	[ITA_CarpiCentro-7_1_T-1       ]	<SUCCESS>	 Time [ms]:	  1701	
2020-12-28 17:23:53,370	Batch Processor	INFO	[ITA_CarpiCentro-8_3_T-1       ]	<SUCCESS>	 Time [ms]:	   501	
2020-12-28 17:23:53,370	Batch Processor	INFO	[ITA_Empoli-10_1_T-1           ]	<FAILURE>	 Time [ms]:	   689
2020-12-28 17:23:53,371	Batch Processor	INFO	[ITA_Empoli-18_1_T-1           ]	<SUCCESS>	 Time [ms]:	   801	
2020-12-28 17:23:53,372	Batch Processor	INFO	[ITA_Empoli-2_4_T-1            ]	<SUCCESS>	 Time [ms]:	  1101	
2020-12-28 17:23:53,373	Batch Processor	INFO	[ITA_Empoli-2_5_T-1            ]	<SUCCESS>	 Time [ms]:	   657	
2020-12-28 17:23:53,374	Batch Processor	INFO	[ITA_Empoli-3_1_T-1            ]	<SUCCESS>	 Time [ms]:	   560	
2020-12-28 17:23:53,375	Batch Processor	INFO	[ITA_Empoli-4_2_T-1            ]	<SUCCESS>	 Time [ms]:	  1174	
2020-12-28 17:23:53,376	Batch Processor	INFO	[ITA_Empoli-7_3_T-1            ]	<SUCCESS>	 Time [ms]:	   697	
2020-12-28 17:23:53,377	Batch Processor	INFO	[ITA_Empoli-8_2_T-1            ]	<SUCCESS>	 Time [ms]:	   982	
2020-12-28 17:23:53,378	Batch Processor	INFO	[ITA_Foggia-10_1_T-1           ]	<SUCCESS>	 Time [ms]:	   827	
2020-12-28 17:23:53,379	Batch Processor	INFO	[ITA_Foggia-11_1_T-1           ]	<SUCCESS>	 Time [ms]:	   471	
2020-12-28 17:23:53,379	Batch Processor	INFO	[ITA_Foggia-12_1_T-1           ]	<FAILURE>	 Time [ms]:	   462
2020-12-28 17:23:53,380	Batch Processor	INFO	[ITA_Foggia-13_1_T-1           ]	<SUCCESS>	 Time [ms]:	  1177	
2020-12-28 17:23:53,380	Batch Processor	INFO	[ITA_Foggia-19_1_T-1           ]	<FAILURE>	 Time [ms]:	   457
2020-12-28 17:23:53,381	Batch Processor	INFO	[ITA_Foggia-1_1_T-1            ]	<SUCCESS>	 Time [ms]:	   737	
2020-12-28 17:23:53,382	Batch Processor	INFO	[ITA_Foggia-3_1_T-1            ]	<SUCCESS>	 Time [ms]:	   695	
2020-12-28 17:23:53,383	Batch Processor	INFO	[ITA_Foggia-4_2_T-1            ]	<SUCCESS>	 Time [ms]:	   598	
2020-12-28 17:23:53,384	Batch Processor	INFO	[ITA_Foggia-5_1_T-1            ]	<SUCCESS>	 Time [ms]:	  1531	
2020-12-28 17:23:53,385	Batch Processor	INFO	[ITA_Foggia-6_1_T-1            ]	<SUCCESS>	 Time [ms]:	   886	
2020-12-28 17:23:53,386	Batch Processor	INFO	[ITA_Foggia-7_2_T-1            ]	<SUCCESS>	 Time [ms]:	  2567	
2020-12-28 17:23:53,386	Batch Processor	INFO	[ITA_SanGiorgioaCremano-2_1_T-1]	<SUCCESS>	 Time [ms]:	   504	
2020-12-28 17:23:53,387	Batch Processor	INFO	[ITA_SanGiorgioaCremano-3_1_T-1]	<SUCCESS>	 Time [ms]:	   968	
2020-12-28 17:23:53,388	Batch Processor	INFO	[ITA_Scicli-2_1_T-1            ]	<SUCCESS>	 Time [ms]:	  1348	
2020-12-28 17:23:53,389	Batch Processor	INFO	[ITA_Segrate-1_2_T-1           ]	<SUCCESS>	 Time [ms]:	   428	
2020-12-28 17:23:53,390	Batch Processor	INFO	[ITA_Segrate-2_3_T-1           ]	<SUCCESS>	 Time [ms]:	   399	
2020-12-28 17:23:53,391	Batch Processor	INFO	[ITA_Siderno-10_1_T-1          ]	<SUCCESS>	 Time [ms]:	   517	
2020-12-28 17:23:53,392	Batch Processor	INFO	[ITA_Siderno-2_4_T-1           ]	<SUCCESS>	 Time [ms]:	   790	
2020-12-28 17:23:53,393	Batch Processor	INFO	[ITA_Siderno-3_2_T-1           ]	<SUCCESS>	 Time [ms]:	   596	
2020-12-28 17:23:53,394	Batch Processor	INFO	[ITA_Siderno-4_3_T-1           ]	<SUCCESS>	 Time [ms]:	   748	
2020-12-28 17:23:53,395	Batch Processor	INFO	[ITA_Siderno-4_4_T-1           ]	<SUCCESS>	 Time [ms]:	   753	
2020-12-28 17:23:53,396	Batch Processor	INFO	[ITA_Siderno-5_4_T-1           ]	<SUCCESS>	 Time [ms]:	  1071	
2020-12-28 17:23:53,397	Batch Processor	INFO	[ITA_Siderno-8_4_T-1           ]	<SUCCESS>	 Time [ms]:	  1268	
2020-12-28 17:23:53,398	Batch Processor	INFO	[ITA_Siderno-8_5_T-1           ]	<SUCCESS>	 Time [ms]:	  1258	
2020-12-28 17:23:53,399	Batch Processor	INFO	[PRI_Barceloneta-2_1_T-1       ]	<SUCCESS>	 Time [ms]:	  1161	
2020-12-28 17:23:53,400	Batch Processor	INFO	[PRI_Barceloneta-3_1_T-1       ]	<SUCCESS>	 Time [ms]:	   939	
2020-12-28 17:23:53,401	Batch Processor	INFO	[PRI_Barceloneta-4_3_T-1       ]	<SUCCESS>	 Time [ms]:	   912	
2020-12-28 17:23:53,402	Batch Processor	INFO	[PRI_Barceloneta-4_5_T-1       ]	<SUCCESS>	 Time [ms]:	   984	
2020-12-28 17:23:53,402	Batch Processor	INFO	[RUS_Bicycle-10_1_T-1          ]	<EXCEPTION>	
2020-12-28 17:23:53,402	Batch Processor	INFO	[RUS_Bicycle-11_1_T-1          ]	<EXCEPTION>	
2020-12-28 17:23:53,403	Batch Processor	INFO	[RUS_Bicycle-12_1_T-1          ]	<EXCEPTION>	
2020-12-28 17:23:53,403	Batch Processor	INFO	[RUS_Bicycle-13_1_T-1          ]	<EXCEPTION>	
2020-12-28 17:23:53,403	Batch Processor	INFO	[RUS_Bicycle-14_1_T-1          ]	<EXCEPTION>	
2020-12-28 17:23:53,404	Batch Processor	INFO	[RUS_Bicycle-1_1_T-1           ]	<EXCEPTION>	
2020-12-28 17:23:53,404	Batch Processor	INFO	[RUS_Bicycle-2_1_T-1           ]	<EXCEPTION>	
2020-12-28 17:23:53,404	Batch Processor	INFO	[RUS_Bicycle-3_1_T-1           ]	<EXCEPTION>	
2020-12-28 17:23:53,405	Batch Processor	INFO	[RUS_Bicycle-4_2_T-1           ]	<EXCEPTION>	
2020-12-28 17:23:53,405	Batch Processor	INFO	[RUS_Bicycle-5_1_T-1           ]	<EXCEPTION>	
2020-12-28 17:23:53,405	Batch Processor	INFO	[RUS_Bicycle-6_1_T-1           ]	<EXCEPTION>	
2020-12-28 17:23:53,405	Batch Processor	INFO	[RUS_Bicycle-7_1_T-1           ]	<EXCEPTION>	
2020-12-28 17:23:53,406	Batch Processor	INFO	[RUS_Bicycle-8_1_T-1           ]	<EXCEPTION>	
2020-12-28 17:23:53,406	Batch Processor	INFO	[RUS_Bicycle-9_1_T-1           ]	<EXCEPTION>	
2020-12-28 17:23:53,406	Batch Processor	INFO	[USA_Lanker-1_2_T-1            ]	<EXCEPTION>	
2020-12-28 17:23:53,406	Batch Processor	INFO	[USA_Peach-1_1_T-1             ]	<EXCEPTION>	
2020-12-28 17:23:53,407	Batch Processor	INFO	[USA_Peach-2_1_T-1             ]	<EXCEPTION>	
2020-12-28 17:23:53,407	Batch Processor	INFO	[USA_Peach-3_1_T-1             ]	<EXCEPTION>	
2020-12-28 17:23:53,407	Batch Processor	INFO	[USA_US101-10_4_T-1            ]	<EXCEPTION>	
2020-12-28 17:23:53,407	Batch Processor	INFO	[USA_US101-11_4_T-1            ]	<EXCEPTION>	
2020-12-28 17:23:53,408	Batch Processor	INFO	[USA_US101-12_1_T-1            ]	<EXCEPTION>	
2020-12-28 17:23:53,410	Batch Processor	INFO	[USA_US101-13_4_T-1            ]	<SUCCESS>	 Time [ms]:	 18161	
2020-12-28 17:23:53,411	Batch Processor	INFO	[USA_US101-14_1_T-1            ]	<EXCEPTION>	
2020-12-28 17:23:53,411	Batch Processor	INFO	[USA_US101-15_1_T-1            ]	<EXCEPTION>	
2020-12-28 17:23:53,413	Batch Processor	INFO	[USA_US101-16_2_T-1            ]	<SUCCESS>	 Time [ms]:	  3006	
2020-12-28 17:23:53,413	Batch Processor	INFO	[USA_US101-17_1_T-1            ]	<EXCEPTION>	
2020-12-28 17:23:53,414	Batch Processor	INFO	[USA_US101-18_2_T-1            ]	<SUCCESS>	 Time [ms]:	  1663	
2020-12-28 17:23:53,416	Batch Processor	INFO	[USA_US101-20_2_T-1            ]	<SUCCESS>	 Time [ms]:	 11473	
2020-12-28 17:23:53,418	Batch Processor	INFO	[USA_US101-21_2_T-1            ]	<SUCCESS>	 Time [ms]:	  4230	
2020-12-28 17:23:53,418	Batch Processor	INFO	[USA_US101-22_4_T-1            ]	<EXCEPTION>	
2020-12-28 17:23:53,421	Batch Processor	INFO	[USA_US101-23_2_T-1            ]	<SUCCESS>	 Time [ms]:	   739	
2020-12-28 17:23:53,423	Batch Processor	INFO	[USA_US101-24_2_T-1            ]	<SUCCESS>	 Time [ms]:	  1909	
2020-12-28 17:23:53,425	Batch Processor	INFO	[USA_US101-25_2_T-1            ]	<SUCCESS>	 Time [ms]:	   558	
2020-12-28 17:23:53,427	Batch Processor	INFO	[USA_US101-26_2_T-1            ]	<SUCCESS>	 Time [ms]:	  2309	
2020-12-28 17:23:53,427	Batch Processor	INFO	[USA_US101-27_1_T-1            ]	<EXCEPTION>	
2020-12-28 17:23:53,428	Batch Processor	INFO	[USA_US101-28_1_T-1            ]	<EXCEPTION>	
2020-12-28 17:23:53,428	Batch Processor	INFO	[USA_US101-29_1_T-1            ]	<EXCEPTION>	
2020-12-28 17:23:53,429	Batch Processor	INFO	[USA_US101-3_1_T-1             ]	<EXCEPTION>	
2020-12-28 17:23:53,429	Batch Processor	INFO	[USA_US101-3_2_S-1             ]	<TIMEOUT>	 Time [ms]:	 60000
2020-12-28 17:23:53,429	Batch Processor	INFO	[USA_US101-4_1_T-1             ]	<EXCEPTION>	
2020-12-28 17:23:53,429	Batch Processor	INFO	[USA_US101-5_1_T-1             ]	<EXCEPTION>	
2020-12-28 17:23:53,429	Batch Processor	INFO	[USA_US101-6_1_T-1             ]	<EXCEPTION>	
2020-12-28 17:23:53,431	Batch Processor	INFO	[USA_US101-8_4_T-1             ]	<SUCCESS>	 Time [ms]:	   372	
2020-12-28 17:23:53,431	Batch Processor	INFO	[USA_US101-9_1_T-1             ]	<EXCEPTION>	
2020-12-28 17:23:53,432	Batch Processor	INFO	==============================        Solution found        ==============================
	- ARG_Carcarana-13_1_T-1
	- ARG_Carcarana-5_2_T-1
	- ARG_Carcarana-2_3_T-1
	- BEL_Aarschot-11_1_T-1
	- ARG_Carcarana-7_1_T-1
	- ARG_Carcarana-11_1_T-1
	- BEL_Aarschot-3_1_T-1
	- BEL_Aarschot-1_2_T-1
	- BEL_Aarschot-5_1_T-1
	- BEL_Beringen-8_1_T-1
	- ARG_Carcarana-9_2_T-1
	- BEL_Nivelles-16_2_T-1
	- ARG_Carcarana-3_3_T-1
	- BEL_Nivelles-10_1_T-1
	- BEL_Beringen-1_1_T-1
	- BEL_Nivelles-18_2_T-1
	- BEL_Nivelles-1_1_T-1
	- BEL_Nivelles-20_1_T-1
	- BEL_Nivelles-19_1_T-1
	- BEL_Nivelles-4_2_T-1
	- BEL_Putte-11_2_T-1
	- BEL_Putte-10_2_T-1
	- BEL_Nivelles-3_1_T-1
	- BEL_Putte-3_1_T-1
	- BEL_Putte-2_1_T-1
	- BEL_Putte-6_1_T-1
	- BEL_Nivelles-9_2_T-1
	- BEL_Wervik-1_4_T-1
	- BEL_Putte-4_2_T-1
	- BEL_Zaventem-4_1_T-1
	- BEL_Wervik-2_2_T-1
	- BEL_Zaventem-3_1_T-1
	- BEL_Wervik-4_1_T-1
	- BEL_Zaventem-5_3_T-1
	- BEL_Zaventem-1_2_T-1
	- BEL_Zwevegem-2_3_T-1
	- BEL_Zwevegem-3_1_T-1
	- BEL_Zwevegem-7_2_T-1
	- BEL_Zwevegem-5_2_T-1
	- BEL_Zwevegem-8_1_T-1
	- BEL_Zwevegem-8_4_T-1
	- DEU_Backnang-4_1_T-1
	- DEU_Backnang-5_1_T-1
	- DEU_Backnang-9_1_T-1
	- DEU_BadEssen-4_1_T-1
	- DEU_Backnang-6_1_T-1
	- DEU_BadWaldsee-4_2_T-1
	- DEU_BadWaldsee-4_5_T-1
	- DEU_BadEssen-3_1_T-1
	- DEU_BadWaldsee-1_1_T-1
	- DEU_Bilderstoeckchen-2_3_T-1
	- DEU_Bilderstoeckchen-4_1_T-1
	- DEU_Backnang-1_2_T-1
	- DEU_Flensburg-22_1_T-1
	- DEU_Flensburg-33_1_T-1
	- DEU_Flensburg-44_1_T-1
	- DEU_Flensburg-48_1_T-1
	- DEU_Flensburg-49_1_T-1
	- DEU_Flensburg-51_1_T-1
	- DEU_Flensburg-52_1_T-1
	- DEU_Flensburg-62_1_T-1
	- DEU_Flensburg-81_1_T-1
	- DEU_Flensburg-89_1_T-1
	- DEU_Flensburg-98_1_T-1
	- DEU_Guetersloh-10_5_T-1
	- DEU_Guetersloh-11_3_T-1
	- DEU_Guetersloh-12_1_T-1
	- DEU_Guetersloh-14_2_T-1
	- DEU_Guetersloh-16_2_T-1
	- DEU_Guetersloh-15_2_T-1
	- DEU_Guetersloh-16_5_T-1
	- DEU_Guetersloh-17_2_T-1
	- DEU_Guetersloh-18_2_T-1
	- DEU_Guetersloh-19_1_T-1
	- DEU_Guetersloh-20_1_T-1
	- DEU_Guetersloh-20_3_T-1
	- DEU_Guetersloh-24_2_T-1
	- DEU_Guetersloh-24_1_T-1
	- DEU_Guetersloh-21_1_T-1
	- DEU_Guetersloh-24_3_T-1
	- DEU_Guetersloh-25_4_T-1
	- DEU_Guetersloh-25_2_T-1
	- DEU_Guetersloh-27_1_T-1
	- DEU_Guetersloh-31_4_T-1
	- DEU_Guetersloh-30_1_T-1
	- DEU_Guetersloh-32_3_T-1
	- DEU_Guetersloh-34_2_T-1
	- DEU_Guetersloh-33_1_T-1
	- DEU_Guetersloh-39_3_T-1
	- DEU_Guetersloh-36_1_T-1
	- DEU_Guetersloh-39_5_T-1
	- DEU_Guetersloh-40_5_T-1
	- DEU_Guetersloh-40_4_T-1
	- DEU_Guetersloh-50_1_T-1
	- DEU_Guetersloh-41_1_T-1
	- DEU_Guetersloh-42_1_T-1
	- DEU_Guetersloh-4_5_T-1
	- DEU_Guetersloh-55_3_T-1
	- DEU_Guetersloh-55_1_T-1
	- DEU_Guetersloh-65_2_T-1
	- DEU_Guetersloh-54_1_T-1
	- DEU_Guetersloh-6_3_T-1
	- DEU_Guetersloh-8_1_T-1
	- DEU_Hennigsdorf-11_1_T-1
	- DEU_Hennigsdorf-12_1_T-1
	- DEU_Guetersloh-7_2_T-1
	- DEU_Hennigsdorf-14_3_T-1
	- DEU_Hennigsdorf-18_2_T-1
	- DEU_Hennigsdorf-13_2_T-1
	- DEU_Hennigsdorf-3_5_T-1
	- DEU_Hennigsdorf-15_3_T-1
	- DEU_Hennigsdorf-5_1_T-1
	- DEU_Hennigsdorf-3_2_T-1
	- DEU_Hennigsdorf-5_4_T-1
	- DEU_Ibbenbueren-11_2_T-1
	- DEU_Hennigsdorf-9_2_T-1
	- DEU_Ibbenbueren-10_2_T-1
	- DEU_Hennigsdorf-7_3_T-1
	- DEU_Ibbenbueren-14_1_T-1
	- DEU_Ibbenbueren-13_3_T-1
	- DEU_Ibbenbueren-12_1_T-1
	- DEU_Ibbenbueren-16_3_T-1
	- DEU_Ibbenbueren-15_4_T-1
	- DEU_Ibbenbueren-3_3_T-1
	- DEU_Ibbenbueren-16_5_T-1
	- DEU_Ibbenbueren-2_2_T-1
	- DEU_Ibbenbueren-6_4_T-1
	- DEU_Ibbenbueren-6_3_T-1
	- DEU_Ibbenbueren-4_2_T-1
	- DEU_Ibbenbueren-9_1_T-1
	- DEU_Ibbenbueren-7_1_T-1
	- DEU_Lohmar-11_1_T-1
	- DEU_Lohmar-30_1_T-1
	- DEU_Lohmar-27_1_T-1
	- DEU_Lohmar-35_1_T-1
	- DEU_Lohmar-37_1_T-1
	- DEU_Lohmar-44_1_T-1
	- DEU_Lohmar-45_1_T-1
	- DEU_Lohmar-53_1_T-1
	- DEU_Lohmar-56_1_T-1
	- DEU_Lohmar-64_1_T-1
	- DEU_Lohmar-8_1_T-1
	- DEU_Meckenheim-1_4_T-1
	- DEU_Meckenheim-3_1_T-1
	- DEU_Meckenheim-5_1_T-1
	- DEU_Meckenheim-8_3_T-1
	- DEU_Meckenheim-8_5_T-1
	- DEU_Moabit-4_1_T-1
	- DEU_Moabit-1_2_T-1
	- DEU_Moabit-5_2_T-1
	- DEU_Moelln-10_3_T-1
	- DEU_Moelln-11_1_T-1
	- DEU_Moelln-12_1_T-1
	- DEU_Moabit-6_2_T-1
	- DEU_Moelln-4_3_T-1
	- DEU_Moelln-6_1_T-1
	- DEU_Moelln-2_1_T-1
	- DEU_Moelln-7_1_T-1
	- DEU_Muehlhausen-11_1_T-1
	- DEU_Moelln-9_1_T-1
	- DEU_Muehlhausen-14_3_T-1
	- DEU_Muehlhausen-1_2_T-1
	- DEU_Muehlhausen-1_3_T-1
	- DEU_Muehlhausen-4_1_T-1
	- DEU_Muehlhausen-5_1_T-1
	- DEU_Muehlhausen-2_1_T-1
	- DEU_Muehlhausen-6_1_T-1
	- DEU_Muehlhausen-7_2_T-1
	- DEU_Rheinbach-1_4_T-1
	- DEU_Rheinbach-5_3_T-1
	- DEU_Speyer-2_4_T-1
	- DEU_Speyer-5_2_T-1
	- ESP_Almansa-1_1_T-1
	- ESP_Berga-10_1_T-1
	- ESP_Almansa-6_1_T-1
	- ESP_Berga-4_4_T-1
	- ESP_Berga-9_1_T-1
	- ESP_Berga-6_1_T-1
	- ESP_Cambre-1_1_T-1
	- ESP_Almansa-2_1_T-1
	- ESP_Cambre-3_1_T-1
	- ESP_Cambre-2_1_T-1
	- ESP_Ceuta-10_1_T-1
	- ESP_Ceuta-15_2_T-1
	- ESP_Ceuta-1_2_T-1
	- ESP_Ceuta-3_2_T-1
	- ESP_Ceuta-7_1_T-1
	- ESP_Ceuta-4_1_T-1
	- ESP_Ceuta-8_1_T-1
	- ESP_Inca-7_1_T-1
	- ESP_Ceuta-2_1_T-1
	- ESP_Monzon-2_1_T-1
	- ESP_Monzon-5_1_T-1
	- ESP_Monzon-3_1_T-1
	- ESP_Monzon-7_2_T-1
	- ESP_Monzon-7_3_T-1
	- ESP_Monzon-6_1_T-1
	- ESP_PriegodeCordoba-2_3_T-1
	- ESP_SantBoideLlobregat-14_1_T-1
	- ESP_PriegodeCordoba-3_1_T-1
	- ESP_PriegodeCordoba-6_1_T-1
	- ESP_SantBoideLlobregat-18_2_T-1
	- ESP_Requena-6_2_T-1
	- ESP_SantBoideLlobregat-14_4_T-1
	- ESP_Monzon-9_1_T-1
	- ESP_SantBoideLlobregat-3_1_T-1
	- ESP_SantBoideLlobregat-24_1_T-1
	- ESP_SantBoideLlobregat-23_2_T-1
	- ESP_SantBoideLlobregat-19_1_T-1
	- ESP_Toledo-11_1_T-1
	- ESP_SantBoideLlobregat-8_1_T-1
	- ESP_SantBoideLlobregat-8_5_T-1
	- ESP_Toledo-10_1_T-1
	- ESP_Toledo-11_5_T-1
	- ESP_Toledo-22_1_T-1
	- ESP_Toledo-23_1_T-1
	- ESP_Toledo-10_2_T-1
	- ESP_SantBoideLlobregat-6_2_T-1
	- ESP_Toledo-5_1_T-1
	- FRA_Anglet-1_2_T-1
	- ESP_Toledo-9_1_T-1
	- ESP_Toledo-6_2_T-1
	- FRA_Miramas-1_1_T-1
	- FRA_Miramas-3_1_T-1
	- FRA_Anglet-3_2_T-1
	- FRA_Miramas-2_1_T-1
	- FRA_Miramas-9_1_T-1
	- FRA_Miramas-5_1_T-1
	- FRA_MoissyCramayel-4_1_T-1
	- FRA_MoissyCramayel-2_1_T-1
	- FRA_MoissyCramayel-1_1_T-1
	- GRC_Perama-2_1_T-1
	- FRA_Sete-1_1_T-1
	- GRC_Perama-3_2_T-1
	- HRV_Pula-12_3_T-1
	- HRV_Pula-13_2_T-1
	- GRC_Perama-7_1_T-1
	- GRC_Perama-4_3_T-1
	- HRV_Pula-15_1_T-1
	- HRV_Pula-10_1_T-1
	- HRV_Pula-19_2_T-1
	- HRV_Pula-18_1_T-1
	- HRV_Pula-23_1_T-1
	- HRV_Pula-25_1_T-1
	- HRV_Pula-24_1_T-1
	- HRV_Pula-21_1_T-1
	- HRV_Pula-22_1_T-1
	- HRV_Pula-27_2_T-1
	- HRV_Pula-31_1_T-1
	- HRV_Pula-29_3_T-1
	- HRV_Pula-33_2_T-1
	- HRV_Pula-32_2_T-1
	- HRV_Pula-6_2_T-1
	- HRV_Pula-5_3_T-1
	- HRV_Pula-9_2_T-1
	- HRV_Pula-9_4_T-1
	- HRV_Pula-5_2_T-1
	- ITA_CarpiCentro-1_3_T-1
	- HRV_Pula-8_3_T-1
	- ITA_CarpiCentro-5_1_T-1
	- ITA_CarpiCentro-3_1_T-1
	- HRV_Pula-7_2_T-1
	- ITA_CarpiCentro-8_3_T-1
	- ITA_CarpiCentro-6_2_T-1
	- ITA_Empoli-18_1_T-1
	- ITA_Empoli-2_5_T-1
	- ITA_CarpiCentro-7_1_T-1
	- ITA_CarpiCentro-2_4_T-1
	- ITA_Empoli-3_1_T-1
	- ITA_Empoli-2_4_T-1
	- ITA_Empoli-7_3_T-1
	- ITA_Foggia-11_1_T-1
	- ITA_Foggia-10_1_T-1
	- ITA_Empoli-8_2_T-1
	- ITA_Empoli-4_2_T-1
	- ITA_Foggia-3_1_T-1
	- ITA_Foggia-1_1_T-1
	- ITA_Foggia-4_2_T-1
	- ITA_SanGiorgioaCremano-2_1_T-1
	- ITA_Foggia-13_1_T-1
	- ITA_Foggia-6_1_T-1
	- ITA_Segrate-2_3_T-1
	- ITA_SanGiorgioaCremano-3_1_T-1
	- ITA_Foggia-5_1_T-1
	- ITA_Segrate-1_2_T-1
	- ITA_Siderno-3_2_T-1
	- ITA_Siderno-4_3_T-1
	- ITA_Siderno-10_1_T-1
	- ITA_Siderno-2_4_T-1
	- ITA_Scicli-2_1_T-1
	- ITA_Siderno-4_4_T-1
	- ITA_Siderno-5_4_T-1
	- ITA_Siderno-8_4_T-1
	- ITA_Foggia-7_2_T-1
	- ITA_Siderno-8_5_T-1
	- PRI_Barceloneta-2_1_T-1
	- PRI_Barceloneta-4_3_T-1
	- PRI_Barceloneta-3_1_T-1
	- PRI_Barceloneta-4_5_T-1
	- USA_US101-18_2_T-1
	- USA_US101-23_2_T-1
	- USA_US101-16_2_T-1
	- USA_US101-21_2_T-1
	- USA_US101-25_2_T-1
	- USA_US101-24_2_T-1
	- USA_US101-8_4_T-1
	- USA_US101-20_2_T-1
	- USA_US101-26_2_T-1
	- USA_US101-13_4_T-1
2020-12-28 17:23:53,432	Batch Processor	INFO	==============================      Solution not found      ==============================
	- ARG_Carcarana-8_4_T-1
	- BEL_Aarschot-6_1_T-1
	- BEL_Putte-14_3_T-1
	- BEL_Putte-17_1_T-1
	- DEU_Flensburg-64_1_T-1
	- DEU_Guetersloh-10_4_T-1
	- DEU_Lohmar-12_1_T-1
	- DEU_Lohmar-19_1_T-1
	- DEU_Speyer-2_1_T-1
	- ESP_Ceuta-11_1_T-1
	- ESP_Ceuta-5_1_T-1
	- ESP_Inca-3_2_T-1
	- ESP_SantBoideLlobregat-22_3_T-1
	- ESP_SantBoideLlobregat-4_1_T-1
	- ESP_Toledo-8_1_T-1
	- FRA_Anglet-2_1_T-1
	- GRC_Perama-1_1_T-1
	- ITA_Empoli-10_1_T-1
	- ITA_Foggia-12_1_T-1
	- ITA_Foggia-19_1_T-1
2020-12-28 17:23:53,432	Batch Processor	INFO	==============================      Exception occurred      ==============================
	- RUS_Bicycle-10_1_T-1
	- RUS_Bicycle-11_1_T-1
	- RUS_Bicycle-12_1_T-1
	- RUS_Bicycle-13_1_T-1
	- RUS_Bicycle-14_1_T-1
	- RUS_Bicycle-1_1_T-1
	- RUS_Bicycle-4_2_T-1
	- RUS_Bicycle-3_1_T-1
	- RUS_Bicycle-2_1_T-1
	- RUS_Bicycle-6_1_T-1
	- RUS_Bicycle-7_1_T-1
	- RUS_Bicycle-5_1_T-1
	- RUS_Bicycle-9_1_T-1
	- RUS_Bicycle-8_1_T-1
	- USA_Peach-1_1_T-1
	- USA_Peach-2_1_T-1
	- USA_Lanker-1_2_T-1
	- USA_Peach-3_1_T-1
	- USA_US101-10_4_T-1
	- USA_US101-11_4_T-1
	- USA_US101-14_1_T-1
	- USA_US101-12_1_T-1
	- USA_US101-15_1_T-1
	- USA_US101-17_1_T-1
	- USA_US101-22_4_T-1
	- USA_US101-27_1_T-1
	- USA_US101-28_1_T-1
	- USA_US101-29_1_T-1
	- USA_US101-3_1_T-1
	- USA_US101-4_1_T-1
	- USA_US101-5_1_T-1
	- USA_US101-6_1_T-1
	- USA_US101-9_1_T-1
2020-12-28 17:23:53,432	Batch Processor	INFO	==============================           Time out           ==============================
	- DEU_Flensburg-10_1_T-1
	- DEU_Flensburg-11_1_T-1
	- DEU_Flensburg-12_1_T-1
	- DEU_Flensburg-15_1_T-1
	- DEU_Flensburg-16_1_T-1
	- DEU_Flensburg-17_1_T-1
	- DEU_Flensburg-19_1_T-1
	- DEU_Flensburg-20_1_T-1
	- DEU_Flensburg-21_1_T-1
	- DEU_Flensburg-23_1_T-1
	- DEU_Flensburg-24_1_T-1
	- DEU_Flensburg-25_1_T-1
	- DEU_Flensburg-26_1_T-1
	- DEU_Flensburg-27_1_T-1
	- DEU_Flensburg-28_1_T-1
	- DEU_Flensburg-2_1_T-1
	- DEU_Flensburg-30_1_T-1
	- DEU_Flensburg-31_1_T-1
	- DEU_Flensburg-32_1_T-1
	- DEU_Flensburg-34_1_T-1
	- DEU_Flensburg-35_1_T-1
	- DEU_Flensburg-36_1_T-1
	- DEU_Flensburg-37_1_T-1
	- DEU_Flensburg-38_1_T-1
	- DEU_Flensburg-39_1_T-1
	- DEU_Flensburg-40_1_T-1
	- DEU_Flensburg-42_1_T-1
	- DEU_Flensburg-43_1_T-1
	- DEU_Flensburg-45_1_T-1
	- DEU_Flensburg-46_1_T-1
	- DEU_Flensburg-47_1_T-1
	- DEU_Flensburg-50_1_T-1
	- DEU_Flensburg-53_1_T-1
	- DEU_Flensburg-54_1_T-1
	- DEU_Flensburg-55_1_T-1
	- DEU_Flensburg-56_1_T-1
	- DEU_Flensburg-57_1_T-1
	- DEU_Flensburg-59_1_T-1
	- DEU_Flensburg-60_1_T-1
	- DEU_Flensburg-61_1_T-1
	- DEU_Flensburg-63_1_T-1
	- DEU_Flensburg-65_1_T-1
	- DEU_Flensburg-66_1_T-1
	- DEU_Flensburg-67_1_T-1
	- DEU_Flensburg-68_1_T-1
	- DEU_Flensburg-69_1_T-1
	- DEU_Flensburg-70_1_T-1
	- DEU_Flensburg-71_1_T-1
	- DEU_Flensburg-72_1_T-1
	- DEU_Flensburg-73_1_T-1
	- DEU_Flensburg-74_1_T-1
	- DEU_Flensburg-75_1_T-1
	- DEU_Flensburg-76_1_T-1
	- DEU_Flensburg-77_1_T-1
	- DEU_Flensburg-78_1_T-1
	- DEU_Flensburg-79_1_T-1
	- DEU_Flensburg-82_1_T-1
	- DEU_Flensburg-83_1_T-1
	- DEU_Flensburg-84_1_T-1
	- DEU_Flensburg-85_1_T-1
	- DEU_Flensburg-86_1_T-1
	- DEU_Flensburg-87_1_T-1
	- DEU_Flensburg-88_1_T-1
	- DEU_Flensburg-90_1_T-1
	- DEU_Flensburg-91_1_T-1
	- DEU_Flensburg-92_1_T-1
	- DEU_Flensburg-93_1_T-1
	- DEU_Flensburg-94_1_T-1
	- DEU_Flensburg-95_1_T-1
	- DEU_Flensburg-96_1_T-1
	- DEU_Flensburg-97_1_T-1
	- DEU_Flensburg-99_1_T-1
	- DEU_Lohmar-10_1_T-1
	- DEU_Lohmar-16_1_T-1
	- DEU_Lohmar-15_1_T-1
	- DEU_Lohmar-17_1_T-1
	- DEU_Lohmar-20_1_T-1
	- DEU_Lohmar-21_1_T-1
	- DEU_Lohmar-22_1_T-1
	- DEU_Lohmar-24_1_T-1
	- DEU_Lohmar-25_1_T-1
	- DEU_Lohmar-26_1_T-1
	- DEU_Lohmar-28_1_T-1
	- DEU_Lohmar-29_1_T-1
	- DEU_Lohmar-31_1_T-1
	- DEU_Lohmar-32_1_T-1
	- DEU_Lohmar-33_1_T-1
	- DEU_Lohmar-34_1_T-1
	- DEU_Lohmar-36_1_T-1
	- DEU_Lohmar-39_1_T-1
	- DEU_Lohmar-40_1_T-1
	- DEU_Lohmar-41_1_T-1
	- DEU_Lohmar-43_1_T-1
	- DEU_Lohmar-46_1_T-1
	- DEU_Lohmar-47_1_T-1
	- DEU_Lohmar-48_1_T-1
	- DEU_Lohmar-49_1_T-1
	- DEU_Lohmar-51_1_T-1
	- DEU_Lohmar-52_1_T-1
	- DEU_Lohmar-54_1_T-1
	- DEU_Lohmar-55_1_T-1
	- DEU_Lohmar-57_1_T-1
	- DEU_Lohmar-59_1_T-1
	- DEU_Lohmar-60_1_T-1
	- DEU_Lohmar-61_1_T-1
	- DEU_Lohmar-62_1_T-1
	- DEU_Lohmar-65_1_T-1
	- DEU_Lohmar-66_1_T-1
	- DEU_Lohmar-67_1_T-1
	- DEU_Lohmar-68_1_T-1
	- DEU_Lohmar-69_1_T-1
	- DEU_Lohmar-70_1_T-1
	- DEU_Lohmar-9_1_T-1
	- DEU_Luckenwalde-1_1_T-1
	- DEU_Reutlingen-1_1_T-1
	- DEU_Reutlingen-2_1_T-1
	- DEU_Reutlingen-4_1_T-1
	- DEU_Reutlingen-5_1_T-1
	- DEU_Reutlingen-6_1_T-1
	- USA_US101-3_2_S-1
2020-12-28 17:23:53,433	Batch Processor	INFO	
==============================        Result Summary        ==============================
2020-12-28 17:23:53,433	Batch Processor	INFO	Total number of scenarios:  	       500
2020-12-28 17:23:53,433	Batch Processor	INFO	Solution found:               	       309
2020-12-28 17:23:53,433	Batch Processor	INFO	Solution found but invalid:   	         0
2020-12-28 17:23:53,433	Batch Processor	INFO	Solution not found:           	        20
2020-12-28 17:23:53,433	Batch Processor	INFO	Exception occurred:           	        33
2020-12-28 17:23:53,433	Batch Processor	INFO	Time out:                     	       120
