2020-12-29 14:49:55,517	Batch Processor	INFO	Config file loaded and logger created.
2020-12-29 14:49:55,520	Batch Processor	INFO	18 scenarios skipped.
2020-12-29 14:49:55,520	Batch Processor	INFO	ScenarioLoader Mode <DEFAULT>
2020-12-29 14:49:55,520	Batch Processor	INFO	Run on all scenarios, except the skipped scenarios
2020-12-29 14:49:55,520	Batch Processor	INFO	Number of scenarios: 500
2020-12-29 14:49:55,533	Batch Processor	INFO	Automaton loaded for vehicle type: BMW_320i
2020-12-29 14:49:55,533	Batch Processor	INFO	Motion planner: student
2020-12-29 14:49:55,548	Batch Processor	INFO	Number of parallel processes: 6
2020-12-29 15:28:50,072	Batch Processor	INFO	==============================        Search Results        ==============================
2020-12-29 15:28:50,129	Batch Processor	INFO	[ARG_Carcarana-11_1_T-1        ]	<SUCCESS>	 Time [ms]:	  1834	
2020-12-29 15:28:50,137	Batch Processor	INFO	[ARG_Carcarana-13_1_T-1        ]	<SUCCESS>	 Time [ms]:	   864	
2020-12-29 15:28:50,139	Batch Processor	INFO	[ARG_Carcarana-2_3_T-1         ]	<SUCCESS>	 Time [ms]:	   964	
2020-12-29 15:28:50,142	Batch Processor	INFO	[ARG_Carcarana-3_3_T-1         ]	<SUCCESS>	 Time [ms]:	  2023	
2020-12-29 15:28:50,143	Batch Processor	INFO	[ARG_Carcarana-5_2_T-1         ]	<SUCCESS>	 Time [ms]:	  1009	
2020-12-29 15:28:50,145	Batch Processor	INFO	[ARG_Carcarana-7_1_T-1         ]	<SUCCESS>	 Time [ms]:	  1684	
2020-12-29 15:28:50,146	Batch Processor	INFO	[ARG_Carcarana-8_4_T-1         ]	<FAILURE>	 Time [ms]:	   730
2020-12-29 15:28:50,148	Batch Processor	INFO	[ARG_Carcarana-9_2_T-1         ]	<SUCCESS>	 Time [ms]:	  1227	
2020-12-29 15:28:50,151	Batch Processor	INFO	[BEL_Aarschot-11_1_T-1         ]	<SUCCESS>	 Time [ms]:	   482	
2020-12-29 15:28:50,153	Batch Processor	INFO	[BEL_Aarschot-1_2_T-1          ]	<SUCCESS>	 Time [ms]:	   864	
2020-12-29 15:28:50,156	Batch Processor	INFO	[BEL_Aarschot-3_1_T-1          ]	<SUCCESS>	 Time [ms]:	   447	
2020-12-29 15:28:50,160	Batch Processor	INFO	[BEL_Aarschot-5_1_T-1          ]	<SUCCESS>	 Time [ms]:	  1008	
2020-12-29 15:28:50,160	Batch Processor	INFO	[BEL_Aarschot-6_1_T-1          ]	<FAILURE>	 Time [ms]:	   476
2020-12-29 15:28:50,163	Batch Processor	INFO	[BEL_Beringen-1_1_T-1          ]	<SUCCESS>	 Time [ms]:	   974	
2020-12-29 15:28:50,166	Batch Processor	INFO	[BEL_Beringen-8_1_T-1          ]	<SUCCESS>	 Time [ms]:	  2575	
2020-12-29 15:28:50,168	Batch Processor	INFO	[BEL_Nivelles-10_1_T-1         ]	<SUCCESS>	 Time [ms]:	   656	
2020-12-29 15:28:50,170	Batch Processor	INFO	[BEL_Nivelles-16_2_T-1         ]	<SUCCESS>	 Time [ms]:	   294	
2020-12-29 15:28:50,173	Batch Processor	INFO	[BEL_Nivelles-18_2_T-1         ]	<SUCCESS>	 Time [ms]:	  1986	
2020-12-29 15:28:50,175	Batch Processor	INFO	[BEL_Nivelles-19_1_T-1         ]	<SUCCESS>	 Time [ms]:	   751	
2020-12-29 15:28:50,177	Batch Processor	INFO	[BEL_Nivelles-1_1_T-1          ]	<SUCCESS>	 Time [ms]:	   531	
2020-12-29 15:28:50,179	Batch Processor	INFO	[BEL_Nivelles-20_1_T-1         ]	<SUCCESS>	 Time [ms]:	  1203	
2020-12-29 15:28:50,181	Batch Processor	INFO	[BEL_Nivelles-3_1_T-1          ]	<SUCCESS>	 Time [ms]:	   697	
2020-12-29 15:28:50,183	Batch Processor	INFO	[BEL_Nivelles-4_2_T-1          ]	<SUCCESS>	 Time [ms]:	  1334	
2020-12-29 15:28:50,186	Batch Processor	INFO	[BEL_Nivelles-9_2_T-1          ]	<SUCCESS>	 Time [ms]:	  3647	
2020-12-29 15:28:50,188	Batch Processor	INFO	[BEL_Putte-10_2_T-1            ]	<SUCCESS>	 Time [ms]:	   377	
2020-12-29 15:28:50,190	Batch Processor	INFO	[BEL_Putte-11_2_T-1            ]	<SUCCESS>	 Time [ms]:	   354	
2020-12-29 15:28:50,190	Batch Processor	INFO	[BEL_Putte-14_3_T-1            ]	<FAILURE>	 Time [ms]:	   213
2020-12-29 15:28:50,190	Batch Processor	INFO	[BEL_Putte-17_1_T-1            ]	<FAILURE>	 Time [ms]:	   195
2020-12-29 15:28:50,192	Batch Processor	INFO	[BEL_Putte-2_1_T-1             ]	<SUCCESS>	 Time [ms]:	   811	
2020-12-29 15:28:50,195	Batch Processor	INFO	[BEL_Putte-3_1_T-1             ]	<SUCCESS>	 Time [ms]:	  1665	
2020-12-29 15:28:50,196	Batch Processor	INFO	[BEL_Putte-4_2_T-1             ]	<SUCCESS>	 Time [ms]:	  1936	
2020-12-29 15:28:50,198	Batch Processor	INFO	[BEL_Putte-6_1_T-1             ]	<SUCCESS>	 Time [ms]:	   563	
2020-12-29 15:28:50,200	Batch Processor	INFO	[BEL_Wervik-1_4_T-1            ]	<SUCCESS>	 Time [ms]:	   713	
2020-12-29 15:28:50,201	Batch Processor	INFO	[BEL_Wervik-2_2_T-1            ]	<SUCCESS>	 Time [ms]:	  1103	
2020-12-29 15:28:50,203	Batch Processor	INFO	[BEL_Wervik-4_1_T-1            ]	<SUCCESS>	 Time [ms]:	  1341	
2020-12-29 15:28:50,206	Batch Processor	INFO	[BEL_Zaventem-1_2_T-1          ]	<SUCCESS>	 Time [ms]:	  1183	
2020-12-29 15:28:50,208	Batch Processor	INFO	[BEL_Zaventem-3_1_T-1          ]	<SUCCESS>	 Time [ms]:	  2006	
2020-12-29 15:28:50,209	Batch Processor	INFO	[BEL_Zaventem-4_1_T-1          ]	<SUCCESS>	 Time [ms]:	  1048	
2020-12-29 15:28:50,211	Batch Processor	INFO	[BEL_Zaventem-5_3_T-1          ]	<SUCCESS>	 Time [ms]:	  1675	
2020-12-29 15:28:50,213	Batch Processor	INFO	[BEL_Zwevegem-2_3_T-1          ]	<SUCCESS>	 Time [ms]:	  1410	
2020-12-29 15:28:50,215	Batch Processor	INFO	[BEL_Zwevegem-3_1_T-1          ]	<SUCCESS>	 Time [ms]:	   477	
2020-12-29 15:28:50,218	Batch Processor	INFO	[BEL_Zwevegem-5_2_T-1          ]	<SUCCESS>	 Time [ms]:	   862	
2020-12-29 15:28:50,220	Batch Processor	INFO	[BEL_Zwevegem-7_2_T-1          ]	<SUCCESS>	 Time [ms]:	  2778	
2020-12-29 15:28:50,222	Batch Processor	INFO	[BEL_Zwevegem-8_1_T-1          ]	<SUCCESS>	 Time [ms]:	   634	
2020-12-29 15:28:50,224	Batch Processor	INFO	[BEL_Zwevegem-8_4_T-1          ]	<SUCCESS>	 Time [ms]:	   823	
2020-12-29 15:28:50,226	Batch Processor	INFO	[DEU_Backnang-1_2_T-1          ]	<SUCCESS>	 Time [ms]:	  1782	
2020-12-29 15:28:50,227	Batch Processor	INFO	[DEU_Backnang-4_1_T-1          ]	<SUCCESS>	 Time [ms]:	   712	
2020-12-29 15:28:50,231	Batch Processor	INFO	[DEU_Backnang-5_1_T-1          ]	<SUCCESS>	 Time [ms]:	  1072	
2020-12-29 15:28:50,234	Batch Processor	INFO	[DEU_Backnang-6_1_T-1          ]	<SUCCESS>	 Time [ms]:	  1536	
2020-12-29 15:28:50,235	Batch Processor	INFO	[DEU_Backnang-9_1_T-1          ]	<SUCCESS>	 Time [ms]:	   825	
2020-12-29 15:28:50,239	Batch Processor	INFO	[DEU_BadEssen-3_1_T-1          ]	<SUCCESS>	 Time [ms]:	  1749	
2020-12-29 15:28:50,240	Batch Processor	INFO	[DEU_BadEssen-4_1_T-1          ]	<SUCCESS>	 Time [ms]:	   505	
2020-12-29 15:28:50,243	Batch Processor	INFO	[DEU_BadWaldsee-1_1_T-1        ]	<SUCCESS>	 Time [ms]:	  1926	
2020-12-29 15:28:50,245	Batch Processor	INFO	[DEU_BadWaldsee-4_2_T-1        ]	<SUCCESS>	 Time [ms]:	   784	
2020-12-29 15:28:50,246	Batch Processor	INFO	[DEU_BadWaldsee-4_5_T-1        ]	<SUCCESS>	 Time [ms]:	   614	
2020-12-29 15:28:50,249	Batch Processor	INFO	[DEU_Bilderstoeckchen-2_3_T-1  ]	<SUCCESS>	 Time [ms]:	   787	
2020-12-29 15:28:50,251	Batch Processor	INFO	[DEU_Bilderstoeckchen-4_1_T-1  ]	<SUCCESS>	 Time [ms]:	  1254	
2020-12-29 15:28:50,264	Batch Processor	INFO	[DEU_Flensburg-10_1_T-1        ]	<SUCCESS>	 Time [ms]:	  2295	
2020-12-29 15:28:50,265	Batch Processor	INFO	[DEU_Flensburg-12_1_T-1        ]	<TIMEOUT>	 Time [ms]:	100000
2020-12-29 15:28:50,276	Batch Processor	INFO	[DEU_Flensburg-13_1_T-1        ]	<SUCCESS>	 Time [ms]:	   990	
2020-12-29 15:28:50,288	Batch Processor	INFO	[DEU_Flensburg-14_1_T-1        ]	<SUCCESS>	 Time [ms]:	  1836	
2020-12-29 15:28:50,288	Batch Processor	INFO	[DEU_Flensburg-15_1_T-1        ]	<TIMEOUT>	 Time [ms]:	100000
2020-12-29 15:28:50,289	Batch Processor	INFO	[DEU_Flensburg-16_1_T-1        ]	<TIMEOUT>	 Time [ms]:	100000
2020-12-29 15:28:50,289	Batch Processor	INFO	[DEU_Flensburg-17_1_T-1        ]	<TIMEOUT>	 Time [ms]:	100000
2020-12-29 15:28:50,290	Batch Processor	INFO	[DEU_Flensburg-18_1_T-1        ]	<TIMEOUT>	 Time [ms]:	100000
2020-12-29 15:28:50,290	Batch Processor	INFO	[DEU_Flensburg-19_1_T-1        ]	<TIMEOUT>	 Time [ms]:	100000
2020-12-29 15:28:50,296	Batch Processor	INFO	[DEU_Flensburg-20_1_T-1        ]	<SUCCESS>	 Time [ms]:	  1911	
2020-12-29 15:28:50,301	Batch Processor	INFO	[DEU_Flensburg-21_1_T-1        ]	<SUCCESS>	 Time [ms]:	   942	
2020-12-29 15:28:50,312	Batch Processor	INFO	[DEU_Flensburg-22_1_T-1        ]	<TIMEOUT>	 Time [ms]:	100000
2020-12-29 15:28:50,318	Batch Processor	INFO	[DEU_Flensburg-23_1_T-1        ]	<SUCCESS>	 Time [ms]:	  1522	
2020-12-29 15:28:50,323	Batch Processor	INFO	[DEU_Flensburg-26_1_T-1        ]	<SUCCESS>	 Time [ms]:	  3480	
2020-12-29 15:28:50,324	Batch Processor	INFO	[DEU_Flensburg-27_1_T-1        ]	<TIMEOUT>	 Time [ms]:	100000
2020-12-29 15:28:50,328	Batch Processor	INFO	[DEU_Flensburg-28_1_T-1        ]	<SUCCESS>	 Time [ms]:	  2581	
2020-12-29 15:28:50,328	Batch Processor	INFO	[DEU_Flensburg-29_1_T-1        ]	<TIMEOUT>	 Time [ms]:	100000
2020-12-29 15:28:50,334	Batch Processor	INFO	[DEU_Flensburg-2_1_T-1         ]	<SUCCESS>	 Time [ms]:	  7023	
2020-12-29 15:28:50,339	Batch Processor	INFO	[DEU_Flensburg-30_1_T-1        ]	<SUCCESS>	 Time [ms]:	  9043	
2020-12-29 15:28:50,344	Batch Processor	INFO	[DEU_Flensburg-31_1_T-1        ]	<SUCCESS>	 Time [ms]:	 47068	
2020-12-29 15:28:50,345	Batch Processor	INFO	[DEU_Flensburg-34_1_T-1        ]	<TIMEOUT>	 Time [ms]:	100000
2020-12-29 15:28:50,345	Batch Processor	INFO	[DEU_Flensburg-35_1_T-1        ]	<TIMEOUT>	 Time [ms]:	100000
2020-12-29 15:28:50,346	Batch Processor	INFO	[DEU_Flensburg-36_1_T-1        ]	<TIMEOUT>	 Time [ms]:	100000
2020-12-29 15:28:50,346	Batch Processor	INFO	[DEU_Flensburg-37_1_T-1        ]	<TIMEOUT>	 Time [ms]:	100000
2020-12-29 15:28:50,352	Batch Processor	INFO	[DEU_Flensburg-39_1_T-1        ]	<SUCCESS>	 Time [ms]:	  1666	
2020-12-29 15:28:50,358	Batch Processor	INFO	[DEU_Flensburg-41_1_T-1        ]	<SUCCESS>	 Time [ms]:	 71601	
2020-12-29 15:28:50,359	Batch Processor	INFO	[DEU_Flensburg-43_1_T-1        ]	<TIMEOUT>	 Time [ms]:	100000
2020-12-29 15:28:50,359	Batch Processor	INFO	[DEU_Flensburg-44_1_T-1        ]	<TIMEOUT>	 Time [ms]:	100000
2020-12-29 15:28:50,364	Batch Processor	INFO	[DEU_Flensburg-45_1_T-1        ]	<SUCCESS>	 Time [ms]:	  8377	
2020-12-29 15:28:50,369	Batch Processor	INFO	[DEU_Flensburg-46_1_T-1        ]	<SUCCESS>	 Time [ms]:	  3359	
2020-12-29 15:28:50,374	Batch Processor	INFO	[DEU_Flensburg-47_1_T-1        ]	<SUCCESS>	 Time [ms]:	  8372	
2020-12-29 15:28:50,375	Batch Processor	INFO	[DEU_Flensburg-48_1_T-1        ]	<TIMEOUT>	 Time [ms]:	100000
2020-12-29 15:28:50,375	Batch Processor	INFO	[DEU_Flensburg-49_1_T-1        ]	<TIMEOUT>	 Time [ms]:	100000
2020-12-29 15:28:50,375	Batch Processor	INFO	[DEU_Flensburg-50_1_T-1        ]	<TIMEOUT>	 Time [ms]:	100000
2020-12-29 15:28:50,376	Batch Processor	INFO	[DEU_Flensburg-51_1_T-1        ]	<TIMEOUT>	 Time [ms]:	100000
2020-12-29 15:28:50,382	Batch Processor	INFO	[DEU_Flensburg-52_1_T-1        ]	<SUCCESS>	 Time [ms]:	  9720	
2020-12-29 15:28:50,386	Batch Processor	INFO	[DEU_Flensburg-53_1_T-1        ]	<SUCCESS>	 Time [ms]:	  1443	
2020-12-29 15:28:50,391	Batch Processor	INFO	[DEU_Flensburg-54_1_T-1        ]	<SUCCESS>	 Time [ms]:	  2288	
2020-12-29 15:28:50,394	Batch Processor	INFO	[DEU_Flensburg-55_1_T-1        ]	<SUCCESS>	 Time [ms]:	  2149	
2020-12-29 15:28:50,398	Batch Processor	INFO	[DEU_Flensburg-56_1_T-1        ]	<SUCCESS>	 Time [ms]:	 32270	
2020-12-29 15:28:50,399	Batch Processor	INFO	[DEU_Flensburg-57_1_T-1        ]	<TIMEOUT>	 Time [ms]:	100000
2020-12-29 15:28:50,400	Batch Processor	INFO	[DEU_Flensburg-58_1_T-1        ]	<TIMEOUT>	 Time [ms]:	100000
2020-12-29 15:28:50,401	Batch Processor	INFO	[DEU_Flensburg-59_1_T-1        ]	<TIMEOUT>	 Time [ms]:	100000
2020-12-29 15:28:50,405	Batch Processor	INFO	[DEU_Flensburg-60_1_T-1        ]	<SUCCESS>	 Time [ms]:	  1386	
2020-12-29 15:28:50,409	Batch Processor	INFO	[DEU_Flensburg-61_1_T-1        ]	<SUCCESS>	 Time [ms]:	   968	
2020-12-29 15:28:50,410	Batch Processor	INFO	[DEU_Flensburg-62_1_T-1        ]	<TIMEOUT>	 Time [ms]:	100000
2020-12-29 15:28:50,414	Batch Processor	INFO	[DEU_Flensburg-63_1_T-1        ]	<SUCCESS>	 Time [ms]:	  1768	
2020-12-29 15:28:50,415	Batch Processor	INFO	[DEU_Flensburg-64_1_T-1        ]	<FAILURE>	 Time [ms]:	   464
2020-12-29 15:28:50,419	Batch Processor	INFO	[DEU_Flensburg-65_1_T-1        ]	<SUCCESS>	 Time [ms]:	  6380	
2020-12-29 15:28:50,423	Batch Processor	INFO	[DEU_Flensburg-66_1_T-1        ]	<SUCCESS>	 Time [ms]:	 13641	
2020-12-29 15:28:50,429	Batch Processor	INFO	[DEU_Flensburg-67_1_T-1        ]	<SUCCESS>	 Time [ms]:	 10918	
2020-12-29 15:28:50,434	Batch Processor	INFO	[DEU_Flensburg-68_1_T-1        ]	<SUCCESS>	 Time [ms]:	  1356	
2020-12-29 15:28:50,439	Batch Processor	INFO	[DEU_Flensburg-69_1_T-1        ]	<SUCCESS>	 Time [ms]:	  1443	
2020-12-29 15:28:50,444	Batch Processor	INFO	[DEU_Flensburg-70_1_T-1        ]	<SUCCESS>	 Time [ms]:	  2444	
2020-12-29 15:28:50,449	Batch Processor	INFO	[DEU_Flensburg-71_1_T-1        ]	<SUCCESS>	 Time [ms]:	   987	
2020-12-29 15:28:50,453	Batch Processor	INFO	[DEU_Flensburg-72_1_T-1        ]	<SUCCESS>	 Time [ms]:	 10255	
2020-12-29 15:28:50,453	Batch Processor	INFO	[DEU_Flensburg-73_1_T-1        ]	<TIMEOUT>	 Time [ms]:	100000
2020-12-29 15:28:50,454	Batch Processor	INFO	[DEU_Flensburg-74_1_T-1        ]	<TIMEOUT>	 Time [ms]:	100000
2020-12-29 15:28:50,454	Batch Processor	INFO	[DEU_Flensburg-75_1_T-1        ]	<TIMEOUT>	 Time [ms]:	100000
2020-12-29 15:28:50,454	Batch Processor	INFO	[DEU_Flensburg-76_1_T-1        ]	<TIMEOUT>	 Time [ms]:	100000
2020-12-29 15:28:50,455	Batch Processor	INFO	[DEU_Flensburg-77_1_T-1        ]	<TIMEOUT>	 Time [ms]:	100000
2020-12-29 15:28:50,455	Batch Processor	INFO	[DEU_Flensburg-78_1_T-1        ]	<TIMEOUT>	 Time [ms]:	100000
2020-12-29 15:28:50,461	Batch Processor	INFO	[DEU_Flensburg-80_1_T-1        ]	<SUCCESS>	 Time [ms]:	  8520	
2020-12-29 15:28:50,465	Batch Processor	INFO	[DEU_Flensburg-81_1_T-1        ]	<SUCCESS>	 Time [ms]:	  6645	
2020-12-29 15:28:50,469	Batch Processor	INFO	[DEU_Flensburg-82_1_T-1        ]	<SUCCESS>	 Time [ms]:	   964	
2020-12-29 15:28:50,470	Batch Processor	INFO	[DEU_Flensburg-83_1_T-1        ]	<TIMEOUT>	 Time [ms]:	100000
2020-12-29 15:28:50,471	Batch Processor	INFO	[DEU_Flensburg-85_1_T-1        ]	<TIMEOUT>	 Time [ms]:	100000
2020-12-29 15:28:50,471	Batch Processor	INFO	[DEU_Flensburg-86_1_T-1        ]	<TIMEOUT>	 Time [ms]:	100000
2020-12-29 15:28:50,476	Batch Processor	INFO	[DEU_Flensburg-87_1_T-1        ]	<SUCCESS>	 Time [ms]:	  1453	
2020-12-29 15:28:50,480	Batch Processor	INFO	[DEU_Flensburg-88_1_T-1        ]	<SUCCESS>	 Time [ms]:	  2512	
2020-12-29 15:28:50,484	Batch Processor	INFO	[DEU_Flensburg-89_1_T-1        ]	<SUCCESS>	 Time [ms]:	  2302	
2020-12-29 15:28:50,485	Batch Processor	INFO	[DEU_Flensburg-90_1_T-1        ]	<TIMEOUT>	 Time [ms]:	100000
2020-12-29 15:28:50,489	Batch Processor	INFO	[DEU_Flensburg-91_1_T-1        ]	<SUCCESS>	 Time [ms]:	 39156	
2020-12-29 15:28:50,490	Batch Processor	INFO	[DEU_Flensburg-92_1_T-1        ]	<TIMEOUT>	 Time [ms]:	100000
2020-12-29 15:28:50,495	Batch Processor	INFO	[DEU_Flensburg-93_1_T-1        ]	<SUCCESS>	 Time [ms]:	  1873	
2020-12-29 15:28:50,496	Batch Processor	INFO	[DEU_Flensburg-95_1_T-1        ]	<TIMEOUT>	 Time [ms]:	100000
2020-12-29 15:28:50,500	Batch Processor	INFO	[DEU_Flensburg-96_1_T-1        ]	<SUCCESS>	 Time [ms]:	  8086	
2020-12-29 15:28:50,500	Batch Processor	INFO	[DEU_Flensburg-98_1_T-1        ]	<TIMEOUT>	 Time [ms]:	100000
2020-12-29 15:28:50,505	Batch Processor	INFO	[DEU_Flensburg-99_1_T-1        ]	<SUCCESS>	 Time [ms]:	  1172	
2020-12-29 15:28:50,505	Batch Processor	INFO	[DEU_Guetersloh-10_4_T-1       ]	<FAILURE>	 Time [ms]:	  1011
2020-12-29 15:28:50,507	Batch Processor	INFO	[DEU_Guetersloh-10_5_T-1       ]	<SUCCESS>	 Time [ms]:	  2677	
2020-12-29 15:28:50,508	Batch Processor	INFO	[DEU_Guetersloh-11_3_T-1       ]	<SUCCESS>	 Time [ms]:	  1287	
2020-12-29 15:28:50,510	Batch Processor	INFO	[DEU_Guetersloh-12_1_T-1       ]	<SUCCESS>	 Time [ms]:	   704	
2020-12-29 15:28:50,512	Batch Processor	INFO	[DEU_Guetersloh-14_2_T-1       ]	<SUCCESS>	 Time [ms]:	   882	
2020-12-29 15:28:50,514	Batch Processor	INFO	[DEU_Guetersloh-15_2_T-1       ]	<SUCCESS>	 Time [ms]:	  1335	
2020-12-29 15:28:50,516	Batch Processor	INFO	[DEU_Guetersloh-16_2_T-1       ]	<SUCCESS>	 Time [ms]:	  1574	
2020-12-29 15:28:50,518	Batch Processor	INFO	[DEU_Guetersloh-16_5_T-1       ]	<SUCCESS>	 Time [ms]:	  2316	
2020-12-29 15:28:50,519	Batch Processor	INFO	[DEU_Guetersloh-17_2_T-1       ]	<SUCCESS>	 Time [ms]:	   776	
2020-12-29 15:28:50,521	Batch Processor	INFO	[DEU_Guetersloh-18_2_T-1       ]	<SUCCESS>	 Time [ms]:	   690	
2020-12-29 15:28:50,524	Batch Processor	INFO	[DEU_Guetersloh-19_1_T-1       ]	<SUCCESS>	 Time [ms]:	  1143	
2020-12-29 15:28:50,525	Batch Processor	INFO	[DEU_Guetersloh-20_1_T-1       ]	<SUCCESS>	 Time [ms]:	   568	
2020-12-29 15:28:50,527	Batch Processor	INFO	[DEU_Guetersloh-20_3_T-1       ]	<SUCCESS>	 Time [ms]:	   643	
2020-12-29 15:28:50,529	Batch Processor	INFO	[DEU_Guetersloh-21_1_T-1       ]	<SUCCESS>	 Time [ms]:	  1147	
2020-12-29 15:28:50,530	Batch Processor	INFO	[DEU_Guetersloh-24_1_T-1       ]	<SUCCESS>	 Time [ms]:	   892	
2020-12-29 15:28:50,532	Batch Processor	INFO	[DEU_Guetersloh-24_2_T-1       ]	<SUCCESS>	 Time [ms]:	   963	
2020-12-29 15:28:50,534	Batch Processor	INFO	[DEU_Guetersloh-24_3_T-1       ]	<SUCCESS>	 Time [ms]:	   911	
2020-12-29 15:28:50,536	Batch Processor	INFO	[DEU_Guetersloh-25_2_T-1       ]	<SUCCESS>	 Time [ms]:	  2242	
2020-12-29 15:28:50,537	Batch Processor	INFO	[DEU_Guetersloh-25_4_T-1       ]	<SUCCESS>	 Time [ms]:	   873	
2020-12-29 15:28:50,539	Batch Processor	INFO	[DEU_Guetersloh-27_1_T-1       ]	<SUCCESS>	 Time [ms]:	   708	
2020-12-29 15:28:50,540	Batch Processor	INFO	[DEU_Guetersloh-30_1_T-1       ]	<SUCCESS>	 Time [ms]:	  1077	
2020-12-29 15:28:50,542	Batch Processor	INFO	[DEU_Guetersloh-31_4_T-1       ]	<SUCCESS>	 Time [ms]:	  1600	
2020-12-29 15:28:50,544	Batch Processor	INFO	[DEU_Guetersloh-32_3_T-1       ]	<SUCCESS>	 Time [ms]:	  8679	
2020-12-29 15:28:50,545	Batch Processor	INFO	[DEU_Guetersloh-33_1_T-1       ]	<SUCCESS>	 Time [ms]:	  1503	
2020-12-29 15:28:50,547	Batch Processor	INFO	[DEU_Guetersloh-34_2_T-1       ]	<SUCCESS>	 Time [ms]:	   633	
2020-12-29 15:28:50,549	Batch Processor	INFO	[DEU_Guetersloh-36_1_T-1       ]	<SUCCESS>	 Time [ms]:	   644	
2020-12-29 15:28:50,551	Batch Processor	INFO	[DEU_Guetersloh-39_3_T-1       ]	<SUCCESS>	 Time [ms]:	  1397	
2020-12-29 15:28:50,552	Batch Processor	INFO	[DEU_Guetersloh-39_5_T-1       ]	<SUCCESS>	 Time [ms]:	   774	
2020-12-29 15:28:50,554	Batch Processor	INFO	[DEU_Guetersloh-40_4_T-1       ]	<SUCCESS>	 Time [ms]:	   789	
2020-12-29 15:28:50,556	Batch Processor	INFO	[DEU_Guetersloh-40_5_T-1       ]	<SUCCESS>	 Time [ms]:	   519	
2020-12-29 15:28:50,557	Batch Processor	INFO	[DEU_Guetersloh-41_1_T-1       ]	<SUCCESS>	 Time [ms]:	   842	
2020-12-29 15:28:50,559	Batch Processor	INFO	[DEU_Guetersloh-42_1_T-1       ]	<SUCCESS>	 Time [ms]:	  1353	
2020-12-29 15:28:50,560	Batch Processor	INFO	[DEU_Guetersloh-4_5_T-1        ]	<SUCCESS>	 Time [ms]:	  1426	
2020-12-29 15:28:50,562	Batch Processor	INFO	[DEU_Guetersloh-50_1_T-1       ]	<SUCCESS>	 Time [ms]:	   757	
2020-12-29 15:28:50,564	Batch Processor	INFO	[DEU_Guetersloh-54_1_T-1       ]	<SUCCESS>	 Time [ms]:	   595	
2020-12-29 15:28:50,565	Batch Processor	INFO	[DEU_Guetersloh-55_1_T-1       ]	<SUCCESS>	 Time [ms]:	  1029	
2020-12-29 15:28:50,567	Batch Processor	INFO	[DEU_Guetersloh-55_3_T-1       ]	<SUCCESS>	 Time [ms]:	   612	
2020-12-29 15:28:50,569	Batch Processor	INFO	[DEU_Guetersloh-65_2_T-1       ]	<SUCCESS>	 Time [ms]:	  1917	
2020-12-29 15:28:50,571	Batch Processor	INFO	[DEU_Guetersloh-6_3_T-1        ]	<SUCCESS>	 Time [ms]:	  1074	
2020-12-29 15:28:50,573	Batch Processor	INFO	[DEU_Guetersloh-7_2_T-1        ]	<SUCCESS>	 Time [ms]:	  1237	
2020-12-29 15:28:50,574	Batch Processor	INFO	[DEU_Guetersloh-8_1_T-1        ]	<SUCCESS>	 Time [ms]:	   347	
2020-12-29 15:28:50,576	Batch Processor	INFO	[DEU_Hennigsdorf-11_1_T-1      ]	<SUCCESS>	 Time [ms]:	   795	
2020-12-29 15:28:50,577	Batch Processor	INFO	[DEU_Hennigsdorf-12_1_T-1      ]	<SUCCESS>	 Time [ms]:	   980	
2020-12-29 15:28:50,579	Batch Processor	INFO	[DEU_Hennigsdorf-13_2_T-1      ]	<SUCCESS>	 Time [ms]:	   761	
2020-12-29 15:28:50,580	Batch Processor	INFO	[DEU_Hennigsdorf-14_3_T-1      ]	<SUCCESS>	 Time [ms]:	   991	
2020-12-29 15:28:50,582	Batch Processor	INFO	[DEU_Hennigsdorf-15_3_T-1      ]	<SUCCESS>	 Time [ms]:	   781	
2020-12-29 15:28:50,583	Batch Processor	INFO	[DEU_Hennigsdorf-18_2_T-1      ]	<SUCCESS>	 Time [ms]:	   942	
2020-12-29 15:28:50,585	Batch Processor	INFO	[DEU_Hennigsdorf-3_2_T-1       ]	<SUCCESS>	 Time [ms]:	  1080	
2020-12-29 15:28:50,587	Batch Processor	INFO	[DEU_Hennigsdorf-3_5_T-1       ]	<SUCCESS>	 Time [ms]:	  2244	
2020-12-29 15:28:50,589	Batch Processor	INFO	[DEU_Hennigsdorf-5_1_T-1       ]	<SUCCESS>	 Time [ms]:	   446	
2020-12-29 15:28:50,591	Batch Processor	INFO	[DEU_Hennigsdorf-5_4_T-1       ]	<SUCCESS>	 Time [ms]:	  1830	
2020-12-29 15:28:50,592	Batch Processor	INFO	[DEU_Hennigsdorf-7_3_T-1       ]	<SUCCESS>	 Time [ms]:	   709	
2020-12-29 15:28:50,593	Batch Processor	INFO	[DEU_Hennigsdorf-9_2_T-1       ]	<SUCCESS>	 Time [ms]:	   595	
2020-12-29 15:28:50,595	Batch Processor	INFO	[DEU_Ibbenbueren-10_2_T-1      ]	<SUCCESS>	 Time [ms]:	   724	
2020-12-29 15:28:50,597	Batch Processor	INFO	[DEU_Ibbenbueren-11_2_T-1      ]	<SUCCESS>	 Time [ms]:	   423	
2020-12-29 15:28:50,598	Batch Processor	INFO	[DEU_Ibbenbueren-12_1_T-1      ]	<SUCCESS>	 Time [ms]:	   774	
2020-12-29 15:28:50,600	Batch Processor	INFO	[DEU_Ibbenbueren-13_3_T-1      ]	<SUCCESS>	 Time [ms]:	  3483	
2020-12-29 15:28:50,602	Batch Processor	INFO	[DEU_Ibbenbueren-14_1_T-1      ]	<SUCCESS>	 Time [ms]:	   717	
2020-12-29 15:28:50,603	Batch Processor	INFO	[DEU_Ibbenbueren-15_4_T-1      ]	<SUCCESS>	 Time [ms]:	   974	
2020-12-29 15:28:50,605	Batch Processor	INFO	[DEU_Ibbenbueren-16_3_T-1      ]	<SUCCESS>	 Time [ms]:	   684	
2020-12-29 15:28:50,606	Batch Processor	INFO	[DEU_Ibbenbueren-16_5_T-1      ]	<SUCCESS>	 Time [ms]:	  1394	
2020-12-29 15:28:50,608	Batch Processor	INFO	[DEU_Ibbenbueren-2_2_T-1       ]	<SUCCESS>	 Time [ms]:	  1040	
2020-12-29 15:28:50,610	Batch Processor	INFO	[DEU_Ibbenbueren-3_3_T-1       ]	<SUCCESS>	 Time [ms]:	  3857	
2020-12-29 15:28:50,611	Batch Processor	INFO	[DEU_Ibbenbueren-4_2_T-1       ]	<SUCCESS>	 Time [ms]:	  1442	
2020-12-29 15:28:50,614	Batch Processor	INFO	[DEU_Ibbenbueren-6_3_T-1       ]	<SUCCESS>	 Time [ms]:	   993	
2020-12-29 15:28:50,615	Batch Processor	INFO	[DEU_Ibbenbueren-6_4_T-1       ]	<SUCCESS>	 Time [ms]:	   707	
2020-12-29 15:28:50,616	Batch Processor	INFO	[DEU_Ibbenbueren-7_1_T-1       ]	<SUCCESS>	 Time [ms]:	   664	
2020-12-29 15:28:50,617	Batch Processor	INFO	[DEU_Ibbenbueren-9_1_T-1       ]	<SUCCESS>	 Time [ms]:	  1103	
2020-12-29 15:28:50,618	Batch Processor	INFO	[DEU_Lohmar-10_1_T-1           ]	<TIMEOUT>	 Time [ms]:	100000
2020-12-29 15:28:50,622	Batch Processor	INFO	[DEU_Lohmar-11_1_T-1           ]	<SUCCESS>	 Time [ms]:	  9960	
2020-12-29 15:28:50,622	Batch Processor	INFO	[DEU_Lohmar-12_1_T-1           ]	<FAILURE>	 Time [ms]:	   529
2020-12-29 15:28:50,623	Batch Processor	INFO	[DEU_Lohmar-13_1_T-1           ]	<TIMEOUT>	 Time [ms]:	100000
2020-12-29 15:28:50,626	Batch Processor	INFO	[DEU_Lohmar-14_1_T-1           ]	<SUCCESS>	 Time [ms]:	  1576	
2020-12-29 15:28:50,627	Batch Processor	INFO	[DEU_Lohmar-15_1_T-1           ]	<TIMEOUT>	 Time [ms]:	100000
2020-12-29 15:28:50,627	Batch Processor	INFO	[DEU_Lohmar-16_1_T-1           ]	<TIMEOUT>	 Time [ms]:	100000
2020-12-29 15:28:50,627	Batch Processor	INFO	[DEU_Lohmar-17_1_T-1           ]	<TIMEOUT>	 Time [ms]:	100000
2020-12-29 15:28:50,627	Batch Processor	INFO	[DEU_Lohmar-18_1_T-1           ]	<TIMEOUT>	 Time [ms]:	100000
2020-12-29 15:28:50,628	Batch Processor	INFO	[DEU_Lohmar-19_1_T-1           ]	<FAILURE>	 Time [ms]:	   792
2020-12-29 15:28:50,628	Batch Processor	INFO	[DEU_Lohmar-20_1_T-1           ]	<TIMEOUT>	 Time [ms]:	100000
2020-12-29 15:28:50,629	Batch Processor	INFO	[DEU_Lohmar-21_1_T-1           ]	<TIMEOUT>	 Time [ms]:	100000
2020-12-29 15:28:50,629	Batch Processor	INFO	[DEU_Lohmar-22_1_T-1           ]	<TIMEOUT>	 Time [ms]:	100000
2020-12-29 15:28:50,633	Batch Processor	INFO	[DEU_Lohmar-23_1_T-1           ]	<SUCCESS>	 Time [ms]:	  3183	
2020-12-29 15:28:50,637	Batch Processor	INFO	[DEU_Lohmar-24_1_T-1           ]	<SUCCESS>	 Time [ms]:	  1606	
2020-12-29 15:28:50,638	Batch Processor	INFO	[DEU_Lohmar-25_1_T-1           ]	<TIMEOUT>	 Time [ms]:	100000
2020-12-29 15:28:50,638	Batch Processor	INFO	[DEU_Lohmar-26_1_T-1           ]	<TIMEOUT>	 Time [ms]:	100000
2020-12-29 15:28:50,642	Batch Processor	INFO	[DEU_Lohmar-27_1_T-1           ]	<SUCCESS>	 Time [ms]:	  3204	
2020-12-29 15:28:50,642	Batch Processor	INFO	[DEU_Lohmar-28_1_T-1           ]	<TIMEOUT>	 Time [ms]:	100000
2020-12-29 15:28:50,642	Batch Processor	INFO	[DEU_Lohmar-29_1_T-1           ]	<TIMEOUT>	 Time [ms]:	100000
2020-12-29 15:28:50,643	Batch Processor	INFO	[DEU_Lohmar-30_1_T-1           ]	<TIMEOUT>	 Time [ms]:	100000
2020-12-29 15:28:50,643	Batch Processor	INFO	[DEU_Lohmar-31_1_T-1           ]	<TIMEOUT>	 Time [ms]:	100000
2020-12-29 15:28:50,647	Batch Processor	INFO	[DEU_Lohmar-32_1_T-1           ]	<SUCCESS>	 Time [ms]:	  1445	
2020-12-29 15:28:50,652	Batch Processor	INFO	[DEU_Lohmar-33_1_T-1           ]	<SUCCESS>	 Time [ms]:	  2810	
2020-12-29 15:28:50,655	Batch Processor	INFO	[DEU_Lohmar-34_1_T-1           ]	<SUCCESS>	 Time [ms]:	  1795	
2020-12-29 15:28:50,656	Batch Processor	INFO	[DEU_Lohmar-35_1_T-1           ]	<TIMEOUT>	 Time [ms]:	100000
2020-12-29 15:28:50,656	Batch Processor	INFO	[DEU_Lohmar-36_1_T-1           ]	<TIMEOUT>	 Time [ms]:	100000
2020-12-29 15:28:50,656	Batch Processor	INFO	[DEU_Lohmar-37_1_T-1           ]	<TIMEOUT>	 Time [ms]:	100000
2020-12-29 15:28:50,660	Batch Processor	INFO	[DEU_Lohmar-39_1_T-1           ]	<SUCCESS>	 Time [ms]:	 14446	
2020-12-29 15:28:50,664	Batch Processor	INFO	[DEU_Lohmar-40_1_T-1           ]	<SUCCESS>	 Time [ms]:	 24593	
2020-12-29 15:28:50,668	Batch Processor	INFO	[DEU_Lohmar-41_1_T-1           ]	<SUCCESS>	 Time [ms]:	 23806	
2020-12-29 15:28:50,668	Batch Processor	INFO	[DEU_Lohmar-42_1_T-1           ]	<TIMEOUT>	 Time [ms]:	100000
2020-12-29 15:28:50,669	Batch Processor	INFO	[DEU_Lohmar-43_1_T-1           ]	<TIMEOUT>	 Time [ms]:	100000
2020-12-29 15:28:50,669	Batch Processor	INFO	[DEU_Lohmar-44_1_T-1           ]	<TIMEOUT>	 Time [ms]:	100000
2020-12-29 15:28:50,669	Batch Processor	INFO	[DEU_Lohmar-45_1_T-1           ]	<TIMEOUT>	 Time [ms]:	100000
2020-12-29 15:28:50,673	Batch Processor	INFO	[DEU_Lohmar-46_1_T-1           ]	<SUCCESS>	 Time [ms]:	  1944	
2020-12-29 15:28:50,674	Batch Processor	INFO	[DEU_Lohmar-47_1_T-1           ]	<TIMEOUT>	 Time [ms]:	100000
2020-12-29 15:28:50,674	Batch Processor	INFO	[DEU_Lohmar-48_1_T-1           ]	<TIMEOUT>	 Time [ms]:	100000
2020-12-29 15:28:50,679	Batch Processor	INFO	[DEU_Lohmar-49_1_T-1           ]	<SUCCESS>	 Time [ms]:	 44152	
2020-12-29 15:28:50,683	Batch Processor	INFO	[DEU_Lohmar-50_1_T-1           ]	<SUCCESS>	 Time [ms]:	  1205	
2020-12-29 15:28:50,687	Batch Processor	INFO	[DEU_Lohmar-52_1_T-1           ]	<SUCCESS>	 Time [ms]:	 11686	
2020-12-29 15:28:50,687	Batch Processor	INFO	[DEU_Lohmar-53_1_T-1           ]	<TIMEOUT>	 Time [ms]:	100000
2020-12-29 15:28:50,690	Batch Processor	INFO	[DEU_Lohmar-54_1_T-1           ]	<SUCCESS>	 Time [ms]:	  2031	
2020-12-29 15:28:50,691	Batch Processor	INFO	[DEU_Lohmar-56_1_T-1           ]	<TIMEOUT>	 Time [ms]:	100000
2020-12-29 15:28:50,691	Batch Processor	INFO	[DEU_Lohmar-57_1_T-1           ]	<TIMEOUT>	 Time [ms]:	100000
2020-12-29 15:28:50,691	Batch Processor	INFO	[DEU_Lohmar-58_1_T-1           ]	<TIMEOUT>	 Time [ms]:	100000
2020-12-29 15:28:50,692	Batch Processor	INFO	[DEU_Lohmar-60_1_T-1           ]	<TIMEOUT>	 Time [ms]:	100000
2020-12-29 15:28:50,692	Batch Processor	INFO	[DEU_Lohmar-61_1_T-1           ]	<TIMEOUT>	 Time [ms]:	100000
2020-12-29 15:28:50,692	Batch Processor	INFO	[DEU_Lohmar-62_1_T-1           ]	<TIMEOUT>	 Time [ms]:	100000
2020-12-29 15:28:50,693	Batch Processor	INFO	[DEU_Lohmar-63_1_T-1           ]	<TIMEOUT>	 Time [ms]:	100000
2020-12-29 15:28:50,693	Batch Processor	INFO	[DEU_Lohmar-64_1_T-1           ]	<TIMEOUT>	 Time [ms]:	100000
2020-12-29 15:28:50,693	Batch Processor	INFO	[DEU_Lohmar-65_1_T-1           ]	<TIMEOUT>	 Time [ms]:	100000
2020-12-29 15:28:50,697	Batch Processor	INFO	[DEU_Lohmar-67_1_T-1           ]	<SUCCESS>	 Time [ms]:	  2252	
2020-12-29 15:28:50,701	Batch Processor	INFO	[DEU_Lohmar-68_1_T-1           ]	<SUCCESS>	 Time [ms]:	  2236	
2020-12-29 15:28:50,706	Batch Processor	INFO	[DEU_Lohmar-69_1_T-1           ]	<SUCCESS>	 Time [ms]:	  1107	
2020-12-29 15:28:50,706	Batch Processor	INFO	[DEU_Lohmar-70_1_T-1           ]	<TIMEOUT>	 Time [ms]:	100000
2020-12-29 15:28:50,707	Batch Processor	INFO	[DEU_Lohmar-8_1_T-1            ]	<TIMEOUT>	 Time [ms]:	100000
2020-12-29 15:28:50,710	Batch Processor	INFO	[DEU_Lohmar-9_1_T-1            ]	<SUCCESS>	 Time [ms]:	  1480	
2020-12-29 15:28:50,710	Batch Processor	INFO	[DEU_Luckenwalde-1_1_T-1       ]	<TIMEOUT>	 Time [ms]:	100000
2020-12-29 15:28:50,712	Batch Processor	INFO	[DEU_Meckenheim-1_4_T-1        ]	<SUCCESS>	 Time [ms]:	  1114	
2020-12-29 15:28:50,714	Batch Processor	INFO	[DEU_Meckenheim-3_1_T-1        ]	<SUCCESS>	 Time [ms]:	   981	
2020-12-29 15:28:50,715	Batch Processor	INFO	[DEU_Meckenheim-5_1_T-1        ]	<SUCCESS>	 Time [ms]:	   847	
2020-12-29 15:28:50,717	Batch Processor	INFO	[DEU_Meckenheim-8_3_T-1        ]	<SUCCESS>	 Time [ms]:	  1327	
2020-12-29 15:28:50,718	Batch Processor	INFO	[DEU_Meckenheim-8_5_T-1        ]	<SUCCESS>	 Time [ms]:	  1408	
2020-12-29 15:28:50,720	Batch Processor	INFO	[DEU_Moabit-1_2_T-1            ]	<SUCCESS>	 Time [ms]:	  1956	
2020-12-29 15:28:50,722	Batch Processor	INFO	[DEU_Moabit-4_1_T-1            ]	<SUCCESS>	 Time [ms]:	   480	
2020-12-29 15:28:50,724	Batch Processor	INFO	[DEU_Moabit-5_2_T-1            ]	<SUCCESS>	 Time [ms]:	   973	
2020-12-29 15:28:50,725	Batch Processor	INFO	[DEU_Moabit-6_2_T-1            ]	<SUCCESS>	 Time [ms]:	  1321	
2020-12-29 15:28:50,727	Batch Processor	INFO	[DEU_Moelln-10_3_T-1           ]	<SUCCESS>	 Time [ms]:	   807	
2020-12-29 15:28:50,728	Batch Processor	INFO	[DEU_Moelln-11_1_T-1           ]	<SUCCESS>	 Time [ms]:	   842	
2020-12-29 15:28:50,730	Batch Processor	INFO	[DEU_Moelln-12_1_T-1           ]	<SUCCESS>	 Time [ms]:	  1107	
2020-12-29 15:28:50,732	Batch Processor	INFO	[DEU_Moelln-2_1_T-1            ]	<SUCCESS>	 Time [ms]:	   815	
2020-12-29 15:28:50,734	Batch Processor	INFO	[DEU_Moelln-4_3_T-1            ]	<SUCCESS>	 Time [ms]:	  2710	
2020-12-29 15:28:50,735	Batch Processor	INFO	[DEU_Moelln-6_1_T-1            ]	<SUCCESS>	 Time [ms]:	  1022	
2020-12-29 15:28:50,737	Batch Processor	INFO	[DEU_Moelln-7_1_T-1            ]	<SUCCESS>	 Time [ms]:	  2050	
2020-12-29 15:28:50,738	Batch Processor	INFO	[DEU_Moelln-9_1_T-1            ]	<SUCCESS>	 Time [ms]:	  1654	
2020-12-29 15:28:50,740	Batch Processor	INFO	[DEU_Muehlhausen-11_1_T-1      ]	<SUCCESS>	 Time [ms]:	  1823	
2020-12-29 15:28:50,742	Batch Processor	INFO	[DEU_Muehlhausen-14_3_T-1      ]	<SUCCESS>	 Time [ms]:	   798	
2020-12-29 15:28:50,744	Batch Processor	INFO	[DEU_Muehlhausen-1_2_T-1       ]	<SUCCESS>	 Time [ms]:	  2429	
2020-12-29 15:28:50,745	Batch Processor	INFO	[DEU_Muehlhausen-1_3_T-1       ]	<SUCCESS>	 Time [ms]:	  1530	
2020-12-29 15:28:50,748	Batch Processor	INFO	[DEU_Muehlhausen-2_1_T-1       ]	<SUCCESS>	 Time [ms]:	  8910	
2020-12-29 15:28:50,749	Batch Processor	INFO	[DEU_Muehlhausen-4_1_T-1       ]	<SUCCESS>	 Time [ms]:	  1439	
2020-12-29 15:28:50,750	Batch Processor	INFO	[DEU_Muehlhausen-5_1_T-1       ]	<SUCCESS>	 Time [ms]:	  1240	
2020-12-29 15:28:50,752	Batch Processor	INFO	[DEU_Muehlhausen-6_1_T-1       ]	<SUCCESS>	 Time [ms]:	  1135	
2020-12-29 15:28:50,754	Batch Processor	INFO	[DEU_Muehlhausen-7_2_T-1       ]	<SUCCESS>	 Time [ms]:	  1026	
2020-12-29 15:28:50,754	Batch Processor	INFO	[DEU_Reutlingen-2_1_T-1        ]	<TIMEOUT>	 Time [ms]:	100000
2020-12-29 15:28:50,755	Batch Processor	INFO	[DEU_Reutlingen-3_1_T-1        ]	<TIMEOUT>	 Time [ms]:	100000
2020-12-29 15:28:50,759	Batch Processor	INFO	[DEU_Reutlingen-4_1_T-1        ]	<SUCCESS>	 Time [ms]:	  1818	
2020-12-29 15:28:50,760	Batch Processor	INFO	[DEU_Reutlingen-5_1_T-1        ]	<TIMEOUT>	 Time [ms]:	100000
2020-12-29 15:28:50,760	Batch Processor	INFO	[DEU_Reutlingen-6_1_T-1        ]	<TIMEOUT>	 Time [ms]:	100000
2020-12-29 15:28:50,762	Batch Processor	INFO	[DEU_Rheinbach-1_4_T-1         ]	<SUCCESS>	 Time [ms]:	   573	
2020-12-29 15:28:50,764	Batch Processor	INFO	[DEU_Rheinbach-5_3_T-1         ]	<SUCCESS>	 Time [ms]:	   927	
2020-12-29 15:28:50,765	Batch Processor	INFO	[DEU_Speyer-2_1_T-1            ]	<FAILURE>	 Time [ms]:	   635
2020-12-29 15:28:50,766	Batch Processor	INFO	[DEU_Speyer-2_4_T-1            ]	<SUCCESS>	 Time [ms]:	   810	
2020-12-29 15:28:50,769	Batch Processor	INFO	[DEU_Speyer-5_2_T-1            ]	<SUCCESS>	 Time [ms]:	  1275	
2020-12-29 15:28:50,770	Batch Processor	INFO	[ESP_Almansa-1_1_T-1           ]	<SUCCESS>	 Time [ms]:	  2103	
2020-12-29 15:28:50,772	Batch Processor	INFO	[ESP_Almansa-2_1_T-1           ]	<SUCCESS>	 Time [ms]:	  4581	
2020-12-29 15:28:50,774	Batch Processor	INFO	[ESP_Almansa-6_1_T-1           ]	<SUCCESS>	 Time [ms]:	  1873	
2020-12-29 15:28:50,776	Batch Processor	INFO	[ESP_Berga-10_1_T-1            ]	<SUCCESS>	 Time [ms]:	   795	
2020-12-29 15:28:50,778	Batch Processor	INFO	[ESP_Berga-4_4_T-1             ]	<SUCCESS>	 Time [ms]:	   907	
2020-12-29 15:28:50,779	Batch Processor	INFO	[ESP_Berga-6_1_T-1             ]	<SUCCESS>	 Time [ms]:	  1176	
2020-12-29 15:28:50,781	Batch Processor	INFO	[ESP_Berga-9_1_T-1             ]	<SUCCESS>	 Time [ms]:	  1119	
2020-12-29 15:28:50,783	Batch Processor	INFO	[ESP_Cambre-1_1_T-1            ]	<SUCCESS>	 Time [ms]:	   564	
2020-12-29 15:28:50,785	Batch Processor	INFO	[ESP_Cambre-2_1_T-1            ]	<SUCCESS>	 Time [ms]:	  2970	
2020-12-29 15:28:50,786	Batch Processor	INFO	[ESP_Cambre-3_1_T-1            ]	<SUCCESS>	 Time [ms]:	   928	
2020-12-29 15:28:50,789	Batch Processor	INFO	[ESP_Ceuta-10_1_T-1            ]	<SUCCESS>	 Time [ms]:	  1237	
2020-12-29 15:28:50,789	Batch Processor	INFO	[ESP_Ceuta-11_1_T-1            ]	<FAILURE>	 Time [ms]:	   775
2020-12-29 15:28:50,791	Batch Processor	INFO	[ESP_Ceuta-15_2_T-1            ]	<SUCCESS>	 Time [ms]:	  1910	
2020-12-29 15:28:50,793	Batch Processor	INFO	[ESP_Ceuta-1_2_T-1             ]	<SUCCESS>	 Time [ms]:	  2822	
2020-12-29 15:28:50,795	Batch Processor	INFO	[ESP_Ceuta-2_1_T-1             ]	<SUCCESS>	 Time [ms]:	  3691	
2020-12-29 15:28:50,796	Batch Processor	INFO	[ESP_Ceuta-3_2_T-1             ]	<SUCCESS>	 Time [ms]:	  1056	
2020-12-29 15:28:50,798	Batch Processor	INFO	[ESP_Ceuta-4_1_T-1             ]	<SUCCESS>	 Time [ms]:	   899	
2020-12-29 15:28:50,798	Batch Processor	INFO	[ESP_Ceuta-5_1_T-1             ]	<FAILURE>	 Time [ms]:	   766
2020-12-29 15:28:50,800	Batch Processor	INFO	[ESP_Ceuta-7_1_T-1             ]	<SUCCESS>	 Time [ms]:	   917	
2020-12-29 15:28:50,802	Batch Processor	INFO	[ESP_Ceuta-8_1_T-1             ]	<SUCCESS>	 Time [ms]:	  1079	
2020-12-29 15:28:50,802	Batch Processor	INFO	[ESP_Inca-3_2_T-1              ]	<FAILURE>	 Time [ms]:	   691
2020-12-29 15:28:50,804	Batch Processor	INFO	[ESP_Inca-7_1_T-1              ]	<SUCCESS>	 Time [ms]:	   669	
2020-12-29 15:28:50,807	Batch Processor	INFO	[ESP_Monzon-2_1_T-1            ]	<SUCCESS>	 Time [ms]:	   900	
2020-12-29 15:28:50,808	Batch Processor	INFO	[ESP_Monzon-3_1_T-1            ]	<SUCCESS>	 Time [ms]:	   626	
2020-12-29 15:28:50,810	Batch Processor	INFO	[ESP_Monzon-5_1_T-1            ]	<SUCCESS>	 Time [ms]:	   938	
2020-12-29 15:28:50,812	Batch Processor	INFO	[ESP_Monzon-6_1_T-1            ]	<SUCCESS>	 Time [ms]:	  1731	
2020-12-29 15:28:50,813	Batch Processor	INFO	[ESP_Monzon-7_2_T-1            ]	<SUCCESS>	 Time [ms]:	   797	
2020-12-29 15:28:50,815	Batch Processor	INFO	[ESP_Monzon-7_3_T-1            ]	<SUCCESS>	 Time [ms]:	  1112	
2020-12-29 15:28:50,817	Batch Processor	INFO	[ESP_Monzon-9_1_T-1            ]	<SUCCESS>	 Time [ms]:	  2828	
2020-12-29 15:28:50,818	Batch Processor	INFO	[ESP_PriegodeCordoba-2_3_T-1   ]	<SUCCESS>	 Time [ms]:	   802	
2020-12-29 15:28:50,820	Batch Processor	INFO	[ESP_PriegodeCordoba-3_1_T-1   ]	<SUCCESS>	 Time [ms]:	  1867	
2020-12-29 15:28:50,822	Batch Processor	INFO	[ESP_PriegodeCordoba-6_1_T-1   ]	<SUCCESS>	 Time [ms]:	  1270	
2020-12-29 15:28:50,824	Batch Processor	INFO	[ESP_Requena-6_2_T-1           ]	<SUCCESS>	 Time [ms]:	  1684	
2020-12-29 15:28:50,826	Batch Processor	INFO	[ESP_SantBoideLlobregat-14_1_T-1]	<SUCCESS>	 Time [ms]:	   904	
2020-12-29 15:28:50,827	Batch Processor	INFO	[ESP_SantBoideLlobregat-14_4_T-1]	<SUCCESS>	 Time [ms]:	   587	
2020-12-29 15:28:50,829	Batch Processor	INFO	[ESP_SantBoideLlobregat-18_2_T-1]	<SUCCESS>	 Time [ms]:	   287	
2020-12-29 15:28:50,830	Batch Processor	INFO	[ESP_SantBoideLlobregat-19_1_T-1]	<SUCCESS>	 Time [ms]:	   801	
2020-12-29 15:28:50,831	Batch Processor	INFO	[ESP_SantBoideLlobregat-22_3_T-1]	<FAILURE>	 Time [ms]:	   189
2020-12-29 15:28:50,832	Batch Processor	INFO	[ESP_SantBoideLlobregat-23_2_T-1]	<SUCCESS>	 Time [ms]:	  1093	
2020-12-29 15:28:50,834	Batch Processor	INFO	[ESP_SantBoideLlobregat-24_1_T-1]	<SUCCESS>	 Time [ms]:	   621	
2020-12-29 15:28:50,836	Batch Processor	INFO	[ESP_SantBoideLlobregat-3_1_T-1]	<SUCCESS>	 Time [ms]:	  1600	
2020-12-29 15:28:50,836	Batch Processor	INFO	[ESP_SantBoideLlobregat-4_1_T-1]	<FAILURE>	 Time [ms]:	   487
2020-12-29 15:28:50,838	Batch Processor	INFO	[ESP_SantBoideLlobregat-6_2_T-1]	<SUCCESS>	 Time [ms]:	  1809	
2020-12-29 15:28:50,839	Batch Processor	INFO	[ESP_SantBoideLlobregat-8_1_T-1]	<SUCCESS>	 Time [ms]:	  2022	
2020-12-29 15:28:50,841	Batch Processor	INFO	[ESP_SantBoideLlobregat-8_5_T-1]	<SUCCESS>	 Time [ms]:	  1179	
2020-12-29 15:28:50,842	Batch Processor	INFO	[ESP_Toledo-10_1_T-1           ]	<SUCCESS>	 Time [ms]:	  1716	
2020-12-29 15:28:50,844	Batch Processor	INFO	[ESP_Toledo-10_2_T-1           ]	<SUCCESS>	 Time [ms]:	  1121	
2020-12-29 15:28:50,845	Batch Processor	INFO	[ESP_Toledo-11_1_T-1           ]	<SUCCESS>	 Time [ms]:	   487	
2020-12-29 15:28:50,847	Batch Processor	INFO	[ESP_Toledo-11_5_T-1           ]	<SUCCESS>	 Time [ms]:	   779	
2020-12-29 15:28:50,849	Batch Processor	INFO	[ESP_Toledo-22_1_T-1           ]	<SUCCESS>	 Time [ms]:	  1719	
2020-12-29 15:28:50,851	Batch Processor	INFO	[ESP_Toledo-23_1_T-1           ]	<SUCCESS>	 Time [ms]:	   678	
2020-12-29 15:28:50,852	Batch Processor	INFO	[ESP_Toledo-5_1_T-1            ]	<SUCCESS>	 Time [ms]:	   457	
2020-12-29 15:28:50,854	Batch Processor	INFO	[ESP_Toledo-6_2_T-1            ]	<SUCCESS>	 Time [ms]:	  1374	
2020-12-29 15:28:50,854	Batch Processor	INFO	[ESP_Toledo-8_1_T-1            ]	<FAILURE>	 Time [ms]:	   910
2020-12-29 15:28:50,855	Batch Processor	INFO	[ESP_Toledo-9_1_T-1            ]	<SUCCESS>	 Time [ms]:	   848	
2020-12-29 15:28:50,857	Batch Processor	INFO	[FRA_Anglet-1_2_T-1            ]	<SUCCESS>	 Time [ms]:	   806	
2020-12-29 15:28:50,857	Batch Processor	INFO	[FRA_Anglet-2_1_T-1            ]	<FAILURE>	 Time [ms]:	   636
2020-12-29 15:28:50,859	Batch Processor	INFO	[FRA_Anglet-3_2_T-1            ]	<SUCCESS>	 Time [ms]:	  1708	
2020-12-29 15:28:50,860	Batch Processor	INFO	[FRA_Miramas-1_1_T-1           ]	<SUCCESS>	 Time [ms]:	   394	
2020-12-29 15:28:50,862	Batch Processor	INFO	[FRA_Miramas-2_1_T-1           ]	<SUCCESS>	 Time [ms]:	  1319	
2020-12-29 15:28:50,864	Batch Processor	INFO	[FRA_Miramas-3_1_T-1           ]	<SUCCESS>	 Time [ms]:	   909	
2020-12-29 15:28:50,865	Batch Processor	INFO	[FRA_Miramas-5_1_T-1           ]	<SUCCESS>	 Time [ms]:	  1445	
2020-12-29 15:28:50,866	Batch Processor	INFO	[FRA_Miramas-9_1_T-1           ]	<SUCCESS>	 Time [ms]:	   868	
2020-12-29 15:28:50,868	Batch Processor	INFO	[FRA_MoissyCramayel-1_1_T-1    ]	<SUCCESS>	 Time [ms]:	  1626	
2020-12-29 15:28:50,869	Batch Processor	INFO	[FRA_MoissyCramayel-2_1_T-1    ]	<SUCCESS>	 Time [ms]:	  1434	
2020-12-29 15:28:50,872	Batch Processor	INFO	[FRA_MoissyCramayel-4_1_T-1    ]	<SUCCESS>	 Time [ms]:	  2296	
2020-12-29 15:28:50,873	Batch Processor	INFO	[FRA_Sete-1_1_T-1              ]	<SUCCESS>	 Time [ms]:	  1246	
2020-12-29 15:28:50,873	Batch Processor	INFO	[GRC_Perama-1_1_T-1            ]	<FAILURE>	 Time [ms]:	  1083
2020-12-29 15:28:50,875	Batch Processor	INFO	[GRC_Perama-2_1_T-1            ]	<SUCCESS>	 Time [ms]:	  1841	
2020-12-29 15:28:50,876	Batch Processor	INFO	[GRC_Perama-3_2_T-1            ]	<SUCCESS>	 Time [ms]:	  2095	
2020-12-29 15:28:50,878	Batch Processor	INFO	[GRC_Perama-4_3_T-1            ]	<SUCCESS>	 Time [ms]:	  1262	
2020-12-29 15:28:50,880	Batch Processor	INFO	[GRC_Perama-7_1_T-1            ]	<SUCCESS>	 Time [ms]:	 16545	
2020-12-29 15:28:50,882	Batch Processor	INFO	[HRV_Pula-10_1_T-1             ]	<SUCCESS>	 Time [ms]:	   970	
2020-12-29 15:28:50,883	Batch Processor	INFO	[HRV_Pula-12_3_T-1             ]	<SUCCESS>	 Time [ms]:	   642	
2020-12-29 15:28:50,885	Batch Processor	INFO	[HRV_Pula-13_2_T-1             ]	<SUCCESS>	 Time [ms]:	  1084	
2020-12-29 15:28:50,886	Batch Processor	INFO	[HRV_Pula-15_1_T-1             ]	<SUCCESS>	 Time [ms]:	   695	
2020-12-29 15:28:50,887	Batch Processor	INFO	[HRV_Pula-18_1_T-1             ]	<SUCCESS>	 Time [ms]:	   824	
2020-12-29 15:28:50,889	Batch Processor	INFO	[HRV_Pula-19_2_T-1             ]	<SUCCESS>	 Time [ms]:	  1366	
2020-12-29 15:28:50,891	Batch Processor	INFO	[HRV_Pula-21_1_T-1             ]	<SUCCESS>	 Time [ms]:	   845	
2020-12-29 15:28:50,892	Batch Processor	INFO	[HRV_Pula-22_1_T-1             ]	<SUCCESS>	 Time [ms]:	  1623	
2020-12-29 15:28:50,894	Batch Processor	INFO	[HRV_Pula-23_1_T-1             ]	<SUCCESS>	 Time [ms]:	   599	
2020-12-29 15:28:50,895	Batch Processor	INFO	[HRV_Pula-24_1_T-1             ]	<SUCCESS>	 Time [ms]:	  1046	
2020-12-29 15:28:50,897	Batch Processor	INFO	[HRV_Pula-25_1_T-1             ]	<SUCCESS>	 Time [ms]:	   870	
2020-12-29 15:28:50,899	Batch Processor	INFO	[HRV_Pula-27_2_T-1             ]	<SUCCESS>	 Time [ms]:	   945	
2020-12-29 15:28:50,900	Batch Processor	INFO	[HRV_Pula-29_3_T-1             ]	<SUCCESS>	 Time [ms]:	  1092	
2020-12-29 15:28:50,902	Batch Processor	INFO	[HRV_Pula-31_1_T-1             ]	<SUCCESS>	 Time [ms]:	  1066	
2020-12-29 15:28:50,903	Batch Processor	INFO	[HRV_Pula-32_2_T-1             ]	<SUCCESS>	 Time [ms]:	  1803	
2020-12-29 15:28:50,904	Batch Processor	INFO	[HRV_Pula-33_2_T-1             ]	<SUCCESS>	 Time [ms]:	  1970	
2020-12-29 15:28:50,906	Batch Processor	INFO	[HRV_Pula-5_2_T-1              ]	<SUCCESS>	 Time [ms]:	  1828	
2020-12-29 15:28:50,907	Batch Processor	INFO	[HRV_Pula-5_3_T-1              ]	<SUCCESS>	 Time [ms]:	   896	
2020-12-29 15:28:50,908	Batch Processor	INFO	[HRV_Pula-6_2_T-1              ]	<SUCCESS>	 Time [ms]:	   628	
2020-12-29 15:28:50,910	Batch Processor	INFO	[HRV_Pula-7_2_T-1              ]	<SUCCESS>	 Time [ms]:	  1432	
2020-12-29 15:28:50,912	Batch Processor	INFO	[HRV_Pula-8_3_T-1              ]	<SUCCESS>	 Time [ms]:	  1882	
2020-12-29 15:28:50,914	Batch Processor	INFO	[HRV_Pula-9_2_T-1              ]	<SUCCESS>	 Time [ms]:	   702	
2020-12-29 15:28:50,915	Batch Processor	INFO	[HRV_Pula-9_4_T-1              ]	<SUCCESS>	 Time [ms]:	   910	
2020-12-29 15:28:50,916	Batch Processor	INFO	[ITA_CarpiCentro-1_3_T-1       ]	<SUCCESS>	 Time [ms]:	  1136	
2020-12-29 15:28:50,919	Batch Processor	INFO	[ITA_CarpiCentro-2_4_T-1       ]	<SUCCESS>	 Time [ms]:	  1850	
2020-12-29 15:28:50,920	Batch Processor	INFO	[ITA_CarpiCentro-3_1_T-1       ]	<SUCCESS>	 Time [ms]:	   935	
2020-12-29 15:28:50,921	Batch Processor	INFO	[ITA_CarpiCentro-5_1_T-1       ]	<SUCCESS>	 Time [ms]:	   880	
2020-12-29 15:28:50,923	Batch Processor	INFO	[ITA_CarpiCentro-6_2_T-1       ]	<SUCCESS>	 Time [ms]:	  1812	
2020-12-29 15:28:50,925	Batch Processor	INFO	[ITA_CarpiCentro-7_1_T-1       ]	<SUCCESS>	 Time [ms]:	  1785	
2020-12-29 15:28:50,926	Batch Processor	INFO	[ITA_CarpiCentro-8_3_T-1       ]	<SUCCESS>	 Time [ms]:	   575	
2020-12-29 15:28:50,926	Batch Processor	INFO	[ITA_Empoli-10_1_T-1           ]	<FAILURE>	 Time [ms]:	   857
2020-12-29 15:28:50,928	Batch Processor	INFO	[ITA_Empoli-18_1_T-1           ]	<SUCCESS>	 Time [ms]:	   924	
2020-12-29 15:28:50,929	Batch Processor	INFO	[ITA_Empoli-2_4_T-1            ]	<SUCCESS>	 Time [ms]:	   492	
2020-12-29 15:28:50,931	Batch Processor	INFO	[ITA_Empoli-2_5_T-1            ]	<SUCCESS>	 Time [ms]:	  1012	
2020-12-29 15:28:50,932	Batch Processor	INFO	[ITA_Empoli-3_1_T-1            ]	<SUCCESS>	 Time [ms]:	  1137	
2020-12-29 15:28:50,934	Batch Processor	INFO	[ITA_Empoli-4_2_T-1            ]	<SUCCESS>	 Time [ms]:	   929	
2020-12-29 15:28:50,935	Batch Processor	INFO	[ITA_Empoli-7_3_T-1            ]	<SUCCESS>	 Time [ms]:	   785	
2020-12-29 15:28:50,937	Batch Processor	INFO	[ITA_Empoli-8_2_T-1            ]	<SUCCESS>	 Time [ms]:	  1078	
2020-12-29 15:28:50,939	Batch Processor	INFO	[ITA_Foggia-10_1_T-1           ]	<SUCCESS>	 Time [ms]:	  1704	
2020-12-29 15:28:50,940	Batch Processor	INFO	[ITA_Foggia-11_1_T-1           ]	<SUCCESS>	 Time [ms]:	  1682	
2020-12-29 15:28:50,940	Batch Processor	INFO	[ITA_Foggia-12_1_T-1           ]	<FAILURE>	 Time [ms]:	   443
2020-12-29 15:28:50,942	Batch Processor	INFO	[ITA_Foggia-13_1_T-1           ]	<SUCCESS>	 Time [ms]:	  1609	
2020-12-29 15:28:50,942	Batch Processor	INFO	[ITA_Foggia-19_1_T-1           ]	<FAILURE>	 Time [ms]:	   513
2020-12-29 15:28:50,944	Batch Processor	INFO	[ITA_Foggia-1_1_T-1            ]	<SUCCESS>	 Time [ms]:	  1989	
2020-12-29 15:28:50,945	Batch Processor	INFO	[ITA_Foggia-3_1_T-1            ]	<SUCCESS>	 Time [ms]:	  1578	
2020-12-29 15:28:50,946	Batch Processor	INFO	[ITA_Foggia-4_2_T-1            ]	<SUCCESS>	 Time [ms]:	  1229	
2020-12-29 15:28:50,948	Batch Processor	INFO	[ITA_Foggia-5_1_T-1            ]	<SUCCESS>	 Time [ms]:	  2193	
2020-12-29 15:28:50,950	Batch Processor	INFO	[ITA_Foggia-6_1_T-1            ]	<SUCCESS>	 Time [ms]:	  2016	
2020-12-29 15:28:50,951	Batch Processor	INFO	[ITA_Foggia-7_2_T-1            ]	<SUCCESS>	 Time [ms]:	  3782	
2020-12-29 15:28:50,953	Batch Processor	INFO	[ITA_SanGiorgioaCremano-2_1_T-1]	<SUCCESS>	 Time [ms]:	   776	
2020-12-29 15:28:50,954	Batch Processor	INFO	[ITA_SanGiorgioaCremano-3_1_T-1]	<SUCCESS>	 Time [ms]:	   755	
2020-12-29 15:28:50,956	Batch Processor	INFO	[ITA_Scicli-2_1_T-1            ]	<SUCCESS>	 Time [ms]:	  1113	
2020-12-29 15:28:50,957	Batch Processor	INFO	[ITA_Segrate-1_2_T-1           ]	<SUCCESS>	 Time [ms]:	   659	
2020-12-29 15:28:50,959	Batch Processor	INFO	[ITA_Segrate-2_3_T-1           ]	<SUCCESS>	 Time [ms]:	   555	
2020-12-29 15:28:50,960	Batch Processor	INFO	[ITA_Siderno-10_1_T-1          ]	<SUCCESS>	 Time [ms]:	   739	
2020-12-29 15:28:50,962	Batch Processor	INFO	[ITA_Siderno-2_4_T-1           ]	<SUCCESS>	 Time [ms]:	   583	
2020-12-29 15:28:50,964	Batch Processor	INFO	[ITA_Siderno-3_2_T-1           ]	<SUCCESS>	 Time [ms]:	   639	
2020-12-29 15:28:50,965	Batch Processor	INFO	[ITA_Siderno-4_3_T-1           ]	<SUCCESS>	 Time [ms]:	   521	
2020-12-29 15:28:50,967	Batch Processor	INFO	[ITA_Siderno-4_4_T-1           ]	<SUCCESS>	 Time [ms]:	   904	
2020-12-29 15:28:50,969	Batch Processor	INFO	[ITA_Siderno-5_4_T-1           ]	<SUCCESS>	 Time [ms]:	  1283	
2020-12-29 15:28:50,970	Batch Processor	INFO	[ITA_Siderno-8_4_T-1           ]	<SUCCESS>	 Time [ms]:	   852	
2020-12-29 15:28:50,972	Batch Processor	INFO	[ITA_Siderno-8_5_T-1           ]	<SUCCESS>	 Time [ms]:	  1386	
2020-12-29 15:28:50,974	Batch Processor	INFO	[PRI_Barceloneta-2_1_T-1       ]	<SUCCESS>	 Time [ms]:	  1584	
2020-12-29 15:28:50,976	Batch Processor	INFO	[PRI_Barceloneta-3_1_T-1       ]	<SUCCESS>	 Time [ms]:	  1469	
2020-12-29 15:28:50,977	Batch Processor	INFO	[PRI_Barceloneta-4_3_T-1       ]	<SUCCESS>	 Time [ms]:	  1186	
2020-12-29 15:28:50,979	Batch Processor	INFO	[PRI_Barceloneta-4_5_T-1       ]	<SUCCESS>	 Time [ms]:	   685	
2020-12-29 15:28:50,980	Batch Processor	INFO	[RUS_Bicycle-10_1_T-1          ]	<SUCCESS>	 Time [ms]:	   221	
2020-12-29 15:28:50,982	Batch Processor	INFO	[RUS_Bicycle-11_1_T-1          ]	<SUCCESS>	 Time [ms]:	   118	
2020-12-29 15:28:50,983	Batch Processor	INFO	[RUS_Bicycle-12_1_T-1          ]	<SUCCESS>	 Time [ms]:	   390	
2020-12-29 15:28:50,984	Batch Processor	INFO	[RUS_Bicycle-13_1_T-1          ]	<SUCCESS>	 Time [ms]:	   161	
2020-12-29 15:28:50,985	Batch Processor	INFO	[RUS_Bicycle-14_1_T-1          ]	<SUCCESS>	 Time [ms]:	   121	
2020-12-29 15:28:50,987	Batch Processor	INFO	[RUS_Bicycle-1_1_T-1           ]	<SUCCESS>	 Time [ms]:	   242	
2020-12-29 15:28:50,988	Batch Processor	INFO	[RUS_Bicycle-2_1_T-1           ]	<SUCCESS>	 Time [ms]:	   204	
2020-12-29 15:28:50,989	Batch Processor	INFO	[RUS_Bicycle-3_1_T-1           ]	<SUCCESS>	 Time [ms]:	   202	
2020-12-29 15:28:50,990	Batch Processor	INFO	[RUS_Bicycle-4_2_T-1           ]	<SUCCESS>	 Time [ms]:	  2211	
2020-12-29 15:28:50,991	Batch Processor	INFO	[RUS_Bicycle-5_1_T-1           ]	<SUCCESS>	 Time [ms]:	   359	
2020-12-29 15:28:50,992	Batch Processor	INFO	[RUS_Bicycle-6_1_T-1           ]	<TIMEOUT>	 Time [ms]:	100000
2020-12-29 15:28:50,992	Batch Processor	INFO	[RUS_Bicycle-7_1_T-1           ]	<SUCCESS>	 Time [ms]:	   216	
2020-12-29 15:28:50,993	Batch Processor	INFO	[RUS_Bicycle-8_1_T-1           ]	<SUCCESS>	 Time [ms]:	   185	
2020-12-29 15:28:50,994	Batch Processor	INFO	[RUS_Bicycle-9_1_T-1           ]	<SUCCESS>	 Time [ms]:	   107	
2020-12-29 15:28:50,994	Batch Processor	INFO	[USA_Lanker-1_2_T-1            ]	<TIMEOUT>	 Time [ms]:	100000
2020-12-29 15:28:50,997	Batch Processor	INFO	[USA_Peach-1_1_T-1             ]	<SUCCESS>	 Time [ms]:	   434	
2020-12-29 15:28:50,998	Batch Processor	INFO	[USA_Peach-2_1_T-1             ]	<TIMEOUT>	 Time [ms]:	100000
2020-12-29 15:28:50,998	Batch Processor	INFO	[USA_Peach-3_1_T-1             ]	<TIMEOUT>	 Time [ms]:	100000
2020-12-29 15:28:50,998	Batch Processor	INFO	[USA_US101-10_4_T-1            ]	<FAILURE>	 Time [ms]:	  9483
2020-12-29 15:28:50,998	Batch Processor	INFO	[USA_US101-11_4_T-1            ]	<TIMEOUT>	 Time [ms]:	100000
2020-12-29 15:28:50,999	Batch Processor	INFO	[USA_US101-12_1_T-1            ]	<TIMEOUT>	 Time [ms]:	100000
2020-12-29 15:28:51,004	Batch Processor	INFO	[USA_US101-13_4_T-1            ]	<SUCCESS>	 Time [ms]:	 53273	
2020-12-29 15:28:51,004	Batch Processor	INFO	[USA_US101-14_1_T-1            ]	<TIMEOUT>	 Time [ms]:	100000
2020-12-29 15:28:51,005	Batch Processor	INFO	[USA_US101-16_2_T-1            ]	<TIMEOUT>	 Time [ms]:	100000
2020-12-29 15:28:51,005	Batch Processor	INFO	[USA_US101-17_1_T-1            ]	<TIMEOUT>	 Time [ms]:	100000
2020-12-29 15:28:51,008	Batch Processor	INFO	[USA_US101-18_2_T-1            ]	<SUCCESS>	 Time [ms]:	  9705	
2020-12-29 15:28:51,010	Batch Processor	INFO	[USA_US101-20_2_T-1            ]	<SUCCESS>	 Time [ms]:	 84183	
2020-12-29 15:28:51,012	Batch Processor	INFO	[USA_US101-21_2_T-1            ]	<SUCCESS>	 Time [ms]:	 58693	
2020-12-29 15:28:51,012	Batch Processor	INFO	[USA_US101-24_2_T-1            ]	<TIMEOUT>	 Time [ms]:	100000
2020-12-29 15:28:51,014	Batch Processor	INFO	[USA_US101-25_2_T-1            ]	<SUCCESS>	 Time [ms]:	 25935	
2020-12-29 15:28:51,015	Batch Processor	INFO	[USA_US101-26_2_T-1            ]	<SUCCESS>	 Time [ms]:	  5057	
2020-12-29 15:28:51,016	Batch Processor	INFO	[USA_US101-27_1_T-1            ]	<TIMEOUT>	 Time [ms]:	100000
2020-12-29 15:28:51,016	Batch Processor	INFO	[USA_US101-28_1_T-1            ]	<TIMEOUT>	 Time [ms]:	100000
2020-12-29 15:28:51,016	Batch Processor	INFO	[USA_US101-29_1_T-1            ]	<TIMEOUT>	 Time [ms]:	100000
2020-12-29 15:28:51,016	Batch Processor	INFO	[USA_US101-3_1_T-1             ]	<TIMEOUT>	 Time [ms]:	100000
2020-12-29 15:28:51,017	Batch Processor	INFO	[USA_US101-3_2_S-1             ]	<TIMEOUT>	 Time [ms]:	100000
2020-12-29 15:28:51,017	Batch Processor	INFO	[USA_US101-4_1_T-1             ]	<TIMEOUT>	 Time [ms]:	100000
2020-12-29 15:28:51,017	Batch Processor	INFO	[USA_US101-5_1_T-1             ]	<FAILURE>	 Time [ms]:	   326
2020-12-29 15:28:51,017	Batch Processor	INFO	[USA_US101-6_1_T-1             ]	<TIMEOUT>	 Time [ms]:	100000
2020-12-29 15:28:51,019	Batch Processor	INFO	[USA_US101-8_4_T-1             ]	<SUCCESS>	 Time [ms]:	  8812	
2020-12-29 15:28:51,020	Batch Processor	INFO	[USA_US101-9_1_T-1             ]	<TIMEOUT>	 Time [ms]:	100000
2020-12-29 15:28:51,022	Batch Processor	INFO	==============================        Solution found        ==============================
	- ARG_Carcarana-13_1_T-1
	- ARG_Carcarana-2_3_T-1
	- ARG_Carcarana-5_2_T-1
	- ARG_Carcarana-7_1_T-1
	- BEL_Aarschot-11_1_T-1
	- ARG_Carcarana-11_1_T-1
	- BEL_Aarschot-3_1_T-1
	- BEL_Aarschot-1_2_T-1
	- ARG_Carcarana-3_3_T-1
	- BEL_Aarschot-5_1_T-1
	- BEL_Beringen-1_1_T-1
	- BEL_Nivelles-16_2_T-1
	- ARG_Carcarana-9_2_T-1
	- BEL_Beringen-8_1_T-1
	- BEL_Nivelles-10_1_T-1
	- BEL_Nivelles-18_2_T-1
	- BEL_Nivelles-1_1_T-1
	- BEL_Nivelles-19_1_T-1
	- BEL_Nivelles-20_1_T-1
	- BEL_Nivelles-3_1_T-1
	- BEL_Nivelles-4_2_T-1
	- BEL_Putte-11_2_T-1
	- BEL_Putte-10_2_T-1
	- BEL_Putte-2_1_T-1
	- BEL_Putte-3_1_T-1
	- BEL_Putte-6_1_T-1
	- BEL_Putte-4_2_T-1
	- BEL_Nivelles-9_2_T-1
	- BEL_Wervik-1_4_T-1
	- BEL_Wervik-2_2_T-1
	- BEL_Wervik-4_1_T-1
	- BEL_Zaventem-4_1_T-1
	- BEL_Zaventem-1_2_T-1
	- BEL_Zaventem-3_1_T-1
	- BEL_Zaventem-5_3_T-1
	- BEL_Zwevegem-2_3_T-1
	- BEL_Zwevegem-3_1_T-1
	- BEL_Zwevegem-8_1_T-1
	- BEL_Zwevegem-5_2_T-1
	- BEL_Zwevegem-8_4_T-1
	- BEL_Zwevegem-7_2_T-1
	- DEU_Backnang-4_1_T-1
	- DEU_Backnang-9_1_T-1
	- DEU_Backnang-5_1_T-1
	- DEU_BadEssen-4_1_T-1
	- DEU_Backnang-6_1_T-1
	- DEU_Backnang-1_2_T-1
	- DEU_BadWaldsee-4_2_T-1
	- DEU_BadWaldsee-4_5_T-1
	- DEU_BadEssen-3_1_T-1
	- DEU_Bilderstoeckchen-2_3_T-1
	- DEU_BadWaldsee-1_1_T-1
	- DEU_Bilderstoeckchen-4_1_T-1
	- DEU_Flensburg-10_1_T-1
	- DEU_Flensburg-13_1_T-1
	- DEU_Flensburg-14_1_T-1
	- DEU_Flensburg-21_1_T-1
	- DEU_Flensburg-20_1_T-1
	- DEU_Flensburg-26_1_T-1
	- DEU_Flensburg-23_1_T-1
	- DEU_Flensburg-28_1_T-1
	- DEU_Flensburg-2_1_T-1
	- DEU_Flensburg-30_1_T-1
	- DEU_Flensburg-31_1_T-1
	- DEU_Flensburg-39_1_T-1
	- DEU_Flensburg-45_1_T-1
	- DEU_Flensburg-46_1_T-1
	- DEU_Flensburg-41_1_T-1
	- DEU_Flensburg-47_1_T-1
	- DEU_Flensburg-53_1_T-1
	- DEU_Flensburg-52_1_T-1
	- DEU_Flensburg-54_1_T-1
	- DEU_Flensburg-55_1_T-1
	- DEU_Flensburg-56_1_T-1
	- DEU_Flensburg-61_1_T-1
	- DEU_Flensburg-60_1_T-1
	- DEU_Flensburg-63_1_T-1
	- DEU_Flensburg-65_1_T-1
	- DEU_Flensburg-66_1_T-1
	- DEU_Flensburg-67_1_T-1
	- DEU_Flensburg-68_1_T-1
	- DEU_Flensburg-69_1_T-1
	- DEU_Flensburg-70_1_T-1
	- DEU_Flensburg-71_1_T-1
	- DEU_Flensburg-72_1_T-1
	- DEU_Flensburg-81_1_T-1
	- DEU_Flensburg-80_1_T-1
	- DEU_Flensburg-82_1_T-1
	- DEU_Flensburg-87_1_T-1
	- DEU_Flensburg-88_1_T-1
	- DEU_Flensburg-89_1_T-1
	- DEU_Flensburg-93_1_T-1
	- DEU_Flensburg-91_1_T-1
	- DEU_Flensburg-96_1_T-1
	- DEU_Flensburg-99_1_T-1
	- DEU_Guetersloh-10_5_T-1
	- DEU_Guetersloh-11_3_T-1
	- DEU_Guetersloh-12_1_T-1
	- DEU_Guetersloh-14_2_T-1
	- DEU_Guetersloh-15_2_T-1
	- DEU_Guetersloh-16_2_T-1
	- DEU_Guetersloh-16_5_T-1
	- DEU_Guetersloh-17_2_T-1
	- DEU_Guetersloh-18_2_T-1
	- DEU_Guetersloh-20_1_T-1
	- DEU_Guetersloh-20_3_T-1
	- DEU_Guetersloh-19_1_T-1
	- DEU_Guetersloh-21_1_T-1
	- DEU_Guetersloh-24_1_T-1
	- DEU_Guetersloh-24_2_T-1
	- DEU_Guetersloh-24_3_T-1
	- DEU_Guetersloh-25_4_T-1
	- DEU_Guetersloh-25_2_T-1
	- DEU_Guetersloh-27_1_T-1
	- DEU_Guetersloh-30_1_T-1
	- DEU_Guetersloh-31_4_T-1
	- DEU_Guetersloh-34_2_T-1
	- DEU_Guetersloh-33_1_T-1
	- DEU_Guetersloh-36_1_T-1
	- DEU_Guetersloh-32_3_T-1
	- DEU_Guetersloh-39_5_T-1
	- DEU_Guetersloh-39_3_T-1
	- DEU_Guetersloh-40_4_T-1
	- DEU_Guetersloh-40_5_T-1
	- DEU_Guetersloh-41_1_T-1
	- DEU_Guetersloh-42_1_T-1
	- DEU_Guetersloh-4_5_T-1
	- DEU_Guetersloh-50_1_T-1
	- DEU_Guetersloh-54_1_T-1
	- DEU_Guetersloh-55_1_T-1
	- DEU_Guetersloh-55_3_T-1
	- DEU_Guetersloh-65_2_T-1
	- DEU_Guetersloh-8_1_T-1
	- DEU_Guetersloh-6_3_T-1
	- DEU_Hennigsdorf-11_1_T-1
	- DEU_Guetersloh-7_2_T-1
	- DEU_Hennigsdorf-12_1_T-1
	- DEU_Hennigsdorf-18_2_T-1
	- DEU_Hennigsdorf-13_2_T-1
	- DEU_Hennigsdorf-14_3_T-1
	- DEU_Hennigsdorf-5_1_T-1
	- DEU_Hennigsdorf-15_3_T-1
	- DEU_Hennigsdorf-3_2_T-1
	- DEU_Hennigsdorf-9_2_T-1
	- DEU_Ibbenbueren-10_2_T-1
	- DEU_Hennigsdorf-3_5_T-1
	- DEU_Hennigsdorf-7_3_T-1
	- DEU_Hennigsdorf-5_4_T-1
	- DEU_Ibbenbueren-11_2_T-1
	- DEU_Ibbenbueren-14_1_T-1
	- DEU_Ibbenbueren-12_1_T-1
	- DEU_Ibbenbueren-15_4_T-1
	- DEU_Ibbenbueren-13_3_T-1
	- DEU_Ibbenbueren-2_2_T-1
	- DEU_Ibbenbueren-16_5_T-1
	- DEU_Ibbenbueren-16_3_T-1
	- DEU_Ibbenbueren-7_1_T-1
	- DEU_Ibbenbueren-6_4_T-1
	- DEU_Ibbenbueren-9_1_T-1
	- DEU_Ibbenbueren-6_3_T-1
	- DEU_Ibbenbueren-4_2_T-1
	- DEU_Ibbenbueren-3_3_T-1
	- DEU_Lohmar-14_1_T-1
	- DEU_Lohmar-11_1_T-1
	- DEU_Lohmar-23_1_T-1
	- DEU_Lohmar-24_1_T-1
	- DEU_Lohmar-27_1_T-1
	- DEU_Lohmar-32_1_T-1
	- DEU_Lohmar-33_1_T-1
	- DEU_Lohmar-34_1_T-1
	- DEU_Lohmar-39_1_T-1
	- DEU_Lohmar-40_1_T-1
	- DEU_Lohmar-41_1_T-1
	- DEU_Lohmar-46_1_T-1
	- DEU_Lohmar-50_1_T-1
	- DEU_Lohmar-52_1_T-1
	- DEU_Lohmar-54_1_T-1
	- DEU_Lohmar-49_1_T-1
	- DEU_Lohmar-67_1_T-1
	- DEU_Lohmar-68_1_T-1
	- DEU_Lohmar-69_1_T-1
	- DEU_Lohmar-9_1_T-1
	- DEU_Meckenheim-1_4_T-1
	- DEU_Meckenheim-3_1_T-1
	- DEU_Meckenheim-5_1_T-1
	- DEU_Meckenheim-8_3_T-1
	- DEU_Meckenheim-8_5_T-1
	- DEU_Moabit-1_2_T-1
	- DEU_Moabit-4_1_T-1
	- DEU_Moabit-5_2_T-1
	- DEU_Moabit-6_2_T-1
	- DEU_Moelln-10_3_T-1
	- DEU_Moelln-11_1_T-1
	- DEU_Moelln-2_1_T-1
	- DEU_Moelln-12_1_T-1
	- DEU_Moelln-6_1_T-1
	- DEU_Moelln-4_3_T-1
	- DEU_Moelln-7_1_T-1
	- DEU_Moelln-9_1_T-1
	- DEU_Muehlhausen-11_1_T-1
	- DEU_Muehlhausen-14_3_T-1
	- DEU_Muehlhausen-1_2_T-1
	- DEU_Muehlhausen-1_3_T-1
	- DEU_Muehlhausen-5_1_T-1
	- DEU_Muehlhausen-4_1_T-1
	- DEU_Muehlhausen-6_1_T-1
	- DEU_Muehlhausen-2_1_T-1
	- DEU_Muehlhausen-7_2_T-1
	- DEU_Reutlingen-4_1_T-1
	- DEU_Rheinbach-1_4_T-1
	- DEU_Rheinbach-5_3_T-1
	- DEU_Speyer-2_4_T-1
	- DEU_Speyer-5_2_T-1
	- ESP_Almansa-1_1_T-1
	- ESP_Almansa-2_1_T-1
	- ESP_Berga-10_1_T-1
	- ESP_Almansa-6_1_T-1
	- ESP_Berga-4_4_T-1
	- ESP_Berga-6_1_T-1
	- ESP_Cambre-1_1_T-1
	- ESP_Berga-9_1_T-1
	- ESP_Cambre-3_1_T-1
	- ESP_Cambre-2_1_T-1
	- ESP_Ceuta-10_1_T-1
	- ESP_Ceuta-15_2_T-1
	- ESP_Ceuta-1_2_T-1
	- ESP_Ceuta-4_1_T-1
	- ESP_Ceuta-3_2_T-1
	- ESP_Ceuta-7_1_T-1
	- ESP_Ceuta-2_1_T-1
	- ESP_Inca-7_1_T-1
	- ESP_Ceuta-8_1_T-1
	- ESP_Monzon-3_1_T-1
	- ESP_Monzon-2_1_T-1
	- ESP_Monzon-5_1_T-1
	- ESP_Monzon-7_2_T-1
	- ESP_Monzon-7_3_T-1
	- ESP_Monzon-6_1_T-1
	- ESP_PriegodeCordoba-2_3_T-1
	- ESP_PriegodeCordoba-6_1_T-1
	- ESP_PriegodeCordoba-3_1_T-1
	- ESP_SantBoideLlobregat-14_1_T-1
	- ESP_Requena-6_2_T-1
	- ESP_Monzon-9_1_T-1
	- ESP_SantBoideLlobregat-18_2_T-1
	- ESP_SantBoideLlobregat-14_4_T-1
	- ESP_SantBoideLlobregat-24_1_T-1
	- ESP_SantBoideLlobregat-19_1_T-1
	- ESP_SantBoideLlobregat-23_2_T-1
	- ESP_SantBoideLlobregat-3_1_T-1
	- ESP_SantBoideLlobregat-8_5_T-1
	- ESP_Toledo-11_1_T-1
	- ESP_SantBoideLlobregat-6_2_T-1
	- ESP_SantBoideLlobregat-8_1_T-1
	- ESP_Toledo-10_1_T-1
	- ESP_Toledo-10_2_T-1
	- ESP_Toledo-11_5_T-1
	- ESP_Toledo-22_1_T-1
	- ESP_Toledo-5_1_T-1
	- ESP_Toledo-23_1_T-1
	- FRA_Anglet-1_2_T-1
	- ESP_Toledo-6_2_T-1
	- FRA_Miramas-1_1_T-1
	- ESP_Toledo-9_1_T-1
	- FRA_Miramas-2_1_T-1
	- FRA_Miramas-3_1_T-1
	- FRA_Anglet-3_2_T-1
	- FRA_Miramas-5_1_T-1
	- FRA_Miramas-9_1_T-1
	- FRA_MoissyCramayel-1_1_T-1
	- FRA_MoissyCramayel-2_1_T-1
	- FRA_MoissyCramayel-4_1_T-1
	- GRC_Perama-2_1_T-1
	- FRA_Sete-1_1_T-1
	- GRC_Perama-4_3_T-1
	- HRV_Pula-12_3_T-1
	- GRC_Perama-3_2_T-1
	- HRV_Pula-10_1_T-1
	- HRV_Pula-13_2_T-1
	- HRV_Pula-15_1_T-1
	- HRV_Pula-18_1_T-1
	- HRV_Pula-19_2_T-1
	- HRV_Pula-21_1_T-1
	- HRV_Pula-23_1_T-1
	- HRV_Pula-22_1_T-1
	- HRV_Pula-24_1_T-1
	- HRV_Pula-25_1_T-1
	- HRV_Pula-31_1_T-1
	- HRV_Pula-27_2_T-1
	- HRV_Pula-29_3_T-1
	- HRV_Pula-33_2_T-1
	- HRV_Pula-6_2_T-1
	- HRV_Pula-32_2_T-1
	- HRV_Pula-5_3_T-1
	- HRV_Pula-5_2_T-1
	- HRV_Pula-9_4_T-1
	- HRV_Pula-9_2_T-1
	- GRC_Perama-7_1_T-1
	- ITA_CarpiCentro-1_3_T-1
	- HRV_Pula-8_3_T-1
	- ITA_CarpiCentro-5_1_T-1
	- HRV_Pula-7_2_T-1
	- ITA_CarpiCentro-3_1_T-1
	- ITA_CarpiCentro-8_3_T-1
	- ITA_CarpiCentro-2_4_T-1
	- ITA_Empoli-2_4_T-1
	- ITA_CarpiCentro-6_2_T-1
	- ITA_Empoli-18_1_T-1
	- ITA_Empoli-2_5_T-1
	- ITA_CarpiCentro-7_1_T-1
	- ITA_Empoli-3_1_T-1
	- ITA_Empoli-7_3_T-1
	- ITA_Empoli-8_2_T-1
	- ITA_Empoli-4_2_T-1
	- ITA_Foggia-10_1_T-1
	- ITA_Foggia-11_1_T-1
	- ITA_Foggia-3_1_T-1
	- ITA_Foggia-4_2_T-1
	- ITA_Foggia-1_1_T-1
	- ITA_SanGiorgioaCremano-2_1_T-1
	- ITA_Foggia-13_1_T-1
	- ITA_Foggia-6_1_T-1
	- ITA_SanGiorgioaCremano-3_1_T-1
	- ITA_Foggia-5_1_T-1
	- ITA_Segrate-1_2_T-1
	- ITA_Segrate-2_3_T-1
	- ITA_Siderno-10_1_T-1
	- ITA_Scicli-2_1_T-1
	- ITA_Siderno-3_2_T-1
	- ITA_Siderno-2_4_T-1
	- ITA_Siderno-4_3_T-1
	- ITA_Siderno-4_4_T-1
	- ITA_Siderno-5_4_T-1
	- ITA_Foggia-7_2_T-1
	- ITA_Siderno-8_4_T-1
	- ITA_Siderno-8_5_T-1
	- PRI_Barceloneta-4_5_T-1
	- RUS_Bicycle-11_1_T-1
	- RUS_Bicycle-10_1_T-1
	- PRI_Barceloneta-2_1_T-1
	- PRI_Barceloneta-4_3_T-1
	- PRI_Barceloneta-3_1_T-1
	- RUS_Bicycle-13_1_T-1
	- RUS_Bicycle-14_1_T-1
	- RUS_Bicycle-12_1_T-1
	- RUS_Bicycle-1_1_T-1
	- RUS_Bicycle-2_1_T-1
	- RUS_Bicycle-3_1_T-1
	- RUS_Bicycle-7_1_T-1
	- RUS_Bicycle-5_1_T-1
	- RUS_Bicycle-8_1_T-1
	- RUS_Bicycle-9_1_T-1
	- USA_Peach-1_1_T-1
	- RUS_Bicycle-4_2_T-1
	- USA_US101-18_2_T-1
	- USA_US101-13_4_T-1
	- USA_US101-20_2_T-1
	- USA_US101-21_2_T-1
	- USA_US101-26_2_T-1
	- USA_US101-25_2_T-1
	- USA_US101-8_4_T-1
2020-12-29 15:28:51,022	Batch Processor	INFO	==============================      Solution not found      ==============================
	- ARG_Carcarana-8_4_T-1
	- BEL_Aarschot-6_1_T-1
	- BEL_Putte-14_3_T-1
	- BEL_Putte-17_1_T-1
	- DEU_Flensburg-64_1_T-1
	- DEU_Guetersloh-10_4_T-1
	- DEU_Lohmar-12_1_T-1
	- DEU_Lohmar-19_1_T-1
	- DEU_Speyer-2_1_T-1
	- ESP_Ceuta-11_1_T-1
	- ESP_Ceuta-5_1_T-1
	- ESP_Inca-3_2_T-1
	- ESP_SantBoideLlobregat-22_3_T-1
	- ESP_SantBoideLlobregat-4_1_T-1
	- ESP_Toledo-8_1_T-1
	- FRA_Anglet-2_1_T-1
	- GRC_Perama-1_1_T-1
	- ITA_Empoli-10_1_T-1
	- ITA_Foggia-12_1_T-1
	- ITA_Foggia-19_1_T-1
	- USA_US101-10_4_T-1
	- USA_US101-5_1_T-1
2020-12-29 15:28:51,023	Batch Processor	INFO	==============================           Time out           ==============================
	- DEU_Flensburg-12_1_T-1
	- DEU_Flensburg-15_1_T-1
	- DEU_Flensburg-16_1_T-1
	- DEU_Flensburg-17_1_T-1
	- DEU_Flensburg-18_1_T-1
	- DEU_Flensburg-19_1_T-1
	- DEU_Flensburg-22_1_T-1
	- DEU_Flensburg-27_1_T-1
	- DEU_Flensburg-29_1_T-1
	- DEU_Flensburg-34_1_T-1
	- DEU_Flensburg-35_1_T-1
	- DEU_Flensburg-36_1_T-1
	- DEU_Flensburg-37_1_T-1
	- DEU_Flensburg-43_1_T-1
	- DEU_Flensburg-44_1_T-1
	- DEU_Flensburg-48_1_T-1
	- DEU_Flensburg-49_1_T-1
	- DEU_Flensburg-50_1_T-1
	- DEU_Flensburg-51_1_T-1
	- DEU_Flensburg-57_1_T-1
	- DEU_Flensburg-58_1_T-1
	- DEU_Flensburg-59_1_T-1
	- DEU_Flensburg-62_1_T-1
	- DEU_Flensburg-73_1_T-1
	- DEU_Flensburg-74_1_T-1
	- DEU_Flensburg-75_1_T-1
	- DEU_Flensburg-76_1_T-1
	- DEU_Flensburg-77_1_T-1
	- DEU_Flensburg-78_1_T-1
	- DEU_Flensburg-83_1_T-1
	- DEU_Flensburg-85_1_T-1
	- DEU_Flensburg-86_1_T-1
	- DEU_Flensburg-90_1_T-1
	- DEU_Flensburg-92_1_T-1
	- DEU_Flensburg-95_1_T-1
	- DEU_Flensburg-98_1_T-1
	- DEU_Lohmar-10_1_T-1
	- DEU_Lohmar-13_1_T-1
	- DEU_Lohmar-15_1_T-1
	- DEU_Lohmar-16_1_T-1
	- DEU_Lohmar-17_1_T-1
	- DEU_Lohmar-18_1_T-1
	- DEU_Lohmar-22_1_T-1
	- DEU_Lohmar-25_1_T-1
	- DEU_Lohmar-26_1_T-1
	- DEU_Lohmar-28_1_T-1
	- DEU_Lohmar-30_1_T-1
	- DEU_Lohmar-29_1_T-1
	- DEU_Lohmar-31_1_T-1
	- DEU_Lohmar-35_1_T-1
	- DEU_Lohmar-36_1_T-1
	- DEU_Lohmar-37_1_T-1
	- DEU_Lohmar-42_1_T-1
	- DEU_Lohmar-43_1_T-1
	- DEU_Lohmar-44_1_T-1
	- DEU_Lohmar-45_1_T-1
	- DEU_Lohmar-47_1_T-1
	- DEU_Lohmar-48_1_T-1
	- DEU_Lohmar-53_1_T-1
	- DEU_Lohmar-56_1_T-1
	- DEU_Lohmar-57_1_T-1
	- DEU_Lohmar-58_1_T-1
	- DEU_Lohmar-60_1_T-1
	- DEU_Lohmar-61_1_T-1
	- DEU_Lohmar-62_1_T-1
	- DEU_Lohmar-63_1_T-1
	- DEU_Lohmar-64_1_T-1
	- DEU_Lohmar-65_1_T-1
	- DEU_Lohmar-70_1_T-1
	- DEU_Lohmar-8_1_T-1
	- DEU_Luckenwalde-1_1_T-1
	- DEU_Reutlingen-2_1_T-1
	- DEU_Reutlingen-3_1_T-1
	- DEU_Reutlingen-5_1_T-1
	- DEU_Reutlingen-6_1_T-1
	- RUS_Bicycle-6_1_T-1
	- USA_Lanker-1_2_T-1
	- USA_Peach-2_1_T-1
	- USA_Peach-3_1_T-1
	- USA_US101-11_4_T-1
	- USA_US101-12_1_T-1
	- USA_US101-16_2_T-1
	- USA_US101-14_1_T-1
	- USA_US101-17_1_T-1
	- USA_US101-24_2_T-1
	- USA_US101-27_1_T-1
	- USA_US101-28_1_T-1
	- USA_US101-29_1_T-1
	- USA_US101-3_1_T-1
	- USA_US101-3_2_S-1
	- USA_US101-4_1_T-1
	- USA_US101-6_1_T-1
	- USA_US101-9_1_T-1
2020-12-29 15:28:51,023	Batch Processor	INFO	
==============================        Result Summary        ==============================
2020-12-29 15:28:51,023	Batch Processor	INFO	Total number of scenarios:  	       500
2020-12-29 15:28:51,024	Batch Processor	INFO	Solution found:               	       361
2020-12-29 15:28:51,024	Batch Processor	INFO	Solution found but invalid:   	         0
2020-12-29 15:28:51,024	Batch Processor	INFO	Solution not found:           	        22
2020-12-29 15:28:51,024	Batch Processor	INFO	Exception occurred:           	         0
2020-12-29 15:28:51,024	Batch Processor	INFO	Time out:                     	        93
