2020-12-28 17:24:16,915	Batch Processor	INFO	Config file loaded and logger created.
2020-12-28 17:24:16,917	Batch Processor	INFO	18 scenarios skipped.
2020-12-28 17:24:16,918	Batch Processor	INFO	ScenarioLoader Mode <DEFAULT>
2020-12-28 17:24:16,918	Batch Processor	INFO	Run on all scenarios, except the skipped scenarios
2020-12-28 17:24:16,918	Batch Processor	INFO	Number of scenarios: 500
2020-12-28 17:24:16,926	Batch Processor	INFO	Automaton loaded for vehicle type: BMW_320i
2020-12-28 17:24:16,926	Batch Processor	INFO	Motion planner: student
2020-12-28 17:24:16,940	Batch Processor	INFO	Number of parallel processes: 6
2020-12-28 17:53:40,493	Batch Processor	INFO	==============================        Search Results        ==============================
2020-12-28 17:53:40,497	Batch Processor	INFO	[ARG_Carcarana-11_1_T-1        ]	<SUCCESS>	 Time [ms]:	  1479	
2020-12-28 17:53:40,498	Batch Processor	INFO	[ARG_Carcarana-13_1_T-1        ]	<SUCCESS>	 Time [ms]:	   699	
2020-12-28 17:53:40,499	Batch Processor	INFO	[ARG_Carcarana-2_3_T-1         ]	<SUCCESS>	 Time [ms]:	  1434	
2020-12-28 17:53:40,500	Batch Processor	INFO	[ARG_Carcarana-3_3_T-1         ]	<SUCCESS>	 Time [ms]:	  1481	
2020-12-28 17:53:40,501	Batch Processor	INFO	[ARG_Carcarana-5_2_T-1         ]	<SUCCESS>	 Time [ms]:	   787	
2020-12-28 17:53:40,502	Batch Processor	INFO	[ARG_Carcarana-7_1_T-1         ]	<SUCCESS>	 Time [ms]:	  1497	
2020-12-28 17:53:40,502	Batch Processor	INFO	[ARG_Carcarana-8_4_T-1         ]	<FAILURE>	 Time [ms]:	   773
2020-12-28 17:53:40,503	Batch Processor	INFO	[ARG_Carcarana-9_2_T-1         ]	<SUCCESS>	 Time [ms]:	  1249	
2020-12-28 17:53:40,504	Batch Processor	INFO	[BEL_Aarschot-11_1_T-1         ]	<SUCCESS>	 Time [ms]:	   587	
2020-12-28 17:53:40,505	Batch Processor	INFO	[BEL_Aarschot-1_2_T-1          ]	<SUCCESS>	 Time [ms]:	   842	
2020-12-28 17:53:40,506	Batch Processor	INFO	[BEL_Aarschot-3_1_T-1          ]	<SUCCESS>	 Time [ms]:	   383	
2020-12-28 17:53:40,508	Batch Processor	INFO	[BEL_Aarschot-5_1_T-1          ]	<SUCCESS>	 Time [ms]:	   727	
2020-12-28 17:53:40,508	Batch Processor	INFO	[BEL_Aarschot-6_1_T-1          ]	<FAILURE>	 Time [ms]:	   426
2020-12-28 17:53:40,509	Batch Processor	INFO	[BEL_Beringen-1_1_T-1          ]	<SUCCESS>	 Time [ms]:	   531	
2020-12-28 17:53:40,511	Batch Processor	INFO	[BEL_Beringen-8_1_T-1          ]	<SUCCESS>	 Time [ms]:	   448	
2020-12-28 17:53:40,513	Batch Processor	INFO	[BEL_Nivelles-10_1_T-1         ]	<SUCCESS>	 Time [ms]:	   703	
2020-12-28 17:53:40,515	Batch Processor	INFO	[BEL_Nivelles-16_2_T-1         ]	<SUCCESS>	 Time [ms]:	   213	
2020-12-28 17:53:40,516	Batch Processor	INFO	[BEL_Nivelles-18_2_T-1         ]	<SUCCESS>	 Time [ms]:	  1092	
2020-12-28 17:53:40,518	Batch Processor	INFO	[BEL_Nivelles-19_1_T-1         ]	<SUCCESS>	 Time [ms]:	   924	
2020-12-28 17:53:40,520	Batch Processor	INFO	[BEL_Nivelles-1_1_T-1          ]	<SUCCESS>	 Time [ms]:	   437	
2020-12-28 17:53:40,521	Batch Processor	INFO	[BEL_Nivelles-20_1_T-1         ]	<SUCCESS>	 Time [ms]:	   826	
2020-12-28 17:53:40,523	Batch Processor	INFO	[BEL_Nivelles-3_1_T-1          ]	<SUCCESS>	 Time [ms]:	  1557	
2020-12-28 17:53:40,524	Batch Processor	INFO	[BEL_Nivelles-4_2_T-1          ]	<SUCCESS>	 Time [ms]:	   768	
2020-12-28 17:53:40,526	Batch Processor	INFO	[BEL_Nivelles-9_2_T-1          ]	<SUCCESS>	 Time [ms]:	  1252	
2020-12-28 17:53:40,527	Batch Processor	INFO	[BEL_Putte-10_2_T-1            ]	<SUCCESS>	 Time [ms]:	   373	
2020-12-28 17:53:40,528	Batch Processor	INFO	[BEL_Putte-11_2_T-1            ]	<SUCCESS>	 Time [ms]:	   387	
2020-12-28 17:53:40,528	Batch Processor	INFO	[BEL_Putte-14_3_T-1            ]	<FAILURE>	 Time [ms]:	   162
2020-12-28 17:53:40,528	Batch Processor	INFO	[BEL_Putte-17_1_T-1            ]	<FAILURE>	 Time [ms]:	   335
2020-12-28 17:53:40,529	Batch Processor	INFO	[BEL_Putte-2_1_T-1             ]	<SUCCESS>	 Time [ms]:	   469	
2020-12-28 17:53:40,530	Batch Processor	INFO	[BEL_Putte-3_1_T-1             ]	<SUCCESS>	 Time [ms]:	   383	
2020-12-28 17:53:40,531	Batch Processor	INFO	[BEL_Putte-4_2_T-1             ]	<SUCCESS>	 Time [ms]:	   904	
2020-12-28 17:53:40,532	Batch Processor	INFO	[BEL_Putte-6_1_T-1             ]	<SUCCESS>	 Time [ms]:	   539	
2020-12-28 17:53:40,533	Batch Processor	INFO	[BEL_Wervik-1_4_T-1            ]	<SUCCESS>	 Time [ms]:	   530	
2020-12-28 17:53:40,534	Batch Processor	INFO	[BEL_Wervik-2_2_T-1            ]	<SUCCESS>	 Time [ms]:	   851	
2020-12-28 17:53:40,534	Batch Processor	INFO	[BEL_Wervik-4_1_T-1            ]	<SUCCESS>	 Time [ms]:	   626	
2020-12-28 17:53:40,535	Batch Processor	INFO	[BEL_Zaventem-1_2_T-1          ]	<SUCCESS>	 Time [ms]:	  1027	
2020-12-28 17:53:40,536	Batch Processor	INFO	[BEL_Zaventem-3_1_T-1          ]	<SUCCESS>	 Time [ms]:	   500	
2020-12-28 17:53:40,537	Batch Processor	INFO	[BEL_Zaventem-4_1_T-1          ]	<SUCCESS>	 Time [ms]:	   327	
2020-12-28 17:53:40,538	Batch Processor	INFO	[BEL_Zaventem-5_3_T-1          ]	<SUCCESS>	 Time [ms]:	   831	
2020-12-28 17:53:40,539	Batch Processor	INFO	[BEL_Zwevegem-2_3_T-1          ]	<SUCCESS>	 Time [ms]:	   782	
2020-12-28 17:53:40,539	Batch Processor	INFO	[BEL_Zwevegem-3_1_T-1          ]	<SUCCESS>	 Time [ms]:	   433	
2020-12-28 17:53:40,540	Batch Processor	INFO	[BEL_Zwevegem-5_2_T-1          ]	<SUCCESS>	 Time [ms]:	   848	
2020-12-28 17:53:40,541	Batch Processor	INFO	[BEL_Zwevegem-7_2_T-1          ]	<SUCCESS>	 Time [ms]:	   554	
2020-12-28 17:53:40,542	Batch Processor	INFO	[BEL_Zwevegem-8_1_T-1          ]	<SUCCESS>	 Time [ms]:	   696	
2020-12-28 17:53:40,543	Batch Processor	INFO	[BEL_Zwevegem-8_4_T-1          ]	<SUCCESS>	 Time [ms]:	   451	
2020-12-28 17:53:40,543	Batch Processor	INFO	[DEU_Backnang-1_2_T-1          ]	<SUCCESS>	 Time [ms]:	  1945	
2020-12-28 17:53:40,544	Batch Processor	INFO	[DEU_Backnang-4_1_T-1          ]	<SUCCESS>	 Time [ms]:	   932	
2020-12-28 17:53:40,545	Batch Processor	INFO	[DEU_Backnang-5_1_T-1          ]	<SUCCESS>	 Time [ms]:	   717	
2020-12-28 17:53:40,546	Batch Processor	INFO	[DEU_Backnang-6_1_T-1          ]	<SUCCESS>	 Time [ms]:	   947	
2020-12-28 17:53:40,547	Batch Processor	INFO	[DEU_Backnang-9_1_T-1          ]	<SUCCESS>	 Time [ms]:	   378	
2020-12-28 17:53:40,548	Batch Processor	INFO	[DEU_BadEssen-3_1_T-1          ]	<SUCCESS>	 Time [ms]:	  1133	
2020-12-28 17:53:40,548	Batch Processor	INFO	[DEU_BadEssen-4_1_T-1          ]	<SUCCESS>	 Time [ms]:	   235	
2020-12-28 17:53:40,549	Batch Processor	INFO	[DEU_BadWaldsee-1_1_T-1        ]	<SUCCESS>	 Time [ms]:	  1090	
2020-12-28 17:53:40,550	Batch Processor	INFO	[DEU_BadWaldsee-4_2_T-1        ]	<SUCCESS>	 Time [ms]:	   554	
2020-12-28 17:53:40,551	Batch Processor	INFO	[DEU_BadWaldsee-4_5_T-1        ]	<SUCCESS>	 Time [ms]:	   602	
2020-12-28 17:53:40,552	Batch Processor	INFO	[DEU_Bilderstoeckchen-2_3_T-1  ]	<SUCCESS>	 Time [ms]:	   435	
2020-12-28 17:53:40,553	Batch Processor	INFO	[DEU_Bilderstoeckchen-4_1_T-1  ]	<SUCCESS>	 Time [ms]:	   488	
2020-12-28 17:53:40,553	Batch Processor	INFO	[DEU_Flensburg-11_1_T-1        ]	<TIMEOUT>	 Time [ms]:	 60000
2020-12-28 17:53:40,553	Batch Processor	INFO	[DEU_Flensburg-12_1_T-1        ]	<TIMEOUT>	 Time [ms]:	 60000
2020-12-28 17:53:40,553	Batch Processor	INFO	[DEU_Flensburg-13_1_T-1        ]	<TIMEOUT>	 Time [ms]:	 60000
2020-12-28 17:53:40,554	Batch Processor	INFO	[DEU_Flensburg-14_1_T-1        ]	<TIMEOUT>	 Time [ms]:	 60000
2020-12-28 17:53:40,554	Batch Processor	INFO	[DEU_Flensburg-15_1_T-1        ]	<TIMEOUT>	 Time [ms]:	 60000
2020-12-28 17:53:40,554	Batch Processor	INFO	[DEU_Flensburg-16_1_T-1        ]	<TIMEOUT>	 Time [ms]:	 60000
2020-12-28 17:53:40,555	Batch Processor	INFO	[DEU_Flensburg-17_1_T-1        ]	<TIMEOUT>	 Time [ms]:	 60000
2020-12-28 17:53:40,555	Batch Processor	INFO	[DEU_Flensburg-20_1_T-1        ]	<TIMEOUT>	 Time [ms]:	 60000
2020-12-28 17:53:40,555	Batch Processor	INFO	[DEU_Flensburg-21_1_T-1        ]	<TIMEOUT>	 Time [ms]:	 60000
2020-12-28 17:53:40,557	Batch Processor	INFO	[DEU_Flensburg-22_1_T-1        ]	<SUCCESS>	 Time [ms]:	 10653	
2020-12-28 17:53:40,558	Batch Processor	INFO	[DEU_Flensburg-24_1_T-1        ]	<TIMEOUT>	 Time [ms]:	 60000
2020-12-28 17:53:40,558	Batch Processor	INFO	[DEU_Flensburg-26_1_T-1        ]	<TIMEOUT>	 Time [ms]:	 60000
2020-12-28 17:53:40,558	Batch Processor	INFO	[DEU_Flensburg-27_1_T-1        ]	<TIMEOUT>	 Time [ms]:	 60000
2020-12-28 17:53:40,559	Batch Processor	INFO	[DEU_Flensburg-28_1_T-1        ]	<TIMEOUT>	 Time [ms]:	 60000
2020-12-28 17:53:40,559	Batch Processor	INFO	[DEU_Flensburg-29_1_T-1        ]	<TIMEOUT>	 Time [ms]:	 60000
2020-12-28 17:53:40,559	Batch Processor	INFO	[DEU_Flensburg-30_1_T-1        ]	<TIMEOUT>	 Time [ms]:	 60000
2020-12-28 17:53:40,560	Batch Processor	INFO	[DEU_Flensburg-31_1_T-1        ]	<TIMEOUT>	 Time [ms]:	 60000
2020-12-28 17:53:40,560	Batch Processor	INFO	[DEU_Flensburg-32_1_T-1        ]	<TIMEOUT>	 Time [ms]:	 60000
2020-12-28 17:53:40,562	Batch Processor	INFO	[DEU_Flensburg-33_1_T-1        ]	<SUCCESS>	 Time [ms]:	   622	
2020-12-28 17:53:40,562	Batch Processor	INFO	[DEU_Flensburg-34_1_T-1        ]	<TIMEOUT>	 Time [ms]:	 60000
2020-12-28 17:53:40,562	Batch Processor	INFO	[DEU_Flensburg-35_1_T-1        ]	<TIMEOUT>	 Time [ms]:	 60000
2020-12-28 17:53:40,563	Batch Processor	INFO	[DEU_Flensburg-36_1_T-1        ]	<TIMEOUT>	 Time [ms]:	 60000
2020-12-28 17:53:40,563	Batch Processor	INFO	[DEU_Flensburg-37_1_T-1        ]	<TIMEOUT>	 Time [ms]:	 60000
2020-12-28 17:53:40,563	Batch Processor	INFO	[DEU_Flensburg-39_1_T-1        ]	<TIMEOUT>	 Time [ms]:	 60000
2020-12-28 17:53:40,563	Batch Processor	INFO	[DEU_Flensburg-40_1_T-1        ]	<TIMEOUT>	 Time [ms]:	 60000
2020-12-28 17:53:40,564	Batch Processor	INFO	[DEU_Flensburg-41_1_T-1        ]	<TIMEOUT>	 Time [ms]:	 60000
2020-12-28 17:53:40,564	Batch Processor	INFO	[DEU_Flensburg-42_1_T-1        ]	<TIMEOUT>	 Time [ms]:	 60000
2020-12-28 17:53:40,564	Batch Processor	INFO	[DEU_Flensburg-43_1_T-1        ]	<TIMEOUT>	 Time [ms]:	 60000
2020-12-28 17:53:40,566	Batch Processor	INFO	[DEU_Flensburg-44_1_T-1        ]	<SUCCESS>	 Time [ms]:	  6750	
2020-12-28 17:53:40,566	Batch Processor	INFO	[DEU_Flensburg-45_1_T-1        ]	<TIMEOUT>	 Time [ms]:	 60000
2020-12-28 17:53:40,567	Batch Processor	INFO	[DEU_Flensburg-46_1_T-1        ]	<TIMEOUT>	 Time [ms]:	 60000
2020-12-28 17:53:40,567	Batch Processor	INFO	[DEU_Flensburg-47_1_T-1        ]	<TIMEOUT>	 Time [ms]:	 60000
2020-12-28 17:53:40,569	Batch Processor	INFO	[DEU_Flensburg-48_1_T-1        ]	<SUCCESS>	 Time [ms]:	  1225	
2020-12-28 17:53:40,571	Batch Processor	INFO	[DEU_Flensburg-49_1_T-1        ]	<SUCCESS>	 Time [ms]:	  1033	
2020-12-28 17:53:40,571	Batch Processor	INFO	[DEU_Flensburg-50_1_T-1        ]	<TIMEOUT>	 Time [ms]:	 60000
2020-12-28 17:53:40,573	Batch Processor	INFO	[DEU_Flensburg-51_1_T-1        ]	<SUCCESS>	 Time [ms]:	  1009	
2020-12-28 17:53:40,575	Batch Processor	INFO	[DEU_Flensburg-52_1_T-1        ]	<SUCCESS>	 Time [ms]:	  6198	
2020-12-28 17:53:40,575	Batch Processor	INFO	[DEU_Flensburg-54_1_T-1        ]	<TIMEOUT>	 Time [ms]:	 60000
2020-12-28 17:53:40,575	Batch Processor	INFO	[DEU_Flensburg-55_1_T-1        ]	<TIMEOUT>	 Time [ms]:	 60000
2020-12-28 17:53:40,576	Batch Processor	INFO	[DEU_Flensburg-56_1_T-1        ]	<TIMEOUT>	 Time [ms]:	 60000
2020-12-28 17:53:40,576	Batch Processor	INFO	[DEU_Flensburg-57_1_T-1        ]	<TIMEOUT>	 Time [ms]:	 60000
2020-12-28 17:53:40,576	Batch Processor	INFO	[DEU_Flensburg-58_1_T-1        ]	<TIMEOUT>	 Time [ms]:	 60000
2020-12-28 17:53:40,577	Batch Processor	INFO	[DEU_Flensburg-59_1_T-1        ]	<TIMEOUT>	 Time [ms]:	 60000
2020-12-28 17:53:40,577	Batch Processor	INFO	[DEU_Flensburg-60_1_T-1        ]	<TIMEOUT>	 Time [ms]:	 60000
2020-12-28 17:53:40,577	Batch Processor	INFO	[DEU_Flensburg-61_1_T-1        ]	<TIMEOUT>	 Time [ms]:	 60000
2020-12-28 17:53:40,579	Batch Processor	INFO	[DEU_Flensburg-62_1_T-1        ]	<SUCCESS>	 Time [ms]:	  4854	
2020-12-28 17:53:40,579	Batch Processor	INFO	[DEU_Flensburg-63_1_T-1        ]	<TIMEOUT>	 Time [ms]:	 60000
2020-12-28 17:53:40,580	Batch Processor	INFO	[DEU_Flensburg-64_1_T-1        ]	<FAILURE>	 Time [ms]:	   410
2020-12-28 17:53:40,580	Batch Processor	INFO	[DEU_Flensburg-65_1_T-1        ]	<TIMEOUT>	 Time [ms]:	 60000
2020-12-28 17:53:40,580	Batch Processor	INFO	[DEU_Flensburg-66_1_T-1        ]	<TIMEOUT>	 Time [ms]:	 60000
2020-12-28 17:53:40,580	Batch Processor	INFO	[DEU_Flensburg-68_1_T-1        ]	<TIMEOUT>	 Time [ms]:	 60000
2020-12-28 17:53:40,581	Batch Processor	INFO	[DEU_Flensburg-69_1_T-1        ]	<TIMEOUT>	 Time [ms]:	 60000
2020-12-28 17:53:40,581	Batch Processor	INFO	[DEU_Flensburg-70_1_T-1        ]	<TIMEOUT>	 Time [ms]:	 60000
2020-12-28 17:53:40,581	Batch Processor	INFO	[DEU_Flensburg-71_1_T-1        ]	<TIMEOUT>	 Time [ms]:	 60000
2020-12-28 17:53:40,581	Batch Processor	INFO	[DEU_Flensburg-72_1_T-1        ]	<TIMEOUT>	 Time [ms]:	 60000
2020-12-28 17:53:40,582	Batch Processor	INFO	[DEU_Flensburg-73_1_T-1        ]	<TIMEOUT>	 Time [ms]:	 60000
2020-12-28 17:53:40,582	Batch Processor	INFO	[DEU_Flensburg-74_1_T-1        ]	<TIMEOUT>	 Time [ms]:	 60000
2020-12-28 17:53:40,582	Batch Processor	INFO	[DEU_Flensburg-75_1_T-1        ]	<TIMEOUT>	 Time [ms]:	 60000
2020-12-28 17:53:40,582	Batch Processor	INFO	[DEU_Flensburg-76_1_T-1        ]	<TIMEOUT>	 Time [ms]:	 60000
2020-12-28 17:53:40,582	Batch Processor	INFO	[DEU_Flensburg-77_1_T-1        ]	<TIMEOUT>	 Time [ms]:	 60000
2020-12-28 17:53:40,583	Batch Processor	INFO	[DEU_Flensburg-78_1_T-1        ]	<TIMEOUT>	 Time [ms]:	 60000
2020-12-28 17:53:40,583	Batch Processor	INFO	[DEU_Flensburg-80_1_T-1        ]	<TIMEOUT>	 Time [ms]:	 60000
2020-12-28 17:53:40,585	Batch Processor	INFO	[DEU_Flensburg-81_1_T-1        ]	<SUCCESS>	 Time [ms]:	   664	
2020-12-28 17:53:40,585	Batch Processor	INFO	[DEU_Flensburg-82_1_T-1        ]	<TIMEOUT>	 Time [ms]:	 60000
2020-12-28 17:53:40,585	Batch Processor	INFO	[DEU_Flensburg-83_1_T-1        ]	<TIMEOUT>	 Time [ms]:	 60000
2020-12-28 17:53:40,585	Batch Processor	INFO	[DEU_Flensburg-84_1_T-1        ]	<TIMEOUT>	 Time [ms]:	 60000
2020-12-28 17:53:40,586	Batch Processor	INFO	[DEU_Flensburg-85_1_T-1        ]	<TIMEOUT>	 Time [ms]:	 60000
2020-12-28 17:53:40,586	Batch Processor	INFO	[DEU_Flensburg-86_1_T-1        ]	<TIMEOUT>	 Time [ms]:	 60000
2020-12-28 17:53:40,586	Batch Processor	INFO	[DEU_Flensburg-87_1_T-1        ]	<TIMEOUT>	 Time [ms]:	 60000
2020-12-28 17:53:40,586	Batch Processor	INFO	[DEU_Flensburg-88_1_T-1        ]	<TIMEOUT>	 Time [ms]:	 60000
2020-12-28 17:53:40,588	Batch Processor	INFO	[DEU_Flensburg-89_1_T-1        ]	<SUCCESS>	 Time [ms]:	 14199	
2020-12-28 17:53:40,588	Batch Processor	INFO	[DEU_Flensburg-90_1_T-1        ]	<TIMEOUT>	 Time [ms]:	 60000
2020-12-28 17:53:40,588	Batch Processor	INFO	[DEU_Flensburg-91_1_T-1        ]	<TIMEOUT>	 Time [ms]:	 60000
2020-12-28 17:53:40,589	Batch Processor	INFO	[DEU_Flensburg-92_1_T-1        ]	<TIMEOUT>	 Time [ms]:	 60000
2020-12-28 17:53:40,589	Batch Processor	INFO	[DEU_Flensburg-93_1_T-1        ]	<TIMEOUT>	 Time [ms]:	 60000
2020-12-28 17:53:40,589	Batch Processor	INFO	[DEU_Flensburg-94_1_T-1        ]	<TIMEOUT>	 Time [ms]:	 60000
2020-12-28 17:53:40,589	Batch Processor	INFO	[DEU_Flensburg-95_1_T-1        ]	<TIMEOUT>	 Time [ms]:	 60000
2020-12-28 17:53:40,589	Batch Processor	INFO	[DEU_Flensburg-96_1_T-1        ]	<TIMEOUT>	 Time [ms]:	 60000
2020-12-28 17:53:40,590	Batch Processor	INFO	[DEU_Flensburg-97_1_T-1        ]	<TIMEOUT>	 Time [ms]:	 60000
2020-12-28 17:53:40,592	Batch Processor	INFO	[DEU_Flensburg-98_1_T-1        ]	<SUCCESS>	 Time [ms]:	  1048	
2020-12-28 17:53:40,592	Batch Processor	INFO	[DEU_Flensburg-99_1_T-1        ]	<TIMEOUT>	 Time [ms]:	 60000
2020-12-28 17:53:40,592	Batch Processor	INFO	[DEU_Guetersloh-10_4_T-1       ]	<FAILURE>	 Time [ms]:	   999
2020-12-28 17:53:40,593	Batch Processor	INFO	[DEU_Guetersloh-10_5_T-1       ]	<SUCCESS>	 Time [ms]:	  1222	
2020-12-28 17:53:40,594	Batch Processor	INFO	[DEU_Guetersloh-11_3_T-1       ]	<SUCCESS>	 Time [ms]:	  1162	
2020-12-28 17:53:40,595	Batch Processor	INFO	[DEU_Guetersloh-12_1_T-1       ]	<SUCCESS>	 Time [ms]:	   704	
2020-12-28 17:53:40,595	Batch Processor	INFO	[DEU_Guetersloh-14_2_T-1       ]	<SUCCESS>	 Time [ms]:	   559	
2020-12-28 17:53:40,596	Batch Processor	INFO	[DEU_Guetersloh-15_2_T-1       ]	<SUCCESS>	 Time [ms]:	  1284	
2020-12-28 17:53:40,597	Batch Processor	INFO	[DEU_Guetersloh-16_2_T-1       ]	<SUCCESS>	 Time [ms]:	   599	
2020-12-28 17:53:40,598	Batch Processor	INFO	[DEU_Guetersloh-16_5_T-1       ]	<SUCCESS>	 Time [ms]:	  1004	
2020-12-28 17:53:40,599	Batch Processor	INFO	[DEU_Guetersloh-17_2_T-1       ]	<SUCCESS>	 Time [ms]:	   723	
2020-12-28 17:53:40,599	Batch Processor	INFO	[DEU_Guetersloh-18_2_T-1       ]	<SUCCESS>	 Time [ms]:	   778	
2020-12-28 17:53:40,600	Batch Processor	INFO	[DEU_Guetersloh-19_1_T-1       ]	<SUCCESS>	 Time [ms]:	  1314	
2020-12-28 17:53:40,601	Batch Processor	INFO	[DEU_Guetersloh-20_1_T-1       ]	<SUCCESS>	 Time [ms]:	   564	
2020-12-28 17:53:40,602	Batch Processor	INFO	[DEU_Guetersloh-20_3_T-1       ]	<SUCCESS>	 Time [ms]:	   663	
2020-12-28 17:53:40,603	Batch Processor	INFO	[DEU_Guetersloh-21_1_T-1       ]	<SUCCESS>	 Time [ms]:	  3093	
2020-12-28 17:53:40,603	Batch Processor	INFO	[DEU_Guetersloh-24_1_T-1       ]	<SUCCESS>	 Time [ms]:	   903	
2020-12-28 17:53:40,604	Batch Processor	INFO	[DEU_Guetersloh-24_2_T-1       ]	<SUCCESS>	 Time [ms]:	   610	
2020-12-28 17:53:40,605	Batch Processor	INFO	[DEU_Guetersloh-24_3_T-1       ]	<SUCCESS>	 Time [ms]:	   702	
2020-12-28 17:53:40,606	Batch Processor	INFO	[DEU_Guetersloh-25_2_T-1       ]	<SUCCESS>	 Time [ms]:	   819	
2020-12-28 17:53:40,607	Batch Processor	INFO	[DEU_Guetersloh-25_4_T-1       ]	<SUCCESS>	 Time [ms]:	  1208	
2020-12-28 17:53:40,607	Batch Processor	INFO	[DEU_Guetersloh-27_1_T-1       ]	<SUCCESS>	 Time [ms]:	   608	
2020-12-28 17:53:40,608	Batch Processor	INFO	[DEU_Guetersloh-30_1_T-1       ]	<SUCCESS>	 Time [ms]:	   895	
2020-12-28 17:53:40,609	Batch Processor	INFO	[DEU_Guetersloh-31_4_T-1       ]	<SUCCESS>	 Time [ms]:	   477	
2020-12-28 17:53:40,610	Batch Processor	INFO	[DEU_Guetersloh-32_3_T-1       ]	<SUCCESS>	 Time [ms]:	   864	
2020-12-28 17:53:40,611	Batch Processor	INFO	[DEU_Guetersloh-33_1_T-1       ]	<SUCCESS>	 Time [ms]:	   751	
2020-12-28 17:53:40,611	Batch Processor	INFO	[DEU_Guetersloh-34_2_T-1       ]	<SUCCESS>	 Time [ms]:	   616	
2020-12-28 17:53:40,612	Batch Processor	INFO	[DEU_Guetersloh-36_1_T-1       ]	<SUCCESS>	 Time [ms]:	   845	
2020-12-28 17:53:40,613	Batch Processor	INFO	[DEU_Guetersloh-39_3_T-1       ]	<SUCCESS>	 Time [ms]:	   595	
2020-12-28 17:53:40,614	Batch Processor	INFO	[DEU_Guetersloh-39_5_T-1       ]	<SUCCESS>	 Time [ms]:	   752	
2020-12-28 17:53:40,615	Batch Processor	INFO	[DEU_Guetersloh-40_4_T-1       ]	<SUCCESS>	 Time [ms]:	   481	
2020-12-28 17:53:40,615	Batch Processor	INFO	[DEU_Guetersloh-40_5_T-1       ]	<SUCCESS>	 Time [ms]:	   714	
2020-12-28 17:53:40,616	Batch Processor	INFO	[DEU_Guetersloh-41_1_T-1       ]	<SUCCESS>	 Time [ms]:	   671	
2020-12-28 17:53:40,617	Batch Processor	INFO	[DEU_Guetersloh-42_1_T-1       ]	<SUCCESS>	 Time [ms]:	   825	
2020-12-28 17:53:40,618	Batch Processor	INFO	[DEU_Guetersloh-4_5_T-1        ]	<SUCCESS>	 Time [ms]:	  1571	
2020-12-28 17:53:40,619	Batch Processor	INFO	[DEU_Guetersloh-50_1_T-1       ]	<SUCCESS>	 Time [ms]:	   375	
2020-12-28 17:53:40,619	Batch Processor	INFO	[DEU_Guetersloh-54_1_T-1       ]	<SUCCESS>	 Time [ms]:	   674	
2020-12-28 17:53:40,620	Batch Processor	INFO	[DEU_Guetersloh-55_1_T-1       ]	<SUCCESS>	 Time [ms]:	   636	
2020-12-28 17:53:40,621	Batch Processor	INFO	[DEU_Guetersloh-55_3_T-1       ]	<SUCCESS>	 Time [ms]:	   637	
2020-12-28 17:53:40,622	Batch Processor	INFO	[DEU_Guetersloh-65_2_T-1       ]	<SUCCESS>	 Time [ms]:	   509	
2020-12-28 17:53:40,623	Batch Processor	INFO	[DEU_Guetersloh-6_3_T-1        ]	<SUCCESS>	 Time [ms]:	   644	
2020-12-28 17:53:40,624	Batch Processor	INFO	[DEU_Guetersloh-7_2_T-1        ]	<SUCCESS>	 Time [ms]:	   809	
2020-12-28 17:53:40,624	Batch Processor	INFO	[DEU_Guetersloh-8_1_T-1        ]	<SUCCESS>	 Time [ms]:	   330	
2020-12-28 17:53:40,625	Batch Processor	INFO	[DEU_Hennigsdorf-11_1_T-1      ]	<SUCCESS>	 Time [ms]:	   786	
2020-12-28 17:53:40,626	Batch Processor	INFO	[DEU_Hennigsdorf-12_1_T-1      ]	<SUCCESS>	 Time [ms]:	   481	
2020-12-28 17:53:40,627	Batch Processor	INFO	[DEU_Hennigsdorf-13_2_T-1      ]	<SUCCESS>	 Time [ms]:	   832	
2020-12-28 17:53:40,628	Batch Processor	INFO	[DEU_Hennigsdorf-14_3_T-1      ]	<SUCCESS>	 Time [ms]:	   732	
2020-12-28 17:53:40,628	Batch Processor	INFO	[DEU_Hennigsdorf-15_3_T-1      ]	<SUCCESS>	 Time [ms]:	  2462	
2020-12-28 17:53:40,629	Batch Processor	INFO	[DEU_Hennigsdorf-18_2_T-1      ]	<SUCCESS>	 Time [ms]:	  1153	
2020-12-28 17:53:40,630	Batch Processor	INFO	[DEU_Hennigsdorf-3_2_T-1       ]	<SUCCESS>	 Time [ms]:	  1409	
2020-12-28 17:53:40,631	Batch Processor	INFO	[DEU_Hennigsdorf-3_5_T-1       ]	<SUCCESS>	 Time [ms]:	   452	
2020-12-28 17:53:40,632	Batch Processor	INFO	[DEU_Hennigsdorf-5_1_T-1       ]	<SUCCESS>	 Time [ms]:	   610	
2020-12-28 17:53:40,633	Batch Processor	INFO	[DEU_Hennigsdorf-5_4_T-1       ]	<SUCCESS>	 Time [ms]:	   925	
2020-12-28 17:53:40,633	Batch Processor	INFO	[DEU_Hennigsdorf-7_3_T-1       ]	<SUCCESS>	 Time [ms]:	   744	
2020-12-28 17:53:40,634	Batch Processor	INFO	[DEU_Hennigsdorf-9_2_T-1       ]	<SUCCESS>	 Time [ms]:	  1988	
2020-12-28 17:53:40,635	Batch Processor	INFO	[DEU_Ibbenbueren-10_2_T-1      ]	<SUCCESS>	 Time [ms]:	   858	
2020-12-28 17:53:40,636	Batch Processor	INFO	[DEU_Ibbenbueren-11_2_T-1      ]	<SUCCESS>	 Time [ms]:	   591	
2020-12-28 17:53:40,637	Batch Processor	INFO	[DEU_Ibbenbueren-12_1_T-1      ]	<SUCCESS>	 Time [ms]:	  1001	
2020-12-28 17:53:40,638	Batch Processor	INFO	[DEU_Ibbenbueren-13_3_T-1      ]	<SUCCESS>	 Time [ms]:	   635	
2020-12-28 17:53:40,638	Batch Processor	INFO	[DEU_Ibbenbueren-14_1_T-1      ]	<SUCCESS>	 Time [ms]:	   511	
2020-12-28 17:53:40,639	Batch Processor	INFO	[DEU_Ibbenbueren-15_4_T-1      ]	<SUCCESS>	 Time [ms]:	   850	
2020-12-28 17:53:40,640	Batch Processor	INFO	[DEU_Ibbenbueren-16_3_T-1      ]	<SUCCESS>	 Time [ms]:	   561	
2020-12-28 17:53:40,641	Batch Processor	INFO	[DEU_Ibbenbueren-16_5_T-1      ]	<SUCCESS>	 Time [ms]:	   777	
2020-12-28 17:53:40,642	Batch Processor	INFO	[DEU_Ibbenbueren-2_2_T-1       ]	<SUCCESS>	 Time [ms]:	   768	
2020-12-28 17:53:40,643	Batch Processor	INFO	[DEU_Ibbenbueren-3_3_T-1       ]	<SUCCESS>	 Time [ms]:	   463	
2020-12-28 17:53:40,643	Batch Processor	INFO	[DEU_Ibbenbueren-4_2_T-1       ]	<SUCCESS>	 Time [ms]:	  1242	
2020-12-28 17:53:40,644	Batch Processor	INFO	[DEU_Ibbenbueren-6_3_T-1       ]	<SUCCESS>	 Time [ms]:	   930	
2020-12-28 17:53:40,645	Batch Processor	INFO	[DEU_Ibbenbueren-6_4_T-1       ]	<SUCCESS>	 Time [ms]:	   723	
2020-12-28 17:53:40,646	Batch Processor	INFO	[DEU_Ibbenbueren-7_1_T-1       ]	<SUCCESS>	 Time [ms]:	   840	
2020-12-28 17:53:40,647	Batch Processor	INFO	[DEU_Ibbenbueren-9_1_T-1       ]	<SUCCESS>	 Time [ms]:	   829	
2020-12-28 17:53:40,647	Batch Processor	INFO	[DEU_Lohmar-10_1_T-1           ]	<TIMEOUT>	 Time [ms]:	 60000
2020-12-28 17:53:40,649	Batch Processor	INFO	[DEU_Lohmar-11_1_T-1           ]	<SUCCESS>	 Time [ms]:	   927	
2020-12-28 17:53:40,649	Batch Processor	INFO	[DEU_Lohmar-12_1_T-1           ]	<FAILURE>	 Time [ms]:	   643
2020-12-28 17:53:40,650	Batch Processor	INFO	[DEU_Lohmar-14_1_T-1           ]	<TIMEOUT>	 Time [ms]:	 60000
2020-12-28 17:53:40,650	Batch Processor	INFO	[DEU_Lohmar-15_1_T-1           ]	<TIMEOUT>	 Time [ms]:	 60000
2020-12-28 17:53:40,650	Batch Processor	INFO	[DEU_Lohmar-16_1_T-1           ]	<TIMEOUT>	 Time [ms]:	 60000
2020-12-28 17:53:40,651	Batch Processor	INFO	[DEU_Lohmar-17_1_T-1           ]	<TIMEOUT>	 Time [ms]:	 60000
2020-12-28 17:53:40,651	Batch Processor	INFO	[DEU_Lohmar-18_1_T-1           ]	<TIMEOUT>	 Time [ms]:	 60000
2020-12-28 17:53:40,651	Batch Processor	INFO	[DEU_Lohmar-19_1_T-1           ]	<FAILURE>	 Time [ms]:	   916
2020-12-28 17:53:40,651	Batch Processor	INFO	[DEU_Lohmar-20_1_T-1           ]	<TIMEOUT>	 Time [ms]:	 60000
2020-12-28 17:53:40,652	Batch Processor	INFO	[DEU_Lohmar-21_1_T-1           ]	<TIMEOUT>	 Time [ms]:	 60000
2020-12-28 17:53:40,652	Batch Processor	INFO	[DEU_Lohmar-22_1_T-1           ]	<TIMEOUT>	 Time [ms]:	 60000
2020-12-28 17:53:40,652	Batch Processor	INFO	[DEU_Lohmar-23_1_T-1           ]	<TIMEOUT>	 Time [ms]:	 60000
2020-12-28 17:53:40,652	Batch Processor	INFO	[DEU_Lohmar-24_1_T-1           ]	<TIMEOUT>	 Time [ms]:	 60000
2020-12-28 17:53:40,652	Batch Processor	INFO	[DEU_Lohmar-25_1_T-1           ]	<TIMEOUT>	 Time [ms]:	 60000
2020-12-28 17:53:40,652	Batch Processor	INFO	[DEU_Lohmar-26_1_T-1           ]	<TIMEOUT>	 Time [ms]:	 60000
2020-12-28 17:53:40,654	Batch Processor	INFO	[DEU_Lohmar-27_1_T-1           ]	<SUCCESS>	 Time [ms]:	  6612	
2020-12-28 17:53:40,655	Batch Processor	INFO	[DEU_Lohmar-29_1_T-1           ]	<TIMEOUT>	 Time [ms]:	 60000
2020-12-28 17:53:40,657	Batch Processor	INFO	[DEU_Lohmar-30_1_T-1           ]	<SUCCESS>	 Time [ms]:	  1723	
2020-12-28 17:53:40,657	Batch Processor	INFO	[DEU_Lohmar-31_1_T-1           ]	<TIMEOUT>	 Time [ms]:	 60000
2020-12-28 17:53:40,657	Batch Processor	INFO	[DEU_Lohmar-32_1_T-1           ]	<TIMEOUT>	 Time [ms]:	 60000
2020-12-28 17:53:40,657	Batch Processor	INFO	[DEU_Lohmar-33_1_T-1           ]	<TIMEOUT>	 Time [ms]:	 60000
2020-12-28 17:53:40,657	Batch Processor	INFO	[DEU_Lohmar-34_1_T-1           ]	<TIMEOUT>	 Time [ms]:	 60000
2020-12-28 17:53:40,659	Batch Processor	INFO	[DEU_Lohmar-35_1_T-1           ]	<SUCCESS>	 Time [ms]:	  1114	
2020-12-28 17:53:40,660	Batch Processor	INFO	[DEU_Lohmar-36_1_T-1           ]	<TIMEOUT>	 Time [ms]:	 60000
2020-12-28 17:53:40,661	Batch Processor	INFO	[DEU_Lohmar-37_1_T-1           ]	<SUCCESS>	 Time [ms]:	  1549	
2020-12-28 17:53:40,662	Batch Processor	INFO	[DEU_Lohmar-38_1_T-1           ]	<TIMEOUT>	 Time [ms]:	 60000
2020-12-28 17:53:40,662	Batch Processor	INFO	[DEU_Lohmar-39_1_T-1           ]	<TIMEOUT>	 Time [ms]:	 60000
2020-12-28 17:53:40,662	Batch Processor	INFO	[DEU_Lohmar-40_1_T-1           ]	<TIMEOUT>	 Time [ms]:	 60000
2020-12-28 17:53:40,662	Batch Processor	INFO	[DEU_Lohmar-41_1_T-1           ]	<TIMEOUT>	 Time [ms]:	 60000
2020-12-28 17:53:40,663	Batch Processor	INFO	[DEU_Lohmar-42_1_T-1           ]	<TIMEOUT>	 Time [ms]:	 60000
2020-12-28 17:53:40,663	Batch Processor	INFO	[DEU_Lohmar-43_1_T-1           ]	<TIMEOUT>	 Time [ms]:	 60000
2020-12-28 17:53:40,665	Batch Processor	INFO	[DEU_Lohmar-44_1_T-1           ]	<SUCCESS>	 Time [ms]:	  1237	
2020-12-28 17:53:40,667	Batch Processor	INFO	[DEU_Lohmar-45_1_T-1           ]	<SUCCESS>	 Time [ms]:	   741	
2020-12-28 17:53:40,667	Batch Processor	INFO	[DEU_Lohmar-46_1_T-1           ]	<TIMEOUT>	 Time [ms]:	 60000
2020-12-28 17:53:40,667	Batch Processor	INFO	[DEU_Lohmar-47_1_T-1           ]	<TIMEOUT>	 Time [ms]:	 60000
2020-12-28 17:53:40,667	Batch Processor	INFO	[DEU_Lohmar-48_1_T-1           ]	<TIMEOUT>	 Time [ms]:	 60000
2020-12-28 17:53:40,667	Batch Processor	INFO	[DEU_Lohmar-49_1_T-1           ]	<TIMEOUT>	 Time [ms]:	 60000
2020-12-28 17:53:40,668	Batch Processor	INFO	[DEU_Lohmar-50_1_T-1           ]	<TIMEOUT>	 Time [ms]:	 60000
2020-12-28 17:53:40,668	Batch Processor	INFO	[DEU_Lohmar-51_1_T-1           ]	<TIMEOUT>	 Time [ms]:	 60000
2020-12-28 17:53:40,668	Batch Processor	INFO	[DEU_Lohmar-52_1_T-1           ]	<TIMEOUT>	 Time [ms]:	 60000
2020-12-28 17:53:40,670	Batch Processor	INFO	[DEU_Lohmar-53_1_T-1           ]	<SUCCESS>	 Time [ms]:	  1713	
2020-12-28 17:53:40,670	Batch Processor	INFO	[DEU_Lohmar-54_1_T-1           ]	<TIMEOUT>	 Time [ms]:	 60000
2020-12-28 17:53:40,670	Batch Processor	INFO	[DEU_Lohmar-55_1_T-1           ]	<TIMEOUT>	 Time [ms]:	 60000
2020-12-28 17:53:40,672	Batch Processor	INFO	[DEU_Lohmar-56_1_T-1           ]	<SUCCESS>	 Time [ms]:	  1387	
2020-12-28 17:53:40,672	Batch Processor	INFO	[DEU_Lohmar-58_1_T-1           ]	<TIMEOUT>	 Time [ms]:	 60000
2020-12-28 17:53:40,673	Batch Processor	INFO	[DEU_Lohmar-59_1_T-1           ]	<TIMEOUT>	 Time [ms]:	 60000
2020-12-28 17:53:40,673	Batch Processor	INFO	[DEU_Lohmar-60_1_T-1           ]	<TIMEOUT>	 Time [ms]:	 60000
2020-12-28 17:53:40,673	Batch Processor	INFO	[DEU_Lohmar-61_1_T-1           ]	<TIMEOUT>	 Time [ms]:	 60000
2020-12-28 17:53:40,673	Batch Processor	INFO	[DEU_Lohmar-62_1_T-1           ]	<TIMEOUT>	 Time [ms]:	 60000
2020-12-28 17:53:40,673	Batch Processor	INFO	[DEU_Lohmar-63_1_T-1           ]	<TIMEOUT>	 Time [ms]:	 60000
2020-12-28 17:53:40,675	Batch Processor	INFO	[DEU_Lohmar-64_1_T-1           ]	<SUCCESS>	 Time [ms]:	  1154	
2020-12-28 17:53:40,676	Batch Processor	INFO	[DEU_Lohmar-65_1_T-1           ]	<TIMEOUT>	 Time [ms]:	 60000
2020-12-28 17:53:40,676	Batch Processor	INFO	[DEU_Lohmar-66_1_T-1           ]	<TIMEOUT>	 Time [ms]:	 60000
2020-12-28 17:53:40,676	Batch Processor	INFO	[DEU_Lohmar-67_1_T-1           ]	<TIMEOUT>	 Time [ms]:	 60000
2020-12-28 17:53:40,676	Batch Processor	INFO	[DEU_Lohmar-68_1_T-1           ]	<TIMEOUT>	 Time [ms]:	 60000
2020-12-28 17:53:40,676	Batch Processor	INFO	[DEU_Lohmar-69_1_T-1           ]	<TIMEOUT>	 Time [ms]:	 60000
2020-12-28 17:53:40,677	Batch Processor	INFO	[DEU_Lohmar-70_1_T-1           ]	<TIMEOUT>	 Time [ms]:	 60000
2020-12-28 17:53:40,679	Batch Processor	INFO	[DEU_Lohmar-8_1_T-1            ]	<SUCCESS>	 Time [ms]:	  1080	
2020-12-28 17:53:40,679	Batch Processor	INFO	[DEU_Lohmar-9_1_T-1            ]	<TIMEOUT>	 Time [ms]:	 60000
2020-12-28 17:53:40,679	Batch Processor	INFO	[DEU_Luckenwalde-1_1_T-1       ]	<TIMEOUT>	 Time [ms]:	 60000
2020-12-28 17:53:40,680	Batch Processor	INFO	[DEU_Meckenheim-1_4_T-1        ]	<SUCCESS>	 Time [ms]:	   536	
2020-12-28 17:53:40,681	Batch Processor	INFO	[DEU_Meckenheim-3_1_T-1        ]	<SUCCESS>	 Time [ms]:	   797	
2020-12-28 17:53:40,681	Batch Processor	INFO	[DEU_Meckenheim-5_1_T-1        ]	<SUCCESS>	 Time [ms]:	   545	
2020-12-28 17:53:40,682	Batch Processor	INFO	[DEU_Meckenheim-8_3_T-1        ]	<SUCCESS>	 Time [ms]:	  1145	
2020-12-28 17:53:40,683	Batch Processor	INFO	[DEU_Meckenheim-8_5_T-1        ]	<SUCCESS>	 Time [ms]:	  1101	
2020-12-28 17:53:40,684	Batch Processor	INFO	[DEU_Moabit-1_2_T-1            ]	<SUCCESS>	 Time [ms]:	  1370	
2020-12-28 17:53:40,685	Batch Processor	INFO	[DEU_Moabit-4_1_T-1            ]	<SUCCESS>	 Time [ms]:	   573	
2020-12-28 17:53:40,685	Batch Processor	INFO	[DEU_Moabit-5_2_T-1            ]	<SUCCESS>	 Time [ms]:	   522	
2020-12-28 17:53:40,686	Batch Processor	INFO	[DEU_Moabit-6_2_T-1            ]	<SUCCESS>	 Time [ms]:	   637	
2020-12-28 17:53:40,687	Batch Processor	INFO	[DEU_Moelln-10_3_T-1           ]	<SUCCESS>	 Time [ms]:	   361	
2020-12-28 17:53:40,688	Batch Processor	INFO	[DEU_Moelln-11_1_T-1           ]	<SUCCESS>	 Time [ms]:	   455	
2020-12-28 17:53:40,689	Batch Processor	INFO	[DEU_Moelln-12_1_T-1           ]	<SUCCESS>	 Time [ms]:	   530	
2020-12-28 17:53:40,689	Batch Processor	INFO	[DEU_Moelln-2_1_T-1            ]	<SUCCESS>	 Time [ms]:	  2957	
2020-12-28 17:53:40,690	Batch Processor	INFO	[DEU_Moelln-4_3_T-1            ]	<SUCCESS>	 Time [ms]:	   726	
2020-12-28 17:53:40,691	Batch Processor	INFO	[DEU_Moelln-6_1_T-1            ]	<SUCCESS>	 Time [ms]:	  1074	
2020-12-28 17:53:40,692	Batch Processor	INFO	[DEU_Moelln-7_1_T-1            ]	<SUCCESS>	 Time [ms]:	   510	
2020-12-28 17:53:40,693	Batch Processor	INFO	[DEU_Moelln-9_1_T-1            ]	<SUCCESS>	 Time [ms]:	  2661	
2020-12-28 17:53:40,693	Batch Processor	INFO	[DEU_Muehlhausen-11_1_T-1      ]	<SUCCESS>	 Time [ms]:	   814	
2020-12-28 17:53:40,694	Batch Processor	INFO	[DEU_Muehlhausen-14_3_T-1      ]	<SUCCESS>	 Time [ms]:	   740	
2020-12-28 17:53:40,695	Batch Processor	INFO	[DEU_Muehlhausen-1_2_T-1       ]	<SUCCESS>	 Time [ms]:	  1093	
2020-12-28 17:53:40,696	Batch Processor	INFO	[DEU_Muehlhausen-1_3_T-1       ]	<SUCCESS>	 Time [ms]:	   467	
2020-12-28 17:53:40,697	Batch Processor	INFO	[DEU_Muehlhausen-2_1_T-1       ]	<SUCCESS>	 Time [ms]:	  2922	
2020-12-28 17:53:40,698	Batch Processor	INFO	[DEU_Muehlhausen-4_1_T-1       ]	<SUCCESS>	 Time [ms]:	  1289	
2020-12-28 17:53:40,699	Batch Processor	INFO	[DEU_Muehlhausen-5_1_T-1       ]	<SUCCESS>	 Time [ms]:	   969	
2020-12-28 17:53:40,701	Batch Processor	INFO	[DEU_Muehlhausen-6_1_T-1       ]	<SUCCESS>	 Time [ms]:	   590	
2020-12-28 17:53:40,702	Batch Processor	INFO	[DEU_Muehlhausen-7_2_T-1       ]	<SUCCESS>	 Time [ms]:	   698	
2020-12-28 17:53:40,702	Batch Processor	INFO	[DEU_Reutlingen-1_1_T-1        ]	<TIMEOUT>	 Time [ms]:	 60000
2020-12-28 17:53:40,702	Batch Processor	INFO	[DEU_Reutlingen-3_1_T-1        ]	<TIMEOUT>	 Time [ms]:	 60000
2020-12-28 17:53:40,702	Batch Processor	INFO	[DEU_Reutlingen-4_1_T-1        ]	<TIMEOUT>	 Time [ms]:	 60000
2020-12-28 17:53:40,702	Batch Processor	INFO	[DEU_Reutlingen-5_1_T-1        ]	<TIMEOUT>	 Time [ms]:	 60000
2020-12-28 17:53:40,703	Batch Processor	INFO	[DEU_Reutlingen-6_1_T-1        ]	<TIMEOUT>	 Time [ms]:	 60000
2020-12-28 17:53:40,703	Batch Processor	INFO	[DEU_Rheinbach-1_4_T-1         ]	<SUCCESS>	 Time [ms]:	  1445	
2020-12-28 17:53:40,704	Batch Processor	INFO	[DEU_Rheinbach-5_3_T-1         ]	<SUCCESS>	 Time [ms]:	  1237	
2020-12-28 17:53:40,705	Batch Processor	INFO	[DEU_Speyer-2_1_T-1            ]	<FAILURE>	 Time [ms]:	   324
2020-12-28 17:53:40,705	Batch Processor	INFO	[DEU_Speyer-2_4_T-1            ]	<SUCCESS>	 Time [ms]:	   342	
2020-12-28 17:53:40,706	Batch Processor	INFO	[DEU_Speyer-5_2_T-1            ]	<SUCCESS>	 Time [ms]:	   852	
2020-12-28 17:53:40,707	Batch Processor	INFO	[ESP_Almansa-1_1_T-1           ]	<SUCCESS>	 Time [ms]:	   854	
2020-12-28 17:53:40,708	Batch Processor	INFO	[ESP_Almansa-2_1_T-1           ]	<SUCCESS>	 Time [ms]:	  2549	
2020-12-28 17:53:40,709	Batch Processor	INFO	[ESP_Almansa-6_1_T-1           ]	<SUCCESS>	 Time [ms]:	  1648	
2020-12-28 17:53:40,709	Batch Processor	INFO	[ESP_Berga-10_1_T-1            ]	<SUCCESS>	 Time [ms]:	   911	
2020-12-28 17:53:40,710	Batch Processor	INFO	[ESP_Berga-4_4_T-1             ]	<SUCCESS>	 Time [ms]:	   490	
2020-12-28 17:53:40,711	Batch Processor	INFO	[ESP_Berga-6_1_T-1             ]	<SUCCESS>	 Time [ms]:	  3654	
2020-12-28 17:53:40,712	Batch Processor	INFO	[ESP_Berga-9_1_T-1             ]	<SUCCESS>	 Time [ms]:	  1020	
2020-12-28 17:53:40,713	Batch Processor	INFO	[ESP_Cambre-1_1_T-1            ]	<SUCCESS>	 Time [ms]:	   769	
2020-12-28 17:53:40,713	Batch Processor	INFO	[ESP_Cambre-2_1_T-1            ]	<SUCCESS>	 Time [ms]:	   950	
2020-12-28 17:53:40,714	Batch Processor	INFO	[ESP_Cambre-3_1_T-1            ]	<SUCCESS>	 Time [ms]:	   483	
2020-12-28 17:53:40,715	Batch Processor	INFO	[ESP_Ceuta-10_1_T-1            ]	<SUCCESS>	 Time [ms]:	  1192	
2020-12-28 17:53:40,715	Batch Processor	INFO	[ESP_Ceuta-11_1_T-1            ]	<FAILURE>	 Time [ms]:	  1160
2020-12-28 17:53:40,716	Batch Processor	INFO	[ESP_Ceuta-15_2_T-1            ]	<SUCCESS>	 Time [ms]:	   630	
2020-12-28 17:53:40,718	Batch Processor	INFO	[ESP_Ceuta-1_2_T-1             ]	<SUCCESS>	 Time [ms]:	  1110	
2020-12-28 17:53:40,719	Batch Processor	INFO	[ESP_Ceuta-2_1_T-1             ]	<SUCCESS>	 Time [ms]:	  1897	
2020-12-28 17:53:40,720	Batch Processor	INFO	[ESP_Ceuta-3_2_T-1             ]	<SUCCESS>	 Time [ms]:	  1076	
2020-12-28 17:53:40,721	Batch Processor	INFO	[ESP_Ceuta-4_1_T-1             ]	<SUCCESS>	 Time [ms]:	  1605	
2020-12-28 17:53:40,721	Batch Processor	INFO	[ESP_Ceuta-5_1_T-1             ]	<FAILURE>	 Time [ms]:	   561
2020-12-28 17:53:40,723	Batch Processor	INFO	[ESP_Ceuta-7_1_T-1             ]	<SUCCESS>	 Time [ms]:	   360	
2020-12-28 17:53:40,724	Batch Processor	INFO	[ESP_Ceuta-8_1_T-1             ]	<SUCCESS>	 Time [ms]:	   822	
2020-12-28 17:53:40,724	Batch Processor	INFO	[ESP_Inca-3_2_T-1              ]	<FAILURE>	 Time [ms]:	   514
2020-12-28 17:53:40,725	Batch Processor	INFO	[ESP_Inca-7_1_T-1              ]	<SUCCESS>	 Time [ms]:	  1565	
2020-12-28 17:53:40,726	Batch Processor	INFO	[ESP_Monzon-2_1_T-1            ]	<SUCCESS>	 Time [ms]:	   531	
2020-12-28 17:53:40,728	Batch Processor	INFO	[ESP_Monzon-3_1_T-1            ]	<SUCCESS>	 Time [ms]:	  1433	
2020-12-28 17:53:40,729	Batch Processor	INFO	[ESP_Monzon-5_1_T-1            ]	<SUCCESS>	 Time [ms]:	   918	
2020-12-28 17:53:40,730	Batch Processor	INFO	[ESP_Monzon-6_1_T-1            ]	<SUCCESS>	 Time [ms]:	  1148	
2020-12-28 17:53:40,731	Batch Processor	INFO	[ESP_Monzon-7_2_T-1            ]	<SUCCESS>	 Time [ms]:	  1361	
2020-12-28 17:53:40,733	Batch Processor	INFO	[ESP_Monzon-7_3_T-1            ]	<SUCCESS>	 Time [ms]:	  1024	
2020-12-28 17:53:40,734	Batch Processor	INFO	[ESP_Monzon-9_1_T-1            ]	<SUCCESS>	 Time [ms]:	  1821	
2020-12-28 17:53:40,735	Batch Processor	INFO	[ESP_PriegodeCordoba-2_3_T-1   ]	<SUCCESS>	 Time [ms]:	  1126	
2020-12-28 17:53:40,736	Batch Processor	INFO	[ESP_PriegodeCordoba-3_1_T-1   ]	<SUCCESS>	 Time [ms]:	   896	
2020-12-28 17:53:40,737	Batch Processor	INFO	[ESP_PriegodeCordoba-6_1_T-1   ]	<SUCCESS>	 Time [ms]:	  1351	
2020-12-28 17:53:40,738	Batch Processor	INFO	[ESP_Requena-6_2_T-1           ]	<SUCCESS>	 Time [ms]:	  1528	
2020-12-28 17:53:40,739	Batch Processor	INFO	[ESP_SantBoideLlobregat-14_1_T-1]	<SUCCESS>	 Time [ms]:	   649	
2020-12-28 17:53:40,740	Batch Processor	INFO	[ESP_SantBoideLlobregat-14_4_T-1]	<SUCCESS>	 Time [ms]:	   559	
2020-12-28 17:53:40,740	Batch Processor	INFO	[ESP_SantBoideLlobregat-18_2_T-1]	<SUCCESS>	 Time [ms]:	   296	
2020-12-28 17:53:40,741	Batch Processor	INFO	[ESP_SantBoideLlobregat-19_1_T-1]	<SUCCESS>	 Time [ms]:	  1839	
2020-12-28 17:53:40,742	Batch Processor	INFO	[ESP_SantBoideLlobregat-22_3_T-1]	<FAILURE>	 Time [ms]:	   183
2020-12-28 17:53:40,742	Batch Processor	INFO	[ESP_SantBoideLlobregat-23_2_T-1]	<SUCCESS>	 Time [ms]:	   576	
2020-12-28 17:53:40,743	Batch Processor	INFO	[ESP_SantBoideLlobregat-24_1_T-1]	<SUCCESS>	 Time [ms]:	   703	
2020-12-28 17:53:40,744	Batch Processor	INFO	[ESP_SantBoideLlobregat-3_1_T-1]	<SUCCESS>	 Time [ms]:	   602	
2020-12-28 17:53:40,744	Batch Processor	INFO	[ESP_SantBoideLlobregat-4_1_T-1]	<FAILURE>	 Time [ms]:	   393
2020-12-28 17:53:40,745	Batch Processor	INFO	[ESP_SantBoideLlobregat-6_2_T-1]	<SUCCESS>	 Time [ms]:	  1646	
2020-12-28 17:53:40,746	Batch Processor	INFO	[ESP_SantBoideLlobregat-8_1_T-1]	<SUCCESS>	 Time [ms]:	  1299	
2020-12-28 17:53:40,747	Batch Processor	INFO	[ESP_SantBoideLlobregat-8_5_T-1]	<SUCCESS>	 Time [ms]:	  1096	
2020-12-28 17:53:40,748	Batch Processor	INFO	[ESP_Toledo-10_1_T-1           ]	<SUCCESS>	 Time [ms]:	  1116	
2020-12-28 17:53:40,748	Batch Processor	INFO	[ESP_Toledo-10_2_T-1           ]	<SUCCESS>	 Time [ms]:	  1140	
2020-12-28 17:53:40,749	Batch Processor	INFO	[ESP_Toledo-11_1_T-1           ]	<SUCCESS>	 Time [ms]:	   400	
2020-12-28 17:53:40,750	Batch Processor	INFO	[ESP_Toledo-11_5_T-1           ]	<SUCCESS>	 Time [ms]:	   544	
2020-12-28 17:53:40,751	Batch Processor	INFO	[ESP_Toledo-22_1_T-1           ]	<SUCCESS>	 Time [ms]:	   516	
2020-12-28 17:53:40,752	Batch Processor	INFO	[ESP_Toledo-23_1_T-1           ]	<SUCCESS>	 Time [ms]:	   312	
2020-12-28 17:53:40,753	Batch Processor	INFO	[ESP_Toledo-5_1_T-1            ]	<SUCCESS>	 Time [ms]:	   593	
2020-12-28 17:53:40,753	Batch Processor	INFO	[ESP_Toledo-6_2_T-1            ]	<SUCCESS>	 Time [ms]:	  1038	
2020-12-28 17:53:40,754	Batch Processor	INFO	[ESP_Toledo-8_1_T-1            ]	<FAILURE>	 Time [ms]:	  1272
2020-12-28 17:53:40,755	Batch Processor	INFO	[ESP_Toledo-9_1_T-1            ]	<SUCCESS>	 Time [ms]:	   569	
2020-12-28 17:53:40,755	Batch Processor	INFO	[FRA_Anglet-1_2_T-1            ]	<SUCCESS>	 Time [ms]:	   940	
2020-12-28 17:53:40,756	Batch Processor	INFO	[FRA_Anglet-2_1_T-1            ]	<FAILURE>	 Time [ms]:	   656
2020-12-28 17:53:40,756	Batch Processor	INFO	[FRA_Anglet-3_2_T-1            ]	<SUCCESS>	 Time [ms]:	   987	
2020-12-28 17:53:40,757	Batch Processor	INFO	[FRA_Miramas-1_1_T-1           ]	<SUCCESS>	 Time [ms]:	  1276	
2020-12-28 17:53:40,758	Batch Processor	INFO	[FRA_Miramas-2_1_T-1           ]	<SUCCESS>	 Time [ms]:	  1110	
2020-12-28 17:53:40,759	Batch Processor	INFO	[FRA_Miramas-3_1_T-1           ]	<SUCCESS>	 Time [ms]:	  1112	
2020-12-28 17:53:40,760	Batch Processor	INFO	[FRA_Miramas-5_1_T-1           ]	<SUCCESS>	 Time [ms]:	  1856	
2020-12-28 17:53:40,760	Batch Processor	INFO	[FRA_Miramas-9_1_T-1           ]	<SUCCESS>	 Time [ms]:	   651	
2020-12-28 17:53:40,761	Batch Processor	INFO	[FRA_MoissyCramayel-1_1_T-1    ]	<SUCCESS>	 Time [ms]:	  1736	
2020-12-28 17:53:40,762	Batch Processor	INFO	[FRA_MoissyCramayel-2_1_T-1    ]	<SUCCESS>	 Time [ms]:	  1087	
2020-12-28 17:53:40,763	Batch Processor	INFO	[FRA_MoissyCramayel-4_1_T-1    ]	<SUCCESS>	 Time [ms]:	   890	
2020-12-28 17:53:40,764	Batch Processor	INFO	[FRA_Sete-1_1_T-1              ]	<SUCCESS>	 Time [ms]:	  1066	
2020-12-28 17:53:40,764	Batch Processor	INFO	[GRC_Perama-1_1_T-1            ]	<FAILURE>	 Time [ms]:	   863
2020-12-28 17:53:40,765	Batch Processor	INFO	[GRC_Perama-2_1_T-1            ]	<SUCCESS>	 Time [ms]:	   415	
2020-12-28 17:53:40,765	Batch Processor	INFO	[GRC_Perama-3_2_T-1            ]	<SUCCESS>	 Time [ms]:	   457	
2020-12-28 17:53:40,766	Batch Processor	INFO	[GRC_Perama-4_3_T-1            ]	<SUCCESS>	 Time [ms]:	  1043	
2020-12-28 17:53:40,767	Batch Processor	INFO	[GRC_Perama-7_1_T-1            ]	<SUCCESS>	 Time [ms]:	  1004	
2020-12-28 17:53:40,768	Batch Processor	INFO	[HRV_Pula-10_1_T-1             ]	<SUCCESS>	 Time [ms]:	  1257	
2020-12-28 17:53:40,769	Batch Processor	INFO	[HRV_Pula-12_3_T-1             ]	<SUCCESS>	 Time [ms]:	   731	
2020-12-28 17:53:40,769	Batch Processor	INFO	[HRV_Pula-13_2_T-1             ]	<SUCCESS>	 Time [ms]:	   787	
2020-12-28 17:53:40,770	Batch Processor	INFO	[HRV_Pula-15_1_T-1             ]	<SUCCESS>	 Time [ms]:	   783	
2020-12-28 17:53:40,771	Batch Processor	INFO	[HRV_Pula-18_1_T-1             ]	<SUCCESS>	 Time [ms]:	   926	
2020-12-28 17:53:40,772	Batch Processor	INFO	[HRV_Pula-19_2_T-1             ]	<SUCCESS>	 Time [ms]:	   590	
2020-12-28 17:53:40,773	Batch Processor	INFO	[HRV_Pula-21_1_T-1             ]	<SUCCESS>	 Time [ms]:	   870	
2020-12-28 17:53:40,773	Batch Processor	INFO	[HRV_Pula-22_1_T-1             ]	<SUCCESS>	 Time [ms]:	  1078	
2020-12-28 17:53:40,774	Batch Processor	INFO	[HRV_Pula-23_1_T-1             ]	<SUCCESS>	 Time [ms]:	   702	
2020-12-28 17:53:40,775	Batch Processor	INFO	[HRV_Pula-24_1_T-1             ]	<SUCCESS>	 Time [ms]:	   999	
2020-12-28 17:53:40,776	Batch Processor	INFO	[HRV_Pula-25_1_T-1             ]	<SUCCESS>	 Time [ms]:	   507	
2020-12-28 17:53:40,777	Batch Processor	INFO	[HRV_Pula-27_2_T-1             ]	<SUCCESS>	 Time [ms]:	   882	
2020-12-28 17:53:40,777	Batch Processor	INFO	[HRV_Pula-29_3_T-1             ]	<SUCCESS>	 Time [ms]:	   959	
2020-12-28 17:53:40,778	Batch Processor	INFO	[HRV_Pula-31_1_T-1             ]	<SUCCESS>	 Time [ms]:	  1068	
2020-12-28 17:53:40,779	Batch Processor	INFO	[HRV_Pula-32_2_T-1             ]	<SUCCESS>	 Time [ms]:	  1514	
2020-12-28 17:53:40,780	Batch Processor	INFO	[HRV_Pula-33_2_T-1             ]	<SUCCESS>	 Time [ms]:	  1574	
2020-12-28 17:53:40,781	Batch Processor	INFO	[HRV_Pula-5_2_T-1              ]	<SUCCESS>	 Time [ms]:	  3141	
2020-12-28 17:53:40,781	Batch Processor	INFO	[HRV_Pula-5_3_T-1              ]	<SUCCESS>	 Time [ms]:	  1953	
2020-12-28 17:53:40,782	Batch Processor	INFO	[HRV_Pula-6_2_T-1              ]	<SUCCESS>	 Time [ms]:	   834	
2020-12-28 17:53:40,783	Batch Processor	INFO	[HRV_Pula-7_2_T-1              ]	<SUCCESS>	 Time [ms]:	  1690	
2020-12-28 17:53:40,784	Batch Processor	INFO	[HRV_Pula-8_3_T-1              ]	<SUCCESS>	 Time [ms]:	   859	
2020-12-28 17:53:40,785	Batch Processor	INFO	[HRV_Pula-9_2_T-1              ]	<SUCCESS>	 Time [ms]:	   565	
2020-12-28 17:53:40,786	Batch Processor	INFO	[HRV_Pula-9_4_T-1              ]	<SUCCESS>	 Time [ms]:	   472	
2020-12-28 17:53:40,786	Batch Processor	INFO	[ITA_CarpiCentro-1_3_T-1       ]	<SUCCESS>	 Time [ms]:	  1048	
2020-12-28 17:53:40,787	Batch Processor	INFO	[ITA_CarpiCentro-2_4_T-1       ]	<SUCCESS>	 Time [ms]:	  1661	
2020-12-28 17:53:40,788	Batch Processor	INFO	[ITA_CarpiCentro-3_1_T-1       ]	<SUCCESS>	 Time [ms]:	  1338	
2020-12-28 17:53:40,789	Batch Processor	INFO	[ITA_CarpiCentro-5_1_T-1       ]	<SUCCESS>	 Time [ms]:	   891	
2020-12-28 17:53:40,790	Batch Processor	INFO	[ITA_CarpiCentro-6_2_T-1       ]	<SUCCESS>	 Time [ms]:	   932	
2020-12-28 17:53:40,791	Batch Processor	INFO	[ITA_CarpiCentro-7_1_T-1       ]	<SUCCESS>	 Time [ms]:	  1482	
2020-12-28 17:53:40,791	Batch Processor	INFO	[ITA_CarpiCentro-8_3_T-1       ]	<SUCCESS>	 Time [ms]:	   411	
2020-12-28 17:53:40,792	Batch Processor	INFO	[ITA_Empoli-10_1_T-1           ]	<FAILURE>	 Time [ms]:	  1015
2020-12-28 17:53:40,792	Batch Processor	INFO	[ITA_Empoli-18_1_T-1           ]	<SUCCESS>	 Time [ms]:	   710	
2020-12-28 17:53:40,793	Batch Processor	INFO	[ITA_Empoli-2_4_T-1            ]	<SUCCESS>	 Time [ms]:	  1113	
2020-12-28 17:53:40,794	Batch Processor	INFO	[ITA_Empoli-2_5_T-1            ]	<SUCCESS>	 Time [ms]:	   788	
2020-12-28 17:53:40,795	Batch Processor	INFO	[ITA_Empoli-3_1_T-1            ]	<SUCCESS>	 Time [ms]:	   411	
2020-12-28 17:53:40,796	Batch Processor	INFO	[ITA_Empoli-4_2_T-1            ]	<SUCCESS>	 Time [ms]:	   902	
2020-12-28 17:53:40,797	Batch Processor	INFO	[ITA_Empoli-7_3_T-1            ]	<SUCCESS>	 Time [ms]:	   805	
2020-12-28 17:53:40,798	Batch Processor	INFO	[ITA_Empoli-8_2_T-1            ]	<SUCCESS>	 Time [ms]:	   770	
2020-12-28 17:53:40,799	Batch Processor	INFO	[ITA_Foggia-10_1_T-1           ]	<SUCCESS>	 Time [ms]:	   571	
2020-12-28 17:53:40,799	Batch Processor	INFO	[ITA_Foggia-11_1_T-1           ]	<SUCCESS>	 Time [ms]:	   690	
2020-12-28 17:53:40,800	Batch Processor	INFO	[ITA_Foggia-12_1_T-1           ]	<FAILURE>	 Time [ms]:	   269
2020-12-28 17:53:40,800	Batch Processor	INFO	[ITA_Foggia-13_1_T-1           ]	<SUCCESS>	 Time [ms]:	  1643	
2020-12-28 17:53:40,801	Batch Processor	INFO	[ITA_Foggia-19_1_T-1           ]	<FAILURE>	 Time [ms]:	   257
2020-12-28 17:53:40,802	Batch Processor	INFO	[ITA_Foggia-1_1_T-1            ]	<SUCCESS>	 Time [ms]:	   428	
2020-12-28 17:53:40,802	Batch Processor	INFO	[ITA_Foggia-3_1_T-1            ]	<SUCCESS>	 Time [ms]:	   379	
2020-12-28 17:53:40,803	Batch Processor	INFO	[ITA_Foggia-4_2_T-1            ]	<SUCCESS>	 Time [ms]:	   709	
2020-12-28 17:53:40,804	Batch Processor	INFO	[ITA_Foggia-5_1_T-1            ]	<SUCCESS>	 Time [ms]:	  1178	
2020-12-28 17:53:40,805	Batch Processor	INFO	[ITA_Foggia-6_1_T-1            ]	<SUCCESS>	 Time [ms]:	   804	
2020-12-28 17:53:40,806	Batch Processor	INFO	[ITA_Foggia-7_2_T-1            ]	<SUCCESS>	 Time [ms]:	  1947	
2020-12-28 17:53:40,807	Batch Processor	INFO	[ITA_SanGiorgioaCremano-2_1_T-1]	<SUCCESS>	 Time [ms]:	   593	
2020-12-28 17:53:40,807	Batch Processor	INFO	[ITA_SanGiorgioaCremano-3_1_T-1]	<SUCCESS>	 Time [ms]:	   883	
2020-12-28 17:53:40,808	Batch Processor	INFO	[ITA_Scicli-2_1_T-1            ]	<SUCCESS>	 Time [ms]:	  1228	
2020-12-28 17:53:40,809	Batch Processor	INFO	[ITA_Segrate-1_2_T-1           ]	<SUCCESS>	 Time [ms]:	   348	
2020-12-28 17:53:40,810	Batch Processor	INFO	[ITA_Segrate-2_3_T-1           ]	<SUCCESS>	 Time [ms]:	   289	
2020-12-28 17:53:40,811	Batch Processor	INFO	[ITA_Siderno-10_1_T-1          ]	<SUCCESS>	 Time [ms]:	   432	
2020-12-28 17:53:40,811	Batch Processor	INFO	[ITA_Siderno-2_4_T-1           ]	<SUCCESS>	 Time [ms]:	   655	
2020-12-28 17:53:40,812	Batch Processor	INFO	[ITA_Siderno-3_2_T-1           ]	<SUCCESS>	 Time [ms]:	   429	
2020-12-28 17:53:40,813	Batch Processor	INFO	[ITA_Siderno-4_3_T-1           ]	<SUCCESS>	 Time [ms]:	   485	
2020-12-28 17:53:40,814	Batch Processor	INFO	[ITA_Siderno-4_4_T-1           ]	<SUCCESS>	 Time [ms]:	   676	
2020-12-28 17:53:40,815	Batch Processor	INFO	[ITA_Siderno-5_4_T-1           ]	<SUCCESS>	 Time [ms]:	   861	
2020-12-28 17:53:40,816	Batch Processor	INFO	[ITA_Siderno-8_4_T-1           ]	<SUCCESS>	 Time [ms]:	  1166	
2020-12-28 17:53:40,816	Batch Processor	INFO	[ITA_Siderno-8_5_T-1           ]	<SUCCESS>	 Time [ms]:	   712	
2020-12-28 17:53:40,817	Batch Processor	INFO	[PRI_Barceloneta-2_1_T-1       ]	<SUCCESS>	 Time [ms]:	  1278	
2020-12-28 17:53:40,818	Batch Processor	INFO	[PRI_Barceloneta-3_1_T-1       ]	<SUCCESS>	 Time [ms]:	   825	
2020-12-28 17:53:40,819	Batch Processor	INFO	[PRI_Barceloneta-4_3_T-1       ]	<SUCCESS>	 Time [ms]:	   647	
2020-12-28 17:53:40,820	Batch Processor	INFO	[PRI_Barceloneta-4_5_T-1       ]	<SUCCESS>	 Time [ms]:	   989	
2020-12-28 17:53:40,820	Batch Processor	INFO	[RUS_Bicycle-10_1_T-1          ]	<SUCCESS>	 Time [ms]:	   457	
2020-12-28 17:53:40,821	Batch Processor	INFO	[RUS_Bicycle-11_1_T-1          ]	<SUCCESS>	 Time [ms]:	   747	
2020-12-28 17:53:40,822	Batch Processor	INFO	[RUS_Bicycle-12_1_T-1          ]	<SUCCESS>	 Time [ms]:	   484	
2020-12-28 17:53:40,823	Batch Processor	INFO	[RUS_Bicycle-13_1_T-1          ]	<SUCCESS>	 Time [ms]:	   221	
2020-12-28 17:53:40,823	Batch Processor	INFO	[RUS_Bicycle-14_1_T-1          ]	<SUCCESS>	 Time [ms]:	   487	
2020-12-28 17:53:40,824	Batch Processor	INFO	[RUS_Bicycle-1_1_T-1           ]	<SUCCESS>	 Time [ms]:	   181	
2020-12-28 17:53:40,825	Batch Processor	INFO	[RUS_Bicycle-2_1_T-1           ]	<SUCCESS>	 Time [ms]:	   308	
2020-12-28 17:53:40,825	Batch Processor	INFO	[RUS_Bicycle-3_1_T-1           ]	<TIMEOUT>	 Time [ms]:	 60000
2020-12-28 17:53:40,826	Batch Processor	INFO	[RUS_Bicycle-4_2_T-1           ]	<SUCCESS>	 Time [ms]:	   888	
2020-12-28 17:53:40,827	Batch Processor	INFO	[RUS_Bicycle-5_1_T-1           ]	<SUCCESS>	 Time [ms]:	   497	
2020-12-28 17:53:40,828	Batch Processor	INFO	[RUS_Bicycle-6_1_T-1           ]	<SUCCESS>	 Time [ms]:	   981	
2020-12-28 17:53:40,828	Batch Processor	INFO	[RUS_Bicycle-7_1_T-1           ]	<SUCCESS>	 Time [ms]:	   826	
2020-12-28 17:53:40,829	Batch Processor	INFO	[RUS_Bicycle-8_1_T-1           ]	<SUCCESS>	 Time [ms]:	   167	
2020-12-28 17:53:40,830	Batch Processor	INFO	[RUS_Bicycle-9_1_T-1           ]	<SUCCESS>	 Time [ms]:	   116	
2020-12-28 17:53:40,831	Batch Processor	INFO	[USA_Lanker-1_2_T-1            ]	<SUCCESS>	 Time [ms]:	  4789	
2020-12-28 17:53:40,832	Batch Processor	INFO	[USA_Peach-1_1_T-1             ]	<SUCCESS>	 Time [ms]:	   293	
2020-12-28 17:53:40,832	Batch Processor	INFO	[USA_Peach-2_1_T-1             ]	<TIMEOUT>	 Time [ms]:	 60000
2020-12-28 17:53:40,832	Batch Processor	INFO	[USA_US101-10_4_T-1            ]	<FAILURE>	 Time [ms]:	  9145
2020-12-28 17:53:40,832	Batch Processor	INFO	[USA_US101-11_4_T-1            ]	<TIMEOUT>	 Time [ms]:	 60000
2020-12-28 17:53:40,833	Batch Processor	INFO	[USA_US101-12_1_T-1            ]	<TIMEOUT>	 Time [ms]:	 60000
2020-12-28 17:53:40,835	Batch Processor	INFO	[USA_US101-13_4_T-1            ]	<SUCCESS>	 Time [ms]:	 25601	
2020-12-28 17:53:40,836	Batch Processor	INFO	[USA_US101-14_1_T-1            ]	<TIMEOUT>	 Time [ms]:	 60000
2020-12-28 17:53:40,836	Batch Processor	INFO	[USA_US101-15_1_T-1            ]	<TIMEOUT>	 Time [ms]:	 60000
2020-12-28 17:53:40,838	Batch Processor	INFO	[USA_US101-16_2_T-1            ]	<SUCCESS>	 Time [ms]:	  3978	
2020-12-28 17:53:40,838	Batch Processor	INFO	[USA_US101-17_1_T-1            ]	<TIMEOUT>	 Time [ms]:	 60000
2020-12-28 17:53:40,839	Batch Processor	INFO	[USA_US101-18_2_T-1            ]	<SUCCESS>	 Time [ms]:	  1612	
2020-12-28 17:53:40,841	Batch Processor	INFO	[USA_US101-20_2_T-1            ]	<SUCCESS>	 Time [ms]:	 15071	
2020-12-28 17:53:40,843	Batch Processor	INFO	[USA_US101-21_2_T-1            ]	<SUCCESS>	 Time [ms]:	  4221	
2020-12-28 17:53:40,843	Batch Processor	INFO	[USA_US101-22_4_T-1            ]	<TIMEOUT>	 Time [ms]:	 60000
2020-12-28 17:53:40,846	Batch Processor	INFO	[USA_US101-23_2_T-1            ]	<SUCCESS>	 Time [ms]:	  1245	
2020-12-28 17:53:40,849	Batch Processor	INFO	[USA_US101-24_2_T-1            ]	<SUCCESS>	 Time [ms]:	  2466	
2020-12-28 17:53:40,850	Batch Processor	INFO	[USA_US101-25_2_T-1            ]	<SUCCESS>	 Time [ms]:	   679	
2020-12-28 17:53:40,852	Batch Processor	INFO	[USA_US101-26_2_T-1            ]	<SUCCESS>	 Time [ms]:	  2831	
2020-12-28 17:53:40,852	Batch Processor	INFO	[USA_US101-27_1_T-1            ]	<TIMEOUT>	 Time [ms]:	 60000
2020-12-28 17:53:40,853	Batch Processor	INFO	[USA_US101-28_1_T-1            ]	<TIMEOUT>	 Time [ms]:	 60000
2020-12-28 17:53:40,853	Batch Processor	INFO	[USA_US101-29_1_T-1            ]	<TIMEOUT>	 Time [ms]:	 60000
2020-12-28 17:53:40,853	Batch Processor	INFO	[USA_US101-3_1_T-1             ]	<TIMEOUT>	 Time [ms]:	 60000
2020-12-28 17:53:40,853	Batch Processor	INFO	[USA_US101-3_2_S-1             ]	<TIMEOUT>	 Time [ms]:	 60000
2020-12-28 17:53:40,853	Batch Processor	INFO	[USA_US101-4_1_T-1             ]	<TIMEOUT>	 Time [ms]:	 60000
2020-12-28 17:53:40,854	Batch Processor	INFO	[USA_US101-5_1_T-1             ]	<FAILURE>	 Time [ms]:	   284
2020-12-28 17:53:40,854	Batch Processor	INFO	[USA_US101-6_1_T-1             ]	<TIMEOUT>	 Time [ms]:	 60000
2020-12-28 17:53:40,855	Batch Processor	INFO	[USA_US101-8_4_T-1             ]	<SUCCESS>	 Time [ms]:	   362	
2020-12-28 17:53:40,856	Batch Processor	INFO	[USA_US101-9_1_T-1             ]	<TIMEOUT>	 Time [ms]:	 60000
2020-12-28 17:53:40,856	Batch Processor	INFO	==============================        Solution found        ==============================
	- ARG_Carcarana-13_1_T-1
	- ARG_Carcarana-5_2_T-1
	- ARG_Carcarana-2_3_T-1
	- BEL_Aarschot-11_1_T-1
	- ARG_Carcarana-7_1_T-1
	- ARG_Carcarana-11_1_T-1
	- BEL_Aarschot-3_1_T-1
	- ARG_Carcarana-9_2_T-1
	- BEL_Aarschot-1_2_T-1
	- BEL_Beringen-8_1_T-1
	- BEL_Aarschot-5_1_T-1
	- BEL_Nivelles-16_2_T-1
	- BEL_Nivelles-10_1_T-1
	- BEL_Beringen-1_1_T-1
	- ARG_Carcarana-3_3_T-1
	- BEL_Nivelles-18_2_T-1
	- BEL_Nivelles-1_1_T-1
	- BEL_Nivelles-19_1_T-1
	- BEL_Nivelles-20_1_T-1
	- BEL_Putte-11_2_T-1
	- BEL_Putte-10_2_T-1
	- BEL_Nivelles-4_2_T-1
	- BEL_Nivelles-3_1_T-1
	- BEL_Nivelles-9_2_T-1
	- BEL_Putte-3_1_T-1
	- BEL_Putte-2_1_T-1
	- BEL_Putte-6_1_T-1
	- BEL_Wervik-1_4_T-1
	- BEL_Putte-4_2_T-1
	- BEL_Wervik-2_2_T-1
	- BEL_Wervik-4_1_T-1
	- BEL_Zaventem-3_1_T-1
	- BEL_Zaventem-4_1_T-1
	- BEL_Zaventem-1_2_T-1
	- BEL_Zwevegem-3_1_T-1
	- BEL_Zaventem-5_3_T-1
	- BEL_Zwevegem-7_2_T-1
	- BEL_Zwevegem-2_3_T-1
	- BEL_Zwevegem-5_2_T-1
	- BEL_Zwevegem-8_1_T-1
	- BEL_Zwevegem-8_4_T-1
	- DEU_Backnang-4_1_T-1
	- DEU_Backnang-5_1_T-1
	- DEU_Backnang-9_1_T-1
	- DEU_BadEssen-4_1_T-1
	- DEU_Backnang-6_1_T-1
	- DEU_BadWaldsee-4_2_T-1
	- DEU_BadWaldsee-4_5_T-1
	- DEU_BadEssen-3_1_T-1
	- DEU_Bilderstoeckchen-2_3_T-1
	- DEU_Bilderstoeckchen-4_1_T-1
	- DEU_BadWaldsee-1_1_T-1
	- DEU_Backnang-1_2_T-1
	- DEU_Flensburg-22_1_T-1
	- DEU_Flensburg-33_1_T-1
	- DEU_Flensburg-44_1_T-1
	- DEU_Flensburg-48_1_T-1
	- DEU_Flensburg-51_1_T-1
	- DEU_Flensburg-49_1_T-1
	- DEU_Flensburg-52_1_T-1
	- DEU_Flensburg-62_1_T-1
	- DEU_Flensburg-81_1_T-1
	- DEU_Flensburg-89_1_T-1
	- DEU_Flensburg-98_1_T-1
	- DEU_Guetersloh-10_5_T-1
	- DEU_Guetersloh-11_3_T-1
	- DEU_Guetersloh-12_1_T-1
	- DEU_Guetersloh-14_2_T-1
	- DEU_Guetersloh-16_2_T-1
	- DEU_Guetersloh-15_2_T-1
	- DEU_Guetersloh-16_5_T-1
	- DEU_Guetersloh-17_2_T-1
	- DEU_Guetersloh-18_2_T-1
	- DEU_Guetersloh-20_1_T-1
	- DEU_Guetersloh-19_1_T-1
	- DEU_Guetersloh-20_3_T-1
	- DEU_Guetersloh-24_1_T-1
	- DEU_Guetersloh-24_2_T-1
	- DEU_Guetersloh-21_1_T-1
	- DEU_Guetersloh-24_3_T-1
	- DEU_Guetersloh-25_2_T-1
	- DEU_Guetersloh-27_1_T-1
	- DEU_Guetersloh-25_4_T-1
	- DEU_Guetersloh-31_4_T-1
	- DEU_Guetersloh-30_1_T-1
	- DEU_Guetersloh-32_3_T-1
	- DEU_Guetersloh-34_2_T-1
	- DEU_Guetersloh-33_1_T-1
	- DEU_Guetersloh-36_1_T-1
	- DEU_Guetersloh-39_5_T-1
	- DEU_Guetersloh-39_3_T-1
	- DEU_Guetersloh-40_4_T-1
	- DEU_Guetersloh-40_5_T-1
	- DEU_Guetersloh-41_1_T-1
	- DEU_Guetersloh-42_1_T-1
	- DEU_Guetersloh-50_1_T-1
	- DEU_Guetersloh-54_1_T-1
	- DEU_Guetersloh-4_5_T-1
	- DEU_Guetersloh-55_1_T-1
	- DEU_Guetersloh-55_3_T-1
	- DEU_Guetersloh-65_2_T-1
	- DEU_Guetersloh-8_1_T-1
	- DEU_Guetersloh-6_3_T-1
	- DEU_Hennigsdorf-12_1_T-1
	- DEU_Hennigsdorf-11_1_T-1
	- DEU_Guetersloh-7_2_T-1
	- DEU_Hennigsdorf-13_2_T-1
	- DEU_Hennigsdorf-14_3_T-1
	- DEU_Hennigsdorf-18_2_T-1
	- DEU_Hennigsdorf-3_5_T-1
	- DEU_Hennigsdorf-15_3_T-1
	- DEU_Hennigsdorf-3_2_T-1
	- DEU_Hennigsdorf-5_1_T-1
	- DEU_Hennigsdorf-5_4_T-1
	- DEU_Hennigsdorf-7_3_T-1
	- DEU_Ibbenbueren-11_2_T-1
	- DEU_Ibbenbueren-10_2_T-1
	- DEU_Hennigsdorf-9_2_T-1
	- DEU_Ibbenbueren-14_1_T-1
	- DEU_Ibbenbueren-13_3_T-1
	- DEU_Ibbenbueren-16_3_T-1
	- DEU_Ibbenbueren-12_1_T-1
	- DEU_Ibbenbueren-16_5_T-1
	- DEU_Ibbenbueren-15_4_T-1
	- DEU_Ibbenbueren-2_2_T-1
	- DEU_Ibbenbueren-3_3_T-1
	- DEU_Ibbenbueren-6_4_T-1
	- DEU_Ibbenbueren-4_2_T-1
	- DEU_Ibbenbueren-9_1_T-1
	- DEU_Ibbenbueren-6_3_T-1
	- DEU_Ibbenbueren-7_1_T-1
	- DEU_Lohmar-11_1_T-1
	- DEU_Lohmar-30_1_T-1
	- DEU_Lohmar-27_1_T-1
	- DEU_Lohmar-35_1_T-1
	- DEU_Lohmar-37_1_T-1
	- DEU_Lohmar-45_1_T-1
	- DEU_Lohmar-44_1_T-1
	- DEU_Lohmar-53_1_T-1
	- DEU_Lohmar-56_1_T-1
	- DEU_Lohmar-64_1_T-1
	- DEU_Lohmar-8_1_T-1
	- DEU_Meckenheim-1_4_T-1
	- DEU_Meckenheim-3_1_T-1
	- DEU_Meckenheim-5_1_T-1
	- DEU_Meckenheim-8_3_T-1
	- DEU_Moabit-1_2_T-1
	- DEU_Moabit-4_1_T-1
	- DEU_Meckenheim-8_5_T-1
	- DEU_Moelln-10_3_T-1
	- DEU_Moabit-5_2_T-1
	- DEU_Moabit-6_2_T-1
	- DEU_Moelln-12_1_T-1
	- DEU_Moelln-11_1_T-1
	- DEU_Moelln-4_3_T-1
	- DEU_Moelln-6_1_T-1
	- DEU_Moelln-7_1_T-1
	- DEU_Moelln-2_1_T-1
	- DEU_Muehlhausen-11_1_T-1
	- DEU_Muehlhausen-14_3_T-1
	- DEU_Moelln-9_1_T-1
	- DEU_Muehlhausen-1_2_T-1
	- DEU_Muehlhausen-1_3_T-1
	- DEU_Muehlhausen-2_1_T-1
	- DEU_Muehlhausen-4_1_T-1
	- DEU_Muehlhausen-5_1_T-1
	- DEU_Muehlhausen-6_1_T-1
	- DEU_Muehlhausen-7_2_T-1
	- DEU_Rheinbach-1_4_T-1
	- DEU_Speyer-2_4_T-1
	- DEU_Rheinbach-5_3_T-1
	- DEU_Speyer-5_2_T-1
	- ESP_Almansa-1_1_T-1
	- ESP_Berga-4_4_T-1
	- ESP_Berga-10_1_T-1
	- ESP_Almansa-6_1_T-1
	- ESP_Berga-9_1_T-1
	- ESP_Cambre-1_1_T-1
	- ESP_Berga-6_1_T-1
	- ESP_Cambre-2_1_T-1
	- ESP_Cambre-3_1_T-1
	- ESP_Ceuta-15_2_T-1
	- ESP_Almansa-2_1_T-1
	- ESP_Ceuta-10_1_T-1
	- ESP_Ceuta-1_2_T-1
	- ESP_Ceuta-7_1_T-1
	- ESP_Ceuta-3_2_T-1
	- ESP_Ceuta-8_1_T-1
	- ESP_Ceuta-4_1_T-1
	- ESP_Monzon-2_1_T-1
	- ESP_Inca-7_1_T-1
	- ESP_Ceuta-2_1_T-1
	- ESP_Monzon-5_1_T-1
	- ESP_Monzon-3_1_T-1
	- ESP_Monzon-6_1_T-1
	- ESP_Monzon-7_2_T-1
	- ESP_Monzon-7_3_T-1
	- ESP_PriegodeCordoba-2_3_T-1
	- ESP_PriegodeCordoba-3_1_T-1
	- ESP_SantBoideLlobregat-14_1_T-1
	- ESP_SantBoideLlobregat-14_4_T-1
	- ESP_SantBoideLlobregat-18_2_T-1
	- ESP_PriegodeCordoba-6_1_T-1
	- ESP_SantBoideLlobregat-19_1_T-1
	- ESP_Requena-6_2_T-1
	- ESP_SantBoideLlobregat-23_2_T-1
	- ESP_SantBoideLlobregat-24_1_T-1
	- ESP_Monzon-9_1_T-1
	- ESP_SantBoideLlobregat-3_1_T-1
	- ESP_Toledo-11_1_T-1
	- ESP_SantBoideLlobregat-8_5_T-1
	- ESP_SantBoideLlobregat-8_1_T-1
	- ESP_Toledo-10_1_T-1
	- ESP_Toledo-11_5_T-1
	- ESP_Toledo-10_2_T-1
	- ESP_Toledo-22_1_T-1
	- ESP_Toledo-23_1_T-1
	- ESP_SantBoideLlobregat-6_2_T-1
	- ESP_Toledo-5_1_T-1
	- FRA_Anglet-1_2_T-1
	- ESP_Toledo-9_1_T-1
	- ESP_Toledo-6_2_T-1
	- FRA_Miramas-1_1_T-1
	- FRA_Miramas-2_1_T-1
	- FRA_Anglet-3_2_T-1
	- FRA_Miramas-3_1_T-1
	- FRA_Miramas-9_1_T-1
	- FRA_Miramas-5_1_T-1
	- FRA_MoissyCramayel-2_1_T-1
	- GRC_Perama-2_1_T-1
	- FRA_MoissyCramayel-4_1_T-1
	- FRA_MoissyCramayel-1_1_T-1
	- GRC_Perama-3_2_T-1
	- FRA_Sete-1_1_T-1
	- HRV_Pula-12_3_T-1
	- HRV_Pula-13_2_T-1
	- GRC_Perama-7_1_T-1
	- GRC_Perama-4_3_T-1
	- HRV_Pula-10_1_T-1
	- HRV_Pula-15_1_T-1
	- HRV_Pula-18_1_T-1
	- HRV_Pula-19_2_T-1
	- HRV_Pula-23_1_T-1
	- HRV_Pula-21_1_T-1
	- HRV_Pula-24_1_T-1
	- HRV_Pula-22_1_T-1
	- HRV_Pula-25_1_T-1
	- HRV_Pula-27_2_T-1
	- HRV_Pula-29_3_T-1
	- HRV_Pula-31_1_T-1
	- HRV_Pula-33_2_T-1
	- HRV_Pula-6_2_T-1
	- HRV_Pula-5_2_T-1
	- HRV_Pula-32_2_T-1
	- HRV_Pula-5_3_T-1
	- HRV_Pula-9_2_T-1
	- HRV_Pula-8_3_T-1
	- HRV_Pula-9_4_T-1
	- ITA_CarpiCentro-1_3_T-1
	- HRV_Pula-7_2_T-1
	- ITA_CarpiCentro-5_1_T-1
	- ITA_CarpiCentro-6_2_T-1
	- ITA_CarpiCentro-8_3_T-1
	- ITA_CarpiCentro-3_1_T-1
	- ITA_Empoli-18_1_T-1
	- ITA_Empoli-3_1_T-1
	- ITA_Empoli-2_5_T-1
	- ITA_CarpiCentro-2_4_T-1
	- ITA_CarpiCentro-7_1_T-1
	- ITA_Empoli-2_4_T-1
	- ITA_Empoli-7_3_T-1
	- ITA_Foggia-11_1_T-1
	- ITA_Foggia-10_1_T-1
	- ITA_Empoli-8_2_T-1
	- ITA_Foggia-3_1_T-1
	- ITA_Empoli-4_2_T-1
	- ITA_Foggia-1_1_T-1
	- ITA_Foggia-4_2_T-1
	- ITA_SanGiorgioaCremano-2_1_T-1
	- ITA_Foggia-6_1_T-1
	- ITA_Foggia-13_1_T-1
	- ITA_Segrate-2_3_T-1
	- ITA_Foggia-5_1_T-1
	- ITA_Segrate-1_2_T-1
	- ITA_SanGiorgioaCremano-3_1_T-1
	- ITA_Siderno-10_1_T-1
	- ITA_Siderno-3_2_T-1
	- ITA_Siderno-2_4_T-1
	- ITA_Siderno-4_3_T-1
	- ITA_Scicli-2_1_T-1
	- ITA_Siderno-4_4_T-1
	- ITA_Foggia-7_2_T-1
	- ITA_Siderno-5_4_T-1
	- ITA_Siderno-8_5_T-1
	- ITA_Siderno-8_4_T-1
	- PRI_Barceloneta-4_3_T-1
	- PRI_Barceloneta-2_1_T-1
	- PRI_Barceloneta-4_5_T-1
	- PRI_Barceloneta-3_1_T-1
	- RUS_Bicycle-11_1_T-1
	- RUS_Bicycle-10_1_T-1
	- RUS_Bicycle-13_1_T-1
	- RUS_Bicycle-1_1_T-1
	- RUS_Bicycle-12_1_T-1
	- RUS_Bicycle-14_1_T-1
	- RUS_Bicycle-2_1_T-1
	- RUS_Bicycle-5_1_T-1
	- RUS_Bicycle-8_1_T-1
	- RUS_Bicycle-4_2_T-1
	- RUS_Bicycle-7_1_T-1
	- RUS_Bicycle-6_1_T-1
	- RUS_Bicycle-9_1_T-1
	- USA_Peach-1_1_T-1
	- USA_Lanker-1_2_T-1
	- USA_US101-13_4_T-1
	- USA_US101-16_2_T-1
	- USA_US101-18_2_T-1
	- USA_US101-21_2_T-1
	- USA_US101-23_2_T-1
	- USA_US101-20_2_T-1
	- USA_US101-25_2_T-1
	- USA_US101-24_2_T-1
	- USA_US101-26_2_T-1
	- USA_US101-8_4_T-1
2020-12-28 17:53:40,856	Batch Processor	INFO	==============================      Solution not found      ==============================
	- ARG_Carcarana-8_4_T-1
	- BEL_Aarschot-6_1_T-1
	- BEL_Putte-14_3_T-1
	- BEL_Putte-17_1_T-1
	- DEU_Flensburg-64_1_T-1
	- DEU_Guetersloh-10_4_T-1
	- DEU_Lohmar-12_1_T-1
	- DEU_Lohmar-19_1_T-1
	- DEU_Speyer-2_1_T-1
	- ESP_Ceuta-11_1_T-1
	- ESP_Ceuta-5_1_T-1
	- ESP_Inca-3_2_T-1
	- ESP_SantBoideLlobregat-22_3_T-1
	- ESP_SantBoideLlobregat-4_1_T-1
	- ESP_Toledo-8_1_T-1
	- FRA_Anglet-2_1_T-1
	- GRC_Perama-1_1_T-1
	- ITA_Empoli-10_1_T-1
	- ITA_Foggia-12_1_T-1
	- ITA_Foggia-19_1_T-1
	- USA_US101-10_4_T-1
	- USA_US101-5_1_T-1
2020-12-28 17:53:40,857	Batch Processor	INFO	==============================           Time out           ==============================
	- DEU_Flensburg-11_1_T-1
	- DEU_Flensburg-12_1_T-1
	- DEU_Flensburg-13_1_T-1
	- DEU_Flensburg-14_1_T-1
	- DEU_Flensburg-15_1_T-1
	- DEU_Flensburg-16_1_T-1
	- DEU_Flensburg-17_1_T-1
	- DEU_Flensburg-20_1_T-1
	- DEU_Flensburg-21_1_T-1
	- DEU_Flensburg-24_1_T-1
	- DEU_Flensburg-26_1_T-1
	- DEU_Flensburg-27_1_T-1
	- DEU_Flensburg-28_1_T-1
	- DEU_Flensburg-29_1_T-1
	- DEU_Flensburg-30_1_T-1
	- DEU_Flensburg-31_1_T-1
	- DEU_Flensburg-32_1_T-1
	- DEU_Flensburg-34_1_T-1
	- DEU_Flensburg-35_1_T-1
	- DEU_Flensburg-36_1_T-1
	- DEU_Flensburg-37_1_T-1
	- DEU_Flensburg-39_1_T-1
	- DEU_Flensburg-40_1_T-1
	- DEU_Flensburg-41_1_T-1
	- DEU_Flensburg-42_1_T-1
	- DEU_Flensburg-43_1_T-1
	- DEU_Flensburg-45_1_T-1
	- DEU_Flensburg-46_1_T-1
	- DEU_Flensburg-47_1_T-1
	- DEU_Flensburg-50_1_T-1
	- DEU_Flensburg-54_1_T-1
	- DEU_Flensburg-55_1_T-1
	- DEU_Flensburg-56_1_T-1
	- DEU_Flensburg-57_1_T-1
	- DEU_Flensburg-58_1_T-1
	- DEU_Flensburg-59_1_T-1
	- DEU_Flensburg-60_1_T-1
	- DEU_Flensburg-61_1_T-1
	- DEU_Flensburg-63_1_T-1
	- DEU_Flensburg-65_1_T-1
	- DEU_Flensburg-66_1_T-1
	- DEU_Flensburg-68_1_T-1
	- DEU_Flensburg-69_1_T-1
	- DEU_Flensburg-70_1_T-1
	- DEU_Flensburg-71_1_T-1
	- DEU_Flensburg-72_1_T-1
	- DEU_Flensburg-73_1_T-1
	- DEU_Flensburg-74_1_T-1
	- DEU_Flensburg-75_1_T-1
	- DEU_Flensburg-76_1_T-1
	- DEU_Flensburg-77_1_T-1
	- DEU_Flensburg-78_1_T-1
	- DEU_Flensburg-80_1_T-1
	- DEU_Flensburg-82_1_T-1
	- DEU_Flensburg-83_1_T-1
	- DEU_Flensburg-84_1_T-1
	- DEU_Flensburg-85_1_T-1
	- DEU_Flensburg-86_1_T-1
	- DEU_Flensburg-87_1_T-1
	- DEU_Flensburg-88_1_T-1
	- DEU_Flensburg-90_1_T-1
	- DEU_Flensburg-91_1_T-1
	- DEU_Flensburg-92_1_T-1
	- DEU_Flensburg-93_1_T-1
	- DEU_Flensburg-94_1_T-1
	- DEU_Flensburg-95_1_T-1
	- DEU_Flensburg-96_1_T-1
	- DEU_Flensburg-97_1_T-1
	- DEU_Flensburg-99_1_T-1
	- DEU_Lohmar-10_1_T-1
	- DEU_Lohmar-14_1_T-1
	- DEU_Lohmar-16_1_T-1
	- DEU_Lohmar-15_1_T-1
	- DEU_Lohmar-17_1_T-1
	- DEU_Lohmar-18_1_T-1
	- DEU_Lohmar-20_1_T-1
	- DEU_Lohmar-21_1_T-1
	- DEU_Lohmar-22_1_T-1
	- DEU_Lohmar-23_1_T-1
	- DEU_Lohmar-24_1_T-1
	- DEU_Lohmar-25_1_T-1
	- DEU_Lohmar-26_1_T-1
	- DEU_Lohmar-29_1_T-1
	- DEU_Lohmar-31_1_T-1
	- DEU_Lohmar-32_1_T-1
	- DEU_Lohmar-33_1_T-1
	- DEU_Lohmar-34_1_T-1
	- DEU_Lohmar-36_1_T-1
	- DEU_Lohmar-38_1_T-1
	- DEU_Lohmar-39_1_T-1
	- DEU_Lohmar-40_1_T-1
	- DEU_Lohmar-41_1_T-1
	- DEU_Lohmar-42_1_T-1
	- DEU_Lohmar-43_1_T-1
	- DEU_Lohmar-46_1_T-1
	- DEU_Lohmar-47_1_T-1
	- DEU_Lohmar-48_1_T-1
	- DEU_Lohmar-49_1_T-1
	- DEU_Lohmar-50_1_T-1
	- DEU_Lohmar-51_1_T-1
	- DEU_Lohmar-52_1_T-1
	- DEU_Lohmar-54_1_T-1
	- DEU_Lohmar-55_1_T-1
	- DEU_Lohmar-58_1_T-1
	- DEU_Lohmar-59_1_T-1
	- DEU_Lohmar-60_1_T-1
	- DEU_Lohmar-61_1_T-1
	- DEU_Lohmar-62_1_T-1
	- DEU_Lohmar-63_1_T-1
	- DEU_Lohmar-65_1_T-1
	- DEU_Lohmar-66_1_T-1
	- DEU_Lohmar-67_1_T-1
	- DEU_Lohmar-68_1_T-1
	- DEU_Lohmar-69_1_T-1
	- DEU_Lohmar-70_1_T-1
	- DEU_Lohmar-9_1_T-1
	- DEU_Luckenwalde-1_1_T-1
	- DEU_Reutlingen-1_1_T-1
	- DEU_Reutlingen-3_1_T-1
	- DEU_Reutlingen-4_1_T-1
	- DEU_Reutlingen-5_1_T-1
	- DEU_Reutlingen-6_1_T-1
	- RUS_Bicycle-3_1_T-1
	- USA_Peach-2_1_T-1
	- USA_US101-11_4_T-1
	- USA_US101-12_1_T-1
	- USA_US101-14_1_T-1
	- USA_US101-15_1_T-1
	- USA_US101-17_1_T-1
	- USA_US101-22_4_T-1
	- USA_US101-27_1_T-1
	- USA_US101-28_1_T-1
	- USA_US101-29_1_T-1
	- USA_US101-3_1_T-1
	- USA_US101-3_2_S-1
	- USA_US101-4_1_T-1
	- USA_US101-6_1_T-1
	- USA_US101-9_1_T-1
2020-12-28 17:53:40,857	Batch Processor	INFO	
==============================        Result Summary        ==============================
2020-12-28 17:53:40,857	Batch Processor	INFO	Total number of scenarios:  	       500
2020-12-28 17:53:40,857	Batch Processor	INFO	Solution found:               	       324
2020-12-28 17:53:40,857	Batch Processor	INFO	Solution found but invalid:   	         0
2020-12-28 17:53:40,857	Batch Processor	INFO	Solution not found:           	        22
2020-12-28 17:53:40,858	Batch Processor	INFO	Exception occurred:           	         0
2020-12-28 17:53:40,858	Batch Processor	INFO	Time out:                     	       138
