2020-12-28 15:25:10,084	Batch Processor	INFO	Config file loaded and logger created.
2020-12-28 15:25:10,086	Batch Processor	INFO	18 scenarios skipped.
2020-12-28 15:25:10,086	Batch Processor	INFO	ScenarioLoader Mode <DEFAULT>
2020-12-28 15:25:10,086	Batch Processor	INFO	Run on all scenarios, except the skipped scenarios
2020-12-28 15:25:10,086	Batch Processor	INFO	Number of scenarios: 500
2020-12-28 15:25:10,095	Batch Processor	INFO	Automaton loaded for vehicle type: BMW_320i
2020-12-28 15:25:10,096	Batch Processor	INFO	Motion planner: student
2020-12-28 15:25:10,106	Batch Processor	INFO	Number of parallel processes: 6
2020-12-28 15:40:17,537	Batch Processor	INFO	==============================        Search Results        ==============================
2020-12-28 15:40:17,539	Batch Processor	INFO	[ARG_Carcarana-11_1_T-1        ]	<SUCCESS>	 Time [ms]:	  1708	
2020-12-28 15:40:17,540	Batch Processor	INFO	[ARG_Carcarana-13_1_T-1        ]	<SUCCESS>	 Time [ms]:	   479	
2020-12-28 15:40:17,541	Batch Processor	INFO	[ARG_Carcarana-2_3_T-1         ]	<SUCCESS>	 Time [ms]:	  1261	
2020-12-28 15:40:17,542	Batch Processor	INFO	[ARG_Carcarana-3_3_T-1         ]	<SUCCESS>	 Time [ms]:	  1783	
2020-12-28 15:40:17,543	Batch Processor	INFO	[ARG_Carcarana-5_2_T-1         ]	<SUCCESS>	 Time [ms]:	  1234	
2020-12-28 15:40:17,544	Batch Processor	INFO	[ARG_Carcarana-7_1_T-1         ]	<SUCCESS>	 Time [ms]:	  1652	
2020-12-28 15:40:17,544	Batch Processor	INFO	[ARG_Carcarana-8_4_T-1         ]	<FAILURE>	 Time [ms]:	   605
2020-12-28 15:40:17,545	Batch Processor	INFO	[ARG_Carcarana-9_2_T-1         ]	<SUCCESS>	 Time [ms]:	  1641	
2020-12-28 15:40:17,546	Batch Processor	INFO	[BEL_Aarschot-11_1_T-1         ]	<SUCCESS>	 Time [ms]:	   372	
2020-12-28 15:40:17,546	Batch Processor	INFO	[BEL_Aarschot-1_2_T-1          ]	<SUCCESS>	 Time [ms]:	   886	
2020-12-28 15:40:17,547	Batch Processor	INFO	[BEL_Aarschot-3_1_T-1          ]	<SUCCESS>	 Time [ms]:	   336	
2020-12-28 15:40:17,549	Batch Processor	INFO	[BEL_Aarschot-5_1_T-1          ]	<SUCCESS>	 Time [ms]:	   598	
2020-12-28 15:40:17,549	Batch Processor	INFO	[BEL_Aarschot-6_1_T-1          ]	<FAILURE>	 Time [ms]:	   691
2020-12-28 15:40:17,551	Batch Processor	INFO	[BEL_Beringen-1_1_T-1          ]	<SUCCESS>	 Time [ms]:	   625	
2020-12-28 15:40:17,552	Batch Processor	INFO	[BEL_Beringen-8_1_T-1          ]	<SUCCESS>	 Time [ms]:	   446	
2020-12-28 15:40:17,553	Batch Processor	INFO	[BEL_Nivelles-10_1_T-1         ]	<SUCCESS>	 Time [ms]:	   380	
2020-12-28 15:40:17,554	Batch Processor	INFO	[BEL_Nivelles-16_2_T-1         ]	<SUCCESS>	 Time [ms]:	   246	
2020-12-28 15:40:17,555	Batch Processor	INFO	[BEL_Nivelles-18_2_T-1         ]	<SUCCESS>	 Time [ms]:	   806	
2020-12-28 15:40:17,556	Batch Processor	INFO	[BEL_Nivelles-19_1_T-1         ]	<SUCCESS>	 Time [ms]:	   850	
2020-12-28 15:40:17,557	Batch Processor	INFO	[BEL_Nivelles-1_1_T-1          ]	<SUCCESS>	 Time [ms]:	   458	
2020-12-28 15:40:17,558	Batch Processor	INFO	[BEL_Nivelles-20_1_T-1         ]	<SUCCESS>	 Time [ms]:	   665	
2020-12-28 15:40:17,559	Batch Processor	INFO	[BEL_Nivelles-3_1_T-1          ]	<SUCCESS>	 Time [ms]:	  1398	
2020-12-28 15:40:17,560	Batch Processor	INFO	[BEL_Nivelles-4_2_T-1          ]	<SUCCESS>	 Time [ms]:	   875	
2020-12-28 15:40:17,561	Batch Processor	INFO	[BEL_Nivelles-9_2_T-1          ]	<SUCCESS>	 Time [ms]:	  1336	
2020-12-28 15:40:17,562	Batch Processor	INFO	[BEL_Putte-10_2_T-1            ]	<SUCCESS>	 Time [ms]:	   212	
2020-12-28 15:40:17,562	Batch Processor	INFO	[BEL_Putte-11_2_T-1            ]	<SUCCESS>	 Time [ms]:	   347	
2020-12-28 15:40:17,563	Batch Processor	INFO	[BEL_Putte-14_3_T-1            ]	<FAILURE>	 Time [ms]:	   140
2020-12-28 15:40:17,563	Batch Processor	INFO	[BEL_Putte-17_1_T-1            ]	<FAILURE>	 Time [ms]:	   204
2020-12-28 15:40:17,564	Batch Processor	INFO	[BEL_Putte-2_1_T-1             ]	<SUCCESS>	 Time [ms]:	   482	
2020-12-28 15:40:17,565	Batch Processor	INFO	[BEL_Putte-3_1_T-1             ]	<SUCCESS>	 Time [ms]:	   460	
2020-12-28 15:40:17,566	Batch Processor	INFO	[BEL_Putte-4_2_T-1             ]	<SUCCESS>	 Time [ms]:	   990	
2020-12-28 15:40:17,568	Batch Processor	INFO	[BEL_Putte-6_1_T-1             ]	<SUCCESS>	 Time [ms]:	   573	
2020-12-28 15:40:17,569	Batch Processor	INFO	[BEL_Wervik-1_4_T-1            ]	<SUCCESS>	 Time [ms]:	   408	
2020-12-28 15:40:17,570	Batch Processor	INFO	[BEL_Wervik-2_2_T-1            ]	<SUCCESS>	 Time [ms]:	   768	
2020-12-28 15:40:17,571	Batch Processor	INFO	[BEL_Wervik-4_1_T-1            ]	<SUCCESS>	 Time [ms]:	   535	
2020-12-28 15:40:17,572	Batch Processor	INFO	[BEL_Zaventem-1_2_T-1          ]	<SUCCESS>	 Time [ms]:	   621	
2020-12-28 15:40:17,573	Batch Processor	INFO	[BEL_Zaventem-3_1_T-1          ]	<SUCCESS>	 Time [ms]:	   741	
2020-12-28 15:40:17,574	Batch Processor	INFO	[BEL_Zaventem-4_1_T-1          ]	<SUCCESS>	 Time [ms]:	   361	
2020-12-28 15:40:17,575	Batch Processor	INFO	[BEL_Zaventem-5_3_T-1          ]	<SUCCESS>	 Time [ms]:	   489	
2020-12-28 15:40:17,576	Batch Processor	INFO	[BEL_Zwevegem-2_3_T-1          ]	<SUCCESS>	 Time [ms]:	   989	
2020-12-28 15:40:17,577	Batch Processor	INFO	[BEL_Zwevegem-3_1_T-1          ]	<SUCCESS>	 Time [ms]:	   372	
2020-12-28 15:40:17,577	Batch Processor	INFO	[BEL_Zwevegem-5_2_T-1          ]	<SUCCESS>	 Time [ms]:	   566	
2020-12-28 15:40:17,578	Batch Processor	INFO	[BEL_Zwevegem-7_2_T-1          ]	<SUCCESS>	 Time [ms]:	   480	
2020-12-28 15:40:17,579	Batch Processor	INFO	[BEL_Zwevegem-8_1_T-1          ]	<SUCCESS>	 Time [ms]:	   537	
2020-12-28 15:40:17,580	Batch Processor	INFO	[BEL_Zwevegem-8_4_T-1          ]	<SUCCESS>	 Time [ms]:	   400	
2020-12-28 15:40:17,581	Batch Processor	INFO	[DEU_Backnang-1_2_T-1          ]	<SUCCESS>	 Time [ms]:	  1622	
2020-12-28 15:40:17,582	Batch Processor	INFO	[DEU_Backnang-4_1_T-1          ]	<SUCCESS>	 Time [ms]:	   766	
2020-12-28 15:40:17,584	Batch Processor	INFO	[DEU_Backnang-5_1_T-1          ]	<SUCCESS>	 Time [ms]:	   722	
2020-12-28 15:40:17,585	Batch Processor	INFO	[DEU_Backnang-6_1_T-1          ]	<SUCCESS>	 Time [ms]:	   685	
2020-12-28 15:40:17,587	Batch Processor	INFO	[DEU_Backnang-9_1_T-1          ]	<SUCCESS>	 Time [ms]:	   503	
2020-12-28 15:40:17,587	Batch Processor	INFO	[DEU_BadEssen-3_1_T-1          ]	<SUCCESS>	 Time [ms]:	   951	
2020-12-28 15:40:17,588	Batch Processor	INFO	[DEU_BadEssen-4_1_T-1          ]	<SUCCESS>	 Time [ms]:	   217	
2020-12-28 15:40:17,589	Batch Processor	INFO	[DEU_BadWaldsee-1_1_T-1        ]	<SUCCESS>	 Time [ms]:	   953	
2020-12-28 15:40:17,590	Batch Processor	INFO	[DEU_BadWaldsee-4_2_T-1        ]	<SUCCESS>	 Time [ms]:	   493	
2020-12-28 15:40:17,591	Batch Processor	INFO	[DEU_BadWaldsee-4_5_T-1        ]	<SUCCESS>	 Time [ms]:	   366	
2020-12-28 15:40:17,592	Batch Processor	INFO	[DEU_Bilderstoeckchen-2_3_T-1  ]	<SUCCESS>	 Time [ms]:	   508	
2020-12-28 15:40:17,593	Batch Processor	INFO	[DEU_Bilderstoeckchen-4_1_T-1  ]	<SUCCESS>	 Time [ms]:	   580	
2020-12-28 15:40:17,593	Batch Processor	INFO	[DEU_Flensburg-10_1_T-1        ]	<TIMEOUT>	 Time [ms]:	 30000
2020-12-28 15:40:17,594	Batch Processor	INFO	[DEU_Flensburg-11_1_T-1        ]	<TIMEOUT>	 Time [ms]:	 30000
2020-12-28 15:40:17,594	Batch Processor	INFO	[DEU_Flensburg-12_1_T-1        ]	<TIMEOUT>	 Time [ms]:	 30000
2020-12-28 15:40:17,594	Batch Processor	INFO	[DEU_Flensburg-13_1_T-1        ]	<TIMEOUT>	 Time [ms]:	 30000
2020-12-28 15:40:17,594	Batch Processor	INFO	[DEU_Flensburg-14_1_T-1        ]	<TIMEOUT>	 Time [ms]:	 30000
2020-12-28 15:40:17,594	Batch Processor	INFO	[DEU_Flensburg-15_1_T-1        ]	<TIMEOUT>	 Time [ms]:	 30000
2020-12-28 15:40:17,595	Batch Processor	INFO	[DEU_Flensburg-16_1_T-1        ]	<TIMEOUT>	 Time [ms]:	 30000
2020-12-28 15:40:17,595	Batch Processor	INFO	[DEU_Flensburg-17_1_T-1        ]	<TIMEOUT>	 Time [ms]:	 30000
2020-12-28 15:40:17,595	Batch Processor	INFO	[DEU_Flensburg-18_1_T-1        ]	<TIMEOUT>	 Time [ms]:	 30000
2020-12-28 15:40:17,595	Batch Processor	INFO	[DEU_Flensburg-19_1_T-1        ]	<TIMEOUT>	 Time [ms]:	 30000
2020-12-28 15:40:17,595	Batch Processor	INFO	[DEU_Flensburg-20_1_T-1        ]	<TIMEOUT>	 Time [ms]:	 30000
2020-12-28 15:40:17,596	Batch Processor	INFO	[DEU_Flensburg-21_1_T-1        ]	<TIMEOUT>	 Time [ms]:	 30000
2020-12-28 15:40:17,598	Batch Processor	INFO	[DEU_Flensburg-22_1_T-1        ]	<SUCCESS>	 Time [ms]:	 10986	
2020-12-28 15:40:17,598	Batch Processor	INFO	[DEU_Flensburg-23_1_T-1        ]	<TIMEOUT>	 Time [ms]:	 30000
2020-12-28 15:40:17,599	Batch Processor	INFO	[DEU_Flensburg-24_1_T-1        ]	<TIMEOUT>	 Time [ms]:	 30000
2020-12-28 15:40:17,599	Batch Processor	INFO	[DEU_Flensburg-25_1_T-1        ]	<TIMEOUT>	 Time [ms]:	 30000
2020-12-28 15:40:17,599	Batch Processor	INFO	[DEU_Flensburg-26_1_T-1        ]	<TIMEOUT>	 Time [ms]:	 30000
2020-12-28 15:40:17,599	Batch Processor	INFO	[DEU_Flensburg-27_1_T-1        ]	<TIMEOUT>	 Time [ms]:	 30000
2020-12-28 15:40:17,600	Batch Processor	INFO	[DEU_Flensburg-28_1_T-1        ]	<TIMEOUT>	 Time [ms]:	 30000
2020-12-28 15:40:17,600	Batch Processor	INFO	[DEU_Flensburg-29_1_T-1        ]	<TIMEOUT>	 Time [ms]:	 30000
2020-12-28 15:40:17,600	Batch Processor	INFO	[DEU_Flensburg-2_1_T-1         ]	<TIMEOUT>	 Time [ms]:	 30000
2020-12-28 15:40:17,601	Batch Processor	INFO	[DEU_Flensburg-30_1_T-1        ]	<TIMEOUT>	 Time [ms]:	 30000
2020-12-28 15:40:17,601	Batch Processor	INFO	[DEU_Flensburg-31_1_T-1        ]	<TIMEOUT>	 Time [ms]:	 30000
2020-12-28 15:40:17,601	Batch Processor	INFO	[DEU_Flensburg-32_1_T-1        ]	<TIMEOUT>	 Time [ms]:	 30000
2020-12-28 15:40:17,604	Batch Processor	INFO	[DEU_Flensburg-33_1_T-1        ]	<SUCCESS>	 Time [ms]:	  1066	
2020-12-28 15:40:17,605	Batch Processor	INFO	[DEU_Flensburg-34_1_T-1        ]	<TIMEOUT>	 Time [ms]:	 30000
2020-12-28 15:40:17,605	Batch Processor	INFO	[DEU_Flensburg-35_1_T-1        ]	<TIMEOUT>	 Time [ms]:	 30000
2020-12-28 15:40:17,605	Batch Processor	INFO	[DEU_Flensburg-36_1_T-1        ]	<TIMEOUT>	 Time [ms]:	 30000
2020-12-28 15:40:17,605	Batch Processor	INFO	[DEU_Flensburg-37_1_T-1        ]	<TIMEOUT>	 Time [ms]:	 30000
2020-12-28 15:40:17,605	Batch Processor	INFO	[DEU_Flensburg-38_1_T-1        ]	<TIMEOUT>	 Time [ms]:	 30000
2020-12-28 15:40:17,606	Batch Processor	INFO	[DEU_Flensburg-39_1_T-1        ]	<TIMEOUT>	 Time [ms]:	 30000
2020-12-28 15:40:17,606	Batch Processor	INFO	[DEU_Flensburg-40_1_T-1        ]	<TIMEOUT>	 Time [ms]:	 30000
2020-12-28 15:40:17,606	Batch Processor	INFO	[DEU_Flensburg-41_1_T-1        ]	<TIMEOUT>	 Time [ms]:	 30000
2020-12-28 15:40:17,606	Batch Processor	INFO	[DEU_Flensburg-42_1_T-1        ]	<TIMEOUT>	 Time [ms]:	 30000
2020-12-28 15:40:17,607	Batch Processor	INFO	[DEU_Flensburg-43_1_T-1        ]	<TIMEOUT>	 Time [ms]:	 30000
2020-12-28 15:40:17,609	Batch Processor	INFO	[DEU_Flensburg-44_1_T-1        ]	<SUCCESS>	 Time [ms]:	  4353	
2020-12-28 15:40:17,609	Batch Processor	INFO	[DEU_Flensburg-45_1_T-1        ]	<TIMEOUT>	 Time [ms]:	 30000
2020-12-28 15:40:17,609	Batch Processor	INFO	[DEU_Flensburg-46_1_T-1        ]	<TIMEOUT>	 Time [ms]:	 30000
2020-12-28 15:40:17,610	Batch Processor	INFO	[DEU_Flensburg-47_1_T-1        ]	<TIMEOUT>	 Time [ms]:	 30000
2020-12-28 15:40:17,611	Batch Processor	INFO	[DEU_Flensburg-48_1_T-1        ]	<SUCCESS>	 Time [ms]:	   898	
2020-12-28 15:40:17,614	Batch Processor	INFO	[DEU_Flensburg-49_1_T-1        ]	<SUCCESS>	 Time [ms]:	  1111	
2020-12-28 15:40:17,614	Batch Processor	INFO	[DEU_Flensburg-50_1_T-1        ]	<TIMEOUT>	 Time [ms]:	 30000
2020-12-28 15:40:17,617	Batch Processor	INFO	[DEU_Flensburg-51_1_T-1        ]	<SUCCESS>	 Time [ms]:	  1238	
2020-12-28 15:40:17,620	Batch Processor	INFO	[DEU_Flensburg-52_1_T-1        ]	<SUCCESS>	 Time [ms]:	  7931	
2020-12-28 15:40:17,620	Batch Processor	INFO	[DEU_Flensburg-53_1_T-1        ]	<TIMEOUT>	 Time [ms]:	 30000
2020-12-28 15:40:17,621	Batch Processor	INFO	[DEU_Flensburg-54_1_T-1        ]	<TIMEOUT>	 Time [ms]:	 30000
2020-12-28 15:40:17,621	Batch Processor	INFO	[DEU_Flensburg-55_1_T-1        ]	<TIMEOUT>	 Time [ms]:	 30000
2020-12-28 15:40:17,621	Batch Processor	INFO	[DEU_Flensburg-56_1_T-1        ]	<TIMEOUT>	 Time [ms]:	 30000
2020-12-28 15:40:17,621	Batch Processor	INFO	[DEU_Flensburg-57_1_T-1        ]	<TIMEOUT>	 Time [ms]:	 30000
2020-12-28 15:40:17,622	Batch Processor	INFO	[DEU_Flensburg-58_1_T-1        ]	<TIMEOUT>	 Time [ms]:	 30000
2020-12-28 15:40:17,622	Batch Processor	INFO	[DEU_Flensburg-59_1_T-1        ]	<TIMEOUT>	 Time [ms]:	 30000
2020-12-28 15:40:17,622	Batch Processor	INFO	[DEU_Flensburg-60_1_T-1        ]	<TIMEOUT>	 Time [ms]:	 30000
2020-12-28 15:40:17,622	Batch Processor	INFO	[DEU_Flensburg-61_1_T-1        ]	<TIMEOUT>	 Time [ms]:	 30000
2020-12-28 15:40:17,625	Batch Processor	INFO	[DEU_Flensburg-62_1_T-1        ]	<SUCCESS>	 Time [ms]:	  5811	
2020-12-28 15:40:17,625	Batch Processor	INFO	[DEU_Flensburg-63_1_T-1        ]	<TIMEOUT>	 Time [ms]:	 30000
2020-12-28 15:40:17,625	Batch Processor	INFO	[DEU_Flensburg-64_1_T-1        ]	<FAILURE>	 Time [ms]:	   662
2020-12-28 15:40:17,625	Batch Processor	INFO	[DEU_Flensburg-65_1_T-1        ]	<TIMEOUT>	 Time [ms]:	 30000
2020-12-28 15:40:17,626	Batch Processor	INFO	[DEU_Flensburg-66_1_T-1        ]	<TIMEOUT>	 Time [ms]:	 30000
2020-12-28 15:40:17,626	Batch Processor	INFO	[DEU_Flensburg-67_1_T-1        ]	<TIMEOUT>	 Time [ms]:	 30000
2020-12-28 15:40:17,626	Batch Processor	INFO	[DEU_Flensburg-68_1_T-1        ]	<TIMEOUT>	 Time [ms]:	 30000
2020-12-28 15:40:17,626	Batch Processor	INFO	[DEU_Flensburg-69_1_T-1        ]	<TIMEOUT>	 Time [ms]:	 30000
2020-12-28 15:40:17,626	Batch Processor	INFO	[DEU_Flensburg-70_1_T-1        ]	<TIMEOUT>	 Time [ms]:	 30000
2020-12-28 15:40:17,627	Batch Processor	INFO	[DEU_Flensburg-71_1_T-1        ]	<TIMEOUT>	 Time [ms]:	 30000
2020-12-28 15:40:17,627	Batch Processor	INFO	[DEU_Flensburg-72_1_T-1        ]	<TIMEOUT>	 Time [ms]:	 30000
2020-12-28 15:40:17,627	Batch Processor	INFO	[DEU_Flensburg-73_1_T-1        ]	<TIMEOUT>	 Time [ms]:	 30000
2020-12-28 15:40:17,627	Batch Processor	INFO	[DEU_Flensburg-74_1_T-1        ]	<TIMEOUT>	 Time [ms]:	 30000
2020-12-28 15:40:17,627	Batch Processor	INFO	[DEU_Flensburg-75_1_T-1        ]	<TIMEOUT>	 Time [ms]:	 30000
2020-12-28 15:40:17,628	Batch Processor	INFO	[DEU_Flensburg-76_1_T-1        ]	<TIMEOUT>	 Time [ms]:	 30000
2020-12-28 15:40:17,628	Batch Processor	INFO	[DEU_Flensburg-77_1_T-1        ]	<TIMEOUT>	 Time [ms]:	 30000
2020-12-28 15:40:17,628	Batch Processor	INFO	[DEU_Flensburg-78_1_T-1        ]	<TIMEOUT>	 Time [ms]:	 30000
2020-12-28 15:40:17,628	Batch Processor	INFO	[DEU_Flensburg-79_1_T-1        ]	<TIMEOUT>	 Time [ms]:	 30000
2020-12-28 15:40:17,628	Batch Processor	INFO	[DEU_Flensburg-80_1_T-1        ]	<TIMEOUT>	 Time [ms]:	 30000
2020-12-28 15:40:17,630	Batch Processor	INFO	[DEU_Flensburg-81_1_T-1        ]	<SUCCESS>	 Time [ms]:	   554	
2020-12-28 15:40:17,631	Batch Processor	INFO	[DEU_Flensburg-82_1_T-1        ]	<TIMEOUT>	 Time [ms]:	 30000
2020-12-28 15:40:17,631	Batch Processor	INFO	[DEU_Flensburg-83_1_T-1        ]	<TIMEOUT>	 Time [ms]:	 30000
2020-12-28 15:40:17,632	Batch Processor	INFO	[DEU_Flensburg-84_1_T-1        ]	<TIMEOUT>	 Time [ms]:	 30000
2020-12-28 15:40:17,632	Batch Processor	INFO	[DEU_Flensburg-85_1_T-1        ]	<TIMEOUT>	 Time [ms]:	 30000
2020-12-28 15:40:17,632	Batch Processor	INFO	[DEU_Flensburg-86_1_T-1        ]	<TIMEOUT>	 Time [ms]:	 30000
2020-12-28 15:40:17,633	Batch Processor	INFO	[DEU_Flensburg-87_1_T-1        ]	<TIMEOUT>	 Time [ms]:	 30000
2020-12-28 15:40:17,633	Batch Processor	INFO	[DEU_Flensburg-88_1_T-1        ]	<TIMEOUT>	 Time [ms]:	 30000
2020-12-28 15:40:17,636	Batch Processor	INFO	[DEU_Flensburg-89_1_T-1        ]	<SUCCESS>	 Time [ms]:	 13470	
2020-12-28 15:40:17,636	Batch Processor	INFO	[DEU_Flensburg-90_1_T-1        ]	<TIMEOUT>	 Time [ms]:	 30000
2020-12-28 15:40:17,636	Batch Processor	INFO	[DEU_Flensburg-91_1_T-1        ]	<TIMEOUT>	 Time [ms]:	 30000
2020-12-28 15:40:17,636	Batch Processor	INFO	[DEU_Flensburg-92_1_T-1        ]	<TIMEOUT>	 Time [ms]:	 30000
2020-12-28 15:40:17,637	Batch Processor	INFO	[DEU_Flensburg-93_1_T-1        ]	<TIMEOUT>	 Time [ms]:	 30000
2020-12-28 15:40:17,637	Batch Processor	INFO	[DEU_Flensburg-94_1_T-1        ]	<TIMEOUT>	 Time [ms]:	 30000
2020-12-28 15:40:17,637	Batch Processor	INFO	[DEU_Flensburg-95_1_T-1        ]	<TIMEOUT>	 Time [ms]:	 30000
2020-12-28 15:40:17,637	Batch Processor	INFO	[DEU_Flensburg-96_1_T-1        ]	<TIMEOUT>	 Time [ms]:	 30000
2020-12-28 15:40:17,637	Batch Processor	INFO	[DEU_Flensburg-97_1_T-1        ]	<TIMEOUT>	 Time [ms]:	 30000
2020-12-28 15:40:17,640	Batch Processor	INFO	[DEU_Flensburg-98_1_T-1        ]	<SUCCESS>	 Time [ms]:	   870	
2020-12-28 15:40:17,640	Batch Processor	INFO	[DEU_Flensburg-99_1_T-1        ]	<TIMEOUT>	 Time [ms]:	 30000
2020-12-28 15:40:17,641	Batch Processor	INFO	[DEU_Guetersloh-10_4_T-1       ]	<FAILURE>	 Time [ms]:	   634
2020-12-28 15:40:17,642	Batch Processor	INFO	[DEU_Guetersloh-10_5_T-1       ]	<SUCCESS>	 Time [ms]:	   808	
2020-12-28 15:40:17,642	Batch Processor	INFO	[DEU_Guetersloh-11_3_T-1       ]	<SUCCESS>	 Time [ms]:	   807	
2020-12-28 15:40:17,643	Batch Processor	INFO	[DEU_Guetersloh-12_1_T-1       ]	<SUCCESS>	 Time [ms]:	   487	
2020-12-28 15:40:17,644	Batch Processor	INFO	[DEU_Guetersloh-14_2_T-1       ]	<SUCCESS>	 Time [ms]:	   408	
2020-12-28 15:40:17,645	Batch Processor	INFO	[DEU_Guetersloh-15_2_T-1       ]	<SUCCESS>	 Time [ms]:	  1196	
2020-12-28 15:40:17,646	Batch Processor	INFO	[DEU_Guetersloh-16_2_T-1       ]	<SUCCESS>	 Time [ms]:	   586	
2020-12-28 15:40:17,646	Batch Processor	INFO	[DEU_Guetersloh-16_5_T-1       ]	<SUCCESS>	 Time [ms]:	   619	
2020-12-28 15:40:17,647	Batch Processor	INFO	[DEU_Guetersloh-17_2_T-1       ]	<SUCCESS>	 Time [ms]:	   578	
2020-12-28 15:40:17,649	Batch Processor	INFO	[DEU_Guetersloh-18_2_T-1       ]	<SUCCESS>	 Time [ms]:	   770	
2020-12-28 15:40:17,650	Batch Processor	INFO	[DEU_Guetersloh-19_1_T-1       ]	<SUCCESS>	 Time [ms]:	  1378	
2020-12-28 15:40:17,652	Batch Processor	INFO	[DEU_Guetersloh-20_1_T-1       ]	<SUCCESS>	 Time [ms]:	   810	
2020-12-28 15:40:17,653	Batch Processor	INFO	[DEU_Guetersloh-20_3_T-1       ]	<SUCCESS>	 Time [ms]:	   609	
2020-12-28 15:40:17,654	Batch Processor	INFO	[DEU_Guetersloh-21_1_T-1       ]	<SUCCESS>	 Time [ms]:	  2053	
2020-12-28 15:40:17,655	Batch Processor	INFO	[DEU_Guetersloh-24_1_T-1       ]	<SUCCESS>	 Time [ms]:	   793	
2020-12-28 15:40:17,656	Batch Processor	INFO	[DEU_Guetersloh-24_2_T-1       ]	<SUCCESS>	 Time [ms]:	   780	
2020-12-28 15:40:17,657	Batch Processor	INFO	[DEU_Guetersloh-24_3_T-1       ]	<SUCCESS>	 Time [ms]:	   707	
2020-12-28 15:40:17,658	Batch Processor	INFO	[DEU_Guetersloh-25_2_T-1       ]	<SUCCESS>	 Time [ms]:	   604	
2020-12-28 15:40:17,659	Batch Processor	INFO	[DEU_Guetersloh-25_4_T-1       ]	<SUCCESS>	 Time [ms]:	  1220	
2020-12-28 15:40:17,660	Batch Processor	INFO	[DEU_Guetersloh-27_1_T-1       ]	<SUCCESS>	 Time [ms]:	   604	
2020-12-28 15:40:17,660	Batch Processor	INFO	[DEU_Guetersloh-30_1_T-1       ]	<SUCCESS>	 Time [ms]:	   613	
2020-12-28 15:40:17,661	Batch Processor	INFO	[DEU_Guetersloh-31_4_T-1       ]	<SUCCESS>	 Time [ms]:	   706	
2020-12-28 15:40:17,662	Batch Processor	INFO	[DEU_Guetersloh-32_3_T-1       ]	<SUCCESS>	 Time [ms]:	   485	
2020-12-28 15:40:17,663	Batch Processor	INFO	[DEU_Guetersloh-33_1_T-1       ]	<SUCCESS>	 Time [ms]:	   710	
2020-12-28 15:40:17,664	Batch Processor	INFO	[DEU_Guetersloh-34_2_T-1       ]	<SUCCESS>	 Time [ms]:	   563	
2020-12-28 15:40:17,665	Batch Processor	INFO	[DEU_Guetersloh-36_1_T-1       ]	<SUCCESS>	 Time [ms]:	   761	
2020-12-28 15:40:17,666	Batch Processor	INFO	[DEU_Guetersloh-39_3_T-1       ]	<SUCCESS>	 Time [ms]:	   589	
2020-12-28 15:40:17,667	Batch Processor	INFO	[DEU_Guetersloh-39_5_T-1       ]	<SUCCESS>	 Time [ms]:	   632	
2020-12-28 15:40:17,669	Batch Processor	INFO	[DEU_Guetersloh-40_4_T-1       ]	<SUCCESS>	 Time [ms]:	   683	
2020-12-28 15:40:17,670	Batch Processor	INFO	[DEU_Guetersloh-40_5_T-1       ]	<SUCCESS>	 Time [ms]:	   578	
2020-12-28 15:40:17,671	Batch Processor	INFO	[DEU_Guetersloh-41_1_T-1       ]	<SUCCESS>	 Time [ms]:	   977	
2020-12-28 15:40:17,671	Batch Processor	INFO	[DEU_Guetersloh-42_1_T-1       ]	<SUCCESS>	 Time [ms]:	   847	
2020-12-28 15:40:17,672	Batch Processor	INFO	[DEU_Guetersloh-4_5_T-1        ]	<SUCCESS>	 Time [ms]:	  1273	
2020-12-28 15:40:17,673	Batch Processor	INFO	[DEU_Guetersloh-50_1_T-1       ]	<SUCCESS>	 Time [ms]:	   397	
2020-12-28 15:40:17,674	Batch Processor	INFO	[DEU_Guetersloh-54_1_T-1       ]	<SUCCESS>	 Time [ms]:	   723	
2020-12-28 15:40:17,675	Batch Processor	INFO	[DEU_Guetersloh-55_1_T-1       ]	<SUCCESS>	 Time [ms]:	   566	
2020-12-28 15:40:17,676	Batch Processor	INFO	[DEU_Guetersloh-55_3_T-1       ]	<SUCCESS>	 Time [ms]:	   433	
2020-12-28 15:40:17,677	Batch Processor	INFO	[DEU_Guetersloh-65_2_T-1       ]	<SUCCESS>	 Time [ms]:	   431	
2020-12-28 15:40:17,678	Batch Processor	INFO	[DEU_Guetersloh-6_3_T-1        ]	<SUCCESS>	 Time [ms]:	   415	
2020-12-28 15:40:17,679	Batch Processor	INFO	[DEU_Guetersloh-7_2_T-1        ]	<SUCCESS>	 Time [ms]:	  1092	
2020-12-28 15:40:17,679	Batch Processor	INFO	[DEU_Guetersloh-8_1_T-1        ]	<SUCCESS>	 Time [ms]:	   385	
2020-12-28 15:40:17,680	Batch Processor	INFO	[DEU_Hennigsdorf-11_1_T-1      ]	<SUCCESS>	 Time [ms]:	   645	
2020-12-28 15:40:17,682	Batch Processor	INFO	[DEU_Hennigsdorf-12_1_T-1      ]	<SUCCESS>	 Time [ms]:	   394	
2020-12-28 15:40:17,683	Batch Processor	INFO	[DEU_Hennigsdorf-13_2_T-1      ]	<SUCCESS>	 Time [ms]:	   649	
2020-12-28 15:40:17,685	Batch Processor	INFO	[DEU_Hennigsdorf-14_3_T-1      ]	<SUCCESS>	 Time [ms]:	   637	
2020-12-28 15:40:17,686	Batch Processor	INFO	[DEU_Hennigsdorf-15_3_T-1      ]	<SUCCESS>	 Time [ms]:	  1989	
2020-12-28 15:40:17,687	Batch Processor	INFO	[DEU_Hennigsdorf-18_2_T-1      ]	<SUCCESS>	 Time [ms]:	  1138	
2020-12-28 15:40:17,688	Batch Processor	INFO	[DEU_Hennigsdorf-3_2_T-1       ]	<SUCCESS>	 Time [ms]:	  1583	
2020-12-28 15:40:17,689	Batch Processor	INFO	[DEU_Hennigsdorf-3_5_T-1       ]	<SUCCESS>	 Time [ms]:	   516	
2020-12-28 15:40:17,690	Batch Processor	INFO	[DEU_Hennigsdorf-5_1_T-1       ]	<SUCCESS>	 Time [ms]:	   896	
2020-12-28 15:40:17,691	Batch Processor	INFO	[DEU_Hennigsdorf-5_4_T-1       ]	<SUCCESS>	 Time [ms]:	   704	
2020-12-28 15:40:17,692	Batch Processor	INFO	[DEU_Hennigsdorf-7_3_T-1       ]	<SUCCESS>	 Time [ms]:	   721	
2020-12-28 15:40:17,693	Batch Processor	INFO	[DEU_Hennigsdorf-9_2_T-1       ]	<SUCCESS>	 Time [ms]:	  2214	
2020-12-28 15:40:17,694	Batch Processor	INFO	[DEU_Ibbenbueren-10_2_T-1      ]	<SUCCESS>	 Time [ms]:	   785	
2020-12-28 15:40:17,694	Batch Processor	INFO	[DEU_Ibbenbueren-11_2_T-1      ]	<SUCCESS>	 Time [ms]:	   560	
2020-12-28 15:40:17,695	Batch Processor	INFO	[DEU_Ibbenbueren-12_1_T-1      ]	<SUCCESS>	 Time [ms]:	   603	
2020-12-28 15:40:17,696	Batch Processor	INFO	[DEU_Ibbenbueren-13_3_T-1      ]	<SUCCESS>	 Time [ms]:	   462	
2020-12-28 15:40:17,697	Batch Processor	INFO	[DEU_Ibbenbueren-14_1_T-1      ]	<SUCCESS>	 Time [ms]:	   485	
2020-12-28 15:40:17,698	Batch Processor	INFO	[DEU_Ibbenbueren-15_4_T-1      ]	<SUCCESS>	 Time [ms]:	   515	
2020-12-28 15:40:17,699	Batch Processor	INFO	[DEU_Ibbenbueren-16_3_T-1      ]	<SUCCESS>	 Time [ms]:	   707	
2020-12-28 15:40:17,700	Batch Processor	INFO	[DEU_Ibbenbueren-16_5_T-1      ]	<SUCCESS>	 Time [ms]:	   747	
2020-12-28 15:40:17,701	Batch Processor	INFO	[DEU_Ibbenbueren-2_2_T-1       ]	<SUCCESS>	 Time [ms]:	   480	
2020-12-28 15:40:17,702	Batch Processor	INFO	[DEU_Ibbenbueren-3_3_T-1       ]	<SUCCESS>	 Time [ms]:	   525	
2020-12-28 15:40:17,703	Batch Processor	INFO	[DEU_Ibbenbueren-4_2_T-1       ]	<SUCCESS>	 Time [ms]:	  1074	
2020-12-28 15:40:17,704	Batch Processor	INFO	[DEU_Ibbenbueren-6_3_T-1       ]	<SUCCESS>	 Time [ms]:	   735	
2020-12-28 15:40:17,705	Batch Processor	INFO	[DEU_Ibbenbueren-6_4_T-1       ]	<SUCCESS>	 Time [ms]:	   629	
2020-12-28 15:40:17,705	Batch Processor	INFO	[DEU_Ibbenbueren-7_1_T-1       ]	<SUCCESS>	 Time [ms]:	  1144	
2020-12-28 15:40:17,706	Batch Processor	INFO	[DEU_Ibbenbueren-9_1_T-1       ]	<SUCCESS>	 Time [ms]:	   471	
2020-12-28 15:40:17,707	Batch Processor	INFO	[DEU_Lohmar-10_1_T-1           ]	<TIMEOUT>	 Time [ms]:	 30000
2020-12-28 15:40:17,709	Batch Processor	INFO	[DEU_Lohmar-11_1_T-1           ]	<SUCCESS>	 Time [ms]:	  1048	
2020-12-28 15:40:17,709	Batch Processor	INFO	[DEU_Lohmar-12_1_T-1           ]	<FAILURE>	 Time [ms]:	   815
2020-12-28 15:40:17,709	Batch Processor	INFO	[DEU_Lohmar-13_1_T-1           ]	<TIMEOUT>	 Time [ms]:	 30000
2020-12-28 15:40:17,710	Batch Processor	INFO	[DEU_Lohmar-14_1_T-1           ]	<TIMEOUT>	 Time [ms]:	 30000
2020-12-28 15:40:17,710	Batch Processor	INFO	[DEU_Lohmar-15_1_T-1           ]	<TIMEOUT>	 Time [ms]:	 30000
2020-12-28 15:40:17,710	Batch Processor	INFO	[DEU_Lohmar-16_1_T-1           ]	<TIMEOUT>	 Time [ms]:	 30000
2020-12-28 15:40:17,710	Batch Processor	INFO	[DEU_Lohmar-17_1_T-1           ]	<TIMEOUT>	 Time [ms]:	 30000
2020-12-28 15:40:17,711	Batch Processor	INFO	[DEU_Lohmar-18_1_T-1           ]	<TIMEOUT>	 Time [ms]:	 30000
2020-12-28 15:40:17,711	Batch Processor	INFO	[DEU_Lohmar-19_1_T-1           ]	<FAILURE>	 Time [ms]:	   712
2020-12-28 15:40:17,711	Batch Processor	INFO	[DEU_Lohmar-20_1_T-1           ]	<TIMEOUT>	 Time [ms]:	 30000
2020-12-28 15:40:17,712	Batch Processor	INFO	[DEU_Lohmar-21_1_T-1           ]	<TIMEOUT>	 Time [ms]:	 30000
2020-12-28 15:40:17,712	Batch Processor	INFO	[DEU_Lohmar-22_1_T-1           ]	<TIMEOUT>	 Time [ms]:	 30000
2020-12-28 15:40:17,712	Batch Processor	INFO	[DEU_Lohmar-23_1_T-1           ]	<TIMEOUT>	 Time [ms]:	 30000
2020-12-28 15:40:17,712	Batch Processor	INFO	[DEU_Lohmar-24_1_T-1           ]	<TIMEOUT>	 Time [ms]:	 30000
2020-12-28 15:40:17,713	Batch Processor	INFO	[DEU_Lohmar-25_1_T-1           ]	<TIMEOUT>	 Time [ms]:	 30000
2020-12-28 15:40:17,713	Batch Processor	INFO	[DEU_Lohmar-26_1_T-1           ]	<TIMEOUT>	 Time [ms]:	 30000
2020-12-28 15:40:17,715	Batch Processor	INFO	[DEU_Lohmar-27_1_T-1           ]	<SUCCESS>	 Time [ms]:	  9258	
2020-12-28 15:40:17,715	Batch Processor	INFO	[DEU_Lohmar-28_1_T-1           ]	<TIMEOUT>	 Time [ms]:	 30000
2020-12-28 15:40:17,715	Batch Processor	INFO	[DEU_Lohmar-29_1_T-1           ]	<TIMEOUT>	 Time [ms]:	 30000
2020-12-28 15:40:17,717	Batch Processor	INFO	[DEU_Lohmar-30_1_T-1           ]	<SUCCESS>	 Time [ms]:	  1648	
2020-12-28 15:40:17,718	Batch Processor	INFO	[DEU_Lohmar-31_1_T-1           ]	<TIMEOUT>	 Time [ms]:	 30000
2020-12-28 15:40:17,718	Batch Processor	INFO	[DEU_Lohmar-32_1_T-1           ]	<TIMEOUT>	 Time [ms]:	 30000
2020-12-28 15:40:17,718	Batch Processor	INFO	[DEU_Lohmar-33_1_T-1           ]	<TIMEOUT>	 Time [ms]:	 30000
2020-12-28 15:40:17,718	Batch Processor	INFO	[DEU_Lohmar-34_1_T-1           ]	<TIMEOUT>	 Time [ms]:	 30000
2020-12-28 15:40:17,720	Batch Processor	INFO	[DEU_Lohmar-35_1_T-1           ]	<SUCCESS>	 Time [ms]:	   698	
2020-12-28 15:40:17,721	Batch Processor	INFO	[DEU_Lohmar-36_1_T-1           ]	<TIMEOUT>	 Time [ms]:	 30000
2020-12-28 15:40:17,722	Batch Processor	INFO	[DEU_Lohmar-37_1_T-1           ]	<SUCCESS>	 Time [ms]:	  1568	
2020-12-28 15:40:17,723	Batch Processor	INFO	[DEU_Lohmar-38_1_T-1           ]	<TIMEOUT>	 Time [ms]:	 30000
2020-12-28 15:40:17,723	Batch Processor	INFO	[DEU_Lohmar-39_1_T-1           ]	<TIMEOUT>	 Time [ms]:	 30000
2020-12-28 15:40:17,723	Batch Processor	INFO	[DEU_Lohmar-40_1_T-1           ]	<TIMEOUT>	 Time [ms]:	 30000
2020-12-28 15:40:17,723	Batch Processor	INFO	[DEU_Lohmar-41_1_T-1           ]	<TIMEOUT>	 Time [ms]:	 30000
2020-12-28 15:40:17,723	Batch Processor	INFO	[DEU_Lohmar-42_1_T-1           ]	<TIMEOUT>	 Time [ms]:	 30000
2020-12-28 15:40:17,724	Batch Processor	INFO	[DEU_Lohmar-43_1_T-1           ]	<TIMEOUT>	 Time [ms]:	 30000
2020-12-28 15:40:17,726	Batch Processor	INFO	[DEU_Lohmar-44_1_T-1           ]	<SUCCESS>	 Time [ms]:	   817	
2020-12-28 15:40:17,728	Batch Processor	INFO	[DEU_Lohmar-45_1_T-1           ]	<SUCCESS>	 Time [ms]:	  1040	
2020-12-28 15:40:17,728	Batch Processor	INFO	[DEU_Lohmar-46_1_T-1           ]	<TIMEOUT>	 Time [ms]:	 30000
2020-12-28 15:40:17,728	Batch Processor	INFO	[DEU_Lohmar-47_1_T-1           ]	<TIMEOUT>	 Time [ms]:	 30000
2020-12-28 15:40:17,728	Batch Processor	INFO	[DEU_Lohmar-48_1_T-1           ]	<TIMEOUT>	 Time [ms]:	 30000
2020-12-28 15:40:17,729	Batch Processor	INFO	[DEU_Lohmar-49_1_T-1           ]	<TIMEOUT>	 Time [ms]:	 30000
2020-12-28 15:40:17,729	Batch Processor	INFO	[DEU_Lohmar-50_1_T-1           ]	<TIMEOUT>	 Time [ms]:	 30000
2020-12-28 15:40:17,729	Batch Processor	INFO	[DEU_Lohmar-51_1_T-1           ]	<TIMEOUT>	 Time [ms]:	 30000
2020-12-28 15:40:17,729	Batch Processor	INFO	[DEU_Lohmar-52_1_T-1           ]	<TIMEOUT>	 Time [ms]:	 30000
2020-12-28 15:40:17,731	Batch Processor	INFO	[DEU_Lohmar-53_1_T-1           ]	<SUCCESS>	 Time [ms]:	  1643	
2020-12-28 15:40:17,731	Batch Processor	INFO	[DEU_Lohmar-54_1_T-1           ]	<TIMEOUT>	 Time [ms]:	 30000
2020-12-28 15:40:17,732	Batch Processor	INFO	[DEU_Lohmar-55_1_T-1           ]	<TIMEOUT>	 Time [ms]:	 30000
2020-12-28 15:40:17,734	Batch Processor	INFO	[DEU_Lohmar-56_1_T-1           ]	<SUCCESS>	 Time [ms]:	  1956	
2020-12-28 15:40:17,734	Batch Processor	INFO	[DEU_Lohmar-57_1_T-1           ]	<TIMEOUT>	 Time [ms]:	 30000
2020-12-28 15:40:17,734	Batch Processor	INFO	[DEU_Lohmar-58_1_T-1           ]	<TIMEOUT>	 Time [ms]:	 30000
2020-12-28 15:40:17,734	Batch Processor	INFO	[DEU_Lohmar-59_1_T-1           ]	<TIMEOUT>	 Time [ms]:	 30000
2020-12-28 15:40:17,734	Batch Processor	INFO	[DEU_Lohmar-60_1_T-1           ]	<TIMEOUT>	 Time [ms]:	 30000
2020-12-28 15:40:17,735	Batch Processor	INFO	[DEU_Lohmar-61_1_T-1           ]	<TIMEOUT>	 Time [ms]:	 30000
2020-12-28 15:40:17,735	Batch Processor	INFO	[DEU_Lohmar-62_1_T-1           ]	<TIMEOUT>	 Time [ms]:	 30000
2020-12-28 15:40:17,735	Batch Processor	INFO	[DEU_Lohmar-63_1_T-1           ]	<TIMEOUT>	 Time [ms]:	 30000
2020-12-28 15:40:17,737	Batch Processor	INFO	[DEU_Lohmar-64_1_T-1           ]	<SUCCESS>	 Time [ms]:	  1128	
2020-12-28 15:40:17,738	Batch Processor	INFO	[DEU_Lohmar-65_1_T-1           ]	<TIMEOUT>	 Time [ms]:	 30000
2020-12-28 15:40:17,738	Batch Processor	INFO	[DEU_Lohmar-66_1_T-1           ]	<TIMEOUT>	 Time [ms]:	 30000
2020-12-28 15:40:17,738	Batch Processor	INFO	[DEU_Lohmar-67_1_T-1           ]	<TIMEOUT>	 Time [ms]:	 30000
2020-12-28 15:40:17,739	Batch Processor	INFO	[DEU_Lohmar-68_1_T-1           ]	<TIMEOUT>	 Time [ms]:	 30000
2020-12-28 15:40:17,739	Batch Processor	INFO	[DEU_Lohmar-69_1_T-1           ]	<TIMEOUT>	 Time [ms]:	 30000
2020-12-28 15:40:17,739	Batch Processor	INFO	[DEU_Lohmar-70_1_T-1           ]	<TIMEOUT>	 Time [ms]:	 30000
2020-12-28 15:40:17,741	Batch Processor	INFO	[DEU_Lohmar-8_1_T-1            ]	<SUCCESS>	 Time [ms]:	  1250	
2020-12-28 15:40:17,742	Batch Processor	INFO	[DEU_Lohmar-9_1_T-1            ]	<TIMEOUT>	 Time [ms]:	 30000
2020-12-28 15:40:17,742	Batch Processor	INFO	[DEU_Luckenwalde-1_1_T-1       ]	<TIMEOUT>	 Time [ms]:	 30000
2020-12-28 15:40:17,743	Batch Processor	INFO	[DEU_Meckenheim-1_4_T-1        ]	<SUCCESS>	 Time [ms]:	   711	
2020-12-28 15:40:17,744	Batch Processor	INFO	[DEU_Meckenheim-3_1_T-1        ]	<SUCCESS>	 Time [ms]:	   684	
2020-12-28 15:40:17,745	Batch Processor	INFO	[DEU_Meckenheim-5_1_T-1        ]	<SUCCESS>	 Time [ms]:	   364	
2020-12-28 15:40:17,746	Batch Processor	INFO	[DEU_Meckenheim-8_3_T-1        ]	<SUCCESS>	 Time [ms]:	  1158	
2020-12-28 15:40:17,747	Batch Processor	INFO	[DEU_Meckenheim-8_5_T-1        ]	<SUCCESS>	 Time [ms]:	  1167	
2020-12-28 15:40:17,747	Batch Processor	INFO	[DEU_Moabit-1_2_T-1            ]	<SUCCESS>	 Time [ms]:	  1358	
2020-12-28 15:40:17,748	Batch Processor	INFO	[DEU_Moabit-4_1_T-1            ]	<SUCCESS>	 Time [ms]:	   424	
2020-12-28 15:40:17,749	Batch Processor	INFO	[DEU_Moabit-5_2_T-1            ]	<SUCCESS>	 Time [ms]:	   528	
2020-12-28 15:40:17,750	Batch Processor	INFO	[DEU_Moabit-6_2_T-1            ]	<SUCCESS>	 Time [ms]:	   537	
2020-12-28 15:40:17,751	Batch Processor	INFO	[DEU_Moelln-10_3_T-1           ]	<SUCCESS>	 Time [ms]:	   515	
2020-12-28 15:40:17,752	Batch Processor	INFO	[DEU_Moelln-11_1_T-1           ]	<SUCCESS>	 Time [ms]:	   638	
2020-12-28 15:40:17,753	Batch Processor	INFO	[DEU_Moelln-12_1_T-1           ]	<SUCCESS>	 Time [ms]:	   639	
2020-12-28 15:40:17,753	Batch Processor	INFO	[DEU_Moelln-2_1_T-1            ]	<SUCCESS>	 Time [ms]:	  2551	
2020-12-28 15:40:17,754	Batch Processor	INFO	[DEU_Moelln-4_3_T-1            ]	<SUCCESS>	 Time [ms]:	  1116	
2020-12-28 15:40:17,755	Batch Processor	INFO	[DEU_Moelln-6_1_T-1            ]	<SUCCESS>	 Time [ms]:	  1126	
2020-12-28 15:40:17,757	Batch Processor	INFO	[DEU_Moelln-7_1_T-1            ]	<SUCCESS>	 Time [ms]:	   456	
2020-12-28 15:40:17,758	Batch Processor	INFO	[DEU_Moelln-9_1_T-1            ]	<SUCCESS>	 Time [ms]:	  2257	
2020-12-28 15:40:17,759	Batch Processor	INFO	[DEU_Muehlhausen-11_1_T-1      ]	<SUCCESS>	 Time [ms]:	   741	
2020-12-28 15:40:17,759	Batch Processor	INFO	[DEU_Muehlhausen-14_3_T-1      ]	<SUCCESS>	 Time [ms]:	   749	
2020-12-28 15:40:17,760	Batch Processor	INFO	[DEU_Muehlhausen-1_2_T-1       ]	<SUCCESS>	 Time [ms]:	  1760	
2020-12-28 15:40:17,761	Batch Processor	INFO	[DEU_Muehlhausen-1_3_T-1       ]	<SUCCESS>	 Time [ms]:	   742	
2020-12-28 15:40:17,762	Batch Processor	INFO	[DEU_Muehlhausen-2_1_T-1       ]	<SUCCESS>	 Time [ms]:	  2634	
2020-12-28 15:40:17,763	Batch Processor	INFO	[DEU_Muehlhausen-4_1_T-1       ]	<SUCCESS>	 Time [ms]:	  1123	
2020-12-28 15:40:17,763	Batch Processor	INFO	[DEU_Muehlhausen-5_1_T-1       ]	<SUCCESS>	 Time [ms]:	   961	
2020-12-28 15:40:17,764	Batch Processor	INFO	[DEU_Muehlhausen-6_1_T-1       ]	<SUCCESS>	 Time [ms]:	   517	
2020-12-28 15:40:17,765	Batch Processor	INFO	[DEU_Muehlhausen-7_2_T-1       ]	<SUCCESS>	 Time [ms]:	   620	
2020-12-28 15:40:17,766	Batch Processor	INFO	[DEU_Reutlingen-1_1_T-1        ]	<TIMEOUT>	 Time [ms]:	 30000
2020-12-28 15:40:17,766	Batch Processor	INFO	[DEU_Reutlingen-2_1_T-1        ]	<TIMEOUT>	 Time [ms]:	 30000
2020-12-28 15:40:17,767	Batch Processor	INFO	[DEU_Reutlingen-3_1_T-1        ]	<TIMEOUT>	 Time [ms]:	 30000
2020-12-28 15:40:17,767	Batch Processor	INFO	[DEU_Reutlingen-4_1_T-1        ]	<TIMEOUT>	 Time [ms]:	 30000
2020-12-28 15:40:17,767	Batch Processor	INFO	[DEU_Reutlingen-5_1_T-1        ]	<TIMEOUT>	 Time [ms]:	 30000
2020-12-28 15:40:17,768	Batch Processor	INFO	[DEU_Reutlingen-6_1_T-1        ]	<TIMEOUT>	 Time [ms]:	 30000
2020-12-28 15:40:17,769	Batch Processor	INFO	[DEU_Rheinbach-1_4_T-1         ]	<SUCCESS>	 Time [ms]:	  1125	
2020-12-28 15:40:17,770	Batch Processor	INFO	[DEU_Rheinbach-5_3_T-1         ]	<SUCCESS>	 Time [ms]:	  1315	
2020-12-28 15:40:17,770	Batch Processor	INFO	[DEU_Speyer-2_1_T-1            ]	<FAILURE>	 Time [ms]:	   352
2020-12-28 15:40:17,771	Batch Processor	INFO	[DEU_Speyer-2_4_T-1            ]	<SUCCESS>	 Time [ms]:	   473	
2020-12-28 15:40:17,772	Batch Processor	INFO	[DEU_Speyer-5_2_T-1            ]	<SUCCESS>	 Time [ms]:	   843	
2020-12-28 15:40:17,773	Batch Processor	INFO	[ESP_Almansa-1_1_T-1           ]	<SUCCESS>	 Time [ms]:	   844	
2020-12-28 15:40:17,774	Batch Processor	INFO	[ESP_Almansa-2_1_T-1           ]	<SUCCESS>	 Time [ms]:	  3010	
2020-12-28 15:40:17,774	Batch Processor	INFO	[ESP_Almansa-6_1_T-1           ]	<SUCCESS>	 Time [ms]:	  1375	
2020-12-28 15:40:17,775	Batch Processor	INFO	[ESP_Berga-10_1_T-1            ]	<SUCCESS>	 Time [ms]:	   855	
2020-12-28 15:40:17,776	Batch Processor	INFO	[ESP_Berga-4_4_T-1             ]	<SUCCESS>	 Time [ms]:	   729	
2020-12-28 15:40:17,777	Batch Processor	INFO	[ESP_Berga-6_1_T-1             ]	<SUCCESS>	 Time [ms]:	  2762	
2020-12-28 15:40:17,778	Batch Processor	INFO	[ESP_Berga-9_1_T-1             ]	<SUCCESS>	 Time [ms]:	   928	
2020-12-28 15:40:17,778	Batch Processor	INFO	[ESP_Cambre-1_1_T-1            ]	<SUCCESS>	 Time [ms]:	   707	
2020-12-28 15:40:17,779	Batch Processor	INFO	[ESP_Cambre-2_1_T-1            ]	<SUCCESS>	 Time [ms]:	   604	
2020-12-28 15:40:17,780	Batch Processor	INFO	[ESP_Cambre-3_1_T-1            ]	<SUCCESS>	 Time [ms]:	   475	
2020-12-28 15:40:17,781	Batch Processor	INFO	[ESP_Ceuta-10_1_T-1            ]	<SUCCESS>	 Time [ms]:	  1044	
2020-12-28 15:40:17,781	Batch Processor	INFO	[ESP_Ceuta-11_1_T-1            ]	<FAILURE>	 Time [ms]:	  1162
2020-12-28 15:40:17,782	Batch Processor	INFO	[ESP_Ceuta-15_2_T-1            ]	<SUCCESS>	 Time [ms]:	   742	
2020-12-28 15:40:17,783	Batch Processor	INFO	[ESP_Ceuta-1_2_T-1             ]	<SUCCESS>	 Time [ms]:	   657	
2020-12-28 15:40:17,784	Batch Processor	INFO	[ESP_Ceuta-2_1_T-1             ]	<SUCCESS>	 Time [ms]:	  1526	
2020-12-28 15:40:17,785	Batch Processor	INFO	[ESP_Ceuta-3_2_T-1             ]	<SUCCESS>	 Time [ms]:	  1073	
2020-12-28 15:40:17,786	Batch Processor	INFO	[ESP_Ceuta-4_1_T-1             ]	<SUCCESS>	 Time [ms]:	  1404	
2020-12-28 15:40:17,786	Batch Processor	INFO	[ESP_Ceuta-5_1_T-1             ]	<FAILURE>	 Time [ms]:	   638
2020-12-28 15:40:17,787	Batch Processor	INFO	[ESP_Ceuta-7_1_T-1             ]	<SUCCESS>	 Time [ms]:	   328	
2020-12-28 15:40:17,788	Batch Processor	INFO	[ESP_Ceuta-8_1_T-1             ]	<SUCCESS>	 Time [ms]:	   689	
2020-12-28 15:40:17,788	Batch Processor	INFO	[ESP_Inca-3_2_T-1              ]	<FAILURE>	 Time [ms]:	   604
2020-12-28 15:40:17,789	Batch Processor	INFO	[ESP_Inca-7_1_T-1              ]	<SUCCESS>	 Time [ms]:	  1043	
2020-12-28 15:40:17,790	Batch Processor	INFO	[ESP_Monzon-2_1_T-1            ]	<SUCCESS>	 Time [ms]:	   828	
2020-12-28 15:40:17,791	Batch Processor	INFO	[ESP_Monzon-3_1_T-1            ]	<SUCCESS>	 Time [ms]:	  1906	
2020-12-28 15:40:17,791	Batch Processor	INFO	[ESP_Monzon-5_1_T-1            ]	<SUCCESS>	 Time [ms]:	   596	
2020-12-28 15:40:17,792	Batch Processor	INFO	[ESP_Monzon-6_1_T-1            ]	<SUCCESS>	 Time [ms]:	  1283	
2020-12-28 15:40:17,793	Batch Processor	INFO	[ESP_Monzon-7_2_T-1            ]	<SUCCESS>	 Time [ms]:	  1088	
2020-12-28 15:40:17,794	Batch Processor	INFO	[ESP_Monzon-7_3_T-1            ]	<SUCCESS>	 Time [ms]:	   757	
2020-12-28 15:40:17,795	Batch Processor	INFO	[ESP_Monzon-9_1_T-1            ]	<SUCCESS>	 Time [ms]:	  1812	
2020-12-28 15:40:17,796	Batch Processor	INFO	[ESP_PriegodeCordoba-2_3_T-1   ]	<SUCCESS>	 Time [ms]:	   796	
2020-12-28 15:40:17,796	Batch Processor	INFO	[ESP_PriegodeCordoba-3_1_T-1   ]	<SUCCESS>	 Time [ms]:	   987	
2020-12-28 15:40:17,797	Batch Processor	INFO	[ESP_PriegodeCordoba-6_1_T-1   ]	<SUCCESS>	 Time [ms]:	  1312	
2020-12-28 15:40:17,798	Batch Processor	INFO	[ESP_Requena-6_2_T-1           ]	<SUCCESS>	 Time [ms]:	  1694	
2020-12-28 15:40:17,799	Batch Processor	INFO	[ESP_SantBoideLlobregat-14_1_T-1]	<SUCCESS>	 Time [ms]:	   536	
2020-12-28 15:40:17,800	Batch Processor	INFO	[ESP_SantBoideLlobregat-14_4_T-1]	<SUCCESS>	 Time [ms]:	   730	
2020-12-28 15:40:17,801	Batch Processor	INFO	[ESP_SantBoideLlobregat-18_2_T-1]	<SUCCESS>	 Time [ms]:	   171	
2020-12-28 15:40:17,801	Batch Processor	INFO	[ESP_SantBoideLlobregat-19_1_T-1]	<SUCCESS>	 Time [ms]:	  1968	
2020-12-28 15:40:17,802	Batch Processor	INFO	[ESP_SantBoideLlobregat-22_3_T-1]	<FAILURE>	 Time [ms]:	   188
2020-12-28 15:40:17,803	Batch Processor	INFO	[ESP_SantBoideLlobregat-23_2_T-1]	<SUCCESS>	 Time [ms]:	   743	
2020-12-28 15:40:17,804	Batch Processor	INFO	[ESP_SantBoideLlobregat-24_1_T-1]	<SUCCESS>	 Time [ms]:	   667	
2020-12-28 15:40:17,805	Batch Processor	INFO	[ESP_SantBoideLlobregat-3_1_T-1]	<SUCCESS>	 Time [ms]:	   576	
2020-12-28 15:40:17,805	Batch Processor	INFO	[ESP_SantBoideLlobregat-4_1_T-1]	<FAILURE>	 Time [ms]:	   452
2020-12-28 15:40:17,806	Batch Processor	INFO	[ESP_SantBoideLlobregat-6_2_T-1]	<SUCCESS>	 Time [ms]:	  1673	
2020-12-28 15:40:17,807	Batch Processor	INFO	[ESP_SantBoideLlobregat-8_1_T-1]	<SUCCESS>	 Time [ms]:	   891	
2020-12-28 15:40:17,808	Batch Processor	INFO	[ESP_SantBoideLlobregat-8_5_T-1]	<SUCCESS>	 Time [ms]:	  1135	
2020-12-28 15:40:17,809	Batch Processor	INFO	[ESP_Toledo-10_1_T-1           ]	<SUCCESS>	 Time [ms]:	   909	
2020-12-28 15:40:17,810	Batch Processor	INFO	[ESP_Toledo-10_2_T-1           ]	<SUCCESS>	 Time [ms]:	   954	
2020-12-28 15:40:17,810	Batch Processor	INFO	[ESP_Toledo-11_1_T-1           ]	<SUCCESS>	 Time [ms]:	   332	
2020-12-28 15:40:17,811	Batch Processor	INFO	[ESP_Toledo-11_5_T-1           ]	<SUCCESS>	 Time [ms]:	   528	
2020-12-28 15:40:17,812	Batch Processor	INFO	[ESP_Toledo-22_1_T-1           ]	<SUCCESS>	 Time [ms]:	   466	
2020-12-28 15:40:17,813	Batch Processor	INFO	[ESP_Toledo-23_1_T-1           ]	<SUCCESS>	 Time [ms]:	   307	
2020-12-28 15:40:17,814	Batch Processor	INFO	[ESP_Toledo-5_1_T-1            ]	<SUCCESS>	 Time [ms]:	   503	
2020-12-28 15:40:17,815	Batch Processor	INFO	[ESP_Toledo-6_2_T-1            ]	<SUCCESS>	 Time [ms]:	  1029	
2020-12-28 15:40:17,815	Batch Processor	INFO	[ESP_Toledo-8_1_T-1            ]	<FAILURE>	 Time [ms]:	  1132
2020-12-28 15:40:17,816	Batch Processor	INFO	[ESP_Toledo-9_1_T-1            ]	<SUCCESS>	 Time [ms]:	   671	
2020-12-28 15:40:17,817	Batch Processor	INFO	[FRA_Anglet-1_2_T-1            ]	<SUCCESS>	 Time [ms]:	   899	
2020-12-28 15:40:17,817	Batch Processor	INFO	[FRA_Anglet-2_1_T-1            ]	<FAILURE>	 Time [ms]:	   919
2020-12-28 15:40:17,818	Batch Processor	INFO	[FRA_Anglet-3_2_T-1            ]	<SUCCESS>	 Time [ms]:	  1371	
2020-12-28 15:40:17,819	Batch Processor	INFO	[FRA_Miramas-1_1_T-1           ]	<SUCCESS>	 Time [ms]:	  1333	
2020-12-28 15:40:17,820	Batch Processor	INFO	[FRA_Miramas-2_1_T-1           ]	<SUCCESS>	 Time [ms]:	   967	
2020-12-28 15:40:17,820	Batch Processor	INFO	[FRA_Miramas-3_1_T-1           ]	<SUCCESS>	 Time [ms]:	   853	
2020-12-28 15:40:17,821	Batch Processor	INFO	[FRA_Miramas-5_1_T-1           ]	<SUCCESS>	 Time [ms]:	  1894	
2020-12-28 15:40:17,822	Batch Processor	INFO	[FRA_Miramas-9_1_T-1           ]	<SUCCESS>	 Time [ms]:	   864	
2020-12-28 15:40:17,823	Batch Processor	INFO	[FRA_MoissyCramayel-1_1_T-1    ]	<SUCCESS>	 Time [ms]:	  1772	
2020-12-28 15:40:17,824	Batch Processor	INFO	[FRA_MoissyCramayel-2_1_T-1    ]	<SUCCESS>	 Time [ms]:	   888	
2020-12-28 15:40:17,825	Batch Processor	INFO	[FRA_MoissyCramayel-4_1_T-1    ]	<SUCCESS>	 Time [ms]:	  1114	
2020-12-28 15:40:17,826	Batch Processor	INFO	[FRA_Sete-1_1_T-1              ]	<SUCCESS>	 Time [ms]:	  1192	
2020-12-28 15:40:17,826	Batch Processor	INFO	[GRC_Perama-1_1_T-1            ]	<FAILURE>	 Time [ms]:	   977
2020-12-28 15:40:17,827	Batch Processor	INFO	[GRC_Perama-2_1_T-1            ]	<SUCCESS>	 Time [ms]:	   590	
2020-12-28 15:40:17,827	Batch Processor	INFO	[GRC_Perama-3_2_T-1            ]	<SUCCESS>	 Time [ms]:	   696	
2020-12-28 15:40:17,828	Batch Processor	INFO	[GRC_Perama-4_3_T-1            ]	<SUCCESS>	 Time [ms]:	   850	
2020-12-28 15:40:17,829	Batch Processor	INFO	[GRC_Perama-7_1_T-1            ]	<SUCCESS>	 Time [ms]:	  1085	
2020-12-28 15:40:17,830	Batch Processor	INFO	[HRV_Pula-10_1_T-1             ]	<SUCCESS>	 Time [ms]:	   864	
2020-12-28 15:40:17,831	Batch Processor	INFO	[HRV_Pula-12_3_T-1             ]	<SUCCESS>	 Time [ms]:	   773	
2020-12-28 15:40:17,832	Batch Processor	INFO	[HRV_Pula-13_2_T-1             ]	<SUCCESS>	 Time [ms]:	   568	
2020-12-28 15:40:17,833	Batch Processor	INFO	[HRV_Pula-15_1_T-1             ]	<SUCCESS>	 Time [ms]:	   732	
2020-12-28 15:40:17,834	Batch Processor	INFO	[HRV_Pula-18_1_T-1             ]	<SUCCESS>	 Time [ms]:	   767	
2020-12-28 15:40:17,835	Batch Processor	INFO	[HRV_Pula-19_2_T-1             ]	<SUCCESS>	 Time [ms]:	   533	
2020-12-28 15:40:17,836	Batch Processor	INFO	[HRV_Pula-21_1_T-1             ]	<SUCCESS>	 Time [ms]:	   966	
2020-12-28 15:40:17,837	Batch Processor	INFO	[HRV_Pula-22_1_T-1             ]	<SUCCESS>	 Time [ms]:	  1031	
2020-12-28 15:40:17,838	Batch Processor	INFO	[HRV_Pula-23_1_T-1             ]	<SUCCESS>	 Time [ms]:	   722	
2020-12-28 15:40:17,838	Batch Processor	INFO	[HRV_Pula-24_1_T-1             ]	<SUCCESS>	 Time [ms]:	   925	
2020-12-28 15:40:17,839	Batch Processor	INFO	[HRV_Pula-25_1_T-1             ]	<SUCCESS>	 Time [ms]:	   702	
2020-12-28 15:40:17,840	Batch Processor	INFO	[HRV_Pula-27_2_T-1             ]	<SUCCESS>	 Time [ms]:	  1042	
2020-12-28 15:40:17,841	Batch Processor	INFO	[HRV_Pula-29_3_T-1             ]	<SUCCESS>	 Time [ms]:	   717	
2020-12-28 15:40:17,842	Batch Processor	INFO	[HRV_Pula-31_1_T-1             ]	<SUCCESS>	 Time [ms]:	  1057	
2020-12-28 15:40:17,842	Batch Processor	INFO	[HRV_Pula-32_2_T-1             ]	<SUCCESS>	 Time [ms]:	  1638	
2020-12-28 15:40:17,843	Batch Processor	INFO	[HRV_Pula-33_2_T-1             ]	<SUCCESS>	 Time [ms]:	  1610	
2020-12-28 15:40:17,844	Batch Processor	INFO	[HRV_Pula-5_2_T-1              ]	<SUCCESS>	 Time [ms]:	  3063	
2020-12-28 15:40:17,845	Batch Processor	INFO	[HRV_Pula-5_3_T-1              ]	<SUCCESS>	 Time [ms]:	  1914	
2020-12-28 15:40:17,846	Batch Processor	INFO	[HRV_Pula-6_2_T-1              ]	<SUCCESS>	 Time [ms]:	   845	
2020-12-28 15:40:17,847	Batch Processor	INFO	[HRV_Pula-7_2_T-1              ]	<SUCCESS>	 Time [ms]:	  1564	
2020-12-28 15:40:17,848	Batch Processor	INFO	[HRV_Pula-8_3_T-1              ]	<SUCCESS>	 Time [ms]:	  1128	
2020-12-28 15:40:17,848	Batch Processor	INFO	[HRV_Pula-9_2_T-1              ]	<SUCCESS>	 Time [ms]:	   419	
2020-12-28 15:40:17,849	Batch Processor	INFO	[HRV_Pula-9_4_T-1              ]	<SUCCESS>	 Time [ms]:	   465	
2020-12-28 15:40:17,850	Batch Processor	INFO	[ITA_CarpiCentro-1_3_T-1       ]	<SUCCESS>	 Time [ms]:	   731	
2020-12-28 15:40:17,851	Batch Processor	INFO	[ITA_CarpiCentro-2_4_T-1       ]	<SUCCESS>	 Time [ms]:	  1782	
2020-12-28 15:40:17,852	Batch Processor	INFO	[ITA_CarpiCentro-3_1_T-1       ]	<SUCCESS>	 Time [ms]:	   981	
2020-12-28 15:40:17,853	Batch Processor	INFO	[ITA_CarpiCentro-5_1_T-1       ]	<SUCCESS>	 Time [ms]:	  1197	
2020-12-28 15:40:17,853	Batch Processor	INFO	[ITA_CarpiCentro-6_2_T-1       ]	<SUCCESS>	 Time [ms]:	  1131	
2020-12-28 15:40:17,854	Batch Processor	INFO	[ITA_CarpiCentro-7_1_T-1       ]	<SUCCESS>	 Time [ms]:	  1550	
2020-12-28 15:40:17,855	Batch Processor	INFO	[ITA_CarpiCentro-8_3_T-1       ]	<SUCCESS>	 Time [ms]:	   541	
2020-12-28 15:40:17,855	Batch Processor	INFO	[ITA_Empoli-10_1_T-1           ]	<FAILURE>	 Time [ms]:	   852
2020-12-28 15:40:17,856	Batch Processor	INFO	[ITA_Empoli-18_1_T-1           ]	<SUCCESS>	 Time [ms]:	   668	
2020-12-28 15:40:17,857	Batch Processor	INFO	[ITA_Empoli-2_4_T-1            ]	<SUCCESS>	 Time [ms]:	  1598	
2020-12-28 15:40:17,858	Batch Processor	INFO	[ITA_Empoli-2_5_T-1            ]	<SUCCESS>	 Time [ms]:	   700	
2020-12-28 15:40:17,859	Batch Processor	INFO	[ITA_Empoli-3_1_T-1            ]	<SUCCESS>	 Time [ms]:	   612	
2020-12-28 15:40:17,859	Batch Processor	INFO	[ITA_Empoli-4_2_T-1            ]	<SUCCESS>	 Time [ms]:	  1139	
2020-12-28 15:40:17,860	Batch Processor	INFO	[ITA_Empoli-7_3_T-1            ]	<SUCCESS>	 Time [ms]:	   801	
2020-12-28 15:40:17,861	Batch Processor	INFO	[ITA_Empoli-8_2_T-1            ]	<SUCCESS>	 Time [ms]:	   683	
2020-12-28 15:40:17,862	Batch Processor	INFO	[ITA_Foggia-10_1_T-1           ]	<SUCCESS>	 Time [ms]:	   715	
2020-12-28 15:40:17,863	Batch Processor	INFO	[ITA_Foggia-11_1_T-1           ]	<SUCCESS>	 Time [ms]:	   629	
2020-12-28 15:40:17,863	Batch Processor	INFO	[ITA_Foggia-12_1_T-1           ]	<FAILURE>	 Time [ms]:	   371
2020-12-28 15:40:17,864	Batch Processor	INFO	[ITA_Foggia-13_1_T-1           ]	<SUCCESS>	 Time [ms]:	  1695	
2020-12-28 15:40:17,864	Batch Processor	INFO	[ITA_Foggia-19_1_T-1           ]	<FAILURE>	 Time [ms]:	   266
2020-12-28 15:40:17,865	Batch Processor	INFO	[ITA_Foggia-1_1_T-1            ]	<SUCCESS>	 Time [ms]:	   596	
2020-12-28 15:40:17,866	Batch Processor	INFO	[ITA_Foggia-3_1_T-1            ]	<SUCCESS>	 Time [ms]:	   549	
2020-12-28 15:40:17,867	Batch Processor	INFO	[ITA_Foggia-4_2_T-1            ]	<SUCCESS>	 Time [ms]:	   602	
2020-12-28 15:40:17,868	Batch Processor	INFO	[ITA_Foggia-5_1_T-1            ]	<SUCCESS>	 Time [ms]:	  1070	
2020-12-28 15:40:17,868	Batch Processor	INFO	[ITA_Foggia-6_1_T-1            ]	<SUCCESS>	 Time [ms]:	   648	
2020-12-28 15:40:17,870	Batch Processor	INFO	[ITA_Foggia-7_2_T-1            ]	<SUCCESS>	 Time [ms]:	  1990	
2020-12-28 15:40:17,871	Batch Processor	INFO	[ITA_SanGiorgioaCremano-2_1_T-1]	<SUCCESS>	 Time [ms]:	   589	
2020-12-28 15:40:17,872	Batch Processor	INFO	[ITA_SanGiorgioaCremano-3_1_T-1]	<SUCCESS>	 Time [ms]:	   701	
2020-12-28 15:40:17,872	Batch Processor	INFO	[ITA_Scicli-2_1_T-1            ]	<SUCCESS>	 Time [ms]:	  1495	
2020-12-28 15:40:17,874	Batch Processor	INFO	[ITA_Segrate-1_2_T-1           ]	<SUCCESS>	 Time [ms]:	   465	
2020-12-28 15:40:17,874	Batch Processor	INFO	[ITA_Segrate-2_3_T-1           ]	<SUCCESS>	 Time [ms]:	   435	
2020-12-28 15:40:17,875	Batch Processor	INFO	[ITA_Siderno-10_1_T-1          ]	<SUCCESS>	 Time [ms]:	   514	
2020-12-28 15:40:17,876	Batch Processor	INFO	[ITA_Siderno-2_4_T-1           ]	<SUCCESS>	 Time [ms]:	   722	
2020-12-28 15:40:17,877	Batch Processor	INFO	[ITA_Siderno-3_2_T-1           ]	<SUCCESS>	 Time [ms]:	   587	
2020-12-28 15:40:17,878	Batch Processor	INFO	[ITA_Siderno-4_3_T-1           ]	<SUCCESS>	 Time [ms]:	   539	
2020-12-28 15:40:17,879	Batch Processor	INFO	[ITA_Siderno-4_4_T-1           ]	<SUCCESS>	 Time [ms]:	   787	
2020-12-28 15:40:17,880	Batch Processor	INFO	[ITA_Siderno-5_4_T-1           ]	<SUCCESS>	 Time [ms]:	  1403	
2020-12-28 15:40:17,881	Batch Processor	INFO	[ITA_Siderno-8_4_T-1           ]	<SUCCESS>	 Time [ms]:	  1205	
2020-12-28 15:40:17,882	Batch Processor	INFO	[ITA_Siderno-8_5_T-1           ]	<SUCCESS>	 Time [ms]:	   807	
2020-12-28 15:40:17,883	Batch Processor	INFO	[PRI_Barceloneta-2_1_T-1       ]	<SUCCESS>	 Time [ms]:	  1364	
2020-12-28 15:40:17,884	Batch Processor	INFO	[PRI_Barceloneta-3_1_T-1       ]	<SUCCESS>	 Time [ms]:	  1034	
2020-12-28 15:40:17,885	Batch Processor	INFO	[PRI_Barceloneta-4_3_T-1       ]	<SUCCESS>	 Time [ms]:	   783	
2020-12-28 15:40:17,885	Batch Processor	INFO	[PRI_Barceloneta-4_5_T-1       ]	<SUCCESS>	 Time [ms]:	   820	
2020-12-28 15:40:17,886	Batch Processor	INFO	[RUS_Bicycle-10_1_T-1          ]	<EXCEPTION>	
2020-12-28 15:40:17,886	Batch Processor	INFO	[RUS_Bicycle-11_1_T-1          ]	<EXCEPTION>	
2020-12-28 15:40:17,886	Batch Processor	INFO	[RUS_Bicycle-12_1_T-1          ]	<EXCEPTION>	
2020-12-28 15:40:17,887	Batch Processor	INFO	[RUS_Bicycle-13_1_T-1          ]	<EXCEPTION>	
2020-12-28 15:40:17,887	Batch Processor	INFO	[RUS_Bicycle-14_1_T-1          ]	<EXCEPTION>	
2020-12-28 15:40:17,887	Batch Processor	INFO	[RUS_Bicycle-1_1_T-1           ]	<EXCEPTION>	
2020-12-28 15:40:17,888	Batch Processor	INFO	[RUS_Bicycle-2_1_T-1           ]	<EXCEPTION>	
2020-12-28 15:40:17,888	Batch Processor	INFO	[RUS_Bicycle-3_1_T-1           ]	<EXCEPTION>	
2020-12-28 15:40:17,888	Batch Processor	INFO	[RUS_Bicycle-4_2_T-1           ]	<EXCEPTION>	
2020-12-28 15:40:17,888	Batch Processor	INFO	[RUS_Bicycle-5_1_T-1           ]	<EXCEPTION>	
2020-12-28 15:40:17,888	Batch Processor	INFO	[RUS_Bicycle-6_1_T-1           ]	<EXCEPTION>	
2020-12-28 15:40:17,889	Batch Processor	INFO	[RUS_Bicycle-7_1_T-1           ]	<EXCEPTION>	
2020-12-28 15:40:17,889	Batch Processor	INFO	[RUS_Bicycle-8_1_T-1           ]	<EXCEPTION>	
2020-12-28 15:40:17,889	Batch Processor	INFO	[RUS_Bicycle-9_1_T-1           ]	<EXCEPTION>	
2020-12-28 15:40:17,890	Batch Processor	INFO	[USA_Lanker-1_2_T-1            ]	<EXCEPTION>	
2020-12-28 15:40:17,890	Batch Processor	INFO	[USA_Peach-1_1_T-1             ]	<EXCEPTION>	
2020-12-28 15:40:17,890	Batch Processor	INFO	[USA_Peach-2_1_T-1             ]	<EXCEPTION>	
2020-12-28 15:40:17,890	Batch Processor	INFO	[USA_Peach-3_1_T-1             ]	<EXCEPTION>	
2020-12-28 15:40:17,891	Batch Processor	INFO	[USA_US101-10_4_T-1            ]	<EXCEPTION>	
2020-12-28 15:40:17,891	Batch Processor	INFO	[USA_US101-11_4_T-1            ]	<EXCEPTION>	
2020-12-28 15:40:17,891	Batch Processor	INFO	[USA_US101-12_1_T-1            ]	<EXCEPTION>	
2020-12-28 15:40:17,894	Batch Processor	INFO	[USA_US101-13_4_T-1            ]	<SUCCESS>	 Time [ms]:	 16370	
2020-12-28 15:40:17,894	Batch Processor	INFO	[USA_US101-14_1_T-1            ]	<EXCEPTION>	
2020-12-28 15:40:17,894	Batch Processor	INFO	[USA_US101-15_1_T-1            ]	<EXCEPTION>	
2020-12-28 15:40:17,896	Batch Processor	INFO	[USA_US101-16_2_T-1            ]	<SUCCESS>	 Time [ms]:	  3550	
2020-12-28 15:40:17,896	Batch Processor	INFO	[USA_US101-17_1_T-1            ]	<EXCEPTION>	
2020-12-28 15:40:17,898	Batch Processor	INFO	[USA_US101-18_2_T-1            ]	<SUCCESS>	 Time [ms]:	  1350	
2020-12-28 15:40:17,900	Batch Processor	INFO	[USA_US101-20_2_T-1            ]	<SUCCESS>	 Time [ms]:	 11094	
2020-12-28 15:40:17,901	Batch Processor	INFO	[USA_US101-21_2_T-1            ]	<SUCCESS>	 Time [ms]:	  3478	
2020-12-28 15:40:17,902	Batch Processor	INFO	[USA_US101-22_4_T-1            ]	<EXCEPTION>	
2020-12-28 15:40:17,904	Batch Processor	INFO	[USA_US101-23_2_T-1            ]	<SUCCESS>	 Time [ms]:	  1134	
2020-12-28 15:40:17,907	Batch Processor	INFO	[USA_US101-24_2_T-1            ]	<SUCCESS>	 Time [ms]:	  1660	
2020-12-28 15:40:17,908	Batch Processor	INFO	[USA_US101-25_2_T-1            ]	<SUCCESS>	 Time [ms]:	   456	
2020-12-28 15:40:17,910	Batch Processor	INFO	[USA_US101-26_2_T-1            ]	<SUCCESS>	 Time [ms]:	  2518	
2020-12-28 15:40:17,910	Batch Processor	INFO	[USA_US101-27_1_T-1            ]	<EXCEPTION>	
2020-12-28 15:40:17,910	Batch Processor	INFO	[USA_US101-28_1_T-1            ]	<EXCEPTION>	
2020-12-28 15:40:17,911	Batch Processor	INFO	[USA_US101-29_1_T-1            ]	<EXCEPTION>	
2020-12-28 15:40:17,911	Batch Processor	INFO	[USA_US101-3_1_T-1             ]	<EXCEPTION>	
2020-12-28 15:40:17,911	Batch Processor	INFO	[USA_US101-3_2_S-1             ]	<TIMEOUT>	 Time [ms]:	 30000
2020-12-28 15:40:17,912	Batch Processor	INFO	[USA_US101-4_1_T-1             ]	<EXCEPTION>	
2020-12-28 15:40:17,912	Batch Processor	INFO	[USA_US101-5_1_T-1             ]	<EXCEPTION>	
2020-12-28 15:40:17,912	Batch Processor	INFO	[USA_US101-6_1_T-1             ]	<EXCEPTION>	
2020-12-28 15:40:17,914	Batch Processor	INFO	[USA_US101-8_4_T-1             ]	<SUCCESS>	 Time [ms]:	   625	
2020-12-28 15:40:17,914	Batch Processor	INFO	[USA_US101-9_1_T-1             ]	<EXCEPTION>	
2020-12-28 15:40:17,915	Batch Processor	INFO	==============================        Solution found        ==============================
	- ARG_Carcarana-13_1_T-1
	- ARG_Carcarana-5_2_T-1
	- ARG_Carcarana-2_3_T-1
	- BEL_Aarschot-11_1_T-1
	- BEL_Aarschot-3_1_T-1
	- ARG_Carcarana-11_1_T-1
	- ARG_Carcarana-7_1_T-1
	- ARG_Carcarana-9_2_T-1
	- BEL_Aarschot-1_2_T-1
	- BEL_Aarschot-5_1_T-1
	- BEL_Beringen-8_1_T-1
	- BEL_Nivelles-10_1_T-1
	- BEL_Beringen-1_1_T-1
	- BEL_Nivelles-16_2_T-1
	- ARG_Carcarana-3_3_T-1
	- BEL_Nivelles-18_2_T-1
	- BEL_Nivelles-1_1_T-1
	- BEL_Nivelles-19_1_T-1
	- BEL_Nivelles-20_1_T-1
	- BEL_Putte-10_2_T-1
	- BEL_Nivelles-4_2_T-1
	- BEL_Putte-11_2_T-1
	- BEL_Nivelles-3_1_T-1
	- BEL_Nivelles-9_2_T-1
	- BEL_Putte-3_1_T-1
	- BEL_Putte-2_1_T-1
	- BEL_Putte-6_1_T-1
	- BEL_Wervik-1_4_T-1
	- BEL_Putte-4_2_T-1
	- BEL_Zaventem-4_1_T-1
	- BEL_Wervik-2_2_T-1
	- BEL_Wervik-4_1_T-1
	- BEL_Zaventem-3_1_T-1
	- BEL_Zaventem-1_2_T-1
	- BEL_Zaventem-5_3_T-1
	- BEL_Zwevegem-3_1_T-1
	- BEL_Zwevegem-8_1_T-1
	- BEL_Zwevegem-7_2_T-1
	- BEL_Zwevegem-2_3_T-1
	- BEL_Zwevegem-5_2_T-1
	- BEL_Zwevegem-8_4_T-1
	- DEU_Backnang-9_1_T-1
	- DEU_Backnang-4_1_T-1
	- DEU_BadEssen-4_1_T-1
	- DEU_Backnang-5_1_T-1
	- DEU_Backnang-6_1_T-1
	- DEU_BadWaldsee-4_2_T-1
	- DEU_BadWaldsee-4_5_T-1
	- DEU_BadEssen-3_1_T-1
	- DEU_Bilderstoeckchen-2_3_T-1
	- DEU_BadWaldsee-1_1_T-1
	- DEU_Bilderstoeckchen-4_1_T-1
	- DEU_Backnang-1_2_T-1
	- DEU_Flensburg-22_1_T-1
	- DEU_Flensburg-33_1_T-1
	- DEU_Flensburg-44_1_T-1
	- DEU_Flensburg-48_1_T-1
	- DEU_Flensburg-49_1_T-1
	- DEU_Flensburg-51_1_T-1
	- DEU_Flensburg-52_1_T-1
	- DEU_Flensburg-62_1_T-1
	- DEU_Flensburg-81_1_T-1
	- DEU_Flensburg-89_1_T-1
	- DEU_Flensburg-98_1_T-1
	- DEU_Guetersloh-10_5_T-1
	- DEU_Guetersloh-11_3_T-1
	- DEU_Guetersloh-14_2_T-1
	- DEU_Guetersloh-12_1_T-1
	- DEU_Guetersloh-16_2_T-1
	- DEU_Guetersloh-16_5_T-1
	- DEU_Guetersloh-15_2_T-1
	- DEU_Guetersloh-17_2_T-1
	- DEU_Guetersloh-18_2_T-1
	- DEU_Guetersloh-20_1_T-1
	- DEU_Guetersloh-19_1_T-1
	- DEU_Guetersloh-20_3_T-1
	- DEU_Guetersloh-24_1_T-1
	- DEU_Guetersloh-24_2_T-1
	- DEU_Guetersloh-21_1_T-1
	- DEU_Guetersloh-24_3_T-1
	- DEU_Guetersloh-25_2_T-1
	- DEU_Guetersloh-25_4_T-1
	- DEU_Guetersloh-27_1_T-1
	- DEU_Guetersloh-30_1_T-1
	- DEU_Guetersloh-31_4_T-1
	- DEU_Guetersloh-32_3_T-1
	- DEU_Guetersloh-33_1_T-1
	- DEU_Guetersloh-34_2_T-1
	- DEU_Guetersloh-36_1_T-1
	- DEU_Guetersloh-39_5_T-1
	- DEU_Guetersloh-39_3_T-1
	- DEU_Guetersloh-40_5_T-1
	- DEU_Guetersloh-40_4_T-1
	- DEU_Guetersloh-50_1_T-1
	- DEU_Guetersloh-41_1_T-1
	- DEU_Guetersloh-42_1_T-1
	- DEU_Guetersloh-4_5_T-1
	- DEU_Guetersloh-54_1_T-1
	- DEU_Guetersloh-55_1_T-1
	- DEU_Guetersloh-65_2_T-1
	- DEU_Guetersloh-55_3_T-1
	- DEU_Guetersloh-6_3_T-1
	- DEU_Guetersloh-8_1_T-1
	- DEU_Hennigsdorf-12_1_T-1
	- DEU_Hennigsdorf-11_1_T-1
	- DEU_Guetersloh-7_2_T-1
	- DEU_Hennigsdorf-13_2_T-1
	- DEU_Hennigsdorf-18_2_T-1
	- DEU_Hennigsdorf-14_3_T-1
	- DEU_Hennigsdorf-3_5_T-1
	- DEU_Hennigsdorf-15_3_T-1
	- DEU_Hennigsdorf-5_1_T-1
	- DEU_Hennigsdorf-7_3_T-1
	- DEU_Hennigsdorf-5_4_T-1
	- DEU_Hennigsdorf-3_2_T-1
	- DEU_Ibbenbueren-11_2_T-1
	- DEU_Ibbenbueren-10_2_T-1
	- DEU_Hennigsdorf-9_2_T-1
	- DEU_Ibbenbueren-13_3_T-1
	- DEU_Ibbenbueren-14_1_T-1
	- DEU_Ibbenbueren-12_1_T-1
	- DEU_Ibbenbueren-3_3_T-1
	- DEU_Ibbenbueren-16_3_T-1
	- DEU_Ibbenbueren-15_4_T-1
	- DEU_Ibbenbueren-2_2_T-1
	- DEU_Ibbenbueren-16_5_T-1
	- DEU_Ibbenbueren-6_4_T-1
	- DEU_Ibbenbueren-9_1_T-1
	- DEU_Ibbenbueren-6_3_T-1
	- DEU_Ibbenbueren-4_2_T-1
	- DEU_Ibbenbueren-7_1_T-1
	- DEU_Lohmar-11_1_T-1
	- DEU_Lohmar-30_1_T-1
	- DEU_Lohmar-27_1_T-1
	- DEU_Lohmar-35_1_T-1
	- DEU_Lohmar-37_1_T-1
	- DEU_Lohmar-44_1_T-1
	- DEU_Lohmar-45_1_T-1
	- DEU_Lohmar-53_1_T-1
	- DEU_Lohmar-56_1_T-1
	- DEU_Lohmar-64_1_T-1
	- DEU_Lohmar-8_1_T-1
	- DEU_Meckenheim-1_4_T-1
	- DEU_Meckenheim-5_1_T-1
	- DEU_Meckenheim-3_1_T-1
	- DEU_Meckenheim-8_5_T-1
	- DEU_Meckenheim-8_3_T-1
	- DEU_Moabit-4_1_T-1
	- DEU_Moabit-1_2_T-1
	- DEU_Moabit-5_2_T-1
	- DEU_Moelln-10_3_T-1
	- DEU_Moabit-6_2_T-1
	- DEU_Moelln-11_1_T-1
	- DEU_Moelln-12_1_T-1
	- DEU_Moelln-4_3_T-1
	- DEU_Moelln-2_1_T-1
	- DEU_Moelln-6_1_T-1
	- DEU_Moelln-7_1_T-1
	- DEU_Muehlhausen-11_1_T-1
	- DEU_Muehlhausen-14_3_T-1
	- DEU_Moelln-9_1_T-1
	- DEU_Muehlhausen-1_2_T-1
	- DEU_Muehlhausen-1_3_T-1
	- DEU_Muehlhausen-6_1_T-1
	- DEU_Muehlhausen-7_2_T-1
	- DEU_Muehlhausen-4_1_T-1
	- DEU_Muehlhausen-5_1_T-1
	- DEU_Muehlhausen-2_1_T-1
	- DEU_Speyer-2_4_T-1
	- DEU_Speyer-5_2_T-1
	- DEU_Rheinbach-1_4_T-1
	- DEU_Rheinbach-5_3_T-1
	- ESP_Almansa-1_1_T-1
	- ESP_Berga-10_1_T-1
	- ESP_Berga-4_4_T-1
	- ESP_Berga-9_1_T-1
	- ESP_Almansa-6_1_T-1
	- ESP_Cambre-3_1_T-1
	- ESP_Cambre-1_1_T-1
	- ESP_Cambre-2_1_T-1
	- ESP_Berga-6_1_T-1
	- ESP_Ceuta-1_2_T-1
	- ESP_Ceuta-15_2_T-1
	- ESP_Ceuta-10_1_T-1
	- ESP_Ceuta-7_1_T-1
	- ESP_Ceuta-3_2_T-1
	- ESP_Ceuta-8_1_T-1
	- ESP_Almansa-2_1_T-1
	- ESP_Ceuta-4_1_T-1
	- ESP_Inca-7_1_T-1
	- ESP_Monzon-2_1_T-1
	- ESP_Ceuta-2_1_T-1
	- ESP_Monzon-5_1_T-1
	- ESP_Monzon-3_1_T-1
	- ESP_Monzon-7_3_T-1
	- ESP_Monzon-7_2_T-1
	- ESP_Monzon-6_1_T-1
	- ESP_PriegodeCordoba-2_3_T-1
	- ESP_SantBoideLlobregat-14_1_T-1
	- ESP_SantBoideLlobregat-18_2_T-1
	- ESP_SantBoideLlobregat-14_4_T-1
	- ESP_PriegodeCordoba-3_1_T-1
	- ESP_Monzon-9_1_T-1
	- ESP_PriegodeCordoba-6_1_T-1
	- ESP_Requena-6_2_T-1
	- ESP_SantBoideLlobregat-24_1_T-1
	- ESP_SantBoideLlobregat-3_1_T-1
	- ESP_SantBoideLlobregat-23_2_T-1
	- ESP_SantBoideLlobregat-19_1_T-1
	- ESP_Toledo-11_1_T-1
	- ESP_SantBoideLlobregat-8_1_T-1
	- ESP_SantBoideLlobregat-8_5_T-1
	- ESP_Toledo-11_5_T-1
	- ESP_Toledo-10_2_T-1
	- ESP_Toledo-10_1_T-1
	- ESP_Toledo-22_1_T-1
	- ESP_Toledo-23_1_T-1
	- ESP_SantBoideLlobregat-6_2_T-1
	- ESP_Toledo-5_1_T-1
	- ESP_Toledo-9_1_T-1
	- FRA_Anglet-1_2_T-1
	- ESP_Toledo-6_2_T-1
	- FRA_Miramas-1_1_T-1
	- FRA_Anglet-3_2_T-1
	- FRA_Miramas-2_1_T-1
	- FRA_Miramas-3_1_T-1
	- FRA_Miramas-9_1_T-1
	- FRA_Miramas-5_1_T-1
	- FRA_MoissyCramayel-4_1_T-1
	- FRA_MoissyCramayel-2_1_T-1
	- GRC_Perama-2_1_T-1
	- GRC_Perama-3_2_T-1
	- FRA_MoissyCramayel-1_1_T-1
	- FRA_Sete-1_1_T-1
	- HRV_Pula-13_2_T-1
	- GRC_Perama-4_3_T-1
	- HRV_Pula-12_3_T-1
	- GRC_Perama-7_1_T-1
	- HRV_Pula-15_1_T-1
	- HRV_Pula-10_1_T-1
	- HRV_Pula-18_1_T-1
	- HRV_Pula-19_2_T-1
	- HRV_Pula-23_1_T-1
	- HRV_Pula-21_1_T-1
	- HRV_Pula-25_1_T-1
	- HRV_Pula-24_1_T-1
	- HRV_Pula-22_1_T-1
	- HRV_Pula-27_2_T-1
	- HRV_Pula-31_1_T-1
	- HRV_Pula-29_3_T-1
	- HRV_Pula-33_2_T-1
	- HRV_Pula-6_2_T-1
	- HRV_Pula-32_2_T-1
	- HRV_Pula-5_3_T-1
	- HRV_Pula-5_2_T-1
	- HRV_Pula-9_2_T-1
	- HRV_Pula-9_4_T-1
	- HRV_Pula-8_3_T-1
	- ITA_CarpiCentro-1_3_T-1
	- HRV_Pula-7_2_T-1
	- ITA_CarpiCentro-5_1_T-1
	- ITA_CarpiCentro-3_1_T-1
	- ITA_CarpiCentro-8_3_T-1
	- ITA_CarpiCentro-6_2_T-1
	- ITA_Empoli-18_1_T-1
	- ITA_Empoli-2_5_T-1
	- ITA_CarpiCentro-2_4_T-1
	- ITA_Empoli-2_4_T-1
	- ITA_CarpiCentro-7_1_T-1
	- ITA_Empoli-3_1_T-1
	- ITA_Empoli-7_3_T-1
	- ITA_Foggia-11_1_T-1
	- ITA_Foggia-10_1_T-1
	- ITA_Empoli-4_2_T-1
	- ITA_Empoli-8_2_T-1
	- ITA_Foggia-3_1_T-1
	- ITA_Foggia-1_1_T-1
	- ITA_Foggia-4_2_T-1
	- ITA_Foggia-6_1_T-1
	- ITA_SanGiorgioaCremano-2_1_T-1
	- ITA_Foggia-13_1_T-1
	- ITA_Foggia-5_1_T-1
	- ITA_SanGiorgioaCremano-3_1_T-1
	- ITA_Segrate-2_3_T-1
	- ITA_Segrate-1_2_T-1
	- ITA_Siderno-10_1_T-1
	- ITA_Siderno-2_4_T-1
	- ITA_Siderno-3_2_T-1
	- ITA_Siderno-4_3_T-1
	- ITA_Scicli-2_1_T-1
	- ITA_Siderno-5_4_T-1
	- ITA_Siderno-4_4_T-1
	- ITA_Foggia-7_2_T-1
	- ITA_Siderno-8_5_T-1
	- ITA_Siderno-8_4_T-1
	- PRI_Barceloneta-4_5_T-1
	- PRI_Barceloneta-4_3_T-1
	- PRI_Barceloneta-3_1_T-1
	- PRI_Barceloneta-2_1_T-1
	- USA_US101-18_2_T-1
	- USA_US101-23_2_T-1
	- USA_US101-21_2_T-1
	- USA_US101-16_2_T-1
	- USA_US101-25_2_T-1
	- USA_US101-24_2_T-1
	- USA_US101-8_4_T-1
	- USA_US101-26_2_T-1
	- USA_US101-20_2_T-1
	- USA_US101-13_4_T-1
2020-12-28 15:40:17,915	Batch Processor	INFO	==============================      Solution not found      ==============================
	- ARG_Carcarana-8_4_T-1
	- BEL_Aarschot-6_1_T-1
	- BEL_Putte-14_3_T-1
	- BEL_Putte-17_1_T-1
	- DEU_Flensburg-64_1_T-1
	- DEU_Guetersloh-10_4_T-1
	- DEU_Lohmar-12_1_T-1
	- DEU_Lohmar-19_1_T-1
	- DEU_Speyer-2_1_T-1
	- ESP_Ceuta-11_1_T-1
	- ESP_Ceuta-5_1_T-1
	- ESP_Inca-3_2_T-1
	- ESP_SantBoideLlobregat-22_3_T-1
	- ESP_SantBoideLlobregat-4_1_T-1
	- ESP_Toledo-8_1_T-1
	- FRA_Anglet-2_1_T-1
	- GRC_Perama-1_1_T-1
	- ITA_Empoli-10_1_T-1
	- ITA_Foggia-12_1_T-1
	- ITA_Foggia-19_1_T-1
2020-12-28 15:40:17,915	Batch Processor	INFO	==============================      Exception occurred      ==============================
	- RUS_Bicycle-10_1_T-1
	- RUS_Bicycle-11_1_T-1
	- RUS_Bicycle-12_1_T-1
	- RUS_Bicycle-13_1_T-1
	- RUS_Bicycle-14_1_T-1
	- RUS_Bicycle-1_1_T-1
	- RUS_Bicycle-2_1_T-1
	- RUS_Bicycle-3_1_T-1
	- RUS_Bicycle-4_2_T-1
	- RUS_Bicycle-6_1_T-1
	- RUS_Bicycle-5_1_T-1
	- RUS_Bicycle-7_1_T-1
	- RUS_Bicycle-8_1_T-1
	- RUS_Bicycle-9_1_T-1
	- USA_Peach-1_1_T-1
	- USA_Peach-2_1_T-1
	- USA_Lanker-1_2_T-1
	- USA_Peach-3_1_T-1
	- USA_US101-10_4_T-1
	- USA_US101-12_1_T-1
	- USA_US101-11_4_T-1
	- USA_US101-14_1_T-1
	- USA_US101-15_1_T-1
	- USA_US101-17_1_T-1
	- USA_US101-22_4_T-1
	- USA_US101-27_1_T-1
	- USA_US101-28_1_T-1
	- USA_US101-29_1_T-1
	- USA_US101-3_1_T-1
	- USA_US101-4_1_T-1
	- USA_US101-5_1_T-1
	- USA_US101-6_1_T-1
	- USA_US101-9_1_T-1
2020-12-28 15:40:17,915	Batch Processor	INFO	==============================           Time out           ==============================
	- DEU_Flensburg-10_1_T-1
	- DEU_Flensburg-11_1_T-1
	- DEU_Flensburg-12_1_T-1
	- DEU_Flensburg-13_1_T-1
	- DEU_Flensburg-14_1_T-1
	- DEU_Flensburg-15_1_T-1
	- DEU_Flensburg-16_1_T-1
	- DEU_Flensburg-17_1_T-1
	- DEU_Flensburg-18_1_T-1
	- DEU_Flensburg-19_1_T-1
	- DEU_Flensburg-20_1_T-1
	- DEU_Flensburg-21_1_T-1
	- DEU_Flensburg-23_1_T-1
	- DEU_Flensburg-24_1_T-1
	- DEU_Flensburg-25_1_T-1
	- DEU_Flensburg-26_1_T-1
	- DEU_Flensburg-27_1_T-1
	- DEU_Flensburg-28_1_T-1
	- DEU_Flensburg-29_1_T-1
	- DEU_Flensburg-2_1_T-1
	- DEU_Flensburg-30_1_T-1
	- DEU_Flensburg-31_1_T-1
	- DEU_Flensburg-32_1_T-1
	- DEU_Flensburg-34_1_T-1
	- DEU_Flensburg-35_1_T-1
	- DEU_Flensburg-36_1_T-1
	- DEU_Flensburg-37_1_T-1
	- DEU_Flensburg-38_1_T-1
	- DEU_Flensburg-39_1_T-1
	- DEU_Flensburg-40_1_T-1
	- DEU_Flensburg-41_1_T-1
	- DEU_Flensburg-42_1_T-1
	- DEU_Flensburg-43_1_T-1
	- DEU_Flensburg-45_1_T-1
	- DEU_Flensburg-46_1_T-1
	- DEU_Flensburg-47_1_T-1
	- DEU_Flensburg-50_1_T-1
	- DEU_Flensburg-53_1_T-1
	- DEU_Flensburg-54_1_T-1
	- DEU_Flensburg-55_1_T-1
	- DEU_Flensburg-56_1_T-1
	- DEU_Flensburg-57_1_T-1
	- DEU_Flensburg-58_1_T-1
	- DEU_Flensburg-59_1_T-1
	- DEU_Flensburg-60_1_T-1
	- DEU_Flensburg-61_1_T-1
	- DEU_Flensburg-63_1_T-1
	- DEU_Flensburg-65_1_T-1
	- DEU_Flensburg-66_1_T-1
	- DEU_Flensburg-67_1_T-1
	- DEU_Flensburg-68_1_T-1
	- DEU_Flensburg-69_1_T-1
	- DEU_Flensburg-70_1_T-1
	- DEU_Flensburg-71_1_T-1
	- DEU_Flensburg-72_1_T-1
	- DEU_Flensburg-73_1_T-1
	- DEU_Flensburg-74_1_T-1
	- DEU_Flensburg-75_1_T-1
	- DEU_Flensburg-76_1_T-1
	- DEU_Flensburg-77_1_T-1
	- DEU_Flensburg-78_1_T-1
	- DEU_Flensburg-79_1_T-1
	- DEU_Flensburg-80_1_T-1
	- DEU_Flensburg-82_1_T-1
	- DEU_Flensburg-83_1_T-1
	- DEU_Flensburg-84_1_T-1
	- DEU_Flensburg-85_1_T-1
	- DEU_Flensburg-86_1_T-1
	- DEU_Flensburg-87_1_T-1
	- DEU_Flensburg-88_1_T-1
	- DEU_Flensburg-90_1_T-1
	- DEU_Flensburg-91_1_T-1
	- DEU_Flensburg-92_1_T-1
	- DEU_Flensburg-93_1_T-1
	- DEU_Flensburg-94_1_T-1
	- DEU_Flensburg-95_1_T-1
	- DEU_Flensburg-96_1_T-1
	- DEU_Flensburg-97_1_T-1
	- DEU_Flensburg-99_1_T-1
	- DEU_Lohmar-10_1_T-1
	- DEU_Lohmar-13_1_T-1
	- DEU_Lohmar-14_1_T-1
	- DEU_Lohmar-15_1_T-1
	- DEU_Lohmar-16_1_T-1
	- DEU_Lohmar-17_1_T-1
	- DEU_Lohmar-18_1_T-1
	- DEU_Lohmar-20_1_T-1
	- DEU_Lohmar-22_1_T-1
	- DEU_Lohmar-21_1_T-1
	- DEU_Lohmar-23_1_T-1
	- DEU_Lohmar-24_1_T-1
	- DEU_Lohmar-25_1_T-1
	- DEU_Lohmar-26_1_T-1
	- DEU_Lohmar-28_1_T-1
	- DEU_Lohmar-29_1_T-1
	- DEU_Lohmar-31_1_T-1
	- DEU_Lohmar-32_1_T-1
	- DEU_Lohmar-33_1_T-1
	- DEU_Lohmar-34_1_T-1
	- DEU_Lohmar-36_1_T-1
	- DEU_Lohmar-38_1_T-1
	- DEU_Lohmar-39_1_T-1
	- DEU_Lohmar-40_1_T-1
	- DEU_Lohmar-41_1_T-1
	- DEU_Lohmar-42_1_T-1
	- DEU_Lohmar-43_1_T-1
	- DEU_Lohmar-46_1_T-1
	- DEU_Lohmar-47_1_T-1
	- DEU_Lohmar-48_1_T-1
	- DEU_Lohmar-49_1_T-1
	- DEU_Lohmar-50_1_T-1
	- DEU_Lohmar-51_1_T-1
	- DEU_Lohmar-52_1_T-1
	- DEU_Lohmar-54_1_T-1
	- DEU_Lohmar-55_1_T-1
	- DEU_Lohmar-57_1_T-1
	- DEU_Lohmar-58_1_T-1
	- DEU_Lohmar-59_1_T-1
	- DEU_Lohmar-60_1_T-1
	- DEU_Lohmar-61_1_T-1
	- DEU_Lohmar-62_1_T-1
	- DEU_Lohmar-63_1_T-1
	- DEU_Lohmar-65_1_T-1
	- DEU_Lohmar-66_1_T-1
	- DEU_Lohmar-67_1_T-1
	- DEU_Lohmar-68_1_T-1
	- DEU_Lohmar-69_1_T-1
	- DEU_Lohmar-70_1_T-1
	- DEU_Lohmar-9_1_T-1
	- DEU_Luckenwalde-1_1_T-1
	- DEU_Reutlingen-1_1_T-1
	- DEU_Reutlingen-2_1_T-1
	- DEU_Reutlingen-3_1_T-1
	- DEU_Reutlingen-4_1_T-1
	- DEU_Reutlingen-5_1_T-1
	- DEU_Reutlingen-6_1_T-1
	- USA_US101-3_2_S-1
2020-12-28 15:40:17,916	Batch Processor	INFO	
==============================        Result Summary        ==============================
2020-12-28 15:40:17,916	Batch Processor	INFO	Total number of scenarios:  	       500
2020-12-28 15:40:17,916	Batch Processor	INFO	Solution found:               	       309
2020-12-28 15:40:17,916	Batch Processor	INFO	Solution found but invalid:   	         0
2020-12-28 15:40:17,916	Batch Processor	INFO	Solution not found:           	        20
2020-12-28 15:40:17,916	Batch Processor	INFO	Exception occurred:           	        33
2020-12-28 15:40:17,917	Batch Processor	INFO	Time out:                     	       137
