2020-12-28 21:40:19,557	Batch Processor	INFO	Config file loaded and logger created.
2020-12-28 21:40:19,558	Batch Processor	INFO	18 scenarios skipped.
2020-12-28 21:40:19,558	Batch Processor	INFO	ScenarioLoader Mode <SPECIFIC>
2020-12-28 21:40:19,558	Batch Processor	INFO	Only run on specified scenarios:
2020-12-28 21:40:19,559	Batch Processor	INFO	Processing 1 scenarios:
2020-12-28 21:40:19,559	Batch Processor	INFO	   1 ITA_Scicli-2_1_T-1
2020-12-28 21:40:19,564	Batch Processor	INFO	Automaton loaded for vehicle type: BMW_320i
2020-12-28 21:40:19,564	Batch Processor	INFO	Motion planner: student
2020-12-28 21:40:19,573	Batch Processor	INFO	Number of parallel processes: 6
2020-12-28 21:40:22,689	Batch Processor	INFO	==============================        Search Results        ==============================
2020-12-28 21:40:22,691	Batch Processor	INFO	[ITA_Scicli-2_1_T-1            ]	<SUCCESS>	 Time [ms]:	   754	
2020-12-28 21:40:22,692	Batch Processor	INFO	==============================        Solution found        ==============================
	- ITA_Scicli-2_1_T-1
2020-12-28 21:40:22,693	Batch Processor	INFO	
==============================        Result Summary        ==============================
2020-12-28 21:40:22,693	Batch Processor	INFO	Total number of scenarios:  	         1
2020-12-28 21:40:22,693	Batch Processor	INFO	Solution found:               	         1
2020-12-28 21:40:22,694	Batch Processor	INFO	Solution found but invalid:   	         0
2020-12-28 21:40:22,694	Batch Processor	INFO	Solution not found:           	         0
2020-12-28 21:40:22,694	Batch Processor	INFO	Exception occurred:           	         0
2020-12-28 21:40:22,694	Batch Processor	INFO	Time out:                     	         0
