2020-12-28 15:40:40,657	Batch Processor	INFO	Config file loaded and logger created.
2020-12-28 15:40:40,658	Batch Processor	INFO	18 scenarios skipped.
2020-12-28 15:40:40,659	Batch Processor	INFO	ScenarioLoader Mode <DEFAULT>
2020-12-28 15:40:40,659	Batch Processor	INFO	Run on all scenarios, except the skipped scenarios
2020-12-28 15:40:40,659	Batch Processor	INFO	Number of scenarios: 500
2020-12-28 15:40:40,663	Batch Processor	INFO	Automaton loaded for vehicle type: BMW_320i
2020-12-28 15:40:40,663	Batch Processor	INFO	Motion planner: student
2020-12-28 15:40:40,674	Batch Processor	INFO	Number of parallel processes: 6
2020-12-28 15:55:50,530	Batch Processor	INFO	==============================        Search Results        ==============================
2020-12-28 15:55:50,532	Batch Processor	INFO	[ARG_Carcarana-11_1_T-1        ]	<SUCCESS>	 Time [ms]:	  1762	
2020-12-28 15:55:50,533	Batch Processor	INFO	[ARG_Carcarana-13_1_T-1        ]	<SUCCESS>	 Time [ms]:	   757	
2020-12-28 15:55:50,535	Batch Processor	INFO	[ARG_Carcarana-2_3_T-1         ]	<SUCCESS>	 Time [ms]:	  1547	
2020-12-28 15:55:50,536	Batch Processor	INFO	[ARG_Carcarana-3_3_T-1         ]	<SUCCESS>	 Time [ms]:	  2321	
2020-12-28 15:55:50,537	Batch Processor	INFO	[ARG_Carcarana-5_2_T-1         ]	<SUCCESS>	 Time [ms]:	   770	
2020-12-28 15:55:50,539	Batch Processor	INFO	[ARG_Carcarana-7_1_T-1         ]	<SUCCESS>	 Time [ms]:	  1156	
2020-12-28 15:55:50,539	Batch Processor	INFO	[ARG_Carcarana-8_4_T-1         ]	<FAILURE>	 Time [ms]:	   910
2020-12-28 15:55:50,540	Batch Processor	INFO	[ARG_Carcarana-9_2_T-1         ]	<SUCCESS>	 Time [ms]:	  1675	
2020-12-28 15:55:50,541	Batch Processor	INFO	[BEL_Aarschot-11_1_T-1         ]	<SUCCESS>	 Time [ms]:	   569	
2020-12-28 15:55:50,542	Batch Processor	INFO	[BEL_Aarschot-1_2_T-1          ]	<SUCCESS>	 Time [ms]:	   663	
2020-12-28 15:55:50,543	Batch Processor	INFO	[BEL_Aarschot-3_1_T-1          ]	<SUCCESS>	 Time [ms]:	   265	
2020-12-28 15:55:50,544	Batch Processor	INFO	[BEL_Aarschot-5_1_T-1          ]	<SUCCESS>	 Time [ms]:	   495	
2020-12-28 15:55:50,544	Batch Processor	INFO	[BEL_Aarschot-6_1_T-1          ]	<FAILURE>	 Time [ms]:	   662
2020-12-28 15:55:50,545	Batch Processor	INFO	[BEL_Beringen-1_1_T-1          ]	<SUCCESS>	 Time [ms]:	   846	
2020-12-28 15:55:50,546	Batch Processor	INFO	[BEL_Beringen-8_1_T-1          ]	<SUCCESS>	 Time [ms]:	   458	
2020-12-28 15:55:50,547	Batch Processor	INFO	[BEL_Nivelles-10_1_T-1         ]	<SUCCESS>	 Time [ms]:	   478	
2020-12-28 15:55:50,547	Batch Processor	INFO	[BEL_Nivelles-16_2_T-1         ]	<SUCCESS>	 Time [ms]:	   200	
2020-12-28 15:55:50,548	Batch Processor	INFO	[BEL_Nivelles-18_2_T-1         ]	<SUCCESS>	 Time [ms]:	  1639	
2020-12-28 15:55:50,549	Batch Processor	INFO	[BEL_Nivelles-19_1_T-1         ]	<SUCCESS>	 Time [ms]:	  1057	
2020-12-28 15:55:50,551	Batch Processor	INFO	[BEL_Nivelles-1_1_T-1          ]	<SUCCESS>	 Time [ms]:	   486	
2020-12-28 15:55:50,552	Batch Processor	INFO	[BEL_Nivelles-20_1_T-1         ]	<SUCCESS>	 Time [ms]:	   788	
2020-12-28 15:55:50,554	Batch Processor	INFO	[BEL_Nivelles-3_1_T-1          ]	<SUCCESS>	 Time [ms]:	  1698	
2020-12-28 15:55:50,555	Batch Processor	INFO	[BEL_Nivelles-4_2_T-1          ]	<SUCCESS>	 Time [ms]:	   919	
2020-12-28 15:55:50,556	Batch Processor	INFO	[BEL_Nivelles-9_2_T-1          ]	<SUCCESS>	 Time [ms]:	  1643	
2020-12-28 15:55:50,557	Batch Processor	INFO	[BEL_Putte-10_2_T-1            ]	<SUCCESS>	 Time [ms]:	   301	
2020-12-28 15:55:50,558	Batch Processor	INFO	[BEL_Putte-11_2_T-1            ]	<SUCCESS>	 Time [ms]:	   391	
2020-12-28 15:55:50,558	Batch Processor	INFO	[BEL_Putte-14_3_T-1            ]	<FAILURE>	 Time [ms]:	   155
2020-12-28 15:55:50,558	Batch Processor	INFO	[BEL_Putte-17_1_T-1            ]	<FAILURE>	 Time [ms]:	   249
2020-12-28 15:55:50,559	Batch Processor	INFO	[BEL_Putte-2_1_T-1             ]	<SUCCESS>	 Time [ms]:	   444	
2020-12-28 15:55:50,560	Batch Processor	INFO	[BEL_Putte-3_1_T-1             ]	<SUCCESS>	 Time [ms]:	   486	
2020-12-28 15:55:50,561	Batch Processor	INFO	[BEL_Putte-4_2_T-1             ]	<SUCCESS>	 Time [ms]:	   889	
2020-12-28 15:55:50,562	Batch Processor	INFO	[BEL_Putte-6_1_T-1             ]	<SUCCESS>	 Time [ms]:	   628	
2020-12-28 15:55:50,563	Batch Processor	INFO	[BEL_Wervik-1_4_T-1            ]	<SUCCESS>	 Time [ms]:	   435	
2020-12-28 15:55:50,564	Batch Processor	INFO	[BEL_Wervik-2_2_T-1            ]	<SUCCESS>	 Time [ms]:	   834	
2020-12-28 15:55:50,565	Batch Processor	INFO	[BEL_Wervik-4_1_T-1            ]	<SUCCESS>	 Time [ms]:	   816	
2020-12-28 15:55:50,566	Batch Processor	INFO	[BEL_Zaventem-1_2_T-1          ]	<SUCCESS>	 Time [ms]:	   896	
2020-12-28 15:55:50,567	Batch Processor	INFO	[BEL_Zaventem-3_1_T-1          ]	<SUCCESS>	 Time [ms]:	   838	
2020-12-28 15:55:50,569	Batch Processor	INFO	[BEL_Zaventem-4_1_T-1          ]	<SUCCESS>	 Time [ms]:	   291	
2020-12-28 15:55:50,570	Batch Processor	INFO	[BEL_Zaventem-5_3_T-1          ]	<SUCCESS>	 Time [ms]:	   823	
2020-12-28 15:55:50,571	Batch Processor	INFO	[BEL_Zwevegem-2_3_T-1          ]	<SUCCESS>	 Time [ms]:	  1056	
2020-12-28 15:55:50,573	Batch Processor	INFO	[BEL_Zwevegem-3_1_T-1          ]	<SUCCESS>	 Time [ms]:	   381	
2020-12-28 15:55:50,574	Batch Processor	INFO	[BEL_Zwevegem-5_2_T-1          ]	<SUCCESS>	 Time [ms]:	   817	
2020-12-28 15:55:50,575	Batch Processor	INFO	[BEL_Zwevegem-7_2_T-1          ]	<SUCCESS>	 Time [ms]:	   358	
2020-12-28 15:55:50,576	Batch Processor	INFO	[BEL_Zwevegem-8_1_T-1          ]	<SUCCESS>	 Time [ms]:	   683	
2020-12-28 15:55:50,577	Batch Processor	INFO	[BEL_Zwevegem-8_4_T-1          ]	<SUCCESS>	 Time [ms]:	   444	
2020-12-28 15:55:50,578	Batch Processor	INFO	[DEU_Backnang-1_2_T-1          ]	<SUCCESS>	 Time [ms]:	  2002	
2020-12-28 15:55:50,579	Batch Processor	INFO	[DEU_Backnang-4_1_T-1          ]	<SUCCESS>	 Time [ms]:	   946	
2020-12-28 15:55:50,580	Batch Processor	INFO	[DEU_Backnang-5_1_T-1          ]	<SUCCESS>	 Time [ms]:	   704	
2020-12-28 15:55:50,581	Batch Processor	INFO	[DEU_Backnang-6_1_T-1          ]	<SUCCESS>	 Time [ms]:	   944	
2020-12-28 15:55:50,581	Batch Processor	INFO	[DEU_Backnang-9_1_T-1          ]	<SUCCESS>	 Time [ms]:	   517	
2020-12-28 15:55:50,583	Batch Processor	INFO	[DEU_BadEssen-3_1_T-1          ]	<SUCCESS>	 Time [ms]:	  1041	
2020-12-28 15:55:50,584	Batch Processor	INFO	[DEU_BadEssen-4_1_T-1          ]	<SUCCESS>	 Time [ms]:	   378	
2020-12-28 15:55:50,586	Batch Processor	INFO	[DEU_BadWaldsee-1_1_T-1        ]	<SUCCESS>	 Time [ms]:	  1399	
2020-12-28 15:55:50,587	Batch Processor	INFO	[DEU_BadWaldsee-4_2_T-1        ]	<SUCCESS>	 Time [ms]:	   563	
2020-12-28 15:55:50,588	Batch Processor	INFO	[DEU_BadWaldsee-4_5_T-1        ]	<SUCCESS>	 Time [ms]:	   505	
2020-12-28 15:55:50,589	Batch Processor	INFO	[DEU_Bilderstoeckchen-2_3_T-1  ]	<SUCCESS>	 Time [ms]:	   691	
2020-12-28 15:55:50,590	Batch Processor	INFO	[DEU_Bilderstoeckchen-4_1_T-1  ]	<SUCCESS>	 Time [ms]:	   652	
2020-12-28 15:55:50,590	Batch Processor	INFO	[DEU_Flensburg-10_1_T-1        ]	<TIMEOUT>	 Time [ms]:	 30000
2020-12-28 15:55:50,591	Batch Processor	INFO	[DEU_Flensburg-11_1_T-1        ]	<TIMEOUT>	 Time [ms]:	 30000
2020-12-28 15:55:50,591	Batch Processor	INFO	[DEU_Flensburg-12_1_T-1        ]	<TIMEOUT>	 Time [ms]:	 30000
2020-12-28 15:55:50,591	Batch Processor	INFO	[DEU_Flensburg-13_1_T-1        ]	<TIMEOUT>	 Time [ms]:	 30000
2020-12-28 15:55:50,592	Batch Processor	INFO	[DEU_Flensburg-14_1_T-1        ]	<TIMEOUT>	 Time [ms]:	 30000
2020-12-28 15:55:50,592	Batch Processor	INFO	[DEU_Flensburg-15_1_T-1        ]	<TIMEOUT>	 Time [ms]:	 30000
2020-12-28 15:55:50,592	Batch Processor	INFO	[DEU_Flensburg-16_1_T-1        ]	<TIMEOUT>	 Time [ms]:	 30000
2020-12-28 15:55:50,592	Batch Processor	INFO	[DEU_Flensburg-17_1_T-1        ]	<TIMEOUT>	 Time [ms]:	 30000
2020-12-28 15:55:50,593	Batch Processor	INFO	[DEU_Flensburg-18_1_T-1        ]	<TIMEOUT>	 Time [ms]:	 30000
2020-12-28 15:55:50,593	Batch Processor	INFO	[DEU_Flensburg-19_1_T-1        ]	<TIMEOUT>	 Time [ms]:	 30000
2020-12-28 15:55:50,593	Batch Processor	INFO	[DEU_Flensburg-20_1_T-1        ]	<TIMEOUT>	 Time [ms]:	 30000
2020-12-28 15:55:50,593	Batch Processor	INFO	[DEU_Flensburg-21_1_T-1        ]	<TIMEOUT>	 Time [ms]:	 30000
2020-12-28 15:55:50,596	Batch Processor	INFO	[DEU_Flensburg-22_1_T-1        ]	<SUCCESS>	 Time [ms]:	 10503	
2020-12-28 15:55:50,596	Batch Processor	INFO	[DEU_Flensburg-23_1_T-1        ]	<TIMEOUT>	 Time [ms]:	 30000
2020-12-28 15:55:50,596	Batch Processor	INFO	[DEU_Flensburg-24_1_T-1        ]	<TIMEOUT>	 Time [ms]:	 30000
2020-12-28 15:55:50,596	Batch Processor	INFO	[DEU_Flensburg-25_1_T-1        ]	<TIMEOUT>	 Time [ms]:	 30000
2020-12-28 15:55:50,597	Batch Processor	INFO	[DEU_Flensburg-26_1_T-1        ]	<TIMEOUT>	 Time [ms]:	 30000
2020-12-28 15:55:50,597	Batch Processor	INFO	[DEU_Flensburg-27_1_T-1        ]	<TIMEOUT>	 Time [ms]:	 30000
2020-12-28 15:55:50,597	Batch Processor	INFO	[DEU_Flensburg-28_1_T-1        ]	<TIMEOUT>	 Time [ms]:	 30000
2020-12-28 15:55:50,597	Batch Processor	INFO	[DEU_Flensburg-29_1_T-1        ]	<TIMEOUT>	 Time [ms]:	 30000
2020-12-28 15:55:50,598	Batch Processor	INFO	[DEU_Flensburg-2_1_T-1         ]	<TIMEOUT>	 Time [ms]:	 30000
2020-12-28 15:55:50,598	Batch Processor	INFO	[DEU_Flensburg-30_1_T-1        ]	<TIMEOUT>	 Time [ms]:	 30000
2020-12-28 15:55:50,598	Batch Processor	INFO	[DEU_Flensburg-31_1_T-1        ]	<TIMEOUT>	 Time [ms]:	 30000
2020-12-28 15:55:50,598	Batch Processor	INFO	[DEU_Flensburg-32_1_T-1        ]	<TIMEOUT>	 Time [ms]:	 30000
2020-12-28 15:55:50,601	Batch Processor	INFO	[DEU_Flensburg-33_1_T-1        ]	<SUCCESS>	 Time [ms]:	  1116	
2020-12-28 15:55:50,602	Batch Processor	INFO	[DEU_Flensburg-34_1_T-1        ]	<TIMEOUT>	 Time [ms]:	 30000
2020-12-28 15:55:50,602	Batch Processor	INFO	[DEU_Flensburg-35_1_T-1        ]	<TIMEOUT>	 Time [ms]:	 30000
2020-12-28 15:55:50,602	Batch Processor	INFO	[DEU_Flensburg-36_1_T-1        ]	<TIMEOUT>	 Time [ms]:	 30000
2020-12-28 15:55:50,603	Batch Processor	INFO	[DEU_Flensburg-37_1_T-1        ]	<TIMEOUT>	 Time [ms]:	 30000
2020-12-28 15:55:50,603	Batch Processor	INFO	[DEU_Flensburg-38_1_T-1        ]	<TIMEOUT>	 Time [ms]:	 30000
2020-12-28 15:55:50,603	Batch Processor	INFO	[DEU_Flensburg-39_1_T-1        ]	<TIMEOUT>	 Time [ms]:	 30000
2020-12-28 15:55:50,604	Batch Processor	INFO	[DEU_Flensburg-40_1_T-1        ]	<TIMEOUT>	 Time [ms]:	 30000
2020-12-28 15:55:50,604	Batch Processor	INFO	[DEU_Flensburg-41_1_T-1        ]	<TIMEOUT>	 Time [ms]:	 30000
2020-12-28 15:55:50,604	Batch Processor	INFO	[DEU_Flensburg-42_1_T-1        ]	<TIMEOUT>	 Time [ms]:	 30000
2020-12-28 15:55:50,604	Batch Processor	INFO	[DEU_Flensburg-43_1_T-1        ]	<TIMEOUT>	 Time [ms]:	 30000
2020-12-28 15:55:50,607	Batch Processor	INFO	[DEU_Flensburg-44_1_T-1        ]	<SUCCESS>	 Time [ms]:	  6191	
2020-12-28 15:55:50,607	Batch Processor	INFO	[DEU_Flensburg-45_1_T-1        ]	<TIMEOUT>	 Time [ms]:	 30000
2020-12-28 15:55:50,607	Batch Processor	INFO	[DEU_Flensburg-46_1_T-1        ]	<TIMEOUT>	 Time [ms]:	 30000
2020-12-28 15:55:50,608	Batch Processor	INFO	[DEU_Flensburg-47_1_T-1        ]	<TIMEOUT>	 Time [ms]:	 30000
2020-12-28 15:55:50,610	Batch Processor	INFO	[DEU_Flensburg-48_1_T-1        ]	<SUCCESS>	 Time [ms]:	   666	
2020-12-28 15:55:50,612	Batch Processor	INFO	[DEU_Flensburg-49_1_T-1        ]	<SUCCESS>	 Time [ms]:	   944	
2020-12-28 15:55:50,612	Batch Processor	INFO	[DEU_Flensburg-50_1_T-1        ]	<TIMEOUT>	 Time [ms]:	 30000
2020-12-28 15:55:50,614	Batch Processor	INFO	[DEU_Flensburg-51_1_T-1        ]	<SUCCESS>	 Time [ms]:	  1101	
2020-12-28 15:55:50,617	Batch Processor	INFO	[DEU_Flensburg-52_1_T-1        ]	<SUCCESS>	 Time [ms]:	  8246	
2020-12-28 15:55:50,618	Batch Processor	INFO	[DEU_Flensburg-53_1_T-1        ]	<TIMEOUT>	 Time [ms]:	 30000
2020-12-28 15:55:50,618	Batch Processor	INFO	[DEU_Flensburg-54_1_T-1        ]	<TIMEOUT>	 Time [ms]:	 30000
2020-12-28 15:55:50,618	Batch Processor	INFO	[DEU_Flensburg-55_1_T-1        ]	<TIMEOUT>	 Time [ms]:	 30000
2020-12-28 15:55:50,619	Batch Processor	INFO	[DEU_Flensburg-56_1_T-1        ]	<TIMEOUT>	 Time [ms]:	 30000
2020-12-28 15:55:50,619	Batch Processor	INFO	[DEU_Flensburg-57_1_T-1        ]	<TIMEOUT>	 Time [ms]:	 30000
2020-12-28 15:55:50,619	Batch Processor	INFO	[DEU_Flensburg-58_1_T-1        ]	<TIMEOUT>	 Time [ms]:	 30000
2020-12-28 15:55:50,620	Batch Processor	INFO	[DEU_Flensburg-59_1_T-1        ]	<TIMEOUT>	 Time [ms]:	 30000
2020-12-28 15:55:50,620	Batch Processor	INFO	[DEU_Flensburg-60_1_T-1        ]	<TIMEOUT>	 Time [ms]:	 30000
2020-12-28 15:55:50,620	Batch Processor	INFO	[DEU_Flensburg-61_1_T-1        ]	<TIMEOUT>	 Time [ms]:	 30000
2020-12-28 15:55:50,623	Batch Processor	INFO	[DEU_Flensburg-62_1_T-1        ]	<SUCCESS>	 Time [ms]:	  6290	
2020-12-28 15:55:50,623	Batch Processor	INFO	[DEU_Flensburg-63_1_T-1        ]	<TIMEOUT>	 Time [ms]:	 30000
2020-12-28 15:55:50,623	Batch Processor	INFO	[DEU_Flensburg-64_1_T-1        ]	<FAILURE>	 Time [ms]:	   602
2020-12-28 15:55:50,623	Batch Processor	INFO	[DEU_Flensburg-65_1_T-1        ]	<TIMEOUT>	 Time [ms]:	 30000
2020-12-28 15:55:50,624	Batch Processor	INFO	[DEU_Flensburg-66_1_T-1        ]	<TIMEOUT>	 Time [ms]:	 30000
2020-12-28 15:55:50,624	Batch Processor	INFO	[DEU_Flensburg-67_1_T-1        ]	<TIMEOUT>	 Time [ms]:	 30000
2020-12-28 15:55:50,624	Batch Processor	INFO	[DEU_Flensburg-68_1_T-1        ]	<TIMEOUT>	 Time [ms]:	 30000
2020-12-28 15:55:50,624	Batch Processor	INFO	[DEU_Flensburg-69_1_T-1        ]	<TIMEOUT>	 Time [ms]:	 30000
2020-12-28 15:55:50,624	Batch Processor	INFO	[DEU_Flensburg-70_1_T-1        ]	<TIMEOUT>	 Time [ms]:	 30000
2020-12-28 15:55:50,625	Batch Processor	INFO	[DEU_Flensburg-71_1_T-1        ]	<TIMEOUT>	 Time [ms]:	 30000
2020-12-28 15:55:50,625	Batch Processor	INFO	[DEU_Flensburg-72_1_T-1        ]	<TIMEOUT>	 Time [ms]:	 30000
2020-12-28 15:55:50,625	Batch Processor	INFO	[DEU_Flensburg-73_1_T-1        ]	<TIMEOUT>	 Time [ms]:	 30000
2020-12-28 15:55:50,626	Batch Processor	INFO	[DEU_Flensburg-74_1_T-1        ]	<TIMEOUT>	 Time [ms]:	 30000
2020-12-28 15:55:50,626	Batch Processor	INFO	[DEU_Flensburg-75_1_T-1        ]	<TIMEOUT>	 Time [ms]:	 30000
2020-12-28 15:55:50,626	Batch Processor	INFO	[DEU_Flensburg-76_1_T-1        ]	<TIMEOUT>	 Time [ms]:	 30000
2020-12-28 15:55:50,626	Batch Processor	INFO	[DEU_Flensburg-77_1_T-1        ]	<TIMEOUT>	 Time [ms]:	 30000
2020-12-28 15:55:50,626	Batch Processor	INFO	[DEU_Flensburg-78_1_T-1        ]	<TIMEOUT>	 Time [ms]:	 30000
2020-12-28 15:55:50,626	Batch Processor	INFO	[DEU_Flensburg-79_1_T-1        ]	<TIMEOUT>	 Time [ms]:	 30000
2020-12-28 15:55:50,627	Batch Processor	INFO	[DEU_Flensburg-80_1_T-1        ]	<TIMEOUT>	 Time [ms]:	 30000
2020-12-28 15:55:50,629	Batch Processor	INFO	[DEU_Flensburg-81_1_T-1        ]	<SUCCESS>	 Time [ms]:	   944	
2020-12-28 15:55:50,629	Batch Processor	INFO	[DEU_Flensburg-82_1_T-1        ]	<TIMEOUT>	 Time [ms]:	 30000
2020-12-28 15:55:50,629	Batch Processor	INFO	[DEU_Flensburg-83_1_T-1        ]	<TIMEOUT>	 Time [ms]:	 30000
2020-12-28 15:55:50,629	Batch Processor	INFO	[DEU_Flensburg-84_1_T-1        ]	<TIMEOUT>	 Time [ms]:	 30000
2020-12-28 15:55:50,630	Batch Processor	INFO	[DEU_Flensburg-85_1_T-1        ]	<TIMEOUT>	 Time [ms]:	 30000
2020-12-28 15:55:50,630	Batch Processor	INFO	[DEU_Flensburg-86_1_T-1        ]	<TIMEOUT>	 Time [ms]:	 30000
2020-12-28 15:55:50,630	Batch Processor	INFO	[DEU_Flensburg-87_1_T-1        ]	<TIMEOUT>	 Time [ms]:	 30000
2020-12-28 15:55:50,630	Batch Processor	INFO	[DEU_Flensburg-88_1_T-1        ]	<TIMEOUT>	 Time [ms]:	 30000
2020-12-28 15:55:50,632	Batch Processor	INFO	[DEU_Flensburg-89_1_T-1        ]	<SUCCESS>	 Time [ms]:	 10596	
2020-12-28 15:55:50,633	Batch Processor	INFO	[DEU_Flensburg-90_1_T-1        ]	<TIMEOUT>	 Time [ms]:	 30000
2020-12-28 15:55:50,633	Batch Processor	INFO	[DEU_Flensburg-91_1_T-1        ]	<TIMEOUT>	 Time [ms]:	 30000
2020-12-28 15:55:50,634	Batch Processor	INFO	[DEU_Flensburg-92_1_T-1        ]	<TIMEOUT>	 Time [ms]:	 30000
2020-12-28 15:55:50,634	Batch Processor	INFO	[DEU_Flensburg-93_1_T-1        ]	<TIMEOUT>	 Time [ms]:	 30000
2020-12-28 15:55:50,634	Batch Processor	INFO	[DEU_Flensburg-94_1_T-1        ]	<TIMEOUT>	 Time [ms]:	 30000
2020-12-28 15:55:50,635	Batch Processor	INFO	[DEU_Flensburg-95_1_T-1        ]	<TIMEOUT>	 Time [ms]:	 30000
2020-12-28 15:55:50,635	Batch Processor	INFO	[DEU_Flensburg-96_1_T-1        ]	<TIMEOUT>	 Time [ms]:	 30000
2020-12-28 15:55:50,635	Batch Processor	INFO	[DEU_Flensburg-97_1_T-1        ]	<TIMEOUT>	 Time [ms]:	 30000
2020-12-28 15:55:50,638	Batch Processor	INFO	[DEU_Flensburg-98_1_T-1        ]	<SUCCESS>	 Time [ms]:	   967	
2020-12-28 15:55:50,638	Batch Processor	INFO	[DEU_Flensburg-99_1_T-1        ]	<TIMEOUT>	 Time [ms]:	 30000
2020-12-28 15:55:50,639	Batch Processor	INFO	[DEU_Guetersloh-10_4_T-1       ]	<FAILURE>	 Time [ms]:	   897
2020-12-28 15:55:50,640	Batch Processor	INFO	[DEU_Guetersloh-10_5_T-1       ]	<SUCCESS>	 Time [ms]:	   941	
2020-12-28 15:55:50,641	Batch Processor	INFO	[DEU_Guetersloh-11_3_T-1       ]	<SUCCESS>	 Time [ms]:	   830	
2020-12-28 15:55:50,642	Batch Processor	INFO	[DEU_Guetersloh-12_1_T-1       ]	<SUCCESS>	 Time [ms]:	   464	
2020-12-28 15:55:50,643	Batch Processor	INFO	[DEU_Guetersloh-14_2_T-1       ]	<SUCCESS>	 Time [ms]:	   338	
2020-12-28 15:55:50,644	Batch Processor	INFO	[DEU_Guetersloh-15_2_T-1       ]	<SUCCESS>	 Time [ms]:	  1082	
2020-12-28 15:55:50,645	Batch Processor	INFO	[DEU_Guetersloh-16_2_T-1       ]	<SUCCESS>	 Time [ms]:	   654	
2020-12-28 15:55:50,646	Batch Processor	INFO	[DEU_Guetersloh-16_5_T-1       ]	<SUCCESS>	 Time [ms]:	   628	
2020-12-28 15:55:50,646	Batch Processor	INFO	[DEU_Guetersloh-17_2_T-1       ]	<SUCCESS>	 Time [ms]:	   750	
2020-12-28 15:55:50,647	Batch Processor	INFO	[DEU_Guetersloh-18_2_T-1       ]	<SUCCESS>	 Time [ms]:	   822	
2020-12-28 15:55:50,648	Batch Processor	INFO	[DEU_Guetersloh-19_1_T-1       ]	<SUCCESS>	 Time [ms]:	  1329	
2020-12-28 15:55:50,650	Batch Processor	INFO	[DEU_Guetersloh-20_1_T-1       ]	<SUCCESS>	 Time [ms]:	   886	
2020-12-28 15:55:50,651	Batch Processor	INFO	[DEU_Guetersloh-20_3_T-1       ]	<SUCCESS>	 Time [ms]:	   680	
2020-12-28 15:55:50,652	Batch Processor	INFO	[DEU_Guetersloh-21_1_T-1       ]	<SUCCESS>	 Time [ms]:	  3281	
2020-12-28 15:55:50,654	Batch Processor	INFO	[DEU_Guetersloh-24_1_T-1       ]	<SUCCESS>	 Time [ms]:	   531	
2020-12-28 15:55:50,655	Batch Processor	INFO	[DEU_Guetersloh-24_2_T-1       ]	<SUCCESS>	 Time [ms]:	   793	
2020-12-28 15:55:50,656	Batch Processor	INFO	[DEU_Guetersloh-24_3_T-1       ]	<SUCCESS>	 Time [ms]:	   746	
2020-12-28 15:55:50,657	Batch Processor	INFO	[DEU_Guetersloh-25_2_T-1       ]	<SUCCESS>	 Time [ms]:	   784	
2020-12-28 15:55:50,658	Batch Processor	INFO	[DEU_Guetersloh-25_4_T-1       ]	<SUCCESS>	 Time [ms]:	  1185	
2020-12-28 15:55:50,659	Batch Processor	INFO	[DEU_Guetersloh-27_1_T-1       ]	<SUCCESS>	 Time [ms]:	   472	
2020-12-28 15:55:50,660	Batch Processor	INFO	[DEU_Guetersloh-30_1_T-1       ]	<SUCCESS>	 Time [ms]:	   766	
2020-12-28 15:55:50,661	Batch Processor	INFO	[DEU_Guetersloh-31_4_T-1       ]	<SUCCESS>	 Time [ms]:	   479	
2020-12-28 15:55:50,662	Batch Processor	INFO	[DEU_Guetersloh-32_3_T-1       ]	<SUCCESS>	 Time [ms]:	   817	
2020-12-28 15:55:50,662	Batch Processor	INFO	[DEU_Guetersloh-33_1_T-1       ]	<SUCCESS>	 Time [ms]:	   682	
2020-12-28 15:55:50,663	Batch Processor	INFO	[DEU_Guetersloh-34_2_T-1       ]	<SUCCESS>	 Time [ms]:	   470	
2020-12-28 15:55:50,664	Batch Processor	INFO	[DEU_Guetersloh-36_1_T-1       ]	<SUCCESS>	 Time [ms]:	   792	
2020-12-28 15:55:50,665	Batch Processor	INFO	[DEU_Guetersloh-39_3_T-1       ]	<SUCCESS>	 Time [ms]:	   647	
2020-12-28 15:55:50,666	Batch Processor	INFO	[DEU_Guetersloh-39_5_T-1       ]	<SUCCESS>	 Time [ms]:	   484	
2020-12-28 15:55:50,668	Batch Processor	INFO	[DEU_Guetersloh-40_4_T-1       ]	<SUCCESS>	 Time [ms]:	   568	
2020-12-28 15:55:50,670	Batch Processor	INFO	[DEU_Guetersloh-40_5_T-1       ]	<SUCCESS>	 Time [ms]:	   570	
2020-12-28 15:55:50,671	Batch Processor	INFO	[DEU_Guetersloh-41_1_T-1       ]	<SUCCESS>	 Time [ms]:	   648	
2020-12-28 15:55:50,672	Batch Processor	INFO	[DEU_Guetersloh-42_1_T-1       ]	<SUCCESS>	 Time [ms]:	   613	
2020-12-28 15:55:50,673	Batch Processor	INFO	[DEU_Guetersloh-4_5_T-1        ]	<SUCCESS>	 Time [ms]:	  1781	
2020-12-28 15:55:50,675	Batch Processor	INFO	[DEU_Guetersloh-50_1_T-1       ]	<SUCCESS>	 Time [ms]:	   522	
2020-12-28 15:55:50,676	Batch Processor	INFO	[DEU_Guetersloh-54_1_T-1       ]	<SUCCESS>	 Time [ms]:	   731	
2020-12-28 15:55:50,677	Batch Processor	INFO	[DEU_Guetersloh-55_1_T-1       ]	<SUCCESS>	 Time [ms]:	   529	
2020-12-28 15:55:50,677	Batch Processor	INFO	[DEU_Guetersloh-55_3_T-1       ]	<SUCCESS>	 Time [ms]:	   434	
2020-12-28 15:55:50,678	Batch Processor	INFO	[DEU_Guetersloh-65_2_T-1       ]	<SUCCESS>	 Time [ms]:	   404	
2020-12-28 15:55:50,679	Batch Processor	INFO	[DEU_Guetersloh-6_3_T-1        ]	<SUCCESS>	 Time [ms]:	   620	
2020-12-28 15:55:50,680	Batch Processor	INFO	[DEU_Guetersloh-7_2_T-1        ]	<SUCCESS>	 Time [ms]:	   745	
2020-12-28 15:55:50,681	Batch Processor	INFO	[DEU_Guetersloh-8_1_T-1        ]	<SUCCESS>	 Time [ms]:	   456	
2020-12-28 15:55:50,682	Batch Processor	INFO	[DEU_Hennigsdorf-11_1_T-1      ]	<SUCCESS>	 Time [ms]:	   690	
2020-12-28 15:55:50,683	Batch Processor	INFO	[DEU_Hennigsdorf-12_1_T-1      ]	<SUCCESS>	 Time [ms]:	   392	
2020-12-28 15:55:50,684	Batch Processor	INFO	[DEU_Hennigsdorf-13_2_T-1      ]	<SUCCESS>	 Time [ms]:	   483	
2020-12-28 15:55:50,686	Batch Processor	INFO	[DEU_Hennigsdorf-14_3_T-1      ]	<SUCCESS>	 Time [ms]:	   682	
2020-12-28 15:55:50,687	Batch Processor	INFO	[DEU_Hennigsdorf-15_3_T-1      ]	<SUCCESS>	 Time [ms]:	  2321	
2020-12-28 15:55:50,688	Batch Processor	INFO	[DEU_Hennigsdorf-18_2_T-1      ]	<SUCCESS>	 Time [ms]:	  1153	
2020-12-28 15:55:50,689	Batch Processor	INFO	[DEU_Hennigsdorf-3_2_T-1       ]	<SUCCESS>	 Time [ms]:	  1424	
2020-12-28 15:55:50,690	Batch Processor	INFO	[DEU_Hennigsdorf-3_5_T-1       ]	<SUCCESS>	 Time [ms]:	   514	
2020-12-28 15:55:50,691	Batch Processor	INFO	[DEU_Hennigsdorf-5_1_T-1       ]	<SUCCESS>	 Time [ms]:	   982	
2020-12-28 15:55:50,692	Batch Processor	INFO	[DEU_Hennigsdorf-5_4_T-1       ]	<SUCCESS>	 Time [ms]:	   844	
2020-12-28 15:55:50,693	Batch Processor	INFO	[DEU_Hennigsdorf-7_3_T-1       ]	<SUCCESS>	 Time [ms]:	   834	
2020-12-28 15:55:50,694	Batch Processor	INFO	[DEU_Hennigsdorf-9_2_T-1       ]	<SUCCESS>	 Time [ms]:	  2601	
2020-12-28 15:55:50,695	Batch Processor	INFO	[DEU_Ibbenbueren-10_2_T-1      ]	<SUCCESS>	 Time [ms]:	   834	
2020-12-28 15:55:50,696	Batch Processor	INFO	[DEU_Ibbenbueren-11_2_T-1      ]	<SUCCESS>	 Time [ms]:	   568	
2020-12-28 15:55:50,697	Batch Processor	INFO	[DEU_Ibbenbueren-12_1_T-1      ]	<SUCCESS>	 Time [ms]:	   647	
2020-12-28 15:55:50,698	Batch Processor	INFO	[DEU_Ibbenbueren-13_3_T-1      ]	<SUCCESS>	 Time [ms]:	   633	
2020-12-28 15:55:50,698	Batch Processor	INFO	[DEU_Ibbenbueren-14_1_T-1      ]	<SUCCESS>	 Time [ms]:	   553	
2020-12-28 15:55:50,700	Batch Processor	INFO	[DEU_Ibbenbueren-15_4_T-1      ]	<SUCCESS>	 Time [ms]:	   710	
2020-12-28 15:55:50,701	Batch Processor	INFO	[DEU_Ibbenbueren-16_3_T-1      ]	<SUCCESS>	 Time [ms]:	   703	
2020-12-28 15:55:50,703	Batch Processor	INFO	[DEU_Ibbenbueren-16_5_T-1      ]	<SUCCESS>	 Time [ms]:	   781	
2020-12-28 15:55:50,704	Batch Processor	INFO	[DEU_Ibbenbueren-2_2_T-1       ]	<SUCCESS>	 Time [ms]:	   480	
2020-12-28 15:55:50,705	Batch Processor	INFO	[DEU_Ibbenbueren-3_3_T-1       ]	<SUCCESS>	 Time [ms]:	   593	
2020-12-28 15:55:50,706	Batch Processor	INFO	[DEU_Ibbenbueren-4_2_T-1       ]	<SUCCESS>	 Time [ms]:	  1169	
2020-12-28 15:55:50,708	Batch Processor	INFO	[DEU_Ibbenbueren-6_3_T-1       ]	<SUCCESS>	 Time [ms]:	   581	
2020-12-28 15:55:50,709	Batch Processor	INFO	[DEU_Ibbenbueren-6_4_T-1       ]	<SUCCESS>	 Time [ms]:	   649	
2020-12-28 15:55:50,710	Batch Processor	INFO	[DEU_Ibbenbueren-7_1_T-1       ]	<SUCCESS>	 Time [ms]:	  1002	
2020-12-28 15:55:50,711	Batch Processor	INFO	[DEU_Ibbenbueren-9_1_T-1       ]	<SUCCESS>	 Time [ms]:	   564	
2020-12-28 15:55:50,712	Batch Processor	INFO	[DEU_Lohmar-10_1_T-1           ]	<TIMEOUT>	 Time [ms]:	 30000
2020-12-28 15:55:50,714	Batch Processor	INFO	[DEU_Lohmar-11_1_T-1           ]	<SUCCESS>	 Time [ms]:	   994	
2020-12-28 15:55:50,714	Batch Processor	INFO	[DEU_Lohmar-12_1_T-1           ]	<FAILURE>	 Time [ms]:	   496
2020-12-28 15:55:50,714	Batch Processor	INFO	[DEU_Lohmar-13_1_T-1           ]	<TIMEOUT>	 Time [ms]:	 30000
2020-12-28 15:55:50,715	Batch Processor	INFO	[DEU_Lohmar-14_1_T-1           ]	<TIMEOUT>	 Time [ms]:	 30000
2020-12-28 15:55:50,715	Batch Processor	INFO	[DEU_Lohmar-15_1_T-1           ]	<TIMEOUT>	 Time [ms]:	 30000
2020-12-28 15:55:50,716	Batch Processor	INFO	[DEU_Lohmar-16_1_T-1           ]	<TIMEOUT>	 Time [ms]:	 30000
2020-12-28 15:55:50,716	Batch Processor	INFO	[DEU_Lohmar-17_1_T-1           ]	<TIMEOUT>	 Time [ms]:	 30000
2020-12-28 15:55:50,717	Batch Processor	INFO	[DEU_Lohmar-18_1_T-1           ]	<TIMEOUT>	 Time [ms]:	 30000
2020-12-28 15:55:50,717	Batch Processor	INFO	[DEU_Lohmar-19_1_T-1           ]	<FAILURE>	 Time [ms]:	   887
2020-12-28 15:55:50,717	Batch Processor	INFO	[DEU_Lohmar-20_1_T-1           ]	<TIMEOUT>	 Time [ms]:	 30000
2020-12-28 15:55:50,717	Batch Processor	INFO	[DEU_Lohmar-21_1_T-1           ]	<TIMEOUT>	 Time [ms]:	 30000
2020-12-28 15:55:50,718	Batch Processor	INFO	[DEU_Lohmar-22_1_T-1           ]	<TIMEOUT>	 Time [ms]:	 30000
2020-12-28 15:55:50,718	Batch Processor	INFO	[DEU_Lohmar-23_1_T-1           ]	<TIMEOUT>	 Time [ms]:	 30000
2020-12-28 15:55:50,719	Batch Processor	INFO	[DEU_Lohmar-24_1_T-1           ]	<TIMEOUT>	 Time [ms]:	 30000
2020-12-28 15:55:50,719	Batch Processor	INFO	[DEU_Lohmar-25_1_T-1           ]	<TIMEOUT>	 Time [ms]:	 30000
2020-12-28 15:55:50,719	Batch Processor	INFO	[DEU_Lohmar-26_1_T-1           ]	<TIMEOUT>	 Time [ms]:	 30000
2020-12-28 15:55:50,722	Batch Processor	INFO	[DEU_Lohmar-27_1_T-1           ]	<SUCCESS>	 Time [ms]:	  7353	
2020-12-28 15:55:50,722	Batch Processor	INFO	[DEU_Lohmar-28_1_T-1           ]	<TIMEOUT>	 Time [ms]:	 30000
2020-12-28 15:55:50,722	Batch Processor	INFO	[DEU_Lohmar-29_1_T-1           ]	<TIMEOUT>	 Time [ms]:	 30000
2020-12-28 15:55:50,724	Batch Processor	INFO	[DEU_Lohmar-30_1_T-1           ]	<SUCCESS>	 Time [ms]:	  1758	
2020-12-28 15:55:50,725	Batch Processor	INFO	[DEU_Lohmar-31_1_T-1           ]	<TIMEOUT>	 Time [ms]:	 30000
2020-12-28 15:55:50,725	Batch Processor	INFO	[DEU_Lohmar-32_1_T-1           ]	<TIMEOUT>	 Time [ms]:	 30000
2020-12-28 15:55:50,725	Batch Processor	INFO	[DEU_Lohmar-33_1_T-1           ]	<TIMEOUT>	 Time [ms]:	 30000
2020-12-28 15:55:50,726	Batch Processor	INFO	[DEU_Lohmar-34_1_T-1           ]	<TIMEOUT>	 Time [ms]:	 30000
2020-12-28 15:55:50,728	Batch Processor	INFO	[DEU_Lohmar-35_1_T-1           ]	<SUCCESS>	 Time [ms]:	   755	
2020-12-28 15:55:50,728	Batch Processor	INFO	[DEU_Lohmar-36_1_T-1           ]	<TIMEOUT>	 Time [ms]:	 30000
2020-12-28 15:55:50,730	Batch Processor	INFO	[DEU_Lohmar-37_1_T-1           ]	<SUCCESS>	 Time [ms]:	  1498	
2020-12-28 15:55:50,730	Batch Processor	INFO	[DEU_Lohmar-38_1_T-1           ]	<TIMEOUT>	 Time [ms]:	 30000
2020-12-28 15:55:50,730	Batch Processor	INFO	[DEU_Lohmar-39_1_T-1           ]	<TIMEOUT>	 Time [ms]:	 30000
2020-12-28 15:55:50,731	Batch Processor	INFO	[DEU_Lohmar-40_1_T-1           ]	<TIMEOUT>	 Time [ms]:	 30000
2020-12-28 15:55:50,731	Batch Processor	INFO	[DEU_Lohmar-41_1_T-1           ]	<TIMEOUT>	 Time [ms]:	 30000
2020-12-28 15:55:50,731	Batch Processor	INFO	[DEU_Lohmar-42_1_T-1           ]	<TIMEOUT>	 Time [ms]:	 30000
2020-12-28 15:55:50,732	Batch Processor	INFO	[DEU_Lohmar-43_1_T-1           ]	<TIMEOUT>	 Time [ms]:	 30000
2020-12-28 15:55:50,734	Batch Processor	INFO	[DEU_Lohmar-44_1_T-1           ]	<SUCCESS>	 Time [ms]:	  1311	
2020-12-28 15:55:50,737	Batch Processor	INFO	[DEU_Lohmar-45_1_T-1           ]	<SUCCESS>	 Time [ms]:	  1027	
2020-12-28 15:55:50,737	Batch Processor	INFO	[DEU_Lohmar-46_1_T-1           ]	<TIMEOUT>	 Time [ms]:	 30000
2020-12-28 15:55:50,738	Batch Processor	INFO	[DEU_Lohmar-47_1_T-1           ]	<TIMEOUT>	 Time [ms]:	 30000
2020-12-28 15:55:50,738	Batch Processor	INFO	[DEU_Lohmar-48_1_T-1           ]	<TIMEOUT>	 Time [ms]:	 30000
2020-12-28 15:55:50,738	Batch Processor	INFO	[DEU_Lohmar-49_1_T-1           ]	<TIMEOUT>	 Time [ms]:	 30000
2020-12-28 15:55:50,739	Batch Processor	INFO	[DEU_Lohmar-50_1_T-1           ]	<TIMEOUT>	 Time [ms]:	 30000
2020-12-28 15:55:50,739	Batch Processor	INFO	[DEU_Lohmar-51_1_T-1           ]	<TIMEOUT>	 Time [ms]:	 30000
2020-12-28 15:55:50,739	Batch Processor	INFO	[DEU_Lohmar-52_1_T-1           ]	<TIMEOUT>	 Time [ms]:	 30000
2020-12-28 15:55:50,741	Batch Processor	INFO	[DEU_Lohmar-53_1_T-1           ]	<SUCCESS>	 Time [ms]:	  1202	
2020-12-28 15:55:50,742	Batch Processor	INFO	[DEU_Lohmar-54_1_T-1           ]	<TIMEOUT>	 Time [ms]:	 30000
2020-12-28 15:55:50,742	Batch Processor	INFO	[DEU_Lohmar-55_1_T-1           ]	<TIMEOUT>	 Time [ms]:	 30000
2020-12-28 15:55:50,744	Batch Processor	INFO	[DEU_Lohmar-56_1_T-1           ]	<SUCCESS>	 Time [ms]:	  1308	
2020-12-28 15:55:50,745	Batch Processor	INFO	[DEU_Lohmar-57_1_T-1           ]	<TIMEOUT>	 Time [ms]:	 30000
2020-12-28 15:55:50,745	Batch Processor	INFO	[DEU_Lohmar-58_1_T-1           ]	<TIMEOUT>	 Time [ms]:	 30000
2020-12-28 15:55:50,745	Batch Processor	INFO	[DEU_Lohmar-59_1_T-1           ]	<TIMEOUT>	 Time [ms]:	 30000
2020-12-28 15:55:50,746	Batch Processor	INFO	[DEU_Lohmar-60_1_T-1           ]	<TIMEOUT>	 Time [ms]:	 30000
2020-12-28 15:55:50,746	Batch Processor	INFO	[DEU_Lohmar-61_1_T-1           ]	<TIMEOUT>	 Time [ms]:	 30000
2020-12-28 15:55:50,746	Batch Processor	INFO	[DEU_Lohmar-62_1_T-1           ]	<TIMEOUT>	 Time [ms]:	 30000
2020-12-28 15:55:50,747	Batch Processor	INFO	[DEU_Lohmar-63_1_T-1           ]	<TIMEOUT>	 Time [ms]:	 30000
2020-12-28 15:55:50,749	Batch Processor	INFO	[DEU_Lohmar-64_1_T-1           ]	<SUCCESS>	 Time [ms]:	   643	
2020-12-28 15:55:50,749	Batch Processor	INFO	[DEU_Lohmar-65_1_T-1           ]	<TIMEOUT>	 Time [ms]:	 30000
2020-12-28 15:55:50,750	Batch Processor	INFO	[DEU_Lohmar-66_1_T-1           ]	<TIMEOUT>	 Time [ms]:	 30000
2020-12-28 15:55:50,750	Batch Processor	INFO	[DEU_Lohmar-67_1_T-1           ]	<TIMEOUT>	 Time [ms]:	 30000
2020-12-28 15:55:50,750	Batch Processor	INFO	[DEU_Lohmar-68_1_T-1           ]	<TIMEOUT>	 Time [ms]:	 30000
2020-12-28 15:55:50,751	Batch Processor	INFO	[DEU_Lohmar-69_1_T-1           ]	<TIMEOUT>	 Time [ms]:	 30000
2020-12-28 15:55:50,751	Batch Processor	INFO	[DEU_Lohmar-70_1_T-1           ]	<TIMEOUT>	 Time [ms]:	 30000
2020-12-28 15:55:50,754	Batch Processor	INFO	[DEU_Lohmar-8_1_T-1            ]	<SUCCESS>	 Time [ms]:	  1090	
2020-12-28 15:55:50,754	Batch Processor	INFO	[DEU_Lohmar-9_1_T-1            ]	<TIMEOUT>	 Time [ms]:	 30000
2020-12-28 15:55:50,755	Batch Processor	INFO	[DEU_Luckenwalde-1_1_T-1       ]	<TIMEOUT>	 Time [ms]:	 30000
2020-12-28 15:55:50,756	Batch Processor	INFO	[DEU_Meckenheim-1_4_T-1        ]	<SUCCESS>	 Time [ms]:	   635	
2020-12-28 15:55:50,757	Batch Processor	INFO	[DEU_Meckenheim-3_1_T-1        ]	<SUCCESS>	 Time [ms]:	   459	
2020-12-28 15:55:50,758	Batch Processor	INFO	[DEU_Meckenheim-5_1_T-1        ]	<SUCCESS>	 Time [ms]:	   616	
2020-12-28 15:55:50,758	Batch Processor	INFO	[DEU_Meckenheim-8_3_T-1        ]	<SUCCESS>	 Time [ms]:	   824	
2020-12-28 15:55:50,759	Batch Processor	INFO	[DEU_Meckenheim-8_5_T-1        ]	<SUCCESS>	 Time [ms]:	   886	
2020-12-28 15:55:50,760	Batch Processor	INFO	[DEU_Moabit-1_2_T-1            ]	<SUCCESS>	 Time [ms]:	  1412	
2020-12-28 15:55:50,761	Batch Processor	INFO	[DEU_Moabit-4_1_T-1            ]	<SUCCESS>	 Time [ms]:	   600	
2020-12-28 15:55:50,762	Batch Processor	INFO	[DEU_Moabit-5_2_T-1            ]	<SUCCESS>	 Time [ms]:	   579	
2020-12-28 15:55:50,763	Batch Processor	INFO	[DEU_Moabit-6_2_T-1            ]	<SUCCESS>	 Time [ms]:	   863	
2020-12-28 15:55:50,763	Batch Processor	INFO	[DEU_Moelln-10_3_T-1           ]	<SUCCESS>	 Time [ms]:	   520	
2020-12-28 15:55:50,764	Batch Processor	INFO	[DEU_Moelln-11_1_T-1           ]	<SUCCESS>	 Time [ms]:	   440	
2020-12-28 15:55:50,765	Batch Processor	INFO	[DEU_Moelln-12_1_T-1           ]	<SUCCESS>	 Time [ms]:	   646	
2020-12-28 15:55:50,766	Batch Processor	INFO	[DEU_Moelln-2_1_T-1            ]	<SUCCESS>	 Time [ms]:	  2467	
2020-12-28 15:55:50,767	Batch Processor	INFO	[DEU_Moelln-4_3_T-1            ]	<SUCCESS>	 Time [ms]:	   988	
2020-12-28 15:55:50,768	Batch Processor	INFO	[DEU_Moelln-6_1_T-1            ]	<SUCCESS>	 Time [ms]:	   829	
2020-12-28 15:55:50,769	Batch Processor	INFO	[DEU_Moelln-7_1_T-1            ]	<SUCCESS>	 Time [ms]:	   410	
2020-12-28 15:55:50,770	Batch Processor	INFO	[DEU_Moelln-9_1_T-1            ]	<SUCCESS>	 Time [ms]:	  1763	
2020-12-28 15:55:50,771	Batch Processor	INFO	[DEU_Muehlhausen-11_1_T-1      ]	<SUCCESS>	 Time [ms]:	   804	
2020-12-28 15:55:50,772	Batch Processor	INFO	[DEU_Muehlhausen-14_3_T-1      ]	<SUCCESS>	 Time [ms]:	   904	
2020-12-28 15:55:50,773	Batch Processor	INFO	[DEU_Muehlhausen-1_2_T-1       ]	<SUCCESS>	 Time [ms]:	  1660	
2020-12-28 15:55:50,774	Batch Processor	INFO	[DEU_Muehlhausen-1_3_T-1       ]	<SUCCESS>	 Time [ms]:	   719	
2020-12-28 15:55:50,775	Batch Processor	INFO	[DEU_Muehlhausen-2_1_T-1       ]	<SUCCESS>	 Time [ms]:	  2829	
2020-12-28 15:55:50,776	Batch Processor	INFO	[DEU_Muehlhausen-4_1_T-1       ]	<SUCCESS>	 Time [ms]:	   768	
2020-12-28 15:55:50,776	Batch Processor	INFO	[DEU_Muehlhausen-5_1_T-1       ]	<SUCCESS>	 Time [ms]:	   953	
2020-12-28 15:55:50,777	Batch Processor	INFO	[DEU_Muehlhausen-6_1_T-1       ]	<SUCCESS>	 Time [ms]:	   757	
2020-12-28 15:55:50,778	Batch Processor	INFO	[DEU_Muehlhausen-7_2_T-1       ]	<SUCCESS>	 Time [ms]:	   888	
2020-12-28 15:55:50,778	Batch Processor	INFO	[DEU_Reutlingen-1_1_T-1        ]	<TIMEOUT>	 Time [ms]:	 30000
2020-12-28 15:55:50,778	Batch Processor	INFO	[DEU_Reutlingen-2_1_T-1        ]	<TIMEOUT>	 Time [ms]:	 30000
2020-12-28 15:55:50,779	Batch Processor	INFO	[DEU_Reutlingen-3_1_T-1        ]	<TIMEOUT>	 Time [ms]:	 30000
2020-12-28 15:55:50,779	Batch Processor	INFO	[DEU_Reutlingen-4_1_T-1        ]	<TIMEOUT>	 Time [ms]:	 30000
2020-12-28 15:55:50,779	Batch Processor	INFO	[DEU_Reutlingen-5_1_T-1        ]	<TIMEOUT>	 Time [ms]:	 30000
2020-12-28 15:55:50,779	Batch Processor	INFO	[DEU_Reutlingen-6_1_T-1        ]	<TIMEOUT>	 Time [ms]:	 30000
2020-12-28 15:55:50,780	Batch Processor	INFO	[DEU_Rheinbach-1_4_T-1         ]	<SUCCESS>	 Time [ms]:	  1373	
2020-12-28 15:55:50,781	Batch Processor	INFO	[DEU_Rheinbach-5_3_T-1         ]	<SUCCESS>	 Time [ms]:	  1384	
2020-12-28 15:55:50,781	Batch Processor	INFO	[DEU_Speyer-2_1_T-1            ]	<FAILURE>	 Time [ms]:	   562
2020-12-28 15:55:50,782	Batch Processor	INFO	[DEU_Speyer-2_4_T-1            ]	<SUCCESS>	 Time [ms]:	   540	
2020-12-28 15:55:50,783	Batch Processor	INFO	[DEU_Speyer-5_2_T-1            ]	<SUCCESS>	 Time [ms]:	   528	
2020-12-28 15:55:50,784	Batch Processor	INFO	[ESP_Almansa-1_1_T-1           ]	<SUCCESS>	 Time [ms]:	   536	
2020-12-28 15:55:50,784	Batch Processor	INFO	[ESP_Almansa-2_1_T-1           ]	<SUCCESS>	 Time [ms]:	  3039	
2020-12-28 15:55:50,785	Batch Processor	INFO	[ESP_Almansa-6_1_T-1           ]	<SUCCESS>	 Time [ms]:	  1597	
2020-12-28 15:55:50,786	Batch Processor	INFO	[ESP_Berga-10_1_T-1            ]	<SUCCESS>	 Time [ms]:	   897	
2020-12-28 15:55:50,787	Batch Processor	INFO	[ESP_Berga-4_4_T-1             ]	<SUCCESS>	 Time [ms]:	   505	
2020-12-28 15:55:50,788	Batch Processor	INFO	[ESP_Berga-6_1_T-1             ]	<SUCCESS>	 Time [ms]:	  3075	
2020-12-28 15:55:50,789	Batch Processor	INFO	[ESP_Berga-9_1_T-1             ]	<SUCCESS>	 Time [ms]:	   674	
2020-12-28 15:55:50,789	Batch Processor	INFO	[ESP_Cambre-1_1_T-1            ]	<SUCCESS>	 Time [ms]:	   801	
2020-12-28 15:55:50,790	Batch Processor	INFO	[ESP_Cambre-2_1_T-1            ]	<SUCCESS>	 Time [ms]:	   877	
2020-12-28 15:55:50,791	Batch Processor	INFO	[ESP_Cambre-3_1_T-1            ]	<SUCCESS>	 Time [ms]:	   726	
2020-12-28 15:55:50,792	Batch Processor	INFO	[ESP_Ceuta-10_1_T-1            ]	<SUCCESS>	 Time [ms]:	  1015	
2020-12-28 15:55:50,792	Batch Processor	INFO	[ESP_Ceuta-11_1_T-1            ]	<FAILURE>	 Time [ms]:	   927
2020-12-28 15:55:50,793	Batch Processor	INFO	[ESP_Ceuta-15_2_T-1            ]	<SUCCESS>	 Time [ms]:	   792	
2020-12-28 15:55:50,794	Batch Processor	INFO	[ESP_Ceuta-1_2_T-1             ]	<SUCCESS>	 Time [ms]:	   868	
2020-12-28 15:55:50,794	Batch Processor	INFO	[ESP_Ceuta-2_1_T-1             ]	<SUCCESS>	 Time [ms]:	  1651	
2020-12-28 15:55:50,795	Batch Processor	INFO	[ESP_Ceuta-3_2_T-1             ]	<SUCCESS>	 Time [ms]:	   967	
2020-12-28 15:55:50,796	Batch Processor	INFO	[ESP_Ceuta-4_1_T-1             ]	<SUCCESS>	 Time [ms]:	  1390	
2020-12-28 15:55:50,796	Batch Processor	INFO	[ESP_Ceuta-5_1_T-1             ]	<FAILURE>	 Time [ms]:	   775
2020-12-28 15:55:50,797	Batch Processor	INFO	[ESP_Ceuta-7_1_T-1             ]	<SUCCESS>	 Time [ms]:	   385	
2020-12-28 15:55:50,798	Batch Processor	INFO	[ESP_Ceuta-8_1_T-1             ]	<SUCCESS>	 Time [ms]:	   688	
2020-12-28 15:55:50,798	Batch Processor	INFO	[ESP_Inca-3_2_T-1              ]	<FAILURE>	 Time [ms]:	   628
2020-12-28 15:55:50,799	Batch Processor	INFO	[ESP_Inca-7_1_T-1              ]	<SUCCESS>	 Time [ms]:	  1156	
2020-12-28 15:55:50,800	Batch Processor	INFO	[ESP_Monzon-2_1_T-1            ]	<SUCCESS>	 Time [ms]:	   826	
2020-12-28 15:55:50,801	Batch Processor	INFO	[ESP_Monzon-3_1_T-1            ]	<SUCCESS>	 Time [ms]:	  1128	
2020-12-28 15:55:50,801	Batch Processor	INFO	[ESP_Monzon-5_1_T-1            ]	<SUCCESS>	 Time [ms]:	   834	
2020-12-28 15:55:50,802	Batch Processor	INFO	[ESP_Monzon-6_1_T-1            ]	<SUCCESS>	 Time [ms]:	  1135	
2020-12-28 15:55:50,803	Batch Processor	INFO	[ESP_Monzon-7_2_T-1            ]	<SUCCESS>	 Time [ms]:	   718	
2020-12-28 15:55:50,804	Batch Processor	INFO	[ESP_Monzon-7_3_T-1            ]	<SUCCESS>	 Time [ms]:	   999	
2020-12-28 15:55:50,805	Batch Processor	INFO	[ESP_Monzon-9_1_T-1            ]	<SUCCESS>	 Time [ms]:	  2566	
2020-12-28 15:55:50,806	Batch Processor	INFO	[ESP_PriegodeCordoba-2_3_T-1   ]	<SUCCESS>	 Time [ms]:	   867	
2020-12-28 15:55:50,806	Batch Processor	INFO	[ESP_PriegodeCordoba-3_1_T-1   ]	<SUCCESS>	 Time [ms]:	  1316	
2020-12-28 15:55:50,807	Batch Processor	INFO	[ESP_PriegodeCordoba-6_1_T-1   ]	<SUCCESS>	 Time [ms]:	  1388	
2020-12-28 15:55:50,808	Batch Processor	INFO	[ESP_Requena-6_2_T-1           ]	<SUCCESS>	 Time [ms]:	  1456	
2020-12-28 15:55:50,809	Batch Processor	INFO	[ESP_SantBoideLlobregat-14_1_T-1]	<SUCCESS>	 Time [ms]:	   706	
2020-12-28 15:55:50,810	Batch Processor	INFO	[ESP_SantBoideLlobregat-14_4_T-1]	<SUCCESS>	 Time [ms]:	   729	
2020-12-28 15:55:50,810	Batch Processor	INFO	[ESP_SantBoideLlobregat-18_2_T-1]	<SUCCESS>	 Time [ms]:	   191	
2020-12-28 15:55:50,811	Batch Processor	INFO	[ESP_SantBoideLlobregat-19_1_T-1]	<SUCCESS>	 Time [ms]:	  1998	
2020-12-28 15:55:50,811	Batch Processor	INFO	[ESP_SantBoideLlobregat-22_3_T-1]	<FAILURE>	 Time [ms]:	   240
2020-12-28 15:55:50,812	Batch Processor	INFO	[ESP_SantBoideLlobregat-23_2_T-1]	<SUCCESS>	 Time [ms]:	   683	
2020-12-28 15:55:50,813	Batch Processor	INFO	[ESP_SantBoideLlobregat-24_1_T-1]	<SUCCESS>	 Time [ms]:	   702	
2020-12-28 15:55:50,814	Batch Processor	INFO	[ESP_SantBoideLlobregat-3_1_T-1]	<SUCCESS>	 Time [ms]:	   458	
2020-12-28 15:55:50,814	Batch Processor	INFO	[ESP_SantBoideLlobregat-4_1_T-1]	<FAILURE>	 Time [ms]:	   295
2020-12-28 15:55:50,815	Batch Processor	INFO	[ESP_SantBoideLlobregat-6_2_T-1]	<SUCCESS>	 Time [ms]:	  1800	
2020-12-28 15:55:50,816	Batch Processor	INFO	[ESP_SantBoideLlobregat-8_1_T-1]	<SUCCESS>	 Time [ms]:	  1194	
2020-12-28 15:55:50,817	Batch Processor	INFO	[ESP_SantBoideLlobregat-8_5_T-1]	<SUCCESS>	 Time [ms]:	  1002	
2020-12-28 15:55:50,818	Batch Processor	INFO	[ESP_Toledo-10_1_T-1           ]	<SUCCESS>	 Time [ms]:	  1021	
2020-12-28 15:55:50,819	Batch Processor	INFO	[ESP_Toledo-10_2_T-1           ]	<SUCCESS>	 Time [ms]:	  1012	
2020-12-28 15:55:50,820	Batch Processor	INFO	[ESP_Toledo-11_1_T-1           ]	<SUCCESS>	 Time [ms]:	   328	
2020-12-28 15:55:50,821	Batch Processor	INFO	[ESP_Toledo-11_5_T-1           ]	<SUCCESS>	 Time [ms]:	   317	
2020-12-28 15:55:50,822	Batch Processor	INFO	[ESP_Toledo-22_1_T-1           ]	<SUCCESS>	 Time [ms]:	   523	
2020-12-28 15:55:50,823	Batch Processor	INFO	[ESP_Toledo-23_1_T-1           ]	<SUCCESS>	 Time [ms]:	   221	
2020-12-28 15:55:50,823	Batch Processor	INFO	[ESP_Toledo-5_1_T-1            ]	<SUCCESS>	 Time [ms]:	   364	
2020-12-28 15:55:50,824	Batch Processor	INFO	[ESP_Toledo-6_2_T-1            ]	<SUCCESS>	 Time [ms]:	   974	
2020-12-28 15:55:50,824	Batch Processor	INFO	[ESP_Toledo-8_1_T-1            ]	<FAILURE>	 Time [ms]:	  1294
2020-12-28 15:55:50,825	Batch Processor	INFO	[ESP_Toledo-9_1_T-1            ]	<SUCCESS>	 Time [ms]:	   830	
2020-12-28 15:55:50,826	Batch Processor	INFO	[FRA_Anglet-1_2_T-1            ]	<SUCCESS>	 Time [ms]:	   807	
2020-12-28 15:55:50,826	Batch Processor	INFO	[FRA_Anglet-2_1_T-1            ]	<FAILURE>	 Time [ms]:	   902
2020-12-28 15:55:50,827	Batch Processor	INFO	[FRA_Anglet-3_2_T-1            ]	<SUCCESS>	 Time [ms]:	  1454	
2020-12-28 15:55:50,828	Batch Processor	INFO	[FRA_Miramas-1_1_T-1           ]	<SUCCESS>	 Time [ms]:	  1183	
2020-12-28 15:55:50,829	Batch Processor	INFO	[FRA_Miramas-2_1_T-1           ]	<SUCCESS>	 Time [ms]:	   907	
2020-12-28 15:55:50,829	Batch Processor	INFO	[FRA_Miramas-3_1_T-1           ]	<SUCCESS>	 Time [ms]:	  1177	
2020-12-28 15:55:50,830	Batch Processor	INFO	[FRA_Miramas-5_1_T-1           ]	<SUCCESS>	 Time [ms]:	  1896	
2020-12-28 15:55:50,831	Batch Processor	INFO	[FRA_Miramas-9_1_T-1           ]	<SUCCESS>	 Time [ms]:	   747	
2020-12-28 15:55:50,832	Batch Processor	INFO	[FRA_MoissyCramayel-1_1_T-1    ]	<SUCCESS>	 Time [ms]:	  2000	
2020-12-28 15:55:50,833	Batch Processor	INFO	[FRA_MoissyCramayel-2_1_T-1    ]	<SUCCESS>	 Time [ms]:	   874	
2020-12-28 15:55:50,834	Batch Processor	INFO	[FRA_MoissyCramayel-4_1_T-1    ]	<SUCCESS>	 Time [ms]:	  1158	
2020-12-28 15:55:50,835	Batch Processor	INFO	[FRA_Sete-1_1_T-1              ]	<SUCCESS>	 Time [ms]:	  1204	
2020-12-28 15:55:50,835	Batch Processor	INFO	[GRC_Perama-1_1_T-1            ]	<FAILURE>	 Time [ms]:	  1102
2020-12-28 15:55:50,837	Batch Processor	INFO	[GRC_Perama-2_1_T-1            ]	<SUCCESS>	 Time [ms]:	   513	
2020-12-28 15:55:50,838	Batch Processor	INFO	[GRC_Perama-3_2_T-1            ]	<SUCCESS>	 Time [ms]:	   719	
2020-12-28 15:55:50,839	Batch Processor	INFO	[GRC_Perama-4_3_T-1            ]	<SUCCESS>	 Time [ms]:	  1365	
2020-12-28 15:55:50,840	Batch Processor	INFO	[GRC_Perama-7_1_T-1            ]	<SUCCESS>	 Time [ms]:	  1082	
2020-12-28 15:55:50,841	Batch Processor	INFO	[HRV_Pula-10_1_T-1             ]	<SUCCESS>	 Time [ms]:	  1153	
2020-12-28 15:55:50,842	Batch Processor	INFO	[HRV_Pula-12_3_T-1             ]	<SUCCESS>	 Time [ms]:	   700	
2020-12-28 15:55:50,843	Batch Processor	INFO	[HRV_Pula-13_2_T-1             ]	<SUCCESS>	 Time [ms]:	   518	
2020-12-28 15:55:50,843	Batch Processor	INFO	[HRV_Pula-15_1_T-1             ]	<SUCCESS>	 Time [ms]:	   583	
2020-12-28 15:55:50,844	Batch Processor	INFO	[HRV_Pula-18_1_T-1             ]	<SUCCESS>	 Time [ms]:	   683	
2020-12-28 15:55:50,845	Batch Processor	INFO	[HRV_Pula-19_2_T-1             ]	<SUCCESS>	 Time [ms]:	   520	
2020-12-28 15:55:50,846	Batch Processor	INFO	[HRV_Pula-21_1_T-1             ]	<SUCCESS>	 Time [ms]:	   786	
2020-12-28 15:55:50,847	Batch Processor	INFO	[HRV_Pula-22_1_T-1             ]	<SUCCESS>	 Time [ms]:	  1432	
2020-12-28 15:55:50,848	Batch Processor	INFO	[HRV_Pula-23_1_T-1             ]	<SUCCESS>	 Time [ms]:	   529	
2020-12-28 15:55:50,849	Batch Processor	INFO	[HRV_Pula-24_1_T-1             ]	<SUCCESS>	 Time [ms]:	   992	
2020-12-28 15:55:50,850	Batch Processor	INFO	[HRV_Pula-25_1_T-1             ]	<SUCCESS>	 Time [ms]:	   719	
2020-12-28 15:55:50,851	Batch Processor	INFO	[HRV_Pula-27_2_T-1             ]	<SUCCESS>	 Time [ms]:	   656	
2020-12-28 15:55:50,852	Batch Processor	INFO	[HRV_Pula-29_3_T-1             ]	<SUCCESS>	 Time [ms]:	   612	
2020-12-28 15:55:50,853	Batch Processor	INFO	[HRV_Pula-31_1_T-1             ]	<SUCCESS>	 Time [ms]:	  1002	
2020-12-28 15:55:50,854	Batch Processor	INFO	[HRV_Pula-32_2_T-1             ]	<SUCCESS>	 Time [ms]:	  1513	
2020-12-28 15:55:50,855	Batch Processor	INFO	[HRV_Pula-33_2_T-1             ]	<SUCCESS>	 Time [ms]:	  1251	
2020-12-28 15:55:50,856	Batch Processor	INFO	[HRV_Pula-5_2_T-1              ]	<SUCCESS>	 Time [ms]:	  2627	
2020-12-28 15:55:50,857	Batch Processor	INFO	[HRV_Pula-5_3_T-1              ]	<SUCCESS>	 Time [ms]:	  2772	
2020-12-28 15:55:50,858	Batch Processor	INFO	[HRV_Pula-6_2_T-1              ]	<SUCCESS>	 Time [ms]:	   883	
2020-12-28 15:55:50,859	Batch Processor	INFO	[HRV_Pula-7_2_T-1              ]	<SUCCESS>	 Time [ms]:	  1879	
2020-12-28 15:55:50,860	Batch Processor	INFO	[HRV_Pula-8_3_T-1              ]	<SUCCESS>	 Time [ms]:	   968	
2020-12-28 15:55:50,861	Batch Processor	INFO	[HRV_Pula-9_2_T-1              ]	<SUCCESS>	 Time [ms]:	   368	
2020-12-28 15:55:50,861	Batch Processor	INFO	[HRV_Pula-9_4_T-1              ]	<SUCCESS>	 Time [ms]:	   750	
2020-12-28 15:55:50,862	Batch Processor	INFO	[ITA_CarpiCentro-1_3_T-1       ]	<SUCCESS>	 Time [ms]:	   731	
2020-12-28 15:55:50,863	Batch Processor	INFO	[ITA_CarpiCentro-2_4_T-1       ]	<SUCCESS>	 Time [ms]:	  2131	
2020-12-28 15:55:50,864	Batch Processor	INFO	[ITA_CarpiCentro-3_1_T-1       ]	<SUCCESS>	 Time [ms]:	  1502	
2020-12-28 15:55:50,865	Batch Processor	INFO	[ITA_CarpiCentro-5_1_T-1       ]	<SUCCESS>	 Time [ms]:	   802	
2020-12-28 15:55:50,866	Batch Processor	INFO	[ITA_CarpiCentro-6_2_T-1       ]	<SUCCESS>	 Time [ms]:	   976	
2020-12-28 15:55:50,867	Batch Processor	INFO	[ITA_CarpiCentro-7_1_T-1       ]	<SUCCESS>	 Time [ms]:	  1434	
2020-12-28 15:55:50,868	Batch Processor	INFO	[ITA_CarpiCentro-8_3_T-1       ]	<SUCCESS>	 Time [ms]:	   483	
2020-12-28 15:55:50,869	Batch Processor	INFO	[ITA_Empoli-10_1_T-1           ]	<FAILURE>	 Time [ms]:	  1099
2020-12-28 15:55:50,870	Batch Processor	INFO	[ITA_Empoli-18_1_T-1           ]	<SUCCESS>	 Time [ms]:	   746	
2020-12-28 15:55:50,871	Batch Processor	INFO	[ITA_Empoli-2_4_T-1            ]	<SUCCESS>	 Time [ms]:	  1444	
2020-12-28 15:55:50,873	Batch Processor	INFO	[ITA_Empoli-2_5_T-1            ]	<SUCCESS>	 Time [ms]:	   686	
2020-12-28 15:55:50,874	Batch Processor	INFO	[ITA_Empoli-3_1_T-1            ]	<SUCCESS>	 Time [ms]:	   582	
2020-12-28 15:55:50,875	Batch Processor	INFO	[ITA_Empoli-4_2_T-1            ]	<SUCCESS>	 Time [ms]:	  1104	
2020-12-28 15:55:50,876	Batch Processor	INFO	[ITA_Empoli-7_3_T-1            ]	<SUCCESS>	 Time [ms]:	   819	
2020-12-28 15:55:50,877	Batch Processor	INFO	[ITA_Empoli-8_2_T-1            ]	<SUCCESS>	 Time [ms]:	   743	
2020-12-28 15:55:50,878	Batch Processor	INFO	[ITA_Foggia-10_1_T-1           ]	<SUCCESS>	 Time [ms]:	   480	
2020-12-28 15:55:50,878	Batch Processor	INFO	[ITA_Foggia-11_1_T-1           ]	<SUCCESS>	 Time [ms]:	   584	
2020-12-28 15:55:50,879	Batch Processor	INFO	[ITA_Foggia-12_1_T-1           ]	<FAILURE>	 Time [ms]:	   476
2020-12-28 15:55:50,879	Batch Processor	INFO	[ITA_Foggia-13_1_T-1           ]	<SUCCESS>	 Time [ms]:	  1706	
2020-12-28 15:55:50,880	Batch Processor	INFO	[ITA_Foggia-19_1_T-1           ]	<FAILURE>	 Time [ms]:	   438
2020-12-28 15:55:50,880	Batch Processor	INFO	[ITA_Foggia-1_1_T-1            ]	<SUCCESS>	 Time [ms]:	   595	
2020-12-28 15:55:50,881	Batch Processor	INFO	[ITA_Foggia-3_1_T-1            ]	<SUCCESS>	 Time [ms]:	   614	
2020-12-28 15:55:50,882	Batch Processor	INFO	[ITA_Foggia-4_2_T-1            ]	<SUCCESS>	 Time [ms]:	   463	
2020-12-28 15:55:50,883	Batch Processor	INFO	[ITA_Foggia-5_1_T-1            ]	<SUCCESS>	 Time [ms]:	  1206	
2020-12-28 15:55:50,884	Batch Processor	INFO	[ITA_Foggia-6_1_T-1            ]	<SUCCESS>	 Time [ms]:	   616	
2020-12-28 15:55:50,885	Batch Processor	INFO	[ITA_Foggia-7_2_T-1            ]	<SUCCESS>	 Time [ms]:	  2474	
2020-12-28 15:55:50,886	Batch Processor	INFO	[ITA_SanGiorgioaCremano-2_1_T-1]	<SUCCESS>	 Time [ms]:	   404	
2020-12-28 15:55:50,887	Batch Processor	INFO	[ITA_SanGiorgioaCremano-3_1_T-1]	<SUCCESS>	 Time [ms]:	   646	
2020-12-28 15:55:50,888	Batch Processor	INFO	[ITA_Scicli-2_1_T-1            ]	<SUCCESS>	 Time [ms]:	  1418	
2020-12-28 15:55:50,889	Batch Processor	INFO	[ITA_Segrate-1_2_T-1           ]	<SUCCESS>	 Time [ms]:	   488	
2020-12-28 15:55:50,890	Batch Processor	INFO	[ITA_Segrate-2_3_T-1           ]	<SUCCESS>	 Time [ms]:	   389	
2020-12-28 15:55:50,891	Batch Processor	INFO	[ITA_Siderno-10_1_T-1          ]	<SUCCESS>	 Time [ms]:	   427	
2020-12-28 15:55:50,892	Batch Processor	INFO	[ITA_Siderno-2_4_T-1           ]	<SUCCESS>	 Time [ms]:	   821	
2020-12-28 15:55:50,892	Batch Processor	INFO	[ITA_Siderno-3_2_T-1           ]	<SUCCESS>	 Time [ms]:	   561	
2020-12-28 15:55:50,893	Batch Processor	INFO	[ITA_Siderno-4_3_T-1           ]	<SUCCESS>	 Time [ms]:	   487	
2020-12-28 15:55:50,894	Batch Processor	INFO	[ITA_Siderno-4_4_T-1           ]	<SUCCESS>	 Time [ms]:	   455	
2020-12-28 15:55:50,895	Batch Processor	INFO	[ITA_Siderno-5_4_T-1           ]	<SUCCESS>	 Time [ms]:	  1404	
2020-12-28 15:55:50,896	Batch Processor	INFO	[ITA_Siderno-8_4_T-1           ]	<SUCCESS>	 Time [ms]:	  1156	
2020-12-28 15:55:50,897	Batch Processor	INFO	[ITA_Siderno-8_5_T-1           ]	<SUCCESS>	 Time [ms]:	   709	
2020-12-28 15:55:50,897	Batch Processor	INFO	[PRI_Barceloneta-2_1_T-1       ]	<SUCCESS>	 Time [ms]:	   935	
2020-12-28 15:55:50,898	Batch Processor	INFO	[PRI_Barceloneta-3_1_T-1       ]	<SUCCESS>	 Time [ms]:	  1184	
2020-12-28 15:55:50,899	Batch Processor	INFO	[PRI_Barceloneta-4_3_T-1       ]	<SUCCESS>	 Time [ms]:	   805	
2020-12-28 15:55:50,900	Batch Processor	INFO	[PRI_Barceloneta-4_5_T-1       ]	<SUCCESS>	 Time [ms]:	   614	
2020-12-28 15:55:50,900	Batch Processor	INFO	[RUS_Bicycle-10_1_T-1          ]	<EXCEPTION>	
2020-12-28 15:55:50,900	Batch Processor	INFO	[RUS_Bicycle-11_1_T-1          ]	<EXCEPTION>	
2020-12-28 15:55:50,901	Batch Processor	INFO	[RUS_Bicycle-12_1_T-1          ]	<EXCEPTION>	
2020-12-28 15:55:50,901	Batch Processor	INFO	[RUS_Bicycle-13_1_T-1          ]	<EXCEPTION>	
2020-12-28 15:55:50,901	Batch Processor	INFO	[RUS_Bicycle-14_1_T-1          ]	<EXCEPTION>	
2020-12-28 15:55:50,901	Batch Processor	INFO	[RUS_Bicycle-1_1_T-1           ]	<EXCEPTION>	
2020-12-28 15:55:50,901	Batch Processor	INFO	[RUS_Bicycle-2_1_T-1           ]	<EXCEPTION>	
2020-12-28 15:55:50,902	Batch Processor	INFO	[RUS_Bicycle-3_1_T-1           ]	<EXCEPTION>	
2020-12-28 15:55:50,902	Batch Processor	INFO	[RUS_Bicycle-4_2_T-1           ]	<EXCEPTION>	
2020-12-28 15:55:50,902	Batch Processor	INFO	[RUS_Bicycle-5_1_T-1           ]	<EXCEPTION>	
2020-12-28 15:55:50,902	Batch Processor	INFO	[RUS_Bicycle-6_1_T-1           ]	<EXCEPTION>	
2020-12-28 15:55:50,902	Batch Processor	INFO	[RUS_Bicycle-7_1_T-1           ]	<EXCEPTION>	
2020-12-28 15:55:50,903	Batch Processor	INFO	[RUS_Bicycle-8_1_T-1           ]	<EXCEPTION>	
2020-12-28 15:55:50,903	Batch Processor	INFO	[RUS_Bicycle-9_1_T-1           ]	<EXCEPTION>	
2020-12-28 15:55:50,903	Batch Processor	INFO	[USA_Lanker-1_2_T-1            ]	<EXCEPTION>	
2020-12-28 15:55:50,903	Batch Processor	INFO	[USA_Peach-1_1_T-1             ]	<EXCEPTION>	
2020-12-28 15:55:50,903	Batch Processor	INFO	[USA_Peach-2_1_T-1             ]	<EXCEPTION>	
2020-12-28 15:55:50,904	Batch Processor	INFO	[USA_Peach-3_1_T-1             ]	<EXCEPTION>	
2020-12-28 15:55:50,904	Batch Processor	INFO	[USA_US101-10_4_T-1            ]	<EXCEPTION>	
2020-12-28 15:55:50,904	Batch Processor	INFO	[USA_US101-11_4_T-1            ]	<EXCEPTION>	
2020-12-28 15:55:50,904	Batch Processor	INFO	[USA_US101-12_1_T-1            ]	<EXCEPTION>	
2020-12-28 15:55:50,907	Batch Processor	INFO	[USA_US101-13_4_T-1            ]	<SUCCESS>	 Time [ms]:	 16728	
2020-12-28 15:55:50,907	Batch Processor	INFO	[USA_US101-14_1_T-1            ]	<EXCEPTION>	
2020-12-28 15:55:50,907	Batch Processor	INFO	[USA_US101-15_1_T-1            ]	<EXCEPTION>	
2020-12-28 15:55:50,909	Batch Processor	INFO	[USA_US101-16_2_T-1            ]	<SUCCESS>	 Time [ms]:	  2929	
2020-12-28 15:55:50,909	Batch Processor	INFO	[USA_US101-17_1_T-1            ]	<EXCEPTION>	
2020-12-28 15:55:50,911	Batch Processor	INFO	[USA_US101-18_2_T-1            ]	<SUCCESS>	 Time [ms]:	  1445	
2020-12-28 15:55:50,912	Batch Processor	INFO	[USA_US101-20_2_T-1            ]	<SUCCESS>	 Time [ms]:	 12319	
2020-12-28 15:55:50,914	Batch Processor	INFO	[USA_US101-21_2_T-1            ]	<SUCCESS>	 Time [ms]:	  3158	
2020-12-28 15:55:50,914	Batch Processor	INFO	[USA_US101-22_4_T-1            ]	<EXCEPTION>	
2020-12-28 15:55:50,917	Batch Processor	INFO	[USA_US101-23_2_T-1            ]	<SUCCESS>	 Time [ms]:	  1176	
2020-12-28 15:55:50,920	Batch Processor	INFO	[USA_US101-24_2_T-1            ]	<SUCCESS>	 Time [ms]:	  1855	
2020-12-28 15:55:50,921	Batch Processor	INFO	[USA_US101-25_2_T-1            ]	<SUCCESS>	 Time [ms]:	   419	
2020-12-28 15:55:50,923	Batch Processor	INFO	[USA_US101-26_2_T-1            ]	<SUCCESS>	 Time [ms]:	  2495	
2020-12-28 15:55:50,924	Batch Processor	INFO	[USA_US101-27_1_T-1            ]	<EXCEPTION>	
2020-12-28 15:55:50,924	Batch Processor	INFO	[USA_US101-28_1_T-1            ]	<EXCEPTION>	
2020-12-28 15:55:50,924	Batch Processor	INFO	[USA_US101-29_1_T-1            ]	<EXCEPTION>	
2020-12-28 15:55:50,924	Batch Processor	INFO	[USA_US101-3_1_T-1             ]	<EXCEPTION>	
2020-12-28 15:55:50,925	Batch Processor	INFO	[USA_US101-3_2_S-1             ]	<TIMEOUT>	 Time [ms]:	 30000
2020-12-28 15:55:50,925	Batch Processor	INFO	[USA_US101-4_1_T-1             ]	<EXCEPTION>	
2020-12-28 15:55:50,925	Batch Processor	INFO	[USA_US101-5_1_T-1             ]	<EXCEPTION>	
2020-12-28 15:55:50,925	Batch Processor	INFO	[USA_US101-6_1_T-1             ]	<EXCEPTION>	
2020-12-28 15:55:50,927	Batch Processor	INFO	[USA_US101-8_4_T-1             ]	<SUCCESS>	 Time [ms]:	   608	
2020-12-28 15:55:50,927	Batch Processor	INFO	[USA_US101-9_1_T-1             ]	<EXCEPTION>	
2020-12-28 15:55:50,928	Batch Processor	INFO	==============================        Solution found        ==============================
	- ARG_Carcarana-13_1_T-1
	- ARG_Carcarana-5_2_T-1
	- ARG_Carcarana-2_3_T-1
	- ARG_Carcarana-7_1_T-1
	- BEL_Aarschot-11_1_T-1
	- BEL_Aarschot-3_1_T-1
	- ARG_Carcarana-11_1_T-1
	- BEL_Aarschot-5_1_T-1
	- BEL_Aarschot-1_2_T-1
	- BEL_Beringen-8_1_T-1
	- ARG_Carcarana-9_2_T-1
	- BEL_Nivelles-16_2_T-1
	- BEL_Nivelles-10_1_T-1
	- ARG_Carcarana-3_3_T-1
	- BEL_Beringen-1_1_T-1
	- BEL_Nivelles-18_2_T-1
	- BEL_Nivelles-1_1_T-1
	- BEL_Nivelles-20_1_T-1
	- BEL_Nivelles-19_1_T-1
	- BEL_Nivelles-4_2_T-1
	- BEL_Putte-10_2_T-1
	- BEL_Nivelles-3_1_T-1
	- BEL_Putte-11_2_T-1
	- BEL_Putte-2_1_T-1
	- BEL_Putte-3_1_T-1
	- BEL_Nivelles-9_2_T-1
	- BEL_Wervik-1_4_T-1
	- BEL_Putte-6_1_T-1
	- BEL_Putte-4_2_T-1
	- BEL_Zaventem-4_1_T-1
	- BEL_Wervik-2_2_T-1
	- BEL_Zaventem-3_1_T-1
	- BEL_Wervik-4_1_T-1
	- BEL_Zaventem-1_2_T-1
	- BEL_Zwevegem-7_2_T-1
	- BEL_Zaventem-5_3_T-1
	- BEL_Zwevegem-3_1_T-1
	- BEL_Zwevegem-2_3_T-1
	- BEL_Zwevegem-5_2_T-1
	- BEL_Zwevegem-8_4_T-1
	- BEL_Zwevegem-8_1_T-1
	- DEU_Backnang-4_1_T-1
	- DEU_Backnang-9_1_T-1
	- DEU_Backnang-5_1_T-1
	- DEU_BadEssen-4_1_T-1
	- DEU_Backnang-6_1_T-1
	- DEU_BadWaldsee-4_2_T-1
	- DEU_BadWaldsee-4_5_T-1
	- DEU_Bilderstoeckchen-2_3_T-1
	- DEU_BadEssen-3_1_T-1
	- DEU_Bilderstoeckchen-4_1_T-1
	- DEU_Backnang-1_2_T-1
	- DEU_BadWaldsee-1_1_T-1
	- DEU_Flensburg-22_1_T-1
	- DEU_Flensburg-33_1_T-1
	- DEU_Flensburg-44_1_T-1
	- DEU_Flensburg-48_1_T-1
	- DEU_Flensburg-51_1_T-1
	- DEU_Flensburg-49_1_T-1
	- DEU_Flensburg-52_1_T-1
	- DEU_Flensburg-62_1_T-1
	- DEU_Flensburg-81_1_T-1
	- DEU_Flensburg-89_1_T-1
	- DEU_Flensburg-98_1_T-1
	- DEU_Guetersloh-10_5_T-1
	- DEU_Guetersloh-11_3_T-1
	- DEU_Guetersloh-14_2_T-1
	- DEU_Guetersloh-12_1_T-1
	- DEU_Guetersloh-16_2_T-1
	- DEU_Guetersloh-16_5_T-1
	- DEU_Guetersloh-15_2_T-1
	- DEU_Guetersloh-17_2_T-1
	- DEU_Guetersloh-18_2_T-1
	- DEU_Guetersloh-19_1_T-1
	- DEU_Guetersloh-20_1_T-1
	- DEU_Guetersloh-20_3_T-1
	- DEU_Guetersloh-24_1_T-1
	- DEU_Guetersloh-24_3_T-1
	- DEU_Guetersloh-24_2_T-1
	- DEU_Guetersloh-21_1_T-1
	- DEU_Guetersloh-27_1_T-1
	- DEU_Guetersloh-25_2_T-1
	- DEU_Guetersloh-30_1_T-1
	- DEU_Guetersloh-25_4_T-1
	- DEU_Guetersloh-31_4_T-1
	- DEU_Guetersloh-32_3_T-1
	- DEU_Guetersloh-33_1_T-1
	- DEU_Guetersloh-34_2_T-1
	- DEU_Guetersloh-36_1_T-1
	- DEU_Guetersloh-39_5_T-1
	- DEU_Guetersloh-39_3_T-1
	- DEU_Guetersloh-40_4_T-1
	- DEU_Guetersloh-40_5_T-1
	- DEU_Guetersloh-41_1_T-1
	- DEU_Guetersloh-42_1_T-1
	- DEU_Guetersloh-50_1_T-1
	- DEU_Guetersloh-55_1_T-1
	- DEU_Guetersloh-55_3_T-1
	- DEU_Guetersloh-65_2_T-1
	- DEU_Guetersloh-54_1_T-1
	- DEU_Guetersloh-6_3_T-1
	- DEU_Guetersloh-4_5_T-1
	- DEU_Guetersloh-8_1_T-1
	- DEU_Hennigsdorf-12_1_T-1
	- DEU_Guetersloh-7_2_T-1
	- DEU_Hennigsdorf-11_1_T-1
	- DEU_Hennigsdorf-14_3_T-1
	- DEU_Hennigsdorf-13_2_T-1
	- DEU_Hennigsdorf-18_2_T-1
	- DEU_Hennigsdorf-3_5_T-1
	- DEU_Hennigsdorf-15_3_T-1
	- DEU_Hennigsdorf-5_1_T-1
	- DEU_Hennigsdorf-7_3_T-1
	- DEU_Hennigsdorf-3_2_T-1
	- DEU_Hennigsdorf-5_4_T-1
	- DEU_Hennigsdorf-9_2_T-1
	- DEU_Ibbenbueren-11_2_T-1
	- DEU_Ibbenbueren-10_2_T-1
	- DEU_Ibbenbueren-14_1_T-1
	- DEU_Ibbenbueren-13_3_T-1
	- DEU_Ibbenbueren-12_1_T-1
	- DEU_Ibbenbueren-16_3_T-1
	- DEU_Ibbenbueren-15_4_T-1
	- DEU_Ibbenbueren-3_3_T-1
	- DEU_Ibbenbueren-2_2_T-1
	- DEU_Ibbenbueren-16_5_T-1
	- DEU_Ibbenbueren-6_4_T-1
	- DEU_Ibbenbueren-9_1_T-1
	- DEU_Ibbenbueren-6_3_T-1
	- DEU_Ibbenbueren-7_1_T-1
	- DEU_Ibbenbueren-4_2_T-1
	- DEU_Lohmar-11_1_T-1
	- DEU_Lohmar-30_1_T-1
	- DEU_Lohmar-27_1_T-1
	- DEU_Lohmar-35_1_T-1
	- DEU_Lohmar-37_1_T-1
	- DEU_Lohmar-45_1_T-1
	- DEU_Lohmar-44_1_T-1
	- DEU_Lohmar-53_1_T-1
	- DEU_Lohmar-56_1_T-1
	- DEU_Lohmar-64_1_T-1
	- DEU_Lohmar-8_1_T-1
	- DEU_Meckenheim-1_4_T-1
	- DEU_Meckenheim-3_1_T-1
	- DEU_Meckenheim-5_1_T-1
	- DEU_Meckenheim-8_3_T-1
	- DEU_Meckenheim-8_5_T-1
	- DEU_Moabit-1_2_T-1
	- DEU_Moabit-4_1_T-1
	- DEU_Moabit-5_2_T-1
	- DEU_Moelln-10_3_T-1
	- DEU_Moelln-11_1_T-1
	- DEU_Moabit-6_2_T-1
	- DEU_Moelln-12_1_T-1
	- DEU_Moelln-2_1_T-1
	- DEU_Moelln-4_3_T-1
	- DEU_Moelln-6_1_T-1
	- DEU_Moelln-7_1_T-1
	- DEU_Muehlhausen-11_1_T-1
	- DEU_Muehlhausen-14_3_T-1
	- DEU_Moelln-9_1_T-1
	- DEU_Muehlhausen-1_3_T-1
	- DEU_Muehlhausen-1_2_T-1
	- DEU_Muehlhausen-4_1_T-1
	- DEU_Muehlhausen-6_1_T-1
	- DEU_Muehlhausen-5_1_T-1
	- DEU_Muehlhausen-7_2_T-1
	- DEU_Muehlhausen-2_1_T-1
	- DEU_Speyer-5_2_T-1
	- DEU_Rheinbach-1_4_T-1
	- DEU_Speyer-2_4_T-1
	- ESP_Almansa-1_1_T-1
	- DEU_Rheinbach-5_3_T-1
	- ESP_Berga-4_4_T-1
	- ESP_Berga-10_1_T-1
	- ESP_Cambre-2_1_T-1
	- ESP_Berga-9_1_T-1
	- ESP_Cambre-1_1_T-1
	- ESP_Almansa-6_1_T-1
	- ESP_Berga-6_1_T-1
	- ESP_Cambre-3_1_T-1
	- ESP_Ceuta-10_1_T-1
	- ESP_Ceuta-15_2_T-1
	- ESP_Ceuta-1_2_T-1
	- ESP_Ceuta-7_1_T-1
	- ESP_Ceuta-3_2_T-1
	- ESP_Ceuta-4_1_T-1
	- ESP_Ceuta-8_1_T-1
	- ESP_Inca-7_1_T-1
	- ESP_Ceuta-2_1_T-1
	- ESP_Monzon-2_1_T-1
	- ESP_Almansa-2_1_T-1
	- ESP_Monzon-5_1_T-1
	- ESP_Monzon-3_1_T-1
	- ESP_Monzon-7_2_T-1
	- ESP_Monzon-7_3_T-1
	- ESP_Monzon-6_1_T-1
	- ESP_PriegodeCordoba-2_3_T-1
	- ESP_SantBoideLlobregat-14_1_T-1
	- ESP_PriegodeCordoba-3_1_T-1
	- ESP_SantBoideLlobregat-18_2_T-1
	- ESP_SantBoideLlobregat-14_4_T-1
	- ESP_PriegodeCordoba-6_1_T-1
	- ESP_Requena-6_2_T-1
	- ESP_SantBoideLlobregat-23_2_T-1
	- ESP_SantBoideLlobregat-3_1_T-1
	- ESP_SantBoideLlobregat-19_1_T-1
	- ESP_SantBoideLlobregat-24_1_T-1
	- ESP_Monzon-9_1_T-1
	- ESP_Toledo-11_1_T-1
	- ESP_Toledo-11_5_T-1
	- ESP_SantBoideLlobregat-8_5_T-1
	- ESP_SantBoideLlobregat-8_1_T-1
	- ESP_Toledo-10_2_T-1
	- ESP_Toledo-23_1_T-1
	- ESP_Toledo-10_1_T-1
	- ESP_Toledo-22_1_T-1
	- ESP_SantBoideLlobregat-6_2_T-1
	- ESP_Toledo-5_1_T-1
	- FRA_Anglet-1_2_T-1
	- ESP_Toledo-9_1_T-1
	- ESP_Toledo-6_2_T-1
	- FRA_Miramas-1_1_T-1
	- FRA_Miramas-2_1_T-1
	- FRA_Anglet-3_2_T-1
	- FRA_Miramas-3_1_T-1
	- FRA_Miramas-9_1_T-1
	- FRA_Miramas-5_1_T-1
	- FRA_MoissyCramayel-2_1_T-1
	- FRA_MoissyCramayel-4_1_T-1
	- GRC_Perama-2_1_T-1
	- FRA_MoissyCramayel-1_1_T-1
	- FRA_Sete-1_1_T-1
	- GRC_Perama-3_2_T-1
	- HRV_Pula-12_3_T-1
	- HRV_Pula-13_2_T-1
	- HRV_Pula-15_1_T-1
	- GRC_Perama-7_1_T-1
	- GRC_Perama-4_3_T-1
	- HRV_Pula-10_1_T-1
	- HRV_Pula-19_2_T-1
	- HRV_Pula-18_1_T-1
	- HRV_Pula-21_1_T-1
	- HRV_Pula-23_1_T-1
	- HRV_Pula-24_1_T-1
	- HRV_Pula-25_1_T-1
	- HRV_Pula-27_2_T-1
	- HRV_Pula-22_1_T-1
	- HRV_Pula-29_3_T-1
	- HRV_Pula-31_1_T-1
	- HRV_Pula-33_2_T-1
	- HRV_Pula-6_2_T-1
	- HRV_Pula-32_2_T-1
	- HRV_Pula-5_2_T-1
	- HRV_Pula-9_2_T-1
	- HRV_Pula-5_3_T-1
	- HRV_Pula-8_3_T-1
	- ITA_CarpiCentro-1_3_T-1
	- HRV_Pula-9_4_T-1
	- ITA_CarpiCentro-5_1_T-1
	- HRV_Pula-7_2_T-1
	- ITA_CarpiCentro-3_1_T-1
	- ITA_CarpiCentro-8_3_T-1
	- ITA_CarpiCentro-6_2_T-1
	- ITA_Empoli-18_1_T-1
	- ITA_CarpiCentro-7_1_T-1
	- ITA_CarpiCentro-2_4_T-1
	- ITA_Empoli-2_5_T-1
	- ITA_Empoli-3_1_T-1
	- ITA_Empoli-2_4_T-1
	- ITA_Empoli-7_3_T-1
	- ITA_Foggia-10_1_T-1
	- ITA_Foggia-11_1_T-1
	- ITA_Empoli-8_2_T-1
	- ITA_Empoli-4_2_T-1
	- ITA_Foggia-4_2_T-1
	- ITA_Foggia-3_1_T-1
	- ITA_Foggia-1_1_T-1
	- ITA_SanGiorgioaCremano-2_1_T-1
	- ITA_Foggia-6_1_T-1
	- ITA_SanGiorgioaCremano-3_1_T-1
	- ITA_Foggia-13_1_T-1
	- ITA_Foggia-5_1_T-1
	- ITA_Segrate-2_3_T-1
	- ITA_Segrate-1_2_T-1
	- ITA_Siderno-10_1_T-1
	- ITA_Siderno-3_2_T-1
	- ITA_Siderno-2_4_T-1
	- ITA_Siderno-4_3_T-1
	- ITA_Scicli-2_1_T-1
	- ITA_Siderno-4_4_T-1
	- ITA_Foggia-7_2_T-1
	- ITA_Siderno-5_4_T-1
	- ITA_Siderno-8_5_T-1
	- ITA_Siderno-8_4_T-1
	- PRI_Barceloneta-2_1_T-1
	- PRI_Barceloneta-4_3_T-1
	- PRI_Barceloneta-4_5_T-1
	- PRI_Barceloneta-3_1_T-1
	- USA_US101-18_2_T-1
	- USA_US101-16_2_T-1
	- USA_US101-21_2_T-1
	- USA_US101-23_2_T-1
	- USA_US101-25_2_T-1
	- USA_US101-24_2_T-1
	- USA_US101-26_2_T-1
	- USA_US101-8_4_T-1
	- USA_US101-20_2_T-1
	- USA_US101-13_4_T-1
2020-12-28 15:55:50,928	Batch Processor	INFO	==============================      Solution not found      ==============================
	- ARG_Carcarana-8_4_T-1
	- BEL_Aarschot-6_1_T-1
	- BEL_Putte-14_3_T-1
	- BEL_Putte-17_1_T-1
	- DEU_Flensburg-64_1_T-1
	- DEU_Guetersloh-10_4_T-1
	- DEU_Lohmar-12_1_T-1
	- DEU_Lohmar-19_1_T-1
	- DEU_Speyer-2_1_T-1
	- ESP_Ceuta-11_1_T-1
	- ESP_Ceuta-5_1_T-1
	- ESP_Inca-3_2_T-1
	- ESP_SantBoideLlobregat-22_3_T-1
	- ESP_SantBoideLlobregat-4_1_T-1
	- ESP_Toledo-8_1_T-1
	- FRA_Anglet-2_1_T-1
	- GRC_Perama-1_1_T-1
	- ITA_Empoli-10_1_T-1
	- ITA_Foggia-12_1_T-1
	- ITA_Foggia-19_1_T-1
2020-12-28 15:55:50,928	Batch Processor	INFO	==============================      Exception occurred      ==============================
	- RUS_Bicycle-10_1_T-1
	- RUS_Bicycle-11_1_T-1
	- RUS_Bicycle-12_1_T-1
	- RUS_Bicycle-13_1_T-1
	- RUS_Bicycle-14_1_T-1
	- RUS_Bicycle-1_1_T-1
	- RUS_Bicycle-2_1_T-1
	- RUS_Bicycle-3_1_T-1
	- RUS_Bicycle-4_2_T-1
	- RUS_Bicycle-6_1_T-1
	- RUS_Bicycle-5_1_T-1
	- RUS_Bicycle-7_1_T-1
	- RUS_Bicycle-8_1_T-1
	- RUS_Bicycle-9_1_T-1
	- USA_Peach-1_1_T-1
	- USA_Peach-3_1_T-1
	- USA_Peach-2_1_T-1
	- USA_Lanker-1_2_T-1
	- USA_US101-11_4_T-1
	- USA_US101-10_4_T-1
	- USA_US101-12_1_T-1
	- USA_US101-14_1_T-1
	- USA_US101-15_1_T-1
	- USA_US101-17_1_T-1
	- USA_US101-22_4_T-1
	- USA_US101-27_1_T-1
	- USA_US101-28_1_T-1
	- USA_US101-29_1_T-1
	- USA_US101-3_1_T-1
	- USA_US101-4_1_T-1
	- USA_US101-5_1_T-1
	- USA_US101-6_1_T-1
	- USA_US101-9_1_T-1
2020-12-28 15:55:50,929	Batch Processor	INFO	==============================           Time out           ==============================
	- DEU_Flensburg-10_1_T-1
	- DEU_Flensburg-11_1_T-1
	- DEU_Flensburg-14_1_T-1
	- DEU_Flensburg-15_1_T-1
	- DEU_Flensburg-12_1_T-1
	- DEU_Flensburg-13_1_T-1
	- DEU_Flensburg-16_1_T-1
	- DEU_Flensburg-17_1_T-1
	- DEU_Flensburg-18_1_T-1
	- DEU_Flensburg-20_1_T-1
	- DEU_Flensburg-19_1_T-1
	- DEU_Flensburg-21_1_T-1
	- DEU_Flensburg-23_1_T-1
	- DEU_Flensburg-24_1_T-1
	- DEU_Flensburg-26_1_T-1
	- DEU_Flensburg-27_1_T-1
	- DEU_Flensburg-25_1_T-1
	- DEU_Flensburg-28_1_T-1
	- DEU_Flensburg-29_1_T-1
	- DEU_Flensburg-2_1_T-1
	- DEU_Flensburg-30_1_T-1
	- DEU_Flensburg-31_1_T-1
	- DEU_Flensburg-32_1_T-1
	- DEU_Flensburg-34_1_T-1
	- DEU_Flensburg-35_1_T-1
	- DEU_Flensburg-36_1_T-1
	- DEU_Flensburg-38_1_T-1
	- DEU_Flensburg-37_1_T-1
	- DEU_Flensburg-39_1_T-1
	- DEU_Flensburg-40_1_T-1
	- DEU_Flensburg-41_1_T-1
	- DEU_Flensburg-42_1_T-1
	- DEU_Flensburg-43_1_T-1
	- DEU_Flensburg-45_1_T-1
	- DEU_Flensburg-46_1_T-1
	- DEU_Flensburg-47_1_T-1
	- DEU_Flensburg-50_1_T-1
	- DEU_Flensburg-53_1_T-1
	- DEU_Flensburg-54_1_T-1
	- DEU_Flensburg-56_1_T-1
	- DEU_Flensburg-55_1_T-1
	- DEU_Flensburg-57_1_T-1
	- DEU_Flensburg-58_1_T-1
	- DEU_Flensburg-59_1_T-1
	- DEU_Flensburg-60_1_T-1
	- DEU_Flensburg-61_1_T-1
	- DEU_Flensburg-63_1_T-1
	- DEU_Flensburg-65_1_T-1
	- DEU_Flensburg-66_1_T-1
	- DEU_Flensburg-67_1_T-1
	- DEU_Flensburg-68_1_T-1
	- DEU_Flensburg-69_1_T-1
	- DEU_Flensburg-70_1_T-1
	- DEU_Flensburg-71_1_T-1
	- DEU_Flensburg-72_1_T-1
	- DEU_Flensburg-73_1_T-1
	- DEU_Flensburg-74_1_T-1
	- DEU_Flensburg-75_1_T-1
	- DEU_Flensburg-76_1_T-1
	- DEU_Flensburg-77_1_T-1
	- DEU_Flensburg-78_1_T-1
	- DEU_Flensburg-79_1_T-1
	- DEU_Flensburg-80_1_T-1
	- DEU_Flensburg-82_1_T-1
	- DEU_Flensburg-83_1_T-1
	- DEU_Flensburg-84_1_T-1
	- DEU_Flensburg-85_1_T-1
	- DEU_Flensburg-86_1_T-1
	- DEU_Flensburg-87_1_T-1
	- DEU_Flensburg-88_1_T-1
	- DEU_Flensburg-90_1_T-1
	- DEU_Flensburg-91_1_T-1
	- DEU_Flensburg-92_1_T-1
	- DEU_Flensburg-93_1_T-1
	- DEU_Flensburg-94_1_T-1
	- DEU_Flensburg-95_1_T-1
	- DEU_Flensburg-96_1_T-1
	- DEU_Flensburg-97_1_T-1
	- DEU_Flensburg-99_1_T-1
	- DEU_Lohmar-10_1_T-1
	- DEU_Lohmar-13_1_T-1
	- DEU_Lohmar-14_1_T-1
	- DEU_Lohmar-15_1_T-1
	- DEU_Lohmar-16_1_T-1
	- DEU_Lohmar-17_1_T-1
	- DEU_Lohmar-18_1_T-1
	- DEU_Lohmar-22_1_T-1
	- DEU_Lohmar-20_1_T-1
	- DEU_Lohmar-21_1_T-1
	- DEU_Lohmar-23_1_T-1
	- DEU_Lohmar-24_1_T-1
	- DEU_Lohmar-25_1_T-1
	- DEU_Lohmar-28_1_T-1
	- DEU_Lohmar-26_1_T-1
	- DEU_Lohmar-29_1_T-1
	- DEU_Lohmar-31_1_T-1
	- DEU_Lohmar-32_1_T-1
	- DEU_Lohmar-33_1_T-1
	- DEU_Lohmar-34_1_T-1
	- DEU_Lohmar-36_1_T-1
	- DEU_Lohmar-38_1_T-1
	- DEU_Lohmar-39_1_T-1
	- DEU_Lohmar-40_1_T-1
	- DEU_Lohmar-41_1_T-1
	- DEU_Lohmar-42_1_T-1
	- DEU_Lohmar-43_1_T-1
	- DEU_Lohmar-46_1_T-1
	- DEU_Lohmar-47_1_T-1
	- DEU_Lohmar-48_1_T-1
	- DEU_Lohmar-49_1_T-1
	- DEU_Lohmar-50_1_T-1
	- DEU_Lohmar-51_1_T-1
	- DEU_Lohmar-52_1_T-1
	- DEU_Lohmar-54_1_T-1
	- DEU_Lohmar-55_1_T-1
	- DEU_Lohmar-57_1_T-1
	- DEU_Lohmar-58_1_T-1
	- DEU_Lohmar-59_1_T-1
	- DEU_Lohmar-60_1_T-1
	- DEU_Lohmar-61_1_T-1
	- DEU_Lohmar-62_1_T-1
	- DEU_Lohmar-63_1_T-1
	- DEU_Lohmar-65_1_T-1
	- DEU_Lohmar-66_1_T-1
	- DEU_Lohmar-67_1_T-1
	- DEU_Lohmar-68_1_T-1
	- DEU_Lohmar-69_1_T-1
	- DEU_Lohmar-70_1_T-1
	- DEU_Lohmar-9_1_T-1
	- DEU_Luckenwalde-1_1_T-1
	- DEU_Reutlingen-1_1_T-1
	- DEU_Reutlingen-3_1_T-1
	- DEU_Reutlingen-2_1_T-1
	- DEU_Reutlingen-5_1_T-1
	- DEU_Reutlingen-4_1_T-1
	- DEU_Reutlingen-6_1_T-1
	- USA_US101-3_2_S-1
2020-12-28 15:55:50,929	Batch Processor	INFO	
==============================        Result Summary        ==============================
2020-12-28 15:55:50,929	Batch Processor	INFO	Total number of scenarios:  	       500
2020-12-28 15:55:50,929	Batch Processor	INFO	Solution found:               	       309
2020-12-28 15:55:50,929	Batch Processor	INFO	Solution found but invalid:   	         0
2020-12-28 15:55:50,929	Batch Processor	INFO	Solution not found:           	        20
2020-12-28 15:55:50,929	Batch Processor	INFO	Exception occurred:           	        33
2020-12-28 15:55:50,930	Batch Processor	INFO	Time out:                     	       137
