2020-12-28 23:12:07,751	Batch Processor	INFO	Config file loaded and logger created.
2020-12-28 23:12:07,753	Batch Processor	INFO	18 scenarios skipped.
2020-12-28 23:12:07,754	Batch Processor	INFO	ScenarioLoader Mode <RANDOM>
2020-12-28 23:12:07,754	Batch Processor	INFO	Processing 1 scenarios:
2020-12-28 23:12:07,754	Batch Processor	INFO	   1 DEU_Moelln-6_1_T-1
2020-12-28 23:12:07,759	Batch Processor	INFO	Automaton loaded for vehicle type: BMW_320i
2020-12-28 23:12:07,759	Batch Processor	INFO	Motion planner: student
2020-12-28 23:12:07,769	Batch Processor	INFO	Number of parallel processes: 6
2020-12-28 23:12:09,396	Batch Processor	INFO	==============================        Search Results        ==============================
2020-12-28 23:12:09,398	Batch Processor	INFO	[DEU_Moelln-6_1_T-1            ]	<SUCCESS>	 Time [ms]:	   464	
2020-12-28 23:12:09,398	Batch Processor	INFO	==============================        Solution found        ==============================
	- DEU_Moelln-6_1_T-1
2020-12-28 23:12:09,398	Batch Processor	INFO	
==============================        Result Summary        ==============================
2020-12-28 23:12:09,399	Batch Processor	INFO	Total number of scenarios:  	         1
2020-12-28 23:12:09,399	Batch Processor	INFO	Solution found:               	         1
2020-12-28 23:12:09,399	Batch Processor	INFO	Solution found but invalid:   	         0
2020-12-28 23:12:09,399	Batch Processor	INFO	Solution not found:           	         0
2020-12-28 23:12:09,399	Batch Processor	INFO	Exception occurred:           	         0
2020-12-28 23:12:09,399	Batch Processor	INFO	Time out:                     	         0
