2020-12-30 12:27:01,708	Sequential Batch Processor	INFO	Config file loaded and logger created.
2020-12-30 12:27:01,709	Sequential Batch Processor	INFO	18 scenarios skipped.
2020-12-30 12:27:01,709	Sequential Batch Processor	INFO	ScenarioLoader Mode <SPECIFIC>
2020-12-30 12:27:01,710	Sequential Batch Processor	INFO	Only run on specified scenarios:
2020-12-30 12:27:01,710	Sequential Batch Processor	INFO	Processing 3 scenarios:
2020-12-30 12:27:01,710	Sequential Batch Processor	INFO	   1 DEU_Flensburg-14_1_T-1
2020-12-30 12:27:01,710	Sequential Batch Processor	INFO	   2 DEU_Flensburg-94_1_T-1
2020-12-30 12:27:01,710	Sequential Batch Processor	INFO	   3 USA_US101-6_1_T-1
2020-12-30 12:27:01,715	Sequential Batch Processor	INFO	Automaton loaded for vehicle type: BMW_320i
2020-12-30 12:27:01,715	Sequential Batch Processor	INFO	Motion planner: student
2020-12-30 12:27:01,715	Sequential Batch Processor	DEBUG	Start processing [DEU_Flensburg-14_1_T-1        ]
2020-12-30 12:27:02,521	Sequential Batch Processor	DEBUG	Start processing [DEU_Flensburg-94_1_T-1        ]
2020-12-30 12:27:03,834	Sequential Batch Processor	DEBUG	Start processing [USA_US101-6_1_T-1             ]
2020-12-30 12:27:06,438	Sequential Batch Processor	INFO	==============================        Search Results        ==============================
2020-12-30 12:27:06,438	Sequential Batch Processor	INFO	[DEU_Flensburg-14_1_T-1        ]	<EXCEPTION>	
2020-12-30 12:27:06,438	Sequential Batch Processor	INFO	[DEU_Flensburg-94_1_T-1        ]	<EXCEPTION>	
2020-12-30 12:27:06,438	Sequential Batch Processor	INFO	[USA_US101-6_1_T-1             ]	<EXCEPTION>	
2020-12-30 12:27:06,438	Sequential Batch Processor	INFO	==============================      Exception occurred      ==============================
	- DEU_Flensburg-14_1_T-1
	- DEU_Flensburg-94_1_T-1
	- USA_US101-6_1_T-1
2020-12-30 12:27:06,438	Sequential Batch Processor	INFO	
==============================        Result Summary        ==============================
2020-12-30 12:27:06,438	Sequential Batch Processor	INFO	Total number of scenarios:  	         3
2020-12-30 12:27:06,438	Sequential Batch Processor	INFO	Solution found:               	         0
2020-12-30 12:27:06,438	Sequential Batch Processor	INFO	Solution found but invalid:   	         0
2020-12-30 12:27:06,439	Sequential Batch Processor	INFO	Solution not found:           	         0
2020-12-30 12:27:06,439	Sequential Batch Processor	INFO	Exception occurred:           	         3
2020-12-30 12:27:06,439	Sequential Batch Processor	INFO	Time out:                     	         0
