2020-12-28 21:37:35,399	Batch Processor	INFO	Config file loaded and logger created.
2020-12-28 21:37:35,400	Batch Processor	INFO	18 scenarios skipped.
2020-12-28 21:37:35,400	Batch Processor	INFO	ScenarioLoader Mode <SPECIFIC>
2020-12-28 21:37:35,400	Batch Processor	INFO	Only run on specified scenarios:
2020-12-28 21:37:35,401	Batch Processor	INFO	Processing 1 scenarios:
2020-12-28 21:37:35,401	Batch Processor	INFO	   1 DEU_Flensburg-27_1_T-1
2020-12-28 21:37:35,407	Batch Processor	INFO	Automaton loaded for vehicle type: BMW_320i
2020-12-28 21:37:35,407	Batch Processor	INFO	Motion planner: student
2020-12-28 21:37:35,416	Batch Processor	INFO	Number of parallel processes: 6
2020-12-28 21:38:05,869	Batch Processor	INFO	==============================        Search Results        ==============================
2020-12-28 21:38:05,870	Batch Processor	INFO	[DEU_Flensburg-27_1_T-1        ]	<TIMEOUT>	 Time [ms]:	 30000
2020-12-28 21:38:05,873	Batch Processor	INFO	==============================           Time out           ==============================
	- DEU_Flensburg-27_1_T-1
2020-12-28 21:38:05,873	Batch Processor	INFO	
==============================        Result Summary        ==============================
2020-12-28 21:38:05,873	Batch Processor	INFO	Total number of scenarios:  	         1
2020-12-28 21:38:05,873	Batch Processor	INFO	Solution found:               	         0
2020-12-28 21:38:05,874	Batch Processor	INFO	Solution found but invalid:   	         0
2020-12-28 21:38:05,874	Batch Processor	INFO	Solution not found:           	         0
2020-12-28 21:38:05,874	Batch Processor	INFO	Exception occurred:           	         0
2020-12-28 21:38:05,874	Batch Processor	INFO	Time out:                     	         1
