2020-12-28 23:12:36,302	Batch Processor	INFO	Config file loaded and logger created.
2020-12-28 23:12:36,304	Batch Processor	INFO	18 scenarios skipped.
2020-12-28 23:12:36,304	Batch Processor	INFO	ScenarioLoader Mode <RANDOM>
2020-12-28 23:12:36,304	Batch Processor	INFO	Processing 1 scenarios:
2020-12-28 23:12:36,304	Batch Processor	INFO	   1 DEU_Meckenheim-5_1_T-1
2020-12-28 23:12:36,310	Batch Processor	INFO	Automaton loaded for vehicle type: BMW_320i
2020-12-28 23:12:36,310	Batch Processor	INFO	Motion planner: student
2020-12-28 23:12:36,321	Batch Processor	INFO	Number of parallel processes: 6
2020-12-28 23:12:37,463	Batch Processor	INFO	==============================        Search Results        ==============================
2020-12-28 23:12:37,465	Batch Processor	INFO	[DEU_Meckenheim-5_1_T-1        ]	<SUCCESS>	 Time [ms]:	   255	
2020-12-28 23:12:37,465	Batch Processor	INFO	==============================        Solution found        ==============================
	- DEU_Meckenheim-5_1_T-1
2020-12-28 23:12:37,465	Batch Processor	INFO	
==============================        Result Summary        ==============================
2020-12-28 23:12:37,465	Batch Processor	INFO	Total number of scenarios:  	         1
2020-12-28 23:12:37,466	Batch Processor	INFO	Solution found:               	         1
2020-12-28 23:12:37,466	Batch Processor	INFO	Solution found but invalid:   	         0
2020-12-28 23:12:37,466	Batch Processor	INFO	Solution not found:           	         0
2020-12-28 23:12:37,466	Batch Processor	INFO	Exception occurred:           	         0
2020-12-28 23:12:37,466	Batch Processor	INFO	Time out:                     	         0
