2020-12-28 20:23:10,005	Batch Processor	INFO	Config file loaded and logger created.
2020-12-28 20:23:10,009	Batch Processor	INFO	18 scenarios skipped.
2020-12-28 20:23:10,009	Batch Processor	INFO	ScenarioLoader Mode <SPECIFIC>
2020-12-28 20:23:10,009	Batch Processor	INFO	Only run on specified scenarios:
2020-12-28 20:23:10,010	Batch Processor	INFO	Processing 1 scenarios:
2020-12-28 20:23:10,010	Batch Processor	INFO	   1 USA_US101-9_1_T-1
2020-12-28 20:23:10,016	Batch Processor	INFO	Automaton loaded for vehicle type: BMW_320i
2020-12-28 20:23:10,017	Batch Processor	INFO	Motion planner: astar
2020-12-28 20:23:10,028	Batch Processor	INFO	Number of parallel processes: 6
2020-12-28 20:24:10,354	Batch Processor	INFO	==============================        Search Results        ==============================
2020-12-28 20:24:10,360	Batch Processor	INFO	[USA_US101-9_1_T-1             ]	<TIMEOUT>	 Time [ms]:	 60000
2020-12-28 20:24:10,361	Batch Processor	INFO	==============================           Time out           ==============================
	- USA_US101-9_1_T-1
2020-12-28 20:24:10,361	Batch Processor	INFO	
==============================        Result Summary        ==============================
2020-12-28 20:24:10,361	Batch Processor	INFO	Total number of scenarios:  	         1
2020-12-28 20:24:10,362	Batch Processor	INFO	Solution found:               	         0
2020-12-28 20:24:10,362	Batch Processor	INFO	Solution found but invalid:   	         0
2020-12-28 20:24:10,362	Batch Processor	INFO	Solution not found:           	         0
2020-12-28 20:24:10,362	Batch Processor	INFO	Exception occurred:           	         0
2020-12-28 20:24:10,363	Batch Processor	INFO	Time out:                     	         1
