2020-12-28 17:59:36,648	Batch Processor	INFO	Config file loaded and logger created.
2020-12-28 17:59:36,650	Batch Processor	INFO	18 scenarios skipped.
2020-12-28 17:59:36,650	Batch Processor	INFO	ScenarioLoader Mode <DEFAULT>
2020-12-28 17:59:36,650	Batch Processor	INFO	Run on all scenarios, except the skipped scenarios
2020-12-28 17:59:36,650	Batch Processor	INFO	Number of scenarios: 500
2020-12-28 17:59:36,698	Batch Processor	INFO	Automaton loaded for vehicle type: BMW_320i
2020-12-28 17:59:36,698	Batch Processor	INFO	Motion planner: student
2020-12-28 17:59:36,711	Batch Processor	INFO	Number of parallel processes: 6
2020-12-28 18:26:22,433	Batch Processor	INFO	==============================        Search Results        ==============================
2020-12-28 18:26:22,541	Batch Processor	INFO	[ARG_Carcarana-11_1_T-1        ]	<SUCCESS>	 Time [ms]:	  1377	
2020-12-28 18:26:22,544	Batch Processor	INFO	[ARG_Carcarana-13_1_T-1        ]	<SUCCESS>	 Time [ms]:	   734	
2020-12-28 18:26:22,547	Batch Processor	INFO	[ARG_Carcarana-2_3_T-1         ]	<SUCCESS>	 Time [ms]:	   982	
2020-12-28 18:26:22,550	Batch Processor	INFO	[ARG_Carcarana-3_3_T-1         ]	<SUCCESS>	 Time [ms]:	  2395	
2020-12-28 18:26:22,586	Batch Processor	INFO	[ARG_Carcarana-5_2_T-1         ]	<SUCCESS>	 Time [ms]:	   743	
2020-12-28 18:26:22,589	Batch Processor	INFO	[ARG_Carcarana-7_1_T-1         ]	<SUCCESS>	 Time [ms]:	  1305	
2020-12-28 18:26:22,590	Batch Processor	INFO	[ARG_Carcarana-8_4_T-1         ]	<FAILURE>	 Time [ms]:	   892
2020-12-28 18:26:22,593	Batch Processor	INFO	[ARG_Carcarana-9_2_T-1         ]	<SUCCESS>	 Time [ms]:	  1220	
2020-12-28 18:26:22,597	Batch Processor	INFO	[BEL_Aarschot-11_1_T-1         ]	<SUCCESS>	 Time [ms]:	   479	
2020-12-28 18:26:22,600	Batch Processor	INFO	[BEL_Aarschot-1_2_T-1          ]	<SUCCESS>	 Time [ms]:	   649	
2020-12-28 18:26:22,603	Batch Processor	INFO	[BEL_Aarschot-3_1_T-1          ]	<SUCCESS>	 Time [ms]:	   341	
2020-12-28 18:26:22,605	Batch Processor	INFO	[BEL_Aarschot-5_1_T-1          ]	<SUCCESS>	 Time [ms]:	   698	
2020-12-28 18:26:22,606	Batch Processor	INFO	[BEL_Aarschot-6_1_T-1          ]	<FAILURE>	 Time [ms]:	   484
2020-12-28 18:26:22,609	Batch Processor	INFO	[BEL_Beringen-1_1_T-1          ]	<SUCCESS>	 Time [ms]:	   886	
2020-12-28 18:26:22,612	Batch Processor	INFO	[BEL_Beringen-8_1_T-1          ]	<SUCCESS>	 Time [ms]:	   381	
2020-12-28 18:26:22,614	Batch Processor	INFO	[BEL_Nivelles-10_1_T-1         ]	<SUCCESS>	 Time [ms]:	   441	
2020-12-28 18:26:22,617	Batch Processor	INFO	[BEL_Nivelles-16_2_T-1         ]	<SUCCESS>	 Time [ms]:	   161	
2020-12-28 18:26:22,620	Batch Processor	INFO	[BEL_Nivelles-18_2_T-1         ]	<SUCCESS>	 Time [ms]:	  1211	
2020-12-28 18:26:22,622	Batch Processor	INFO	[BEL_Nivelles-19_1_T-1         ]	<SUCCESS>	 Time [ms]:	   575	
2020-12-28 18:26:22,624	Batch Processor	INFO	[BEL_Nivelles-1_1_T-1          ]	<SUCCESS>	 Time [ms]:	   364	
2020-12-28 18:26:22,627	Batch Processor	INFO	[BEL_Nivelles-20_1_T-1         ]	<SUCCESS>	 Time [ms]:	   737	
2020-12-28 18:26:22,629	Batch Processor	INFO	[BEL_Nivelles-3_1_T-1          ]	<SUCCESS>	 Time [ms]:	  1328	
2020-12-28 18:26:22,631	Batch Processor	INFO	[BEL_Nivelles-4_2_T-1          ]	<SUCCESS>	 Time [ms]:	  1006	
2020-12-28 18:26:22,633	Batch Processor	INFO	[BEL_Nivelles-9_2_T-1          ]	<SUCCESS>	 Time [ms]:	  1164	
2020-12-28 18:26:22,634	Batch Processor	INFO	[BEL_Putte-10_2_T-1            ]	<SUCCESS>	 Time [ms]:	   253	
2020-12-28 18:26:22,636	Batch Processor	INFO	[BEL_Putte-11_2_T-1            ]	<SUCCESS>	 Time [ms]:	   368	
2020-12-28 18:26:22,637	Batch Processor	INFO	[BEL_Putte-14_3_T-1            ]	<FAILURE>	 Time [ms]:	   216
2020-12-28 18:26:22,637	Batch Processor	INFO	[BEL_Putte-17_1_T-1            ]	<FAILURE>	 Time [ms]:	   245
2020-12-28 18:26:22,638	Batch Processor	INFO	[BEL_Putte-2_1_T-1             ]	<SUCCESS>	 Time [ms]:	   539	
2020-12-28 18:26:22,640	Batch Processor	INFO	[BEL_Putte-3_1_T-1             ]	<SUCCESS>	 Time [ms]:	   431	
2020-12-28 18:26:22,641	Batch Processor	INFO	[BEL_Putte-4_2_T-1             ]	<SUCCESS>	 Time [ms]:	   646	
2020-12-28 18:26:22,642	Batch Processor	INFO	[BEL_Putte-6_1_T-1             ]	<SUCCESS>	 Time [ms]:	   481	
2020-12-28 18:26:22,643	Batch Processor	INFO	[BEL_Wervik-1_4_T-1            ]	<SUCCESS>	 Time [ms]:	   605	
2020-12-28 18:26:22,644	Batch Processor	INFO	[BEL_Wervik-2_2_T-1            ]	<SUCCESS>	 Time [ms]:	   725	
2020-12-28 18:26:22,646	Batch Processor	INFO	[BEL_Wervik-4_1_T-1            ]	<SUCCESS>	 Time [ms]:	   705	
2020-12-28 18:26:22,647	Batch Processor	INFO	[BEL_Zaventem-1_2_T-1          ]	<SUCCESS>	 Time [ms]:	   930	
2020-12-28 18:26:22,648	Batch Processor	INFO	[BEL_Zaventem-3_1_T-1          ]	<SUCCESS>	 Time [ms]:	   498	
2020-12-28 18:26:22,649	Batch Processor	INFO	[BEL_Zaventem-4_1_T-1          ]	<SUCCESS>	 Time [ms]:	   243	
2020-12-28 18:26:22,650	Batch Processor	INFO	[BEL_Zaventem-5_3_T-1          ]	<SUCCESS>	 Time [ms]:	   730	
2020-12-28 18:26:22,651	Batch Processor	INFO	[BEL_Zwevegem-2_3_T-1          ]	<SUCCESS>	 Time [ms]:	   821	
2020-12-28 18:26:22,652	Batch Processor	INFO	[BEL_Zwevegem-3_1_T-1          ]	<SUCCESS>	 Time [ms]:	   520	
2020-12-28 18:26:22,653	Batch Processor	INFO	[BEL_Zwevegem-5_2_T-1          ]	<SUCCESS>	 Time [ms]:	   649	
2020-12-28 18:26:22,654	Batch Processor	INFO	[BEL_Zwevegem-7_2_T-1          ]	<SUCCESS>	 Time [ms]:	   562	
2020-12-28 18:26:22,655	Batch Processor	INFO	[BEL_Zwevegem-8_1_T-1          ]	<SUCCESS>	 Time [ms]:	   522	
2020-12-28 18:26:22,655	Batch Processor	INFO	[BEL_Zwevegem-8_4_T-1          ]	<SUCCESS>	 Time [ms]:	   670	
2020-12-28 18:26:22,656	Batch Processor	INFO	[DEU_Backnang-1_2_T-1          ]	<SUCCESS>	 Time [ms]:	  2232	
2020-12-28 18:26:22,657	Batch Processor	INFO	[DEU_Backnang-4_1_T-1          ]	<SUCCESS>	 Time [ms]:	   639	
2020-12-28 18:26:22,658	Batch Processor	INFO	[DEU_Backnang-5_1_T-1          ]	<SUCCESS>	 Time [ms]:	   780	
2020-12-28 18:26:22,659	Batch Processor	INFO	[DEU_Backnang-6_1_T-1          ]	<SUCCESS>	 Time [ms]:	   955	
2020-12-28 18:26:22,660	Batch Processor	INFO	[DEU_Backnang-9_1_T-1          ]	<SUCCESS>	 Time [ms]:	   882	
2020-12-28 18:26:22,660	Batch Processor	INFO	[DEU_BadEssen-3_1_T-1          ]	<SUCCESS>	 Time [ms]:	  1530	
2020-12-28 18:26:22,661	Batch Processor	INFO	[DEU_BadEssen-4_1_T-1          ]	<SUCCESS>	 Time [ms]:	   351	
2020-12-28 18:26:22,662	Batch Processor	INFO	[DEU_BadWaldsee-1_1_T-1        ]	<SUCCESS>	 Time [ms]:	  1002	
2020-12-28 18:26:22,663	Batch Processor	INFO	[DEU_BadWaldsee-4_2_T-1        ]	<SUCCESS>	 Time [ms]:	   411	
2020-12-28 18:26:22,664	Batch Processor	INFO	[DEU_BadWaldsee-4_5_T-1        ]	<SUCCESS>	 Time [ms]:	   513	
2020-12-28 18:26:22,665	Batch Processor	INFO	[DEU_Bilderstoeckchen-2_3_T-1  ]	<SUCCESS>	 Time [ms]:	   405	
2020-12-28 18:26:22,665	Batch Processor	INFO	[DEU_Bilderstoeckchen-4_1_T-1  ]	<SUCCESS>	 Time [ms]:	   656	
2020-12-28 18:26:22,666	Batch Processor	INFO	[DEU_Flensburg-10_1_T-1        ]	<TIMEOUT>	 Time [ms]:	 60000
2020-12-28 18:26:22,666	Batch Processor	INFO	[DEU_Flensburg-12_1_T-1        ]	<TIMEOUT>	 Time [ms]:	 60000
2020-12-28 18:26:22,666	Batch Processor	INFO	[DEU_Flensburg-14_1_T-1        ]	<TIMEOUT>	 Time [ms]:	 60000
2020-12-28 18:26:22,667	Batch Processor	INFO	[DEU_Flensburg-15_1_T-1        ]	<TIMEOUT>	 Time [ms]:	 60000
2020-12-28 18:26:22,667	Batch Processor	INFO	[DEU_Flensburg-16_1_T-1        ]	<TIMEOUT>	 Time [ms]:	 60000
2020-12-28 18:26:22,667	Batch Processor	INFO	[DEU_Flensburg-17_1_T-1        ]	<TIMEOUT>	 Time [ms]:	 60000
2020-12-28 18:26:22,668	Batch Processor	INFO	[DEU_Flensburg-19_1_T-1        ]	<TIMEOUT>	 Time [ms]:	 60000
2020-12-28 18:26:22,668	Batch Processor	INFO	[DEU_Flensburg-20_1_T-1        ]	<TIMEOUT>	 Time [ms]:	 60000
2020-12-28 18:26:22,668	Batch Processor	INFO	[DEU_Flensburg-21_1_T-1        ]	<TIMEOUT>	 Time [ms]:	 60000
2020-12-28 18:26:22,670	Batch Processor	INFO	[DEU_Flensburg-22_1_T-1        ]	<SUCCESS>	 Time [ms]:	 11688	
2020-12-28 18:26:22,670	Batch Processor	INFO	[DEU_Flensburg-23_1_T-1        ]	<TIMEOUT>	 Time [ms]:	 60000
2020-12-28 18:26:22,671	Batch Processor	INFO	[DEU_Flensburg-25_1_T-1        ]	<TIMEOUT>	 Time [ms]:	 60000
2020-12-28 18:26:22,671	Batch Processor	INFO	[DEU_Flensburg-27_1_T-1        ]	<TIMEOUT>	 Time [ms]:	 60000
2020-12-28 18:26:22,671	Batch Processor	INFO	[DEU_Flensburg-28_1_T-1        ]	<TIMEOUT>	 Time [ms]:	 60000
2020-12-28 18:26:22,672	Batch Processor	INFO	[DEU_Flensburg-29_1_T-1        ]	<TIMEOUT>	 Time [ms]:	 60000
2020-12-28 18:26:22,672	Batch Processor	INFO	[DEU_Flensburg-30_1_T-1        ]	<TIMEOUT>	 Time [ms]:	 60000
2020-12-28 18:26:22,672	Batch Processor	INFO	[DEU_Flensburg-31_1_T-1        ]	<TIMEOUT>	 Time [ms]:	 60000
2020-12-28 18:26:22,673	Batch Processor	INFO	[DEU_Flensburg-32_1_T-1        ]	<TIMEOUT>	 Time [ms]:	 60000
2020-12-28 18:26:22,674	Batch Processor	INFO	[DEU_Flensburg-33_1_T-1        ]	<SUCCESS>	 Time [ms]:	  1032	
2020-12-28 18:26:22,675	Batch Processor	INFO	[DEU_Flensburg-34_1_T-1        ]	<TIMEOUT>	 Time [ms]:	 60000
2020-12-28 18:26:22,675	Batch Processor	INFO	[DEU_Flensburg-35_1_T-1        ]	<TIMEOUT>	 Time [ms]:	 60000
2020-12-28 18:26:22,675	Batch Processor	INFO	[DEU_Flensburg-36_1_T-1        ]	<TIMEOUT>	 Time [ms]:	 60000
2020-12-28 18:26:22,676	Batch Processor	INFO	[DEU_Flensburg-37_1_T-1        ]	<TIMEOUT>	 Time [ms]:	 60000
2020-12-28 18:26:22,676	Batch Processor	INFO	[DEU_Flensburg-38_1_T-1        ]	<TIMEOUT>	 Time [ms]:	 60000
2020-12-28 18:26:22,676	Batch Processor	INFO	[DEU_Flensburg-39_1_T-1        ]	<TIMEOUT>	 Time [ms]:	 60000
2020-12-28 18:26:22,676	Batch Processor	INFO	[DEU_Flensburg-40_1_T-1        ]	<TIMEOUT>	 Time [ms]:	 60000
2020-12-28 18:26:22,677	Batch Processor	INFO	[DEU_Flensburg-42_1_T-1        ]	<TIMEOUT>	 Time [ms]:	 60000
2020-12-28 18:26:22,677	Batch Processor	INFO	[DEU_Flensburg-43_1_T-1        ]	<TIMEOUT>	 Time [ms]:	 60000
2020-12-28 18:26:22,679	Batch Processor	INFO	[DEU_Flensburg-44_1_T-1        ]	<SUCCESS>	 Time [ms]:	  6986	
2020-12-28 18:26:22,679	Batch Processor	INFO	[DEU_Flensburg-45_1_T-1        ]	<TIMEOUT>	 Time [ms]:	 60000
2020-12-28 18:26:22,679	Batch Processor	INFO	[DEU_Flensburg-46_1_T-1        ]	<TIMEOUT>	 Time [ms]:	 60000
2020-12-28 18:26:22,679	Batch Processor	INFO	[DEU_Flensburg-47_1_T-1        ]	<TIMEOUT>	 Time [ms]:	 60000
2020-12-28 18:26:22,681	Batch Processor	INFO	[DEU_Flensburg-48_1_T-1        ]	<SUCCESS>	 Time [ms]:	   872	
2020-12-28 18:26:22,683	Batch Processor	INFO	[DEU_Flensburg-49_1_T-1        ]	<SUCCESS>	 Time [ms]:	   949	
2020-12-28 18:26:22,684	Batch Processor	INFO	[DEU_Flensburg-50_1_T-1        ]	<TIMEOUT>	 Time [ms]:	 60000
2020-12-28 18:26:22,686	Batch Processor	INFO	[DEU_Flensburg-51_1_T-1        ]	<SUCCESS>	 Time [ms]:	  1696	
2020-12-28 18:26:22,688	Batch Processor	INFO	[DEU_Flensburg-52_1_T-1        ]	<SUCCESS>	 Time [ms]:	  8804	
2020-12-28 18:26:22,688	Batch Processor	INFO	[DEU_Flensburg-53_1_T-1        ]	<TIMEOUT>	 Time [ms]:	 60000
2020-12-28 18:26:22,688	Batch Processor	INFO	[DEU_Flensburg-54_1_T-1        ]	<TIMEOUT>	 Time [ms]:	 60000
2020-12-28 18:26:22,688	Batch Processor	INFO	[DEU_Flensburg-55_1_T-1        ]	<TIMEOUT>	 Time [ms]:	 60000
2020-12-28 18:26:22,689	Batch Processor	INFO	[DEU_Flensburg-56_1_T-1        ]	<TIMEOUT>	 Time [ms]:	 60000
2020-12-28 18:26:22,689	Batch Processor	INFO	[DEU_Flensburg-57_1_T-1        ]	<TIMEOUT>	 Time [ms]:	 60000
2020-12-28 18:26:22,689	Batch Processor	INFO	[DEU_Flensburg-58_1_T-1        ]	<TIMEOUT>	 Time [ms]:	 60000
2020-12-28 18:26:22,689	Batch Processor	INFO	[DEU_Flensburg-59_1_T-1        ]	<TIMEOUT>	 Time [ms]:	 60000
2020-12-28 18:26:22,689	Batch Processor	INFO	[DEU_Flensburg-60_1_T-1        ]	<TIMEOUT>	 Time [ms]:	 60000
2020-12-28 18:26:22,690	Batch Processor	INFO	[DEU_Flensburg-61_1_T-1        ]	<TIMEOUT>	 Time [ms]:	 60000
2020-12-28 18:26:22,692	Batch Processor	INFO	[DEU_Flensburg-62_1_T-1        ]	<SUCCESS>	 Time [ms]:	  4685	
2020-12-28 18:26:22,692	Batch Processor	INFO	[DEU_Flensburg-63_1_T-1        ]	<TIMEOUT>	 Time [ms]:	 60000
2020-12-28 18:26:22,692	Batch Processor	INFO	[DEU_Flensburg-64_1_T-1        ]	<FAILURE>	 Time [ms]:	   418
2020-12-28 18:26:22,692	Batch Processor	INFO	[DEU_Flensburg-65_1_T-1        ]	<TIMEOUT>	 Time [ms]:	 60000
2020-12-28 18:26:22,692	Batch Processor	INFO	[DEU_Flensburg-66_1_T-1        ]	<TIMEOUT>	 Time [ms]:	 60000
2020-12-28 18:26:22,693	Batch Processor	INFO	[DEU_Flensburg-67_1_T-1        ]	<TIMEOUT>	 Time [ms]:	 60000
2020-12-28 18:26:22,693	Batch Processor	INFO	[DEU_Flensburg-68_1_T-1        ]	<TIMEOUT>	 Time [ms]:	 60000
2020-12-28 18:26:22,693	Batch Processor	INFO	[DEU_Flensburg-69_1_T-1        ]	<TIMEOUT>	 Time [ms]:	 60000
2020-12-28 18:26:22,693	Batch Processor	INFO	[DEU_Flensburg-70_1_T-1        ]	<TIMEOUT>	 Time [ms]:	 60000
2020-12-28 18:26:22,693	Batch Processor	INFO	[DEU_Flensburg-71_1_T-1        ]	<TIMEOUT>	 Time [ms]:	 60000
2020-12-28 18:26:22,694	Batch Processor	INFO	[DEU_Flensburg-72_1_T-1        ]	<TIMEOUT>	 Time [ms]:	 60000
2020-12-28 18:26:22,694	Batch Processor	INFO	[DEU_Flensburg-73_1_T-1        ]	<TIMEOUT>	 Time [ms]:	 60000
2020-12-28 18:26:22,694	Batch Processor	INFO	[DEU_Flensburg-74_1_T-1        ]	<TIMEOUT>	 Time [ms]:	 60000
2020-12-28 18:26:22,694	Batch Processor	INFO	[DEU_Flensburg-75_1_T-1        ]	<TIMEOUT>	 Time [ms]:	 60000
2020-12-28 18:26:22,694	Batch Processor	INFO	[DEU_Flensburg-76_1_T-1        ]	<TIMEOUT>	 Time [ms]:	 60000
2020-12-28 18:26:22,695	Batch Processor	INFO	[DEU_Flensburg-77_1_T-1        ]	<TIMEOUT>	 Time [ms]:	 60000
2020-12-28 18:26:22,695	Batch Processor	INFO	[DEU_Flensburg-78_1_T-1        ]	<TIMEOUT>	 Time [ms]:	 60000
2020-12-28 18:26:22,695	Batch Processor	INFO	[DEU_Flensburg-79_1_T-1        ]	<TIMEOUT>	 Time [ms]:	 60000
2020-12-28 18:26:22,695	Batch Processor	INFO	[DEU_Flensburg-80_1_T-1        ]	<TIMEOUT>	 Time [ms]:	 60000
2020-12-28 18:26:22,697	Batch Processor	INFO	[DEU_Flensburg-81_1_T-1        ]	<SUCCESS>	 Time [ms]:	  1003	
2020-12-28 18:26:22,697	Batch Processor	INFO	[DEU_Flensburg-82_1_T-1        ]	<TIMEOUT>	 Time [ms]:	 60000
2020-12-28 18:26:22,698	Batch Processor	INFO	[DEU_Flensburg-83_1_T-1        ]	<TIMEOUT>	 Time [ms]:	 60000
2020-12-28 18:26:22,698	Batch Processor	INFO	[DEU_Flensburg-84_1_T-1        ]	<TIMEOUT>	 Time [ms]:	 60000
2020-12-28 18:26:22,698	Batch Processor	INFO	[DEU_Flensburg-85_1_T-1        ]	<TIMEOUT>	 Time [ms]:	 60000
2020-12-28 18:26:22,698	Batch Processor	INFO	[DEU_Flensburg-86_1_T-1        ]	<TIMEOUT>	 Time [ms]:	 60000
2020-12-28 18:26:22,698	Batch Processor	INFO	[DEU_Flensburg-87_1_T-1        ]	<TIMEOUT>	 Time [ms]:	 60000
2020-12-28 18:26:22,699	Batch Processor	INFO	[DEU_Flensburg-88_1_T-1        ]	<TIMEOUT>	 Time [ms]:	 60000
2020-12-28 18:26:22,700	Batch Processor	INFO	[DEU_Flensburg-89_1_T-1        ]	<SUCCESS>	 Time [ms]:	 13817	
2020-12-28 18:26:22,701	Batch Processor	INFO	[DEU_Flensburg-90_1_T-1        ]	<TIMEOUT>	 Time [ms]:	 60000
2020-12-28 18:26:22,701	Batch Processor	INFO	[DEU_Flensburg-91_1_T-1        ]	<TIMEOUT>	 Time [ms]:	 60000
2020-12-28 18:26:22,701	Batch Processor	INFO	[DEU_Flensburg-92_1_T-1        ]	<TIMEOUT>	 Time [ms]:	 60000
2020-12-28 18:26:22,701	Batch Processor	INFO	[DEU_Flensburg-93_1_T-1        ]	<TIMEOUT>	 Time [ms]:	 60000
2020-12-28 18:26:22,701	Batch Processor	INFO	[DEU_Flensburg-94_1_T-1        ]	<TIMEOUT>	 Time [ms]:	 60000
2020-12-28 18:26:22,702	Batch Processor	INFO	[DEU_Flensburg-95_1_T-1        ]	<TIMEOUT>	 Time [ms]:	 60000
2020-12-28 18:26:22,702	Batch Processor	INFO	[DEU_Flensburg-96_1_T-1        ]	<TIMEOUT>	 Time [ms]:	 60000
2020-12-28 18:26:22,702	Batch Processor	INFO	[DEU_Flensburg-97_1_T-1        ]	<TIMEOUT>	 Time [ms]:	 60000
2020-12-28 18:26:22,704	Batch Processor	INFO	[DEU_Flensburg-98_1_T-1        ]	<SUCCESS>	 Time [ms]:	   968	
2020-12-28 18:26:22,704	Batch Processor	INFO	[DEU_Flensburg-99_1_T-1        ]	<TIMEOUT>	 Time [ms]:	 60000
2020-12-28 18:26:22,704	Batch Processor	INFO	[DEU_Guetersloh-10_4_T-1       ]	<FAILURE>	 Time [ms]:	   692
2020-12-28 18:26:22,705	Batch Processor	INFO	[DEU_Guetersloh-10_5_T-1       ]	<SUCCESS>	 Time [ms]:	  1310	
2020-12-28 18:26:22,706	Batch Processor	INFO	[DEU_Guetersloh-11_3_T-1       ]	<SUCCESS>	 Time [ms]:	   963	
2020-12-28 18:26:22,707	Batch Processor	INFO	[DEU_Guetersloh-12_1_T-1       ]	<SUCCESS>	 Time [ms]:	   417	
2020-12-28 18:26:22,708	Batch Processor	INFO	[DEU_Guetersloh-14_2_T-1       ]	<SUCCESS>	 Time [ms]:	   392	
2020-12-28 18:26:22,709	Batch Processor	INFO	[DEU_Guetersloh-15_2_T-1       ]	<SUCCESS>	 Time [ms]:	  1339	
2020-12-28 18:26:22,709	Batch Processor	INFO	[DEU_Guetersloh-16_2_T-1       ]	<SUCCESS>	 Time [ms]:	   655	
2020-12-28 18:26:22,710	Batch Processor	INFO	[DEU_Guetersloh-16_5_T-1       ]	<SUCCESS>	 Time [ms]:	   950	
2020-12-28 18:26:22,711	Batch Processor	INFO	[DEU_Guetersloh-17_2_T-1       ]	<SUCCESS>	 Time [ms]:	   814	
2020-12-28 18:26:22,712	Batch Processor	INFO	[DEU_Guetersloh-18_2_T-1       ]	<SUCCESS>	 Time [ms]:	   899	
2020-12-28 18:26:22,713	Batch Processor	INFO	[DEU_Guetersloh-19_1_T-1       ]	<SUCCESS>	 Time [ms]:	  1404	
2020-12-28 18:26:22,713	Batch Processor	INFO	[DEU_Guetersloh-20_1_T-1       ]	<SUCCESS>	 Time [ms]:	   610	
2020-12-28 18:26:22,714	Batch Processor	INFO	[DEU_Guetersloh-20_3_T-1       ]	<SUCCESS>	 Time [ms]:	   712	
2020-12-28 18:26:22,715	Batch Processor	INFO	[DEU_Guetersloh-21_1_T-1       ]	<SUCCESS>	 Time [ms]:	  2955	
2020-12-28 18:26:22,716	Batch Processor	INFO	[DEU_Guetersloh-24_1_T-1       ]	<SUCCESS>	 Time [ms]:	   818	
2020-12-28 18:26:22,717	Batch Processor	INFO	[DEU_Guetersloh-24_2_T-1       ]	<SUCCESS>	 Time [ms]:	   896	
2020-12-28 18:26:22,717	Batch Processor	INFO	[DEU_Guetersloh-24_3_T-1       ]	<SUCCESS>	 Time [ms]:	   506	
2020-12-28 18:26:22,718	Batch Processor	INFO	[DEU_Guetersloh-25_2_T-1       ]	<SUCCESS>	 Time [ms]:	  1014	
2020-12-28 18:26:22,719	Batch Processor	INFO	[DEU_Guetersloh-25_4_T-1       ]	<SUCCESS>	 Time [ms]:	   887	
2020-12-28 18:26:22,720	Batch Processor	INFO	[DEU_Guetersloh-27_1_T-1       ]	<SUCCESS>	 Time [ms]:	   542	
2020-12-28 18:26:22,721	Batch Processor	INFO	[DEU_Guetersloh-30_1_T-1       ]	<SUCCESS>	 Time [ms]:	   665	
2020-12-28 18:26:22,721	Batch Processor	INFO	[DEU_Guetersloh-31_4_T-1       ]	<SUCCESS>	 Time [ms]:	   668	
2020-12-28 18:26:22,722	Batch Processor	INFO	[DEU_Guetersloh-32_3_T-1       ]	<SUCCESS>	 Time [ms]:	   693	
2020-12-28 18:26:22,723	Batch Processor	INFO	[DEU_Guetersloh-33_1_T-1       ]	<SUCCESS>	 Time [ms]:	   652	
2020-12-28 18:26:22,724	Batch Processor	INFO	[DEU_Guetersloh-34_2_T-1       ]	<SUCCESS>	 Time [ms]:	   634	
2020-12-28 18:26:22,725	Batch Processor	INFO	[DEU_Guetersloh-36_1_T-1       ]	<SUCCESS>	 Time [ms]:	   721	
2020-12-28 18:26:22,725	Batch Processor	INFO	[DEU_Guetersloh-39_3_T-1       ]	<SUCCESS>	 Time [ms]:	   395	
2020-12-28 18:26:22,726	Batch Processor	INFO	[DEU_Guetersloh-39_5_T-1       ]	<SUCCESS>	 Time [ms]:	   841	
2020-12-28 18:26:22,727	Batch Processor	INFO	[DEU_Guetersloh-40_4_T-1       ]	<SUCCESS>	 Time [ms]:	   542	
2020-12-28 18:26:22,728	Batch Processor	INFO	[DEU_Guetersloh-40_5_T-1       ]	<SUCCESS>	 Time [ms]:	   424	
2020-12-28 18:26:22,729	Batch Processor	INFO	[DEU_Guetersloh-41_1_T-1       ]	<SUCCESS>	 Time [ms]:	  1086	
2020-12-28 18:26:22,730	Batch Processor	INFO	[DEU_Guetersloh-42_1_T-1       ]	<SUCCESS>	 Time [ms]:	   806	
2020-12-28 18:26:22,730	Batch Processor	INFO	[DEU_Guetersloh-4_5_T-1        ]	<SUCCESS>	 Time [ms]:	  1720	
2020-12-28 18:26:22,731	Batch Processor	INFO	[DEU_Guetersloh-50_1_T-1       ]	<SUCCESS>	 Time [ms]:	   439	
2020-12-28 18:26:22,732	Batch Processor	INFO	[DEU_Guetersloh-54_1_T-1       ]	<SUCCESS>	 Time [ms]:	   651	
2020-12-28 18:26:22,733	Batch Processor	INFO	[DEU_Guetersloh-55_1_T-1       ]	<SUCCESS>	 Time [ms]:	   416	
2020-12-28 18:26:22,734	Batch Processor	INFO	[DEU_Guetersloh-55_3_T-1       ]	<SUCCESS>	 Time [ms]:	   568	
2020-12-28 18:26:22,734	Batch Processor	INFO	[DEU_Guetersloh-65_2_T-1       ]	<SUCCESS>	 Time [ms]:	   285	
2020-12-28 18:26:22,735	Batch Processor	INFO	[DEU_Guetersloh-6_3_T-1        ]	<SUCCESS>	 Time [ms]:	   507	
2020-12-28 18:26:22,736	Batch Processor	INFO	[DEU_Guetersloh-7_2_T-1        ]	<SUCCESS>	 Time [ms]:	   978	
2020-12-28 18:26:22,737	Batch Processor	INFO	[DEU_Guetersloh-8_1_T-1        ]	<SUCCESS>	 Time [ms]:	   489	
2020-12-28 18:26:22,738	Batch Processor	INFO	[DEU_Hennigsdorf-11_1_T-1      ]	<SUCCESS>	 Time [ms]:	   608	
2020-12-28 18:26:22,738	Batch Processor	INFO	[DEU_Hennigsdorf-12_1_T-1      ]	<SUCCESS>	 Time [ms]:	   373	
2020-12-28 18:26:22,739	Batch Processor	INFO	[DEU_Hennigsdorf-13_2_T-1      ]	<SUCCESS>	 Time [ms]:	   590	
2020-12-28 18:26:22,740	Batch Processor	INFO	[DEU_Hennigsdorf-14_3_T-1      ]	<SUCCESS>	 Time [ms]:	   548	
2020-12-28 18:26:22,741	Batch Processor	INFO	[DEU_Hennigsdorf-15_3_T-1      ]	<SUCCESS>	 Time [ms]:	  2289	
2020-12-28 18:26:22,742	Batch Processor	INFO	[DEU_Hennigsdorf-18_2_T-1      ]	<SUCCESS>	 Time [ms]:	  1207	
2020-12-28 18:26:22,743	Batch Processor	INFO	[DEU_Hennigsdorf-3_2_T-1       ]	<SUCCESS>	 Time [ms]:	  1513	
2020-12-28 18:26:22,745	Batch Processor	INFO	[DEU_Hennigsdorf-3_5_T-1       ]	<SUCCESS>	 Time [ms]:	   669	
2020-12-28 18:26:22,746	Batch Processor	INFO	[DEU_Hennigsdorf-5_1_T-1       ]	<SUCCESS>	 Time [ms]:	   739	
2020-12-28 18:26:22,747	Batch Processor	INFO	[DEU_Hennigsdorf-5_4_T-1       ]	<SUCCESS>	 Time [ms]:	   802	
2020-12-28 18:26:22,748	Batch Processor	INFO	[DEU_Hennigsdorf-7_3_T-1       ]	<SUCCESS>	 Time [ms]:	   837	
2020-12-28 18:26:22,749	Batch Processor	INFO	[DEU_Hennigsdorf-9_2_T-1       ]	<SUCCESS>	 Time [ms]:	  2339	
2020-12-28 18:26:22,749	Batch Processor	INFO	[DEU_Ibbenbueren-10_2_T-1      ]	<SUCCESS>	 Time [ms]:	   839	
2020-12-28 18:26:22,750	Batch Processor	INFO	[DEU_Ibbenbueren-11_2_T-1      ]	<SUCCESS>	 Time [ms]:	   526	
2020-12-28 18:26:22,751	Batch Processor	INFO	[DEU_Ibbenbueren-12_1_T-1      ]	<SUCCESS>	 Time [ms]:	   637	
2020-12-28 18:26:22,752	Batch Processor	INFO	[DEU_Ibbenbueren-13_3_T-1      ]	<SUCCESS>	 Time [ms]:	   651	
2020-12-28 18:26:22,753	Batch Processor	INFO	[DEU_Ibbenbueren-14_1_T-1      ]	<SUCCESS>	 Time [ms]:	   486	
2020-12-28 18:26:22,754	Batch Processor	INFO	[DEU_Ibbenbueren-15_4_T-1      ]	<SUCCESS>	 Time [ms]:	   626	
2020-12-28 18:26:22,754	Batch Processor	INFO	[DEU_Ibbenbueren-16_3_T-1      ]	<SUCCESS>	 Time [ms]:	   811	
2020-12-28 18:26:22,755	Batch Processor	INFO	[DEU_Ibbenbueren-16_5_T-1      ]	<SUCCESS>	 Time [ms]:	   493	
2020-12-28 18:26:22,756	Batch Processor	INFO	[DEU_Ibbenbueren-2_2_T-1       ]	<SUCCESS>	 Time [ms]:	   668	
2020-12-28 18:26:22,757	Batch Processor	INFO	[DEU_Ibbenbueren-3_3_T-1       ]	<SUCCESS>	 Time [ms]:	   492	
2020-12-28 18:26:22,758	Batch Processor	INFO	[DEU_Ibbenbueren-4_2_T-1       ]	<SUCCESS>	 Time [ms]:	  1279	
2020-12-28 18:26:22,758	Batch Processor	INFO	[DEU_Ibbenbueren-6_3_T-1       ]	<SUCCESS>	 Time [ms]:	   857	
2020-12-28 18:26:22,759	Batch Processor	INFO	[DEU_Ibbenbueren-6_4_T-1       ]	<SUCCESS>	 Time [ms]:	   512	
2020-12-28 18:26:22,760	Batch Processor	INFO	[DEU_Ibbenbueren-7_1_T-1       ]	<SUCCESS>	 Time [ms]:	   816	
2020-12-28 18:26:22,761	Batch Processor	INFO	[DEU_Ibbenbueren-9_1_T-1       ]	<SUCCESS>	 Time [ms]:	   594	
2020-12-28 18:26:22,762	Batch Processor	INFO	[DEU_Lohmar-10_1_T-1           ]	<TIMEOUT>	 Time [ms]:	 60000
2020-12-28 18:26:22,764	Batch Processor	INFO	[DEU_Lohmar-11_1_T-1           ]	<SUCCESS>	 Time [ms]:	  1219	
2020-12-28 18:26:22,764	Batch Processor	INFO	[DEU_Lohmar-12_1_T-1           ]	<FAILURE>	 Time [ms]:	   668
2020-12-28 18:26:22,764	Batch Processor	INFO	[DEU_Lohmar-14_1_T-1           ]	<TIMEOUT>	 Time [ms]:	 60000
2020-12-28 18:26:22,764	Batch Processor	INFO	[DEU_Lohmar-15_1_T-1           ]	<TIMEOUT>	 Time [ms]:	 60000
2020-12-28 18:26:22,765	Batch Processor	INFO	[DEU_Lohmar-16_1_T-1           ]	<TIMEOUT>	 Time [ms]:	 60000
2020-12-28 18:26:22,765	Batch Processor	INFO	[DEU_Lohmar-17_1_T-1           ]	<TIMEOUT>	 Time [ms]:	 60000
2020-12-28 18:26:22,765	Batch Processor	INFO	[DEU_Lohmar-18_1_T-1           ]	<TIMEOUT>	 Time [ms]:	 60000
2020-12-28 18:26:22,765	Batch Processor	INFO	[DEU_Lohmar-19_1_T-1           ]	<FAILURE>	 Time [ms]:	   998
2020-12-28 18:26:22,766	Batch Processor	INFO	[DEU_Lohmar-20_1_T-1           ]	<TIMEOUT>	 Time [ms]:	 60000
2020-12-28 18:26:22,767	Batch Processor	INFO	[DEU_Lohmar-21_1_T-1           ]	<TIMEOUT>	 Time [ms]:	 60000
2020-12-28 18:26:22,767	Batch Processor	INFO	[DEU_Lohmar-23_1_T-1           ]	<TIMEOUT>	 Time [ms]:	 60000
2020-12-28 18:26:22,767	Batch Processor	INFO	[DEU_Lohmar-24_1_T-1           ]	<TIMEOUT>	 Time [ms]:	 60000
2020-12-28 18:26:22,768	Batch Processor	INFO	[DEU_Lohmar-26_1_T-1           ]	<TIMEOUT>	 Time [ms]:	 60000
2020-12-28 18:26:22,770	Batch Processor	INFO	[DEU_Lohmar-27_1_T-1           ]	<SUCCESS>	 Time [ms]:	  8152	
2020-12-28 18:26:22,771	Batch Processor	INFO	[DEU_Lohmar-28_1_T-1           ]	<TIMEOUT>	 Time [ms]:	 60000
2020-12-28 18:26:22,771	Batch Processor	INFO	[DEU_Lohmar-29_1_T-1           ]	<TIMEOUT>	 Time [ms]:	 60000
2020-12-28 18:26:22,773	Batch Processor	INFO	[DEU_Lohmar-30_1_T-1           ]	<SUCCESS>	 Time [ms]:	  1068	
2020-12-28 18:26:22,774	Batch Processor	INFO	[DEU_Lohmar-31_1_T-1           ]	<TIMEOUT>	 Time [ms]:	 60000
2020-12-28 18:26:22,774	Batch Processor	INFO	[DEU_Lohmar-32_1_T-1           ]	<TIMEOUT>	 Time [ms]:	 60000
2020-12-28 18:26:22,774	Batch Processor	INFO	[DEU_Lohmar-33_1_T-1           ]	<TIMEOUT>	 Time [ms]:	 60000
2020-12-28 18:26:22,774	Batch Processor	INFO	[DEU_Lohmar-34_1_T-1           ]	<TIMEOUT>	 Time [ms]:	 60000
2020-12-28 18:26:22,776	Batch Processor	INFO	[DEU_Lohmar-35_1_T-1           ]	<SUCCESS>	 Time [ms]:	   758	
2020-12-28 18:26:22,777	Batch Processor	INFO	[DEU_Lohmar-36_1_T-1           ]	<TIMEOUT>	 Time [ms]:	 60000
2020-12-28 18:26:22,779	Batch Processor	INFO	[DEU_Lohmar-37_1_T-1           ]	<SUCCESS>	 Time [ms]:	  1460	
2020-12-28 18:26:22,779	Batch Processor	INFO	[DEU_Lohmar-38_1_T-1           ]	<TIMEOUT>	 Time [ms]:	 60000
2020-12-28 18:26:22,779	Batch Processor	INFO	[DEU_Lohmar-39_1_T-1           ]	<TIMEOUT>	 Time [ms]:	 60000
2020-12-28 18:26:22,779	Batch Processor	INFO	[DEU_Lohmar-40_1_T-1           ]	<TIMEOUT>	 Time [ms]:	 60000
2020-12-28 18:26:22,780	Batch Processor	INFO	[DEU_Lohmar-41_1_T-1           ]	<TIMEOUT>	 Time [ms]:	 60000
2020-12-28 18:26:22,780	Batch Processor	INFO	[DEU_Lohmar-42_1_T-1           ]	<TIMEOUT>	 Time [ms]:	 60000
2020-12-28 18:26:22,780	Batch Processor	INFO	[DEU_Lohmar-43_1_T-1           ]	<TIMEOUT>	 Time [ms]:	 60000
2020-12-28 18:26:22,782	Batch Processor	INFO	[DEU_Lohmar-44_1_T-1           ]	<SUCCESS>	 Time [ms]:	  1571	
2020-12-28 18:26:22,784	Batch Processor	INFO	[DEU_Lohmar-45_1_T-1           ]	<SUCCESS>	 Time [ms]:	   966	
2020-12-28 18:26:22,784	Batch Processor	INFO	[DEU_Lohmar-46_1_T-1           ]	<TIMEOUT>	 Time [ms]:	 60000
2020-12-28 18:26:22,784	Batch Processor	INFO	[DEU_Lohmar-47_1_T-1           ]	<TIMEOUT>	 Time [ms]:	 60000
2020-12-28 18:26:22,785	Batch Processor	INFO	[DEU_Lohmar-48_1_T-1           ]	<TIMEOUT>	 Time [ms]:	 60000
2020-12-28 18:26:22,785	Batch Processor	INFO	[DEU_Lohmar-49_1_T-1           ]	<TIMEOUT>	 Time [ms]:	 60000
2020-12-28 18:26:22,785	Batch Processor	INFO	[DEU_Lohmar-50_1_T-1           ]	<TIMEOUT>	 Time [ms]:	 60000
2020-12-28 18:26:22,785	Batch Processor	INFO	[DEU_Lohmar-51_1_T-1           ]	<TIMEOUT>	 Time [ms]:	 60000
2020-12-28 18:26:22,785	Batch Processor	INFO	[DEU_Lohmar-52_1_T-1           ]	<TIMEOUT>	 Time [ms]:	 60000
2020-12-28 18:26:22,787	Batch Processor	INFO	[DEU_Lohmar-53_1_T-1           ]	<SUCCESS>	 Time [ms]:	  1820	
2020-12-28 18:26:22,788	Batch Processor	INFO	[DEU_Lohmar-54_1_T-1           ]	<TIMEOUT>	 Time [ms]:	 60000
2020-12-28 18:26:22,788	Batch Processor	INFO	[DEU_Lohmar-55_1_T-1           ]	<TIMEOUT>	 Time [ms]:	 60000
2020-12-28 18:26:22,790	Batch Processor	INFO	[DEU_Lohmar-56_1_T-1           ]	<SUCCESS>	 Time [ms]:	  2016	
2020-12-28 18:26:22,790	Batch Processor	INFO	[DEU_Lohmar-57_1_T-1           ]	<TIMEOUT>	 Time [ms]:	 60000
2020-12-28 18:26:22,790	Batch Processor	INFO	[DEU_Lohmar-58_1_T-1           ]	<TIMEOUT>	 Time [ms]:	 60000
2020-12-28 18:26:22,790	Batch Processor	INFO	[DEU_Lohmar-59_1_T-1           ]	<TIMEOUT>	 Time [ms]:	 60000
2020-12-28 18:26:22,791	Batch Processor	INFO	[DEU_Lohmar-60_1_T-1           ]	<TIMEOUT>	 Time [ms]:	 60000
2020-12-28 18:26:22,791	Batch Processor	INFO	[DEU_Lohmar-61_1_T-1           ]	<TIMEOUT>	 Time [ms]:	 60000
2020-12-28 18:26:22,791	Batch Processor	INFO	[DEU_Lohmar-62_1_T-1           ]	<TIMEOUT>	 Time [ms]:	 60000
2020-12-28 18:26:22,791	Batch Processor	INFO	[DEU_Lohmar-63_1_T-1           ]	<TIMEOUT>	 Time [ms]:	 60000
2020-12-28 18:26:22,793	Batch Processor	INFO	[DEU_Lohmar-64_1_T-1           ]	<SUCCESS>	 Time [ms]:	  1076	
2020-12-28 18:26:22,794	Batch Processor	INFO	[DEU_Lohmar-66_1_T-1           ]	<TIMEOUT>	 Time [ms]:	 60000
2020-12-28 18:26:22,794	Batch Processor	INFO	[DEU_Lohmar-67_1_T-1           ]	<TIMEOUT>	 Time [ms]:	 60000
2020-12-28 18:26:22,794	Batch Processor	INFO	[DEU_Lohmar-68_1_T-1           ]	<TIMEOUT>	 Time [ms]:	 60000
2020-12-28 18:26:22,795	Batch Processor	INFO	[DEU_Lohmar-69_1_T-1           ]	<TIMEOUT>	 Time [ms]:	 60000
2020-12-28 18:26:22,795	Batch Processor	INFO	[DEU_Lohmar-70_1_T-1           ]	<TIMEOUT>	 Time [ms]:	 60000
2020-12-28 18:26:22,797	Batch Processor	INFO	[DEU_Lohmar-8_1_T-1            ]	<SUCCESS>	 Time [ms]:	  1247	
2020-12-28 18:26:22,797	Batch Processor	INFO	[DEU_Lohmar-9_1_T-1            ]	<TIMEOUT>	 Time [ms]:	 60000
2020-12-28 18:26:22,798	Batch Processor	INFO	[DEU_Luckenwalde-1_1_T-1       ]	<TIMEOUT>	 Time [ms]:	 60000
2020-12-28 18:26:22,798	Batch Processor	INFO	[DEU_Meckenheim-1_4_T-1        ]	<SUCCESS>	 Time [ms]:	   617	
2020-12-28 18:26:22,799	Batch Processor	INFO	[DEU_Meckenheim-3_1_T-1        ]	<SUCCESS>	 Time [ms]:	   719	
2020-12-28 18:26:22,800	Batch Processor	INFO	[DEU_Meckenheim-5_1_T-1        ]	<SUCCESS>	 Time [ms]:	   578	
2020-12-28 18:26:22,801	Batch Processor	INFO	[DEU_Meckenheim-8_3_T-1        ]	<SUCCESS>	 Time [ms]:	  1025	
2020-12-28 18:26:22,802	Batch Processor	INFO	[DEU_Meckenheim-8_5_T-1        ]	<SUCCESS>	 Time [ms]:	   920	
2020-12-28 18:26:22,803	Batch Processor	INFO	[DEU_Moabit-1_2_T-1            ]	<SUCCESS>	 Time [ms]:	  1350	
2020-12-28 18:26:22,803	Batch Processor	INFO	[DEU_Moabit-4_1_T-1            ]	<SUCCESS>	 Time [ms]:	   589	
2020-12-28 18:26:22,804	Batch Processor	INFO	[DEU_Moabit-5_2_T-1            ]	<SUCCESS>	 Time [ms]:	   497	
2020-12-28 18:26:22,805	Batch Processor	INFO	[DEU_Moabit-6_2_T-1            ]	<SUCCESS>	 Time [ms]:	   897	
2020-12-28 18:26:22,806	Batch Processor	INFO	[DEU_Moelln-10_3_T-1           ]	<SUCCESS>	 Time [ms]:	   554	
2020-12-28 18:26:22,807	Batch Processor	INFO	[DEU_Moelln-11_1_T-1           ]	<SUCCESS>	 Time [ms]:	   410	
2020-12-28 18:26:22,808	Batch Processor	INFO	[DEU_Moelln-12_1_T-1           ]	<SUCCESS>	 Time [ms]:	   640	
2020-12-28 18:26:22,808	Batch Processor	INFO	[DEU_Moelln-2_1_T-1            ]	<SUCCESS>	 Time [ms]:	  2471	
2020-12-28 18:26:22,809	Batch Processor	INFO	[DEU_Moelln-4_3_T-1            ]	<SUCCESS>	 Time [ms]:	  1149	
2020-12-28 18:26:22,810	Batch Processor	INFO	[DEU_Moelln-6_1_T-1            ]	<SUCCESS>	 Time [ms]:	  1132	
2020-12-28 18:26:22,811	Batch Processor	INFO	[DEU_Moelln-7_1_T-1            ]	<SUCCESS>	 Time [ms]:	   340	
2020-12-28 18:26:22,812	Batch Processor	INFO	[DEU_Moelln-9_1_T-1            ]	<SUCCESS>	 Time [ms]:	  1912	
2020-12-28 18:26:22,812	Batch Processor	INFO	[DEU_Muehlhausen-11_1_T-1      ]	<SUCCESS>	 Time [ms]:	   815	
2020-12-28 18:26:22,813	Batch Processor	INFO	[DEU_Muehlhausen-14_3_T-1      ]	<SUCCESS>	 Time [ms]:	   777	
2020-12-28 18:26:22,814	Batch Processor	INFO	[DEU_Muehlhausen-1_2_T-1       ]	<SUCCESS>	 Time [ms]:	  1654	
2020-12-28 18:26:22,815	Batch Processor	INFO	[DEU_Muehlhausen-1_3_T-1       ]	<SUCCESS>	 Time [ms]:	   688	
2020-12-28 18:26:22,815	Batch Processor	INFO	[DEU_Muehlhausen-2_1_T-1       ]	<SUCCESS>	 Time [ms]:	  2342	
2020-12-28 18:26:22,816	Batch Processor	INFO	[DEU_Muehlhausen-4_1_T-1       ]	<SUCCESS>	 Time [ms]:	  1076	
2020-12-28 18:26:22,817	Batch Processor	INFO	[DEU_Muehlhausen-5_1_T-1       ]	<SUCCESS>	 Time [ms]:	   936	
2020-12-28 18:26:22,818	Batch Processor	INFO	[DEU_Muehlhausen-6_1_T-1       ]	<SUCCESS>	 Time [ms]:	   790	
2020-12-28 18:26:22,818	Batch Processor	INFO	[DEU_Muehlhausen-7_2_T-1       ]	<SUCCESS>	 Time [ms]:	   968	
2020-12-28 18:26:22,819	Batch Processor	INFO	[DEU_Reutlingen-2_1_T-1        ]	<TIMEOUT>	 Time [ms]:	 60000
2020-12-28 18:26:22,819	Batch Processor	INFO	[DEU_Reutlingen-3_1_T-1        ]	<TIMEOUT>	 Time [ms]:	 60000
2020-12-28 18:26:22,819	Batch Processor	INFO	[DEU_Reutlingen-4_1_T-1        ]	<TIMEOUT>	 Time [ms]:	 60000
2020-12-28 18:26:22,819	Batch Processor	INFO	[DEU_Reutlingen-5_1_T-1        ]	<TIMEOUT>	 Time [ms]:	 60000
2020-12-28 18:26:22,820	Batch Processor	INFO	[DEU_Reutlingen-6_1_T-1        ]	<TIMEOUT>	 Time [ms]:	 60000
2020-12-28 18:26:22,820	Batch Processor	INFO	[DEU_Rheinbach-1_4_T-1         ]	<SUCCESS>	 Time [ms]:	  1493	
2020-12-28 18:26:22,821	Batch Processor	INFO	[DEU_Rheinbach-5_3_T-1         ]	<SUCCESS>	 Time [ms]:	  1421	
2020-12-28 18:26:22,821	Batch Processor	INFO	[DEU_Speyer-2_1_T-1            ]	<FAILURE>	 Time [ms]:	   477
2020-12-28 18:26:22,822	Batch Processor	INFO	[DEU_Speyer-2_4_T-1            ]	<SUCCESS>	 Time [ms]:	   407	
2020-12-28 18:26:22,823	Batch Processor	INFO	[DEU_Speyer-5_2_T-1            ]	<SUCCESS>	 Time [ms]:	   523	
2020-12-28 18:26:22,824	Batch Processor	INFO	[ESP_Almansa-1_1_T-1           ]	<SUCCESS>	 Time [ms]:	   615	
2020-12-28 18:26:22,825	Batch Processor	INFO	[ESP_Almansa-2_1_T-1           ]	<SUCCESS>	 Time [ms]:	  2716	
2020-12-28 18:26:22,825	Batch Processor	INFO	[ESP_Almansa-6_1_T-1           ]	<SUCCESS>	 Time [ms]:	  1085	
2020-12-28 18:26:22,826	Batch Processor	INFO	[ESP_Berga-10_1_T-1            ]	<SUCCESS>	 Time [ms]:	   901	
2020-12-28 18:26:22,827	Batch Processor	INFO	[ESP_Berga-4_4_T-1             ]	<SUCCESS>	 Time [ms]:	   590	
2020-12-28 18:26:22,828	Batch Processor	INFO	[ESP_Berga-6_1_T-1             ]	<SUCCESS>	 Time [ms]:	  3407	
2020-12-28 18:26:22,828	Batch Processor	INFO	[ESP_Berga-9_1_T-1             ]	<SUCCESS>	 Time [ms]:	  1078	
2020-12-28 18:26:22,829	Batch Processor	INFO	[ESP_Cambre-1_1_T-1            ]	<SUCCESS>	 Time [ms]:	   714	
2020-12-28 18:26:22,830	Batch Processor	INFO	[ESP_Cambre-2_1_T-1            ]	<SUCCESS>	 Time [ms]:	   964	
2020-12-28 18:26:22,831	Batch Processor	INFO	[ESP_Cambre-3_1_T-1            ]	<SUCCESS>	 Time [ms]:	   753	
2020-12-28 18:26:22,831	Batch Processor	INFO	[ESP_Ceuta-10_1_T-1            ]	<SUCCESS>	 Time [ms]:	  1334	
2020-12-28 18:26:22,832	Batch Processor	INFO	[ESP_Ceuta-11_1_T-1            ]	<FAILURE>	 Time [ms]:	   866
2020-12-28 18:26:22,832	Batch Processor	INFO	[ESP_Ceuta-15_2_T-1            ]	<SUCCESS>	 Time [ms]:	  1058	
2020-12-28 18:26:22,833	Batch Processor	INFO	[ESP_Ceuta-1_2_T-1             ]	<SUCCESS>	 Time [ms]:	  1258	
2020-12-28 18:26:22,834	Batch Processor	INFO	[ESP_Ceuta-2_1_T-1             ]	<SUCCESS>	 Time [ms]:	  2019	
2020-12-28 18:26:22,835	Batch Processor	INFO	[ESP_Ceuta-3_2_T-1             ]	<SUCCESS>	 Time [ms]:	   945	
2020-12-28 18:26:22,835	Batch Processor	INFO	[ESP_Ceuta-4_1_T-1             ]	<SUCCESS>	 Time [ms]:	  1323	
2020-12-28 18:26:22,836	Batch Processor	INFO	[ESP_Ceuta-5_1_T-1             ]	<FAILURE>	 Time [ms]:	   850
2020-12-28 18:26:22,836	Batch Processor	INFO	[ESP_Ceuta-7_1_T-1             ]	<SUCCESS>	 Time [ms]:	   288	
2020-12-28 18:26:22,837	Batch Processor	INFO	[ESP_Ceuta-8_1_T-1             ]	<SUCCESS>	 Time [ms]:	   970	
2020-12-28 18:26:22,837	Batch Processor	INFO	[ESP_Inca-3_2_T-1              ]	<FAILURE>	 Time [ms]:	   513
2020-12-28 18:26:22,838	Batch Processor	INFO	[ESP_Inca-7_1_T-1              ]	<SUCCESS>	 Time [ms]:	  1183	
2020-12-28 18:26:22,839	Batch Processor	INFO	[ESP_Monzon-2_1_T-1            ]	<SUCCESS>	 Time [ms]:	   525	
2020-12-28 18:26:22,840	Batch Processor	INFO	[ESP_Monzon-3_1_T-1            ]	<SUCCESS>	 Time [ms]:	  1167	
2020-12-28 18:26:22,840	Batch Processor	INFO	[ESP_Monzon-5_1_T-1            ]	<SUCCESS>	 Time [ms]:	   823	
2020-12-28 18:26:22,841	Batch Processor	INFO	[ESP_Monzon-6_1_T-1            ]	<SUCCESS>	 Time [ms]:	  1488	
2020-12-28 18:26:22,842	Batch Processor	INFO	[ESP_Monzon-7_2_T-1            ]	<SUCCESS>	 Time [ms]:	   701	
2020-12-28 18:26:22,843	Batch Processor	INFO	[ESP_Monzon-7_3_T-1            ]	<SUCCESS>	 Time [ms]:	   689	
2020-12-28 18:26:22,844	Batch Processor	INFO	[ESP_Monzon-9_1_T-1            ]	<SUCCESS>	 Time [ms]:	  2183	
2020-12-28 18:26:22,844	Batch Processor	INFO	[ESP_PriegodeCordoba-2_3_T-1   ]	<SUCCESS>	 Time [ms]:	  1093	
2020-12-28 18:26:22,845	Batch Processor	INFO	[ESP_PriegodeCordoba-3_1_T-1   ]	<SUCCESS>	 Time [ms]:	  1386	
2020-12-28 18:26:22,846	Batch Processor	INFO	[ESP_PriegodeCordoba-6_1_T-1   ]	<SUCCESS>	 Time [ms]:	   931	
2020-12-28 18:26:22,847	Batch Processor	INFO	[ESP_Requena-6_2_T-1           ]	<SUCCESS>	 Time [ms]:	  1231	
2020-12-28 18:26:22,847	Batch Processor	INFO	[ESP_SantBoideLlobregat-14_1_T-1]	<SUCCESS>	 Time [ms]:	   449	
2020-12-28 18:26:22,848	Batch Processor	INFO	[ESP_SantBoideLlobregat-14_4_T-1]	<SUCCESS>	 Time [ms]:	   718	
2020-12-28 18:26:22,849	Batch Processor	INFO	[ESP_SantBoideLlobregat-18_2_T-1]	<SUCCESS>	 Time [ms]:	   195	
2020-12-28 18:26:22,850	Batch Processor	INFO	[ESP_SantBoideLlobregat-19_1_T-1]	<SUCCESS>	 Time [ms]:	  2525	
2020-12-28 18:26:22,850	Batch Processor	INFO	[ESP_SantBoideLlobregat-22_3_T-1]	<FAILURE>	 Time [ms]:	   282
2020-12-28 18:26:22,851	Batch Processor	INFO	[ESP_SantBoideLlobregat-23_2_T-1]	<SUCCESS>	 Time [ms]:	   693	
2020-12-28 18:26:22,851	Batch Processor	INFO	[ESP_SantBoideLlobregat-24_1_T-1]	<SUCCESS>	 Time [ms]:	   416	
2020-12-28 18:26:22,852	Batch Processor	INFO	[ESP_SantBoideLlobregat-3_1_T-1]	<SUCCESS>	 Time [ms]:	   562	
2020-12-28 18:26:22,852	Batch Processor	INFO	[ESP_SantBoideLlobregat-4_1_T-1]	<FAILURE>	 Time [ms]:	   484
2020-12-28 18:26:22,853	Batch Processor	INFO	[ESP_SantBoideLlobregat-6_2_T-1]	<SUCCESS>	 Time [ms]:	  1930	
2020-12-28 18:26:22,854	Batch Processor	INFO	[ESP_SantBoideLlobregat-8_1_T-1]	<SUCCESS>	 Time [ms]:	   875	
2020-12-28 18:26:22,855	Batch Processor	INFO	[ESP_SantBoideLlobregat-8_5_T-1]	<SUCCESS>	 Time [ms]:	  1059	
2020-12-28 18:26:22,855	Batch Processor	INFO	[ESP_Toledo-10_1_T-1           ]	<SUCCESS>	 Time [ms]:	   779	
2020-12-28 18:26:22,856	Batch Processor	INFO	[ESP_Toledo-10_2_T-1           ]	<SUCCESS>	 Time [ms]:	  1107	
2020-12-28 18:26:22,857	Batch Processor	INFO	[ESP_Toledo-11_1_T-1           ]	<SUCCESS>	 Time [ms]:	   524	
2020-12-28 18:26:22,858	Batch Processor	INFO	[ESP_Toledo-11_5_T-1           ]	<SUCCESS>	 Time [ms]:	   524	
2020-12-28 18:26:22,859	Batch Processor	INFO	[ESP_Toledo-22_1_T-1           ]	<SUCCESS>	 Time [ms]:	   487	
2020-12-28 18:26:22,859	Batch Processor	INFO	[ESP_Toledo-23_1_T-1           ]	<SUCCESS>	 Time [ms]:	   307	
2020-12-28 18:26:22,860	Batch Processor	INFO	[ESP_Toledo-5_1_T-1            ]	<SUCCESS>	 Time [ms]:	   489	
2020-12-28 18:26:22,861	Batch Processor	INFO	[ESP_Toledo-6_2_T-1            ]	<SUCCESS>	 Time [ms]:	  1092	
2020-12-28 18:26:22,861	Batch Processor	INFO	[ESP_Toledo-8_1_T-1            ]	<FAILURE>	 Time [ms]:	   825
2020-12-28 18:26:22,862	Batch Processor	INFO	[ESP_Toledo-9_1_T-1            ]	<SUCCESS>	 Time [ms]:	   636	
2020-12-28 18:26:22,863	Batch Processor	INFO	[FRA_Anglet-1_2_T-1            ]	<SUCCESS>	 Time [ms]:	   857	
2020-12-28 18:26:22,863	Batch Processor	INFO	[FRA_Anglet-2_1_T-1            ]	<FAILURE>	 Time [ms]:	   870
2020-12-28 18:26:22,864	Batch Processor	INFO	[FRA_Anglet-3_2_T-1            ]	<SUCCESS>	 Time [ms]:	  1268	
2020-12-28 18:26:22,864	Batch Processor	INFO	[FRA_Miramas-1_1_T-1           ]	<SUCCESS>	 Time [ms]:	  1018	
2020-12-28 18:26:22,865	Batch Processor	INFO	[FRA_Miramas-2_1_T-1           ]	<SUCCESS>	 Time [ms]:	   883	
2020-12-28 18:26:22,866	Batch Processor	INFO	[FRA_Miramas-3_1_T-1           ]	<SUCCESS>	 Time [ms]:	  1067	
2020-12-28 18:26:22,867	Batch Processor	INFO	[FRA_Miramas-5_1_T-1           ]	<SUCCESS>	 Time [ms]:	  1834	
2020-12-28 18:26:22,868	Batch Processor	INFO	[FRA_Miramas-9_1_T-1           ]	<SUCCESS>	 Time [ms]:	   500	
2020-12-28 18:26:22,868	Batch Processor	INFO	[FRA_MoissyCramayel-1_1_T-1    ]	<SUCCESS>	 Time [ms]:	  2101	
2020-12-28 18:26:22,869	Batch Processor	INFO	[FRA_MoissyCramayel-2_1_T-1    ]	<SUCCESS>	 Time [ms]:	  1006	
2020-12-28 18:26:22,870	Batch Processor	INFO	[FRA_MoissyCramayel-4_1_T-1    ]	<SUCCESS>	 Time [ms]:	   900	
2020-12-28 18:26:22,871	Batch Processor	INFO	[FRA_Sete-1_1_T-1              ]	<SUCCESS>	 Time [ms]:	  1058	
2020-12-28 18:26:22,871	Batch Processor	INFO	[GRC_Perama-1_1_T-1            ]	<FAILURE>	 Time [ms]:	  1089
2020-12-28 18:26:22,872	Batch Processor	INFO	[GRC_Perama-2_1_T-1            ]	<SUCCESS>	 Time [ms]:	   569	
2020-12-28 18:26:22,872	Batch Processor	INFO	[GRC_Perama-3_2_T-1            ]	<SUCCESS>	 Time [ms]:	   625	
2020-12-28 18:26:22,873	Batch Processor	INFO	[GRC_Perama-4_3_T-1            ]	<SUCCESS>	 Time [ms]:	   944	
2020-12-28 18:26:22,874	Batch Processor	INFO	[GRC_Perama-7_1_T-1            ]	<SUCCESS>	 Time [ms]:	  1031	
2020-12-28 18:26:22,875	Batch Processor	INFO	[HRV_Pula-10_1_T-1             ]	<SUCCESS>	 Time [ms]:	   953	
2020-12-28 18:26:22,876	Batch Processor	INFO	[HRV_Pula-12_3_T-1             ]	<SUCCESS>	 Time [ms]:	   841	
2020-12-28 18:26:22,876	Batch Processor	INFO	[HRV_Pula-13_2_T-1             ]	<SUCCESS>	 Time [ms]:	   481	
2020-12-28 18:26:22,877	Batch Processor	INFO	[HRV_Pula-15_1_T-1             ]	<SUCCESS>	 Time [ms]:	   786	
2020-12-28 18:26:22,878	Batch Processor	INFO	[HRV_Pula-18_1_T-1             ]	<SUCCESS>	 Time [ms]:	   625	
2020-12-28 18:26:22,879	Batch Processor	INFO	[HRV_Pula-19_2_T-1             ]	<SUCCESS>	 Time [ms]:	   428	
2020-12-28 18:26:22,879	Batch Processor	INFO	[HRV_Pula-21_1_T-1             ]	<SUCCESS>	 Time [ms]:	   828	
2020-12-28 18:26:22,880	Batch Processor	INFO	[HRV_Pula-22_1_T-1             ]	<SUCCESS>	 Time [ms]:	  1195	
2020-12-28 18:26:22,881	Batch Processor	INFO	[HRV_Pula-23_1_T-1             ]	<SUCCESS>	 Time [ms]:	   707	
2020-12-28 18:26:22,882	Batch Processor	INFO	[HRV_Pula-24_1_T-1             ]	<SUCCESS>	 Time [ms]:	   916	
2020-12-28 18:26:22,882	Batch Processor	INFO	[HRV_Pula-25_1_T-1             ]	<SUCCESS>	 Time [ms]:	   742	
2020-12-28 18:26:22,883	Batch Processor	INFO	[HRV_Pula-27_2_T-1             ]	<SUCCESS>	 Time [ms]:	   777	
2020-12-28 18:26:22,884	Batch Processor	INFO	[HRV_Pula-29_3_T-1             ]	<SUCCESS>	 Time [ms]:	   641	
2020-12-28 18:26:22,885	Batch Processor	INFO	[HRV_Pula-31_1_T-1             ]	<SUCCESS>	 Time [ms]:	  1022	
2020-12-28 18:26:22,885	Batch Processor	INFO	[HRV_Pula-32_2_T-1             ]	<SUCCESS>	 Time [ms]:	  1155	
2020-12-28 18:26:22,886	Batch Processor	INFO	[HRV_Pula-33_2_T-1             ]	<SUCCESS>	 Time [ms]:	  1473	
2020-12-28 18:26:22,887	Batch Processor	INFO	[HRV_Pula-5_2_T-1              ]	<SUCCESS>	 Time [ms]:	  3352	
2020-12-28 18:26:22,888	Batch Processor	INFO	[HRV_Pula-5_3_T-1              ]	<SUCCESS>	 Time [ms]:	  2880	
2020-12-28 18:26:22,888	Batch Processor	INFO	[HRV_Pula-6_2_T-1              ]	<SUCCESS>	 Time [ms]:	   786	
2020-12-28 18:26:22,889	Batch Processor	INFO	[HRV_Pula-7_2_T-1              ]	<SUCCESS>	 Time [ms]:	  1220	
2020-12-28 18:26:22,890	Batch Processor	INFO	[HRV_Pula-8_3_T-1              ]	<SUCCESS>	 Time [ms]:	  1152	
2020-12-28 18:26:22,891	Batch Processor	INFO	[HRV_Pula-9_2_T-1              ]	<SUCCESS>	 Time [ms]:	   546	
2020-12-28 18:26:22,892	Batch Processor	INFO	[HRV_Pula-9_4_T-1              ]	<SUCCESS>	 Time [ms]:	   638	
2020-12-28 18:26:22,893	Batch Processor	INFO	[ITA_CarpiCentro-1_3_T-1       ]	<SUCCESS>	 Time [ms]:	  1023	
2020-12-28 18:26:22,893	Batch Processor	INFO	[ITA_CarpiCentro-2_4_T-1       ]	<SUCCESS>	 Time [ms]:	  1819	
2020-12-28 18:26:22,894	Batch Processor	INFO	[ITA_CarpiCentro-3_1_T-1       ]	<SUCCESS>	 Time [ms]:	  1201	
2020-12-28 18:26:22,895	Batch Processor	INFO	[ITA_CarpiCentro-5_1_T-1       ]	<SUCCESS>	 Time [ms]:	   915	
2020-12-28 18:26:22,896	Batch Processor	INFO	[ITA_CarpiCentro-6_2_T-1       ]	<SUCCESS>	 Time [ms]:	  1108	
2020-12-28 18:26:22,896	Batch Processor	INFO	[ITA_CarpiCentro-7_1_T-1       ]	<SUCCESS>	 Time [ms]:	  1124	
2020-12-28 18:26:22,897	Batch Processor	INFO	[ITA_CarpiCentro-8_3_T-1       ]	<SUCCESS>	 Time [ms]:	   558	
2020-12-28 18:26:22,897	Batch Processor	INFO	[ITA_Empoli-10_1_T-1           ]	<FAILURE>	 Time [ms]:	  1013
2020-12-28 18:26:22,898	Batch Processor	INFO	[ITA_Empoli-18_1_T-1           ]	<SUCCESS>	 Time [ms]:	   491	
2020-12-28 18:26:22,899	Batch Processor	INFO	[ITA_Empoli-2_4_T-1            ]	<SUCCESS>	 Time [ms]:	  1315	
2020-12-28 18:26:22,900	Batch Processor	INFO	[ITA_Empoli-2_5_T-1            ]	<SUCCESS>	 Time [ms]:	   776	
2020-12-28 18:26:22,900	Batch Processor	INFO	[ITA_Empoli-3_1_T-1            ]	<SUCCESS>	 Time [ms]:	   575	
2020-12-28 18:26:22,901	Batch Processor	INFO	[ITA_Empoli-4_2_T-1            ]	<SUCCESS>	 Time [ms]:	  1192	
2020-12-28 18:26:22,902	Batch Processor	INFO	[ITA_Empoli-7_3_T-1            ]	<SUCCESS>	 Time [ms]:	   613	
2020-12-28 18:26:22,903	Batch Processor	INFO	[ITA_Empoli-8_2_T-1            ]	<SUCCESS>	 Time [ms]:	  1013	
2020-12-28 18:26:22,904	Batch Processor	INFO	[ITA_Foggia-10_1_T-1           ]	<SUCCESS>	 Time [ms]:	   602	
2020-12-28 18:26:22,904	Batch Processor	INFO	[ITA_Foggia-11_1_T-1           ]	<SUCCESS>	 Time [ms]:	   642	
2020-12-28 18:26:22,904	Batch Processor	INFO	[ITA_Foggia-12_1_T-1           ]	<FAILURE>	 Time [ms]:	   425
2020-12-28 18:26:22,905	Batch Processor	INFO	[ITA_Foggia-13_1_T-1           ]	<SUCCESS>	 Time [ms]:	  1096	
2020-12-28 18:26:22,906	Batch Processor	INFO	[ITA_Foggia-19_1_T-1           ]	<FAILURE>	 Time [ms]:	   424
2020-12-28 18:26:22,906	Batch Processor	INFO	[ITA_Foggia-1_1_T-1            ]	<SUCCESS>	 Time [ms]:	   725	
2020-12-28 18:26:22,908	Batch Processor	INFO	[ITA_Foggia-3_1_T-1            ]	<SUCCESS>	 Time [ms]:	   571	
2020-12-28 18:26:22,909	Batch Processor	INFO	[ITA_Foggia-4_2_T-1            ]	<SUCCESS>	 Time [ms]:	   738	
2020-12-28 18:26:22,910	Batch Processor	INFO	[ITA_Foggia-5_1_T-1            ]	<SUCCESS>	 Time [ms]:	  1548	
2020-12-28 18:26:22,911	Batch Processor	INFO	[ITA_Foggia-6_1_T-1            ]	<SUCCESS>	 Time [ms]:	   868	
2020-12-28 18:26:22,912	Batch Processor	INFO	[ITA_Foggia-7_2_T-1            ]	<SUCCESS>	 Time [ms]:	  2002	
2020-12-28 18:26:22,913	Batch Processor	INFO	[ITA_SanGiorgioaCremano-2_1_T-1]	<SUCCESS>	 Time [ms]:	   593	
2020-12-28 18:26:22,915	Batch Processor	INFO	[ITA_SanGiorgioaCremano-3_1_T-1]	<SUCCESS>	 Time [ms]:	   975	
2020-12-28 18:26:22,916	Batch Processor	INFO	[ITA_Scicli-2_1_T-1            ]	<SUCCESS>	 Time [ms]:	  1584	
2020-12-28 18:26:22,916	Batch Processor	INFO	[ITA_Segrate-1_2_T-1           ]	<SUCCESS>	 Time [ms]:	   464	
2020-12-28 18:26:22,917	Batch Processor	INFO	[ITA_Segrate-2_3_T-1           ]	<SUCCESS>	 Time [ms]:	   357	
2020-12-28 18:26:22,918	Batch Processor	INFO	[ITA_Siderno-10_1_T-1          ]	<SUCCESS>	 Time [ms]:	   539	
2020-12-28 18:26:22,919	Batch Processor	INFO	[ITA_Siderno-2_4_T-1           ]	<SUCCESS>	 Time [ms]:	   774	
2020-12-28 18:26:22,920	Batch Processor	INFO	[ITA_Siderno-3_2_T-1           ]	<SUCCESS>	 Time [ms]:	   508	
2020-12-28 18:26:22,920	Batch Processor	INFO	[ITA_Siderno-4_3_T-1           ]	<SUCCESS>	 Time [ms]:	   590	
2020-12-28 18:26:22,921	Batch Processor	INFO	[ITA_Siderno-4_4_T-1           ]	<SUCCESS>	 Time [ms]:	   568	
2020-12-28 18:26:22,922	Batch Processor	INFO	[ITA_Siderno-5_4_T-1           ]	<SUCCESS>	 Time [ms]:	  1448	
2020-12-28 18:26:22,923	Batch Processor	INFO	[ITA_Siderno-8_4_T-1           ]	<SUCCESS>	 Time [ms]:	   822	
2020-12-28 18:26:22,924	Batch Processor	INFO	[ITA_Siderno-8_5_T-1           ]	<SUCCESS>	 Time [ms]:	  1209	
2020-12-28 18:26:22,924	Batch Processor	INFO	[PRI_Barceloneta-2_1_T-1       ]	<SUCCESS>	 Time [ms]:	  1402	
2020-12-28 18:26:22,925	Batch Processor	INFO	[PRI_Barceloneta-3_1_T-1       ]	<SUCCESS>	 Time [ms]:	   803	
2020-12-28 18:26:22,926	Batch Processor	INFO	[PRI_Barceloneta-4_3_T-1       ]	<SUCCESS>	 Time [ms]:	   661	
2020-12-28 18:26:22,927	Batch Processor	INFO	[PRI_Barceloneta-4_5_T-1       ]	<SUCCESS>	 Time [ms]:	   964	
2020-12-28 18:26:22,927	Batch Processor	INFO	[RUS_Bicycle-10_1_T-1          ]	<EXCEPTION>	
2020-12-28 18:26:22,927	Batch Processor	INFO	[RUS_Bicycle-11_1_T-1          ]	<EXCEPTION>	
2020-12-28 18:26:22,927	Batch Processor	INFO	[RUS_Bicycle-12_1_T-1          ]	<EXCEPTION>	
2020-12-28 18:26:22,928	Batch Processor	INFO	[RUS_Bicycle-13_1_T-1          ]	<EXCEPTION>	
2020-12-28 18:26:22,928	Batch Processor	INFO	[RUS_Bicycle-14_1_T-1          ]	<EXCEPTION>	
2020-12-28 18:26:22,929	Batch Processor	INFO	[RUS_Bicycle-1_1_T-1           ]	<EXCEPTION>	
2020-12-28 18:26:22,929	Batch Processor	INFO	[RUS_Bicycle-2_1_T-1           ]	<EXCEPTION>	
2020-12-28 18:26:22,929	Batch Processor	INFO	[RUS_Bicycle-3_1_T-1           ]	<EXCEPTION>	
2020-12-28 18:26:22,929	Batch Processor	INFO	[RUS_Bicycle-4_2_T-1           ]	<EXCEPTION>	
2020-12-28 18:26:22,929	Batch Processor	INFO	[RUS_Bicycle-5_1_T-1           ]	<EXCEPTION>	
2020-12-28 18:26:22,930	Batch Processor	INFO	[RUS_Bicycle-6_1_T-1           ]	<EXCEPTION>	
2020-12-28 18:26:22,930	Batch Processor	INFO	[RUS_Bicycle-7_1_T-1           ]	<EXCEPTION>	
2020-12-28 18:26:22,930	Batch Processor	INFO	[RUS_Bicycle-8_1_T-1           ]	<EXCEPTION>	
2020-12-28 18:26:22,930	Batch Processor	INFO	[RUS_Bicycle-9_1_T-1           ]	<EXCEPTION>	
2020-12-28 18:26:22,931	Batch Processor	INFO	[USA_Lanker-1_2_T-1            ]	<EXCEPTION>	
2020-12-28 18:26:22,931	Batch Processor	INFO	[USA_Peach-1_1_T-1             ]	<EXCEPTION>	
2020-12-28 18:26:22,931	Batch Processor	INFO	[USA_Peach-2_1_T-1             ]	<EXCEPTION>	
2020-12-28 18:26:22,931	Batch Processor	INFO	[USA_Peach-3_1_T-1             ]	<EXCEPTION>	
2020-12-28 18:26:22,931	Batch Processor	INFO	[USA_US101-10_4_T-1            ]	<EXCEPTION>	
2020-12-28 18:26:22,932	Batch Processor	INFO	[USA_US101-11_4_T-1            ]	<EXCEPTION>	
2020-12-28 18:26:22,932	Batch Processor	INFO	[USA_US101-12_1_T-1            ]	<EXCEPTION>	
2020-12-28 18:26:22,934	Batch Processor	INFO	[USA_US101-13_4_T-1            ]	<SUCCESS>	 Time [ms]:	 15731	
2020-12-28 18:26:22,934	Batch Processor	INFO	[USA_US101-14_1_T-1            ]	<EXCEPTION>	
2020-12-28 18:26:22,935	Batch Processor	INFO	[USA_US101-15_1_T-1            ]	<EXCEPTION>	
2020-12-28 18:26:22,936	Batch Processor	INFO	[USA_US101-16_2_T-1            ]	<SUCCESS>	 Time [ms]:	  2967	
2020-12-28 18:26:22,936	Batch Processor	INFO	[USA_US101-17_1_T-1            ]	<EXCEPTION>	
2020-12-28 18:26:22,938	Batch Processor	INFO	[USA_US101-18_2_T-1            ]	<SUCCESS>	 Time [ms]:	  1495	
2020-12-28 18:26:22,940	Batch Processor	INFO	[USA_US101-20_2_T-1            ]	<SUCCESS>	 Time [ms]:	 11171	
2020-12-28 18:26:22,942	Batch Processor	INFO	[USA_US101-21_2_T-1            ]	<SUCCESS>	 Time [ms]:	  3034	
2020-12-28 18:26:22,942	Batch Processor	INFO	[USA_US101-22_4_T-1            ]	<EXCEPTION>	
2020-12-28 18:26:22,945	Batch Processor	INFO	[USA_US101-23_2_T-1            ]	<SUCCESS>	 Time [ms]:	   839	
2020-12-28 18:26:22,948	Batch Processor	INFO	[USA_US101-24_2_T-1            ]	<SUCCESS>	 Time [ms]:	  1876	
2020-12-28 18:26:22,950	Batch Processor	INFO	[USA_US101-25_2_T-1            ]	<SUCCESS>	 Time [ms]:	   491	
2020-12-28 18:26:22,951	Batch Processor	INFO	[USA_US101-26_2_T-1            ]	<SUCCESS>	 Time [ms]:	  1751	
2020-12-28 18:26:22,951	Batch Processor	INFO	[USA_US101-27_1_T-1            ]	<EXCEPTION>	
2020-12-28 18:26:22,952	Batch Processor	INFO	[USA_US101-28_1_T-1            ]	<EXCEPTION>	
2020-12-28 18:26:22,952	Batch Processor	INFO	[USA_US101-29_1_T-1            ]	<EXCEPTION>	
2020-12-28 18:26:22,952	Batch Processor	INFO	[USA_US101-3_1_T-1             ]	<EXCEPTION>	
2020-12-28 18:26:22,952	Batch Processor	INFO	[USA_US101-3_2_S-1             ]	<TIMEOUT>	 Time [ms]:	 60000
2020-12-28 18:26:22,953	Batch Processor	INFO	[USA_US101-4_1_T-1             ]	<EXCEPTION>	
2020-12-28 18:26:22,953	Batch Processor	INFO	[USA_US101-5_1_T-1             ]	<EXCEPTION>	
2020-12-28 18:26:22,953	Batch Processor	INFO	[USA_US101-6_1_T-1             ]	<EXCEPTION>	
2020-12-28 18:26:22,955	Batch Processor	INFO	[USA_US101-8_4_T-1             ]	<SUCCESS>	 Time [ms]:	   533	
2020-12-28 18:26:22,956	Batch Processor	INFO	[USA_US101-9_1_T-1             ]	<EXCEPTION>	
2020-12-28 18:26:22,956	Batch Processor	INFO	==============================        Solution found        ==============================
	- ARG_Carcarana-13_1_T-1
	- ARG_Carcarana-5_2_T-1
	- ARG_Carcarana-2_3_T-1
	- BEL_Aarschot-11_1_T-1
	- ARG_Carcarana-11_1_T-1
	- ARG_Carcarana-7_1_T-1
	- BEL_Aarschot-3_1_T-1
	- BEL_Aarschot-1_2_T-1
	- BEL_Beringen-8_1_T-1
	- BEL_Aarschot-5_1_T-1
	- ARG_Carcarana-9_2_T-1
	- BEL_Beringen-1_1_T-1
	- BEL_Nivelles-10_1_T-1
	- BEL_Nivelles-16_2_T-1
	- ARG_Carcarana-3_3_T-1
	- BEL_Nivelles-1_1_T-1
	- BEL_Nivelles-19_1_T-1
	- BEL_Nivelles-18_2_T-1
	- BEL_Nivelles-20_1_T-1
	- BEL_Putte-10_2_T-1
	- BEL_Putte-11_2_T-1
	- BEL_Nivelles-3_1_T-1
	- BEL_Nivelles-4_2_T-1
	- BEL_Nivelles-9_2_T-1
	- BEL_Putte-3_1_T-1
	- BEL_Putte-2_1_T-1
	- BEL_Putte-6_1_T-1
	- BEL_Wervik-1_4_T-1
	- BEL_Putte-4_2_T-1
	- BEL_Zaventem-3_1_T-1
	- BEL_Zaventem-4_1_T-1
	- BEL_Wervik-2_2_T-1
	- BEL_Wervik-4_1_T-1
	- BEL_Zaventem-1_2_T-1
	- BEL_Zaventem-5_3_T-1
	- BEL_Zwevegem-2_3_T-1
	- BEL_Zwevegem-7_2_T-1
	- BEL_Zwevegem-3_1_T-1
	- BEL_Zwevegem-5_2_T-1
	- BEL_Zwevegem-8_1_T-1
	- BEL_Zwevegem-8_4_T-1
	- DEU_Backnang-4_1_T-1
	- DEU_Backnang-5_1_T-1
	- DEU_Backnang-9_1_T-1
	- DEU_BadEssen-4_1_T-1
	- DEU_Backnang-6_1_T-1
	- DEU_BadWaldsee-4_2_T-1
	- DEU_BadWaldsee-4_5_T-1
	- DEU_Bilderstoeckchen-2_3_T-1
	- DEU_BadWaldsee-1_1_T-1
	- DEU_BadEssen-3_1_T-1
	- DEU_Bilderstoeckchen-4_1_T-1
	- DEU_Backnang-1_2_T-1
	- DEU_Flensburg-22_1_T-1
	- DEU_Flensburg-33_1_T-1
	- DEU_Flensburg-44_1_T-1
	- DEU_Flensburg-48_1_T-1
	- DEU_Flensburg-49_1_T-1
	- DEU_Flensburg-51_1_T-1
	- DEU_Flensburg-52_1_T-1
	- DEU_Flensburg-62_1_T-1
	- DEU_Flensburg-81_1_T-1
	- DEU_Flensburg-89_1_T-1
	- DEU_Flensburg-98_1_T-1
	- DEU_Guetersloh-10_5_T-1
	- DEU_Guetersloh-11_3_T-1
	- DEU_Guetersloh-12_1_T-1
	- DEU_Guetersloh-14_2_T-1
	- DEU_Guetersloh-16_2_T-1
	- DEU_Guetersloh-15_2_T-1
	- DEU_Guetersloh-16_5_T-1
	- DEU_Guetersloh-17_2_T-1
	- DEU_Guetersloh-18_2_T-1
	- DEU_Guetersloh-19_1_T-1
	- DEU_Guetersloh-20_1_T-1
	- DEU_Guetersloh-20_3_T-1
	- DEU_Guetersloh-24_1_T-1
	- DEU_Guetersloh-21_1_T-1
	- DEU_Guetersloh-24_3_T-1
	- DEU_Guetersloh-24_2_T-1
	- DEU_Guetersloh-25_2_T-1
	- DEU_Guetersloh-27_1_T-1
	- DEU_Guetersloh-30_1_T-1
	- DEU_Guetersloh-25_4_T-1
	- DEU_Guetersloh-31_4_T-1
	- DEU_Guetersloh-32_3_T-1
	- DEU_Guetersloh-33_1_T-1
	- DEU_Guetersloh-34_2_T-1
	- DEU_Guetersloh-39_3_T-1
	- DEU_Guetersloh-36_1_T-1
	- DEU_Guetersloh-40_4_T-1
	- DEU_Guetersloh-39_5_T-1
	- DEU_Guetersloh-40_5_T-1
	- DEU_Guetersloh-50_1_T-1
	- DEU_Guetersloh-41_1_T-1
	- DEU_Guetersloh-42_1_T-1
	- DEU_Guetersloh-65_2_T-1
	- DEU_Guetersloh-55_1_T-1
	- DEU_Guetersloh-4_5_T-1
	- DEU_Guetersloh-55_3_T-1
	- DEU_Guetersloh-54_1_T-1
	- DEU_Guetersloh-8_1_T-1
	- DEU_Guetersloh-6_3_T-1
	- DEU_Hennigsdorf-12_1_T-1
	- DEU_Hennigsdorf-11_1_T-1
	- DEU_Guetersloh-7_2_T-1
	- DEU_Hennigsdorf-14_3_T-1
	- DEU_Hennigsdorf-13_2_T-1
	- DEU_Hennigsdorf-18_2_T-1
	- DEU_Hennigsdorf-3_5_T-1
	- DEU_Hennigsdorf-15_3_T-1
	- DEU_Hennigsdorf-3_2_T-1
	- DEU_Hennigsdorf-5_1_T-1
	- DEU_Hennigsdorf-5_4_T-1
	- DEU_Hennigsdorf-7_3_T-1
	- DEU_Ibbenbueren-11_2_T-1
	- DEU_Hennigsdorf-9_2_T-1
	- DEU_Ibbenbueren-10_2_T-1
	- DEU_Ibbenbueren-14_1_T-1
	- DEU_Ibbenbueren-13_3_T-1
	- DEU_Ibbenbueren-12_1_T-1
	- DEU_Ibbenbueren-16_3_T-1
	- DEU_Ibbenbueren-16_5_T-1
	- DEU_Ibbenbueren-3_3_T-1
	- DEU_Ibbenbueren-15_4_T-1
	- DEU_Ibbenbueren-2_2_T-1
	- DEU_Ibbenbueren-6_4_T-1
	- DEU_Ibbenbueren-9_1_T-1
	- DEU_Ibbenbueren-7_1_T-1
	- DEU_Ibbenbueren-6_3_T-1
	- DEU_Ibbenbueren-4_2_T-1
	- DEU_Lohmar-11_1_T-1
	- DEU_Lohmar-30_1_T-1
	- DEU_Lohmar-27_1_T-1
	- DEU_Lohmar-35_1_T-1
	- DEU_Lohmar-37_1_T-1
	- DEU_Lohmar-44_1_T-1
	- DEU_Lohmar-45_1_T-1
	- DEU_Lohmar-53_1_T-1
	- DEU_Lohmar-56_1_T-1
	- DEU_Lohmar-64_1_T-1
	- DEU_Lohmar-8_1_T-1
	- DEU_Meckenheim-1_4_T-1
	- DEU_Meckenheim-3_1_T-1
	- DEU_Meckenheim-5_1_T-1
	- DEU_Meckenheim-8_3_T-1
	- DEU_Moabit-1_2_T-1
	- DEU_Moabit-4_1_T-1
	- DEU_Meckenheim-8_5_T-1
	- DEU_Moabit-5_2_T-1
	- DEU_Moelln-10_3_T-1
	- DEU_Moelln-11_1_T-1
	- DEU_Moabit-6_2_T-1
	- DEU_Moelln-12_1_T-1
	- DEU_Moelln-4_3_T-1
	- DEU_Moelln-6_1_T-1
	- DEU_Moelln-2_1_T-1
	- DEU_Moelln-7_1_T-1
	- DEU_Muehlhausen-11_1_T-1
	- DEU_Muehlhausen-14_3_T-1
	- DEU_Moelln-9_1_T-1
	- DEU_Muehlhausen-1_3_T-1
	- DEU_Muehlhausen-1_2_T-1
	- DEU_Muehlhausen-2_1_T-1
	- DEU_Muehlhausen-4_1_T-1
	- DEU_Muehlhausen-5_1_T-1
	- DEU_Muehlhausen-6_1_T-1
	- DEU_Muehlhausen-7_2_T-1
	- DEU_Rheinbach-1_4_T-1
	- DEU_Rheinbach-5_3_T-1
	- DEU_Speyer-2_4_T-1
	- DEU_Speyer-5_2_T-1
	- ESP_Almansa-1_1_T-1
	- ESP_Berga-10_1_T-1
	- ESP_Almansa-6_1_T-1
	- ESP_Berga-4_4_T-1
	- ESP_Berga-9_1_T-1
	- ESP_Cambre-1_1_T-1
	- ESP_Berga-6_1_T-1
	- ESP_Cambre-2_1_T-1
	- ESP_Cambre-3_1_T-1
	- ESP_Almansa-2_1_T-1
	- ESP_Ceuta-10_1_T-1
	- ESP_Ceuta-15_2_T-1
	- ESP_Ceuta-1_2_T-1
	- ESP_Ceuta-7_1_T-1
	- ESP_Ceuta-3_2_T-1
	- ESP_Ceuta-4_1_T-1
	- ESP_Monzon-2_1_T-1
	- ESP_Ceuta-8_1_T-1
	- ESP_Inca-7_1_T-1
	- ESP_Monzon-3_1_T-1
	- ESP_Monzon-5_1_T-1
	- ESP_Monzon-7_3_T-1
	- ESP_Ceuta-2_1_T-1
	- ESP_Monzon-7_2_T-1
	- ESP_Monzon-6_1_T-1
	- ESP_SantBoideLlobregat-14_1_T-1
	- ESP_PriegodeCordoba-2_3_T-1
	- ESP_PriegodeCordoba-6_1_T-1
	- ESP_SantBoideLlobregat-18_2_T-1
	- ESP_PriegodeCordoba-3_1_T-1
	- ESP_SantBoideLlobregat-14_4_T-1
	- ESP_Requena-6_2_T-1
	- ESP_SantBoideLlobregat-24_1_T-1
	- ESP_SantBoideLlobregat-23_2_T-1
	- ESP_Monzon-9_1_T-1
	- ESP_SantBoideLlobregat-3_1_T-1
	- ESP_SantBoideLlobregat-19_1_T-1
	- ESP_SantBoideLlobregat-8_1_T-1
	- ESP_Toledo-11_1_T-1
	- ESP_Toledo-10_2_T-1
	- ESP_SantBoideLlobregat-8_5_T-1
	- ESP_Toledo-10_1_T-1
	- ESP_Toledo-11_5_T-1
	- ESP_Toledo-23_1_T-1
	- ESP_SantBoideLlobregat-6_2_T-1
	- ESP_Toledo-5_1_T-1
	- ESP_Toledo-22_1_T-1
	- ESP_Toledo-9_1_T-1
	- FRA_Anglet-1_2_T-1
	- FRA_Miramas-1_1_T-1
	- ESP_Toledo-6_2_T-1
	- FRA_Miramas-2_1_T-1
	- FRA_Anglet-3_2_T-1
	- FRA_Miramas-9_1_T-1
	- FRA_Miramas-3_1_T-1
	- FRA_Miramas-5_1_T-1
	- FRA_MoissyCramayel-4_1_T-1
	- FRA_MoissyCramayel-2_1_T-1
	- FRA_MoissyCramayel-1_1_T-1
	- GRC_Perama-3_2_T-1
	- GRC_Perama-2_1_T-1
	- FRA_Sete-1_1_T-1
	- HRV_Pula-13_2_T-1
	- GRC_Perama-4_3_T-1
	- HRV_Pula-12_3_T-1
	- GRC_Perama-7_1_T-1
	- HRV_Pula-15_1_T-1
	- HRV_Pula-10_1_T-1
	- HRV_Pula-18_1_T-1
	- HRV_Pula-19_2_T-1
	- HRV_Pula-21_1_T-1
	- HRV_Pula-23_1_T-1
	- HRV_Pula-25_1_T-1
	- HRV_Pula-24_1_T-1
	- HRV_Pula-27_2_T-1
	- HRV_Pula-22_1_T-1
	- HRV_Pula-29_3_T-1
	- HRV_Pula-31_1_T-1
	- HRV_Pula-33_2_T-1
	- HRV_Pula-6_2_T-1
	- HRV_Pula-32_2_T-1
	- HRV_Pula-9_2_T-1
	- HRV_Pula-5_3_T-1
	- HRV_Pula-5_2_T-1
	- HRV_Pula-9_4_T-1
	- HRV_Pula-8_3_T-1
	- ITA_CarpiCentro-1_3_T-1
	- HRV_Pula-7_2_T-1
	- ITA_CarpiCentro-5_1_T-1
	- ITA_CarpiCentro-8_3_T-1
	- ITA_CarpiCentro-3_1_T-1
	- ITA_CarpiCentro-6_2_T-1
	- ITA_Empoli-18_1_T-1
	- ITA_Empoli-2_5_T-1
	- ITA_Empoli-3_1_T-1
	- ITA_CarpiCentro-2_4_T-1
	- ITA_CarpiCentro-7_1_T-1
	- ITA_Empoli-2_4_T-1
	- ITA_Empoli-7_3_T-1
	- ITA_Foggia-11_1_T-1
	- ITA_Foggia-10_1_T-1
	- ITA_Empoli-8_2_T-1
	- ITA_Empoli-4_2_T-1
	- ITA_Foggia-3_1_T-1
	- ITA_Foggia-1_1_T-1
	- ITA_Foggia-4_2_T-1
	- ITA_SanGiorgioaCremano-2_1_T-1
	- ITA_Foggia-13_1_T-1
	- ITA_Foggia-6_1_T-1
	- ITA_Segrate-2_3_T-1
	- ITA_Foggia-5_1_T-1
	- ITA_Segrate-1_2_T-1
	- ITA_SanGiorgioaCremano-3_1_T-1
	- ITA_Siderno-10_1_T-1
	- ITA_Siderno-3_2_T-1
	- ITA_Siderno-2_4_T-1
	- ITA_Siderno-4_3_T-1
	- ITA_Scicli-2_1_T-1
	- ITA_Siderno-4_4_T-1
	- ITA_Siderno-8_4_T-1
	- ITA_Siderno-5_4_T-1
	- ITA_Foggia-7_2_T-1
	- ITA_Siderno-8_5_T-1
	- PRI_Barceloneta-3_1_T-1
	- PRI_Barceloneta-2_1_T-1
	- PRI_Barceloneta-4_3_T-1
	- PRI_Barceloneta-4_5_T-1
	- USA_US101-18_2_T-1
	- USA_US101-21_2_T-1
	- USA_US101-23_2_T-1
	- USA_US101-16_2_T-1
	- USA_US101-25_2_T-1
	- USA_US101-24_2_T-1
	- USA_US101-26_2_T-1
	- USA_US101-8_4_T-1
	- USA_US101-20_2_T-1
	- USA_US101-13_4_T-1
2020-12-28 18:26:22,957	Batch Processor	INFO	==============================      Solution not found      ==============================
	- ARG_Carcarana-8_4_T-1
	- BEL_Aarschot-6_1_T-1
	- BEL_Putte-14_3_T-1
	- BEL_Putte-17_1_T-1
	- DEU_Flensburg-64_1_T-1
	- DEU_Guetersloh-10_4_T-1
	- DEU_Lohmar-12_1_T-1
	- DEU_Lohmar-19_1_T-1
	- DEU_Speyer-2_1_T-1
	- ESP_Ceuta-11_1_T-1
	- ESP_Ceuta-5_1_T-1
	- ESP_Inca-3_2_T-1
	- ESP_SantBoideLlobregat-22_3_T-1
	- ESP_SantBoideLlobregat-4_1_T-1
	- ESP_Toledo-8_1_T-1
	- FRA_Anglet-2_1_T-1
	- GRC_Perama-1_1_T-1
	- ITA_Empoli-10_1_T-1
	- ITA_Foggia-12_1_T-1
	- ITA_Foggia-19_1_T-1
2020-12-28 18:26:22,957	Batch Processor	INFO	==============================      Exception occurred      ==============================
	- RUS_Bicycle-10_1_T-1
	- RUS_Bicycle-11_1_T-1
	- RUS_Bicycle-12_1_T-1
	- RUS_Bicycle-13_1_T-1
	- RUS_Bicycle-14_1_T-1
	- RUS_Bicycle-1_1_T-1
	- RUS_Bicycle-2_1_T-1
	- RUS_Bicycle-3_1_T-1
	- RUS_Bicycle-4_2_T-1
	- RUS_Bicycle-6_1_T-1
	- RUS_Bicycle-5_1_T-1
	- RUS_Bicycle-7_1_T-1
	- RUS_Bicycle-8_1_T-1
	- RUS_Bicycle-9_1_T-1
	- USA_Peach-1_1_T-1
	- USA_Peach-2_1_T-1
	- USA_Peach-3_1_T-1
	- USA_Lanker-1_2_T-1
	- USA_US101-11_4_T-1
	- USA_US101-10_4_T-1
	- USA_US101-12_1_T-1
	- USA_US101-14_1_T-1
	- USA_US101-15_1_T-1
	- USA_US101-17_1_T-1
	- USA_US101-22_4_T-1
	- USA_US101-27_1_T-1
	- USA_US101-28_1_T-1
	- USA_US101-29_1_T-1
	- USA_US101-3_1_T-1
	- USA_US101-4_1_T-1
	- USA_US101-5_1_T-1
	- USA_US101-6_1_T-1
	- USA_US101-9_1_T-1
2020-12-28 18:26:22,957	Batch Processor	INFO	==============================           Time out           ==============================
	- DEU_Flensburg-10_1_T-1
	- DEU_Flensburg-12_1_T-1
	- DEU_Flensburg-14_1_T-1
	- DEU_Flensburg-15_1_T-1
	- DEU_Flensburg-16_1_T-1
	- DEU_Flensburg-17_1_T-1
	- DEU_Flensburg-19_1_T-1
	- DEU_Flensburg-20_1_T-1
	- DEU_Flensburg-21_1_T-1
	- DEU_Flensburg-23_1_T-1
	- DEU_Flensburg-25_1_T-1
	- DEU_Flensburg-27_1_T-1
	- DEU_Flensburg-28_1_T-1
	- DEU_Flensburg-29_1_T-1
	- DEU_Flensburg-30_1_T-1
	- DEU_Flensburg-31_1_T-1
	- DEU_Flensburg-32_1_T-1
	- DEU_Flensburg-34_1_T-1
	- DEU_Flensburg-35_1_T-1
	- DEU_Flensburg-36_1_T-1
	- DEU_Flensburg-37_1_T-1
	- DEU_Flensburg-38_1_T-1
	- DEU_Flensburg-39_1_T-1
	- DEU_Flensburg-40_1_T-1
	- DEU_Flensburg-42_1_T-1
	- DEU_Flensburg-43_1_T-1
	- DEU_Flensburg-45_1_T-1
	- DEU_Flensburg-46_1_T-1
	- DEU_Flensburg-47_1_T-1
	- DEU_Flensburg-50_1_T-1
	- DEU_Flensburg-53_1_T-1
	- DEU_Flensburg-54_1_T-1
	- DEU_Flensburg-55_1_T-1
	- DEU_Flensburg-56_1_T-1
	- DEU_Flensburg-57_1_T-1
	- DEU_Flensburg-58_1_T-1
	- DEU_Flensburg-59_1_T-1
	- DEU_Flensburg-60_1_T-1
	- DEU_Flensburg-61_1_T-1
	- DEU_Flensburg-63_1_T-1
	- DEU_Flensburg-65_1_T-1
	- DEU_Flensburg-66_1_T-1
	- DEU_Flensburg-67_1_T-1
	- DEU_Flensburg-68_1_T-1
	- DEU_Flensburg-69_1_T-1
	- DEU_Flensburg-70_1_T-1
	- DEU_Flensburg-71_1_T-1
	- DEU_Flensburg-72_1_T-1
	- DEU_Flensburg-73_1_T-1
	- DEU_Flensburg-74_1_T-1
	- DEU_Flensburg-75_1_T-1
	- DEU_Flensburg-76_1_T-1
	- DEU_Flensburg-77_1_T-1
	- DEU_Flensburg-78_1_T-1
	- DEU_Flensburg-79_1_T-1
	- DEU_Flensburg-80_1_T-1
	- DEU_Flensburg-82_1_T-1
	- DEU_Flensburg-83_1_T-1
	- DEU_Flensburg-84_1_T-1
	- DEU_Flensburg-85_1_T-1
	- DEU_Flensburg-86_1_T-1
	- DEU_Flensburg-87_1_T-1
	- DEU_Flensburg-88_1_T-1
	- DEU_Flensburg-90_1_T-1
	- DEU_Flensburg-91_1_T-1
	- DEU_Flensburg-92_1_T-1
	- DEU_Flensburg-93_1_T-1
	- DEU_Flensburg-94_1_T-1
	- DEU_Flensburg-95_1_T-1
	- DEU_Flensburg-96_1_T-1
	- DEU_Flensburg-97_1_T-1
	- DEU_Flensburg-99_1_T-1
	- DEU_Lohmar-10_1_T-1
	- DEU_Lohmar-14_1_T-1
	- DEU_Lohmar-15_1_T-1
	- DEU_Lohmar-16_1_T-1
	- DEU_Lohmar-17_1_T-1
	- DEU_Lohmar-18_1_T-1
	- DEU_Lohmar-20_1_T-1
	- DEU_Lohmar-21_1_T-1
	- DEU_Lohmar-23_1_T-1
	- DEU_Lohmar-24_1_T-1
	- DEU_Lohmar-26_1_T-1
	- DEU_Lohmar-28_1_T-1
	- DEU_Lohmar-29_1_T-1
	- DEU_Lohmar-31_1_T-1
	- DEU_Lohmar-32_1_T-1
	- DEU_Lohmar-33_1_T-1
	- DEU_Lohmar-34_1_T-1
	- DEU_Lohmar-36_1_T-1
	- DEU_Lohmar-38_1_T-1
	- DEU_Lohmar-39_1_T-1
	- DEU_Lohmar-40_1_T-1
	- DEU_Lohmar-41_1_T-1
	- DEU_Lohmar-42_1_T-1
	- DEU_Lohmar-43_1_T-1
	- DEU_Lohmar-46_1_T-1
	- DEU_Lohmar-47_1_T-1
	- DEU_Lohmar-48_1_T-1
	- DEU_Lohmar-49_1_T-1
	- DEU_Lohmar-50_1_T-1
	- DEU_Lohmar-51_1_T-1
	- DEU_Lohmar-52_1_T-1
	- DEU_Lohmar-54_1_T-1
	- DEU_Lohmar-55_1_T-1
	- DEU_Lohmar-58_1_T-1
	- DEU_Lohmar-57_1_T-1
	- DEU_Lohmar-59_1_T-1
	- DEU_Lohmar-60_1_T-1
	- DEU_Lohmar-61_1_T-1
	- DEU_Lohmar-62_1_T-1
	- DEU_Lohmar-63_1_T-1
	- DEU_Lohmar-66_1_T-1
	- DEU_Lohmar-67_1_T-1
	- DEU_Lohmar-68_1_T-1
	- DEU_Lohmar-69_1_T-1
	- DEU_Lohmar-70_1_T-1
	- DEU_Lohmar-9_1_T-1
	- DEU_Luckenwalde-1_1_T-1
	- DEU_Reutlingen-2_1_T-1
	- DEU_Reutlingen-3_1_T-1
	- DEU_Reutlingen-4_1_T-1
	- DEU_Reutlingen-5_1_T-1
	- DEU_Reutlingen-6_1_T-1
	- USA_US101-3_2_S-1
2020-12-28 18:26:22,957	Batch Processor	INFO	
==============================        Result Summary        ==============================
2020-12-28 18:26:22,958	Batch Processor	INFO	Total number of scenarios:  	       500
2020-12-28 18:26:22,958	Batch Processor	INFO	Solution found:               	       309
2020-12-28 18:26:22,958	Batch Processor	INFO	Solution found but invalid:   	         0
2020-12-28 18:26:22,959	Batch Processor	INFO	Solution not found:           	        20
2020-12-28 18:26:22,959	Batch Processor	INFO	Exception occurred:           	        33
2020-12-28 18:26:22,959	Batch Processor	INFO	Time out:                     	       125
