2020-12-28 20:20:23,369	Batch Processor	INFO	Config file loaded and logger created.
2020-12-28 20:20:23,372	Batch Processor	INFO	18 scenarios skipped.
2020-12-28 20:20:23,372	Batch Processor	INFO	ScenarioLoader Mode <SPECIFIC>
2020-12-28 20:20:23,372	Batch Processor	INFO	Only run on specified scenarios:
2020-12-28 20:20:23,373	Batch Processor	INFO	Processing 15 scenarios:
2020-12-28 20:20:23,373	Batch Processor	INFO	   1 RUS_Bicycle-3_1_T-1
2020-12-28 20:20:23,373	Batch Processor	INFO	   2 USA_Peach-2_1_T-1
2020-12-28 20:20:23,373	Batch Processor	INFO	   3 USA_Peach-3_1_T-1
2020-12-28 20:20:23,373	Batch Processor	INFO	   4 USA_US101-11_4_T-1
2020-12-28 20:20:23,374	Batch Processor	INFO	   5 USA_US101-12_1_T-1
2020-12-28 20:20:23,374	Batch Processor	INFO	   6 USA_US101-14_1_T-1
2020-12-28 20:20:23,374	Batch Processor	INFO	   7 USA_US101-15_1_T-1
2020-12-28 20:20:23,374	Batch Processor	INFO	   8 USA_US101-22_4_T-1
2020-12-28 20:20:23,374	Batch Processor	INFO	   9 USA_US101-27_1_T-1
2020-12-28 20:20:23,374	Batch Processor	INFO	  10 USA_US101-28_1_T-1
2020-12-28 20:20:23,375	Batch Processor	INFO	  11 USA_US101-29_1_T-1
2020-12-28 20:20:23,375	Batch Processor	INFO	  12 USA_US101-3_1_T-1
2020-12-28 20:20:23,375	Batch Processor	INFO	  13 USA_US101-4_1_T-1
2020-12-28 20:20:23,375	Batch Processor	INFO	  14 USA_US101-6_1_T-1
2020-12-28 20:20:23,375	Batch Processor	INFO	  15 USA_US101-9_1_T-1
2020-12-28 20:20:23,383	Batch Processor	INFO	Automaton loaded for vehicle type: BMW_320i
2020-12-28 20:20:23,383	Batch Processor	INFO	Motion planner: astar
2020-12-28 20:20:23,397	Batch Processor	INFO	Number of parallel processes: 6
2020-12-28 20:21:54,889	Batch Processor	INFO	==============================        Search Results        ==============================
2020-12-28 20:21:54,898	Batch Processor	INFO	[RUS_Bicycle-3_1_T-1           ]	<SUCCESS>	 Time [ms]:	  5211	
2020-12-28 20:21:54,899	Batch Processor	INFO	[USA_Peach-2_1_T-1             ]	<TIMEOUT>	 Time [ms]:	 30000
2020-12-28 20:21:54,899	Batch Processor	INFO	[USA_Peach-3_1_T-1             ]	<TIMEOUT>	 Time [ms]:	 30000
2020-12-28 20:21:54,900	Batch Processor	INFO	[USA_US101-11_4_T-1            ]	<TIMEOUT>	 Time [ms]:	 30000
2020-12-28 20:21:54,900	Batch Processor	INFO	[USA_US101-12_1_T-1            ]	<TIMEOUT>	 Time [ms]:	 30000
2020-12-28 20:21:54,901	Batch Processor	INFO	[USA_US101-14_1_T-1            ]	<TIMEOUT>	 Time [ms]:	 30000
2020-12-28 20:21:54,902	Batch Processor	INFO	[USA_US101-15_1_T-1            ]	<TIMEOUT>	 Time [ms]:	 30000
2020-12-28 20:21:54,902	Batch Processor	INFO	[USA_US101-22_4_T-1            ]	<TIMEOUT>	 Time [ms]:	 30000
2020-12-28 20:21:54,903	Batch Processor	INFO	[USA_US101-27_1_T-1            ]	<TIMEOUT>	 Time [ms]:	 30000
2020-12-28 20:21:54,903	Batch Processor	INFO	[USA_US101-28_1_T-1            ]	<TIMEOUT>	 Time [ms]:	 30000
2020-12-28 20:21:54,904	Batch Processor	INFO	[USA_US101-29_1_T-1            ]	<TIMEOUT>	 Time [ms]:	 30000
2020-12-28 20:21:54,904	Batch Processor	INFO	[USA_US101-3_1_T-1             ]	<TIMEOUT>	 Time [ms]:	 30000
2020-12-28 20:21:54,905	Batch Processor	INFO	[USA_US101-4_1_T-1             ]	<TIMEOUT>	 Time [ms]:	 30000
2020-12-28 20:21:54,905	Batch Processor	INFO	[USA_US101-6_1_T-1             ]	<TIMEOUT>	 Time [ms]:	 30000
2020-12-28 20:21:54,906	Batch Processor	INFO	[USA_US101-9_1_T-1             ]	<TIMEOUT>	 Time [ms]:	 30000
2020-12-28 20:21:54,906	Batch Processor	INFO	==============================        Solution found        ==============================
	- RUS_Bicycle-3_1_T-1
2020-12-28 20:21:54,907	Batch Processor	INFO	==============================           Time out           ==============================
	- USA_Peach-3_1_T-1
	- USA_Peach-2_1_T-1
	- USA_US101-11_4_T-1
	- USA_US101-12_1_T-1
	- USA_US101-14_1_T-1
	- USA_US101-15_1_T-1
	- USA_US101-28_1_T-1
	- USA_US101-29_1_T-1
	- USA_US101-27_1_T-1
	- USA_US101-3_1_T-1
	- USA_US101-22_4_T-1
	- USA_US101-4_1_T-1
	- USA_US101-6_1_T-1
2020-12-28 20:21:54,907	Batch Processor	INFO	
==============================        Result Summary        ==============================
2020-12-28 20:21:54,908	Batch Processor	INFO	Total number of scenarios:  	        15
2020-12-28 20:21:54,908	Batch Processor	INFO	Solution found:               	         1
2020-12-28 20:21:54,909	Batch Processor	INFO	Solution found but invalid:   	         0
2020-12-28 20:21:54,909	Batch Processor	INFO	Solution not found:           	         0
2020-12-28 20:21:54,909	Batch Processor	INFO	Exception occurred:           	         0
2020-12-28 20:21:54,910	Batch Processor	INFO	Time out:                     	        13
