2020-12-28 21:22:27,969	Batch Processor	INFO	Config file loaded and logger created.
2020-12-28 21:22:27,971	Batch Processor	INFO	18 scenarios skipped.
2020-12-28 21:22:27,971	Batch Processor	INFO	ScenarioLoader Mode <SPECIFIC>
2020-12-28 21:22:27,971	Batch Processor	INFO	Only run on specified scenarios:
2020-12-28 21:22:27,971	Batch Processor	INFO	Processing 1 scenarios:
2020-12-28 21:22:27,971	Batch Processor	INFO	   1 USA_US101-9_1_T-1
2020-12-28 21:22:27,975	Batch Processor	INFO	Automaton loaded for vehicle type: BMW_320i
2020-12-28 21:22:27,976	Batch Processor	INFO	Motion planner: student
2020-12-28 21:22:27,986	Batch Processor	INFO	Number of parallel processes: 6
2020-12-28 21:23:28,492	Batch Processor	INFO	==============================        Search Results        ==============================
2020-12-28 21:23:28,492	Batch Processor	INFO	[USA_US101-9_1_T-1             ]	<TIMEOUT>	 Time [ms]:	 60000
2020-12-28 21:23:28,493	Batch Processor	INFO	==============================           Time out           ==============================
	- USA_US101-9_1_T-1
2020-12-28 21:23:28,494	Batch Processor	INFO	
==============================        Result Summary        ==============================
2020-12-28 21:23:28,494	Batch Processor	INFO	Total number of scenarios:  	         1
2020-12-28 21:23:28,494	Batch Processor	INFO	Solution found:               	         0
2020-12-28 21:23:28,495	Batch Processor	INFO	Solution found but invalid:   	         0
2020-12-28 21:23:28,495	Batch Processor	INFO	Solution not found:           	         0
2020-12-28 21:23:28,495	Batch Processor	INFO	Exception occurred:           	         0
2020-12-28 21:23:28,495	Batch Processor	INFO	Time out:                     	         1
