2020-12-28 21:55:39,652	Batch Processor	INFO	Config file loaded and logger created.
2020-12-28 21:55:39,654	Batch Processor	INFO	18 scenarios skipped.
2020-12-28 21:55:39,654	Batch Processor	INFO	ScenarioLoader Mode <SPECIFIC>
2020-12-28 21:55:39,654	Batch Processor	INFO	Only run on specified scenarios:
2020-12-28 21:55:39,654	Batch Processor	INFO	Processing 3 scenarios:
2020-12-28 21:55:39,655	Batch Processor	INFO	   1 DEU_Flensburg-27_1_T-1
2020-12-28 21:55:39,655	Batch Processor	INFO	   2 ITA_Scicli-2_1_T-1
2020-12-28 21:55:39,655	Batch Processor	INFO	   3 USA_US101-9_1_T-1
2020-12-28 21:55:39,660	Batch Processor	INFO	Automaton loaded for vehicle type: BMW_320i
2020-12-28 21:55:39,660	Batch Processor	INFO	Motion planner: student
2020-12-28 21:55:39,670	Batch Processor	INFO	Number of parallel processes: 6
2020-12-28 21:56:10,106	Batch Processor	INFO	==============================        Search Results        ==============================
2020-12-28 21:56:10,107	Batch Processor	INFO	[DEU_Flensburg-27_1_T-1        ]	<TIMEOUT>	 Time [ms]:	 30000
2020-12-28 21:56:10,108	Batch Processor	INFO	[ITA_Scicli-2_1_T-1            ]	<SUCCESS>	 Time [ms]:	   775	
2020-12-28 21:56:10,109	Batch Processor	INFO	[USA_US101-9_1_T-1             ]	<EXCEPTION>	
2020-12-28 21:56:10,109	Batch Processor	INFO	==============================        Solution found        ==============================
	- ITA_Scicli-2_1_T-1
2020-12-28 21:56:10,110	Batch Processor	INFO	==============================      Exception occurred      ==============================
	- USA_US101-9_1_T-1
2020-12-28 21:56:10,110	Batch Processor	INFO	==============================           Time out           ==============================
	- DEU_Flensburg-27_1_T-1
2020-12-28 21:56:10,110	Batch Processor	INFO	
==============================        Result Summary        ==============================
2020-12-28 21:56:10,110	Batch Processor	INFO	Total number of scenarios:  	         3
2020-12-28 21:56:10,110	Batch Processor	INFO	Solution found:               	         1
2020-12-28 21:56:10,111	Batch Processor	INFO	Solution found but invalid:   	         0
2020-12-28 21:56:10,111	Batch Processor	INFO	Solution not found:           	         0
2020-12-28 21:56:10,111	Batch Processor	INFO	Exception occurred:           	         1
2020-12-28 21:56:10,111	Batch Processor	INFO	Time out:                     	         1
