2020-12-28 20:13:21,493	Batch Processor	INFO	Config file loaded and logger created.
2020-12-28 20:13:21,497	Batch Processor	INFO	18 scenarios skipped.
2020-12-28 20:13:21,498	Batch Processor	INFO	ScenarioLoader Mode <SPECIFIC>
2020-12-28 20:13:21,498	Batch Processor	INFO	Only run on specified scenarios:
2020-12-28 20:13:21,499	Batch Processor	INFO	Processing 15 scenarios:
2020-12-28 20:13:21,499	Batch Processor	INFO	   1 RUS_Bicycle-3_1_T-1
2020-12-28 20:13:21,499	Batch Processor	INFO	   2 USA_Peach-2_1_T-1
2020-12-28 20:13:21,499	Batch Processor	INFO	   3 USA_Peach-3_1_T-1
2020-12-28 20:13:21,499	Batch Processor	INFO	   4 USA_US101-11_4_T-1
2020-12-28 20:13:21,500	Batch Processor	INFO	   5 USA_US101-12_1_T-1
2020-12-28 20:13:21,500	Batch Processor	INFO	   6 USA_US101-14_1_T-1
2020-12-28 20:13:21,500	Batch Processor	INFO	   7 USA_US101-15_1_T-1
2020-12-28 20:13:21,500	Batch Processor	INFO	   8 USA_US101-22_4_T-1
2020-12-28 20:13:21,501	Batch Processor	INFO	   9 USA_US101-27_1_T-1
2020-12-28 20:13:21,501	Batch Processor	INFO	  10 USA_US101-28_1_T-1
2020-12-28 20:13:21,501	Batch Processor	INFO	  11 USA_US101-29_1_T-1
2020-12-28 20:13:21,501	Batch Processor	INFO	  12 USA_US101-3_1_T-1
2020-12-28 20:13:21,502	Batch Processor	INFO	  13 USA_US101-4_1_T-1
2020-12-28 20:13:21,502	Batch Processor	INFO	  14 USA_US101-6_1_T-1
2020-12-28 20:13:21,502	Batch Processor	INFO	  15 USA_US101-9_1_T-1
2020-12-28 20:13:21,515	Batch Processor	INFO	Automaton loaded for vehicle type: BMW_320i
2020-12-28 20:13:21,516	Batch Processor	INFO	Motion planner: student
2020-12-28 20:13:21,530	Batch Processor	INFO	Number of parallel processes: 6
2020-12-28 20:19:07,147	Batch Processor	INFO	==============================        Search Results        ==============================
2020-12-28 20:19:07,150	Batch Processor	INFO	[USA_US101-11_4_T-1            ]	<TIMEOUT>	 Time [ms]:	120000
2020-12-28 20:19:07,151	Batch Processor	INFO	[USA_US101-12_1_T-1            ]	<TIMEOUT>	 Time [ms]:	120000
2020-12-28 20:19:07,151	Batch Processor	INFO	[USA_US101-14_1_T-1            ]	<TIMEOUT>	 Time [ms]:	120000
2020-12-28 20:19:07,152	Batch Processor	INFO	[USA_US101-27_1_T-1            ]	<TIMEOUT>	 Time [ms]:	120000
2020-12-28 20:19:07,152	Batch Processor	INFO	[USA_US101-28_1_T-1            ]	<TIMEOUT>	 Time [ms]:	120000
2020-12-28 20:19:07,152	Batch Processor	INFO	[USA_US101-29_1_T-1            ]	<TIMEOUT>	 Time [ms]:	120000
2020-12-28 20:19:07,153	Batch Processor	INFO	[USA_US101-3_1_T-1             ]	<TIMEOUT>	 Time [ms]:	120000
2020-12-28 20:19:07,153	Batch Processor	INFO	[USA_US101-4_1_T-1             ]	<TIMEOUT>	 Time [ms]:	120000
2020-12-28 20:19:07,153	Batch Processor	INFO	[USA_US101-6_1_T-1             ]	<TIMEOUT>	 Time [ms]:	120000
2020-12-28 20:19:07,154	Batch Processor	INFO	[USA_US101-9_1_T-1             ]	<TIMEOUT>	 Time [ms]:	120000
2020-12-28 20:19:07,154	Batch Processor	INFO	==============================           Time out           ==============================
	- USA_US101-12_1_T-1
	- USA_US101-14_1_T-1
	- USA_US101-27_1_T-1
	- USA_US101-29_1_T-1
	- USA_US101-28_1_T-1
	- USA_US101-3_1_T-1
	- USA_US101-4_1_T-1
	- USA_US101-6_1_T-1
	- USA_US101-9_1_T-1
2020-12-28 20:19:07,154	Batch Processor	INFO	
==============================        Result Summary        ==============================
2020-12-28 20:19:07,154	Batch Processor	INFO	Total number of scenarios:  	        15
2020-12-28 20:19:07,155	Batch Processor	INFO	Solution found:               	         0
2020-12-28 20:19:07,155	Batch Processor	INFO	Solution found but invalid:   	         0
2020-12-28 20:19:07,155	Batch Processor	INFO	Solution not found:           	         0
2020-12-28 20:19:07,155	Batch Processor	INFO	Exception occurred:           	         0
2020-12-28 20:19:07,156	Batch Processor	INFO	Time out:                     	         9
